<?xml version="1.0" encoding="UTF-8"?>
<coverage generated="1715891244202" clover="3.2.0">
  <project timestamp="1715891244202" name="All files">
    <metrics statements="3213" coveredstatements="1945" conditionals="1083" coveredconditionals="417" methods="647" coveredmethods="419" elements="4943" coveredelements="2781" complexity="0" loc="3213" ncloc="3213" packages="9" files="49" classes="49"/>
    <package name="src">
      <metrics statements="22" coveredstatements="22" conditionals="0" coveredconditionals="0" methods="25" coveredmethods="4"/>
      <file name="index.ts" path="/home/david/Development/g2o-mono/packages/core/src/index.ts">
        <metrics statements="22" coveredstatements="22" conditionals="0" coveredconditionals="0" methods="25" coveredmethods="4"/>
        <line num="1" count="12" type="stmt"/>
        <line num="3" count="5" type="stmt"/>
        <line num="5" count="5" type="stmt"/>
        <line num="7" count="5" type="stmt"/>
        <line num="8" count="5" type="stmt"/>
        <line num="10" count="35" type="stmt"/>
        <line num="11" count="14" type="stmt"/>
        <line num="15" count="5" type="stmt"/>
        <line num="16" count="5" type="stmt"/>
        <line num="19" count="5" type="stmt"/>
        <line num="20" count="5" type="stmt"/>
        <line num="23" count="5" type="stmt"/>
        <line num="25" count="5" type="stmt"/>
        <line num="26" count="5" type="stmt"/>
        <line num="27" count="9" type="stmt"/>
        <line num="28" count="5" type="stmt"/>
        <line num="29" count="5" type="stmt"/>
        <line num="30" count="5" type="stmt"/>
        <line num="31" count="5" type="stmt"/>
        <line num="32" count="5" type="stmt"/>
        <line num="33" count="5" type="stmt"/>
        <line num="34" count="5" type="stmt"/>
      </file>
    </package>
    <package name="src.lib">
      <metrics statements="1516" coveredstatements="929" conditionals="527" coveredconditionals="181" methods="302" coveredmethods="216"/>
      <file name="ColorManager.ts" path="/home/david/Development/g2o-mono/packages/core/src/lib/ColorManager.ts">
        <metrics statements="37" coveredstatements="25" conditionals="11" coveredconditionals="2" methods="5" coveredmethods="4"/>
        <line num="1" count="7" type="stmt"/>
        <line num="2" count="7" type="stmt"/>
        <line num="9" count="7" type="stmt"/>
        <line num="13" count="38" type="stmt"/>
        <line num="17" count="38" type="stmt"/>
        <line num="19" count="38" type="stmt"/>
        <line num="20" count="38" type="stmt"/>
        <line num="30" count="38" type="stmt"/>
        <line num="31" count="38" type="stmt"/>
        <line num="34" count="0" type="stmt"/>
        <line num="37" count="38" type="stmt"/>
        <line num="38" count="38" type="cond" truecount="1" falsecount="0"/>
        <line num="39" count="38" type="cond" truecount="0" falsecount="1"/>
        <line num="40" count="0" type="cond" truecount="0" falsecount="2"/>
        <line num="41" count="0" type="stmt"/>
        <line num="44" count="0" type="stmt"/>
        <line num="47" count="38" type="cond" truecount="0" falsecount="1"/>
        <line num="48" count="0" type="cond" truecount="0" falsecount="2"/>
        <line num="49" count="0" type="stmt"/>
        <line num="52" count="0" type="stmt"/>
        <line num="55" count="38" type="stmt"/>
        <line num="59" count="38" type="stmt"/>
        <line num="60" count="38" type="stmt"/>
        <line num="61" count="38" type="stmt"/>
        <line num="62" count="38" type="stmt"/>
        <line num="63" count="38" type="stmt"/>
        <line num="64" count="0" type="stmt"/>
        <line num="66" count="38" type="stmt"/>
        <line num="67" count="38" type="stmt"/>
        <line num="68" count="0" type="stmt"/>
        <line num="70" count="38" type="stmt"/>
        <line num="73" count="38" type="stmt"/>
        <line num="74" count="38" type="cond" truecount="1" falsecount="1"/>
        <line num="75" count="38" type="stmt"/>
        <line num="77" count="0" type="cond" truecount="0" falsecount="2"/>
        <line num="78" count="0" type="stmt"/>
        <line num="81" count="0" type="stmt"/>
      </file>
      <file name="ColoredShapeBase.ts" path="/home/david/Development/g2o-mono/packages/core/src/lib/ColoredShapeBase.ts">
        <metrics statements="96" coveredstatements="78" conditionals="29" coveredconditionals="15" methods="33" coveredmethods="28"/>
        <line num="1" count="7" type="stmt"/>
        <line num="3" count="7" type="stmt"/>
        <line num="5" count="7" type="stmt"/>
        <line num="8" count="7" type="stmt"/>
        <line num="26" count="7" type="stmt"/>
        <line num="30" count="19" type="stmt"/>
        <line num="31" count="19" type="stmt"/>
        <line num="36" count="19" type="stmt"/>
        <line num="37" count="19" type="stmt"/>
        <line num="38" count="19" type="stmt"/>
        <line num="40" count="19" type="stmt"/>
        <line num="42" count="19" type="stmt"/>
        <line num="45" count="19" type="stmt"/>
        <line num="47" count="19" type="cond" truecount="0" falsecount="1"/>
        <line num="48" count="0" type="stmt"/>
        <line num="51" count="19" type="cond" truecount="1" falsecount="0"/>
        <line num="52" count="14" type="stmt"/>
        <line num="55" count="19" type="cond" truecount="1" falsecount="1"/>
        <line num="56" count="0" type="stmt"/>
        <line num="59" count="19" type="stmt"/>
        <line num="62" count="19" type="cond" truecount="1" falsecount="0"/>
        <line num="63" count="19" type="stmt"/>
        <line num="66" count="19" type="cond" truecount="1" falsecount="1"/>
        <line num="67" count="19" type="stmt"/>
        <line num="70" count="0" type="stmt"/>
        <line num="73" count="19" type="cond" truecount="1" falsecount="1"/>
        <line num="74" count="0" type="stmt"/>
        <line num="77" count="19" type="stmt"/>
        <line num="80" count="19" type="cond" truecount="0" falsecount="1"/>
        <line num="81" count="0" type="stmt"/>
        <line num="90" count="19" type="stmt"/>
        <line num="93" count="0" type="cond" truecount="0" falsecount="1"/>
        <line num="94" count="0" type="stmt"/>
        <line num="98" count="0" type="stmt"/>
        <line num="101" count="19" type="stmt"/>
        <line num="102" count="19" type="stmt"/>
        <line num="105" count="19" type="stmt"/>
        <line num="108" count="19" type="stmt"/>
        <line num="111" count="0" type="stmt"/>
        <line num="114" count="19" type="stmt"/>
        <line num="115" count="19" type="stmt"/>
        <line num="118" count="19" type="stmt"/>
        <line num="121" count="19" type="stmt"/>
        <line num="124" count="23" type="stmt"/>
        <line num="127" count="19" type="cond" truecount="1" falsecount="0"/>
        <line num="128" count="19" type="cond" truecount="1" falsecount="1"/>
        <line num="132" count="19" type="stmt"/>
        <line num="137" count="19" type="stmt"/>
        <line num="140" count="0" type="stmt"/>
        <line num="146" count="5" type="stmt"/>
        <line num="147" count="5" type="stmt"/>
        <line num="154" count="0" type="stmt"/>
        <line num="155" count="0" type="stmt"/>
        <line num="159" count="19" type="cond" truecount="1" falsecount="1"/>
        <line num="160" count="19" type="stmt"/>
        <line num="161" count="19" type="stmt"/>
        <line num="164" count="19" type="stmt"/>
        <line num="165" count="19" type="stmt"/>
        <line num="166" count="19" type="cond" truecount="3" falsecount="1"/>
        <line num="167" count="0" type="stmt"/>
        <line num="170" count="19" type="stmt"/>
        <line num="172" count="19" type="stmt"/>
        <line num="178" count="19" type="stmt"/>
        <line num="179" count="19" type="stmt"/>
        <line num="180" count="19" type="stmt"/>
        <line num="186" count="19" type="stmt"/>
        <line num="187" count="19" type="stmt"/>
        <line num="188" count="19" type="cond" truecount="1" falsecount="1"/>
        <line num="189" count="0" type="stmt"/>
        <line num="192" count="19" type="stmt"/>
        <line num="194" count="19" type="stmt"/>
        <line num="200" count="19" type="stmt"/>
        <line num="201" count="19" type="stmt"/>
        <line num="202" count="19" type="stmt"/>
        <line num="208" count="19" type="stmt"/>
        <line num="209" count="19" type="stmt"/>
        <line num="210" count="19" type="cond" truecount="1" falsecount="1"/>
        <line num="211" count="0" type="stmt"/>
        <line num="214" count="19" type="stmt"/>
        <line num="216" count="19" type="stmt"/>
        <line num="222" count="19" type="stmt"/>
        <line num="223" count="19" type="stmt"/>
        <line num="224" count="19" type="cond" truecount="1" falsecount="1"/>
        <line num="225" count="19" type="stmt"/>
        <line num="228" count="0" type="stmt"/>
        <line num="230" count="19" type="stmt"/>
        <line num="236" count="19" type="stmt"/>
        <line num="237" count="19" type="stmt"/>
        <line num="238" count="19" type="cond" truecount="1" falsecount="1"/>
        <line num="239" count="0" type="stmt"/>
        <line num="242" count="19" type="stmt"/>
        <line num="244" count="19" type="stmt"/>
        <line num="249" count="19" type="stmt"/>
        <line num="252" count="0" type="stmt"/>
        <line num="259" count="19" type="stmt"/>
        <line num="268" count="19" type="stmt"/>
      </file>
      <file name="Flag.ts" path="/home/david/Development/g2o-mono/packages/core/src/lib/Flag.ts">
        <metrics statements="18" coveredstatements="18" conditionals="2" coveredconditionals="2" methods="1" coveredmethods="1"/>
        <line num="1" count="7" type="cond" truecount="2" falsecount="0"/>
        <line num="2" count="7" type="stmt"/>
        <line num="3" count="7" type="stmt"/>
        <line num="4" count="7" type="stmt"/>
        <line num="5" count="7" type="stmt"/>
        <line num="6" count="7" type="stmt"/>
        <line num="7" count="7" type="stmt"/>
        <line num="8" count="7" type="stmt"/>
        <line num="9" count="7" type="stmt"/>
        <line num="10" count="7" type="stmt"/>
        <line num="11" count="7" type="stmt"/>
        <line num="12" count="7" type="stmt"/>
        <line num="13" count="7" type="stmt"/>
        <line num="14" count="7" type="stmt"/>
        <line num="15" count="7" type="stmt"/>
        <line num="16" count="7" type="stmt"/>
        <line num="17" count="7" type="stmt"/>
        <line num="18" count="7" type="stmt"/>
      </file>
      <file name="GraphicsBoard.ts" path="/home/david/Development/g2o-mono/packages/core/src/lib/GraphicsBoard.ts">
        <metrics statements="260" coveredstatements="209" conditionals="71" coveredconditionals="31" methods="55" coveredmethods="44"/>
        <line num="1" count="7" type="stmt"/>
        <line num="2" count="7" type="stmt"/>
        <line num="4" count="7" type="stmt"/>
        <line num="6" count="7" type="stmt"/>
        <line num="7" count="7" type="stmt"/>
        <line num="8" count="7" type="stmt"/>
        <line num="9" count="7" type="stmt"/>
        <line num="10" count="7" type="stmt"/>
        <line num="14" count="7" type="stmt"/>
        <line num="15" count="7" type="stmt"/>
        <line num="16" count="7" type="stmt"/>
        <line num="17" count="7" type="stmt"/>
        <line num="18" count="7" type="stmt"/>
        <line num="19" count="7" type="stmt"/>
        <line num="20" count="7" type="stmt"/>
        <line num="21" count="7" type="stmt"/>
        <line num="22" count="7" type="stmt"/>
        <line num="23" count="7" type="stmt"/>
        <line num="24" count="7" type="stmt"/>
        <line num="25" count="7" type="stmt"/>
        <line num="33" count="7" type="stmt"/>
        <line num="35" count="20" type="stmt"/>
        <line num="50" count="20" type="stmt"/>
        <line num="51" count="20" type="stmt"/>
        <line num="58" count="20" type="stmt"/>
        <line num="61" count="20" type="stmt"/>
        <line num="62" count="20" type="stmt"/>
        <line num="64" count="20" type="stmt"/>
        <line num="68" count="20" type="stmt"/>
        <line num="69" count="31" type="stmt"/>
        <line num="70" count="31" type="stmt"/>
        <line num="72" count="20" type="stmt"/>
        <line num="73" count="31" type="stmt"/>
        <line num="74" count="31" type="stmt"/>
        <line num="79" count="20" type="stmt"/>
        <line num="80" count="20" type="stmt"/>
        <line num="82" count="20" type="stmt"/>
        <line num="83" count="20" type="stmt"/>
        <line num="85" count="20" type="stmt"/>
        <line num="86" count="20" type="stmt"/>
        <line num="88" count="20" type="cond" truecount="1" falsecount="0"/>
        <line num="89" count="11" type="stmt"/>
        <line num="90" count="11" type="stmt"/>
        <line num="91" count="11" type="stmt"/>
        <line num="92" count="11" type="stmt"/>
        <line num="93" count="11" type="stmt"/>
        <line num="96" count="20" type="stmt"/>
        <line num="97" count="20" type="stmt"/>
        <line num="99" count="20" type="cond" truecount="1" falsecount="1"/>
        <line num="100" count="20" type="stmt"/>
        <line num="101" count="20" type="cond" truecount="2" falsecount="1"/>
        <line num="102" count="0" type="stmt"/>
        <line num="106" count="0" type="stmt"/>
        <line num="109" count="20" type="stmt"/>
        <line num="111" count="20" type="stmt"/>
        <line num="113" count="20" type="cond" truecount="1" falsecount="0"/>
        <line num="114" count="20" type="stmt"/>
        <line num="115" count="20" type="stmt"/>
        <line num="116" count="20" type="stmt"/>
        <line num="119" count="20" type="cond" truecount="1" falsecount="0"/>
        <line num="120" count="20" type="stmt"/>
        <line num="123" count="20" type="cond" truecount="0" falsecount="1"/>
        <line num="124" count="0" type="stmt"/>
        <line num="128" count="20" type="stmt"/>
        <line num="129" count="20" type="stmt"/>
        <line num="130" count="20" type="stmt"/>
        <line num="131" count="20" type="stmt"/>
        <line num="132" count="20" type="stmt"/>
        <line num="133" count="20" type="stmt"/>
        <line num="134" count="20" type="stmt"/>
        <line num="139" count="14" type="stmt"/>
        <line num="140" count="14" type="stmt"/>
        <line num="148" count="20" type="stmt"/>
        <line num="149" count="20" type="stmt"/>
        <line num="150" count="20" type="stmt"/>
        <line num="151" count="20" type="stmt"/>
        <line num="152" count="20" type="stmt"/>
        <line num="154" count="20" type="stmt"/>
        <line num="155" count="20" type="stmt"/>
        <line num="156" count="20" type="stmt"/>
        <line num="157" count="20" type="stmt"/>
        <line num="158" count="20" type="stmt"/>
        <line num="159" count="20" type="stmt"/>
        <line num="160" count="20" type="stmt"/>
        <line num="161" count="20" type="cond" truecount="1" falsecount="1"/>
        <line num="162" count="0" type="cond" truecount="0" falsecount="2"/>
        <line num="164" count="0" type="stmt"/>
        <line num="171" count="20" type="cond" truecount="1" falsecount="1"/>
        <line num="173" count="0" type="stmt"/>
        <line num="177" count="20" type="stmt"/>
        <line num="183" count="393" type="stmt"/>
        <line num="212" count="393" type="stmt"/>
        <line num="228" count="0" type="stmt"/>
        <line num="232" count="20" type="stmt"/>
        <line num="235" count="0" type="stmt"/>
        <line num="239" count="1" type="stmt"/>
        <line num="242" count="0" type="stmt"/>
        <line num="246" count="0" type="stmt"/>
        <line num="250" count="61" type="stmt"/>
        <line num="253" count="40" type="stmt"/>
        <line num="254" count="40" type="stmt"/>
        <line num="255" count="40" type="stmt"/>
        <line num="258" count="61" type="stmt"/>
        <line num="261" count="40" type="stmt"/>
        <line num="262" count="40" type="stmt"/>
        <line num="263" count="40" type="stmt"/>
        <line num="266" count="20" type="stmt"/>
        <line num="269" count="0" type="stmt"/>
        <line num="273" count="20" type="cond" truecount="1" falsecount="0"/>
        <line num="274" count="20" type="cond" truecount="1" falsecount="1"/>
        <line num="275" count="20" type="stmt"/>
        <line num="278" count="0" type="stmt"/>
        <line num="280" count="20" type="cond" truecount="1" falsecount="0"/>
        <line num="281" count="20" type="stmt"/>
        <line num="283" count="20" type="stmt"/>
        <line num="285" count="20" type="stmt"/>
        <line num="289" count="83" type="stmt"/>
        <line num="296" count="0" type="cond" truecount="0" falsecount="2"/>
        <line num="297" count="0" type="stmt"/>
        <line num="300" count="0" type="stmt"/>
        <line num="308" count="40" type="stmt"/>
        <line num="309" count="40" type="stmt"/>
        <line num="311" count="40" type="cond" truecount="2" falsecount="1"/>
        <line num="312" count="0" type="stmt"/>
        <line num="313" count="0" type="stmt"/>
        <line num="316" count="40" type="stmt"/>
        <line num="317" count="40" type="stmt"/>
        <line num="318" count="40" type="stmt"/>
        <line num="320" count="40" type="cond" truecount="2" falsecount="1"/>
        <line num="321" count="0" type="stmt"/>
        <line num="324" count="40" type="stmt"/>
        <line num="326" count="40" type="stmt"/>
        <line num="330" count="20" type="stmt"/>
        <line num="331" count="20" type="stmt"/>
        <line num="332" count="20" type="stmt"/>
        <line num="336" count="0" type="stmt"/>
        <line num="337" count="0" type="stmt"/>
        <line num="338" count="0" type="stmt"/>
        <line num="342" count="1" type="stmt"/>
        <line num="343" count="1" type="stmt"/>
        <line num="344" count="1" type="stmt"/>
        <line num="348" count="1" type="stmt"/>
        <line num="349" count="1" type="stmt"/>
        <line num="350" count="1" type="stmt"/>
        <line num="354" count="1" type="stmt"/>
        <line num="355" count="1" type="stmt"/>
        <line num="356" count="1" type="stmt"/>
        <line num="360" count="1" type="stmt"/>
        <line num="361" count="1" type="stmt"/>
        <line num="362" count="1" type="stmt"/>
        <line num="363" count="1" type="stmt"/>
        <line num="364" count="1" type="stmt"/>
        <line num="365" count="1" type="stmt"/>
        <line num="366" count="1" type="stmt"/>
        <line num="367" count="1" type="stmt"/>
        <line num="368" count="1" type="stmt"/>
        <line num="369" count="1" type="stmt"/>
        <line num="370" count="1" type="stmt"/>
        <line num="371" count="1" type="stmt"/>
        <line num="372" count="1" type="stmt"/>
        <line num="376" count="1" type="stmt"/>
        <line num="377" count="1" type="stmt"/>
        <line num="378" count="1" type="stmt"/>
        <line num="382" count="2" type="stmt"/>
        <line num="383" count="2" type="stmt"/>
        <line num="384" count="2" type="stmt"/>
        <line num="388" count="1" type="stmt"/>
        <line num="389" count="1" type="stmt"/>
        <line num="390" count="1" type="stmt"/>
        <line num="394" count="1" type="stmt"/>
        <line num="395" count="1" type="stmt"/>
        <line num="396" count="1" type="stmt"/>
        <line num="400" count="0" type="stmt"/>
        <line num="401" count="0" type="cond" truecount="0" falsecount="2"/>
        <line num="402" count="0" type="stmt"/>
        <line num="403" count="0" type="cond" truecount="0" falsecount="2"/>
        <line num="404" count="0" type="stmt"/>
        <line num="405" count="0" type="stmt"/>
        <line num="406" count="0" type="stmt"/>
        <line num="410" count="1" type="cond" truecount="1" falsecount="1"/>
        <line num="411" count="1" type="stmt"/>
        <line num="412" count="1" type="cond" truecount="1" falsecount="1"/>
        <line num="413" count="1" type="stmt"/>
        <line num="414" count="1" type="stmt"/>
        <line num="415" count="1" type="stmt"/>
        <line num="419" count="1" type="stmt"/>
        <line num="420" count="1" type="stmt"/>
        <line num="421" count="1" type="stmt"/>
        <line num="425" count="0" type="stmt"/>
        <line num="426" count="0" type="stmt"/>
        <line num="427" count="0" type="stmt"/>
        <line num="437" count="20" type="stmt"/>
        <line num="438" count="20" type="stmt"/>
        <line num="440" count="20" type="stmt"/>
        <line num="441" count="20" type="cond" truecount="1" falsecount="1"/>
        <line num="442" count="20" type="stmt"/>
        <line num="445" count="0" type="stmt"/>
        <line num="447" count="20" type="stmt"/>
        <line num="448" count="20" type="stmt"/>
        <line num="449" count="20" type="stmt"/>
        <line num="452" count="0" type="stmt"/>
        <line num="455" count="40" type="stmt"/>
        <line num="461" count="20" type="stmt"/>
        <line num="462" count="20" type="stmt"/>
        <line num="463" count="0" type="stmt"/>
        <line num="466" count="20" type="stmt"/>
        <line num="467" count="20" type="stmt"/>
        <line num="468" count="14" type="stmt"/>
        <line num="470" count="20" type="stmt"/>
        <line num="476" count="34" type="cond" truecount="1" falsecount="0"/>
        <line num="477" count="14" type="stmt"/>
        <line num="478" count="14" type="stmt"/>
        <line num="482" count="40" type="stmt"/>
        <line num="485" count="40" type="stmt"/>
        <line num="486" count="40" type="cond" truecount="0" falsecount="1"/>
        <line num="488" count="0" type="stmt"/>
        <line num="489" count="0" type="stmt"/>
        <line num="490" count="0" type="stmt"/>
        <line num="491" count="0" type="stmt"/>
        <line num="492" count="0" type="stmt"/>
        <line num="493" count="0" type="stmt"/>
        <line num="494" count="0" type="stmt"/>
        <line num="495" count="0" type="stmt"/>
        <line num="498" count="0" type="stmt"/>
        <line num="499" count="0" type="stmt"/>
        <line num="507" count="40" type="stmt"/>
        <line num="510" count="60" type="stmt"/>
        <line num="513" count="20" type="stmt"/>
        <line num="514" count="20" type="stmt"/>
        <line num="516" count="20" type="stmt"/>
        <line num="517" count="20" type="stmt"/>
        <line num="519" count="20" type="stmt"/>
        <line num="529" count="20" type="stmt"/>
        <line num="533" count="20" type="stmt"/>
        <line num="543" count="20" type="stmt"/>
        <line num="548" count="20" type="cond" truecount="1" falsecount="1"/>
        <line num="549" count="20" type="stmt"/>
        <line num="552" count="0" type="stmt"/>
        <line num="557" count="20" type="cond" truecount="1" falsecount="1"/>
        <line num="558" count="0" type="stmt"/>
        <line num="561" count="20" type="stmt"/>
        <line num="566" count="20" type="cond" truecount="1" falsecount="1"/>
        <line num="567" count="0" type="stmt"/>
        <line num="570" count="20" type="cond" truecount="1" falsecount="1"/>
        <line num="571" count="20" type="stmt"/>
        <line num="574" count="0" type="stmt"/>
        <line num="580" count="1" type="stmt"/>
        <line num="591" count="1" type="stmt"/>
        <line num="595" count="1" type="stmt"/>
        <line num="596" count="1" type="stmt"/>
        <line num="597" count="1" type="stmt"/>
        <line num="598" count="4" type="stmt"/>
        <line num="599" count="4" type="cond" truecount="1" falsecount="1"/>
        <line num="600" count="0" type="stmt"/>
        <line num="602" count="4" type="cond" truecount="1" falsecount="1"/>
        <line num="603" count="0" type="cond" truecount="0" falsecount="2"/>
        <line num="605" count="4" type="cond" truecount="1" falsecount="1"/>
        <line num="606" count="4" type="cond" truecount="2" falsecount="0"/>
        <line num="609" count="0" type="stmt"/>
        <line num="612" count="1" type="stmt"/>
      </file>
      <file name="Path.ts" path="/home/david/Development/g2o-mono/packages/core/src/lib/Path.ts">
        <metrics statements="419" coveredstatements="226" conditionals="163" coveredconditionals="65" methods="46" coveredmethods="36"/>
        <line num="1" count="7" type="stmt"/>
        <line num="2" count="7" type="stmt"/>
        <line num="4" count="7" type="stmt"/>
        <line num="5" count="7" type="stmt"/>
        <line num="7" count="7" type="stmt"/>
        <line num="8" count="7" type="stmt"/>
        <line num="10" count="7" type="stmt"/>
        <line num="12" count="7" type="stmt"/>
        <line num="14" count="7" type="stmt"/>
        <line num="15" count="7" type="stmt"/>
        <line num="16" count="7" type="stmt"/>
        <line num="17" count="7" type="stmt"/>
        <line num="19" count="7" type="stmt"/>
        <line num="20" count="7" type="stmt"/>
        <line num="22" count="7" type="stmt"/>
        <line num="47" count="7" type="stmt"/>
        <line num="49" count="18" type="stmt"/>
        <line num="51" count="18" type="stmt"/>
        <line num="56" count="18" type="stmt"/>
        <line num="61" count="18" type="stmt"/>
        <line num="66" count="18" type="stmt"/>
        <line num="68" count="18" type="stmt"/>
        <line num="69" count="18" type="stmt"/>
        <line num="70" count="18" type="stmt"/>
        <line num="71" count="18" type="stmt"/>
        <line num="72" count="18" type="stmt"/>
        <line num="76" count="18" type="stmt"/>
        <line num="77" count="18" type="stmt"/>
        <line num="82" count="18" type="stmt"/>
        <line num="84" count="18" type="stmt"/>
        <line num="94" count="18" type="stmt"/>
        <line num="96" count="18" type="stmt"/>
        <line num="97" count="18" type="stmt"/>
        <line num="98" count="18" type="stmt"/>
        <line num="103" count="18" type="stmt"/>
        <line num="108" count="18" type="stmt"/>
        <line num="114" count="18" type="stmt"/>
        <line num="119" count="18" type="stmt"/>
        <line num="124" count="18" type="stmt"/>
        <line num="129" count="18" type="stmt"/>
        <line num="134" count="18" type="stmt"/>
        <line num="136" count="18" type="stmt"/>
        <line num="138" count="18" type="stmt"/>
        <line num="143" count="18" type="cond" truecount="1" falsecount="0"/>
        <line num="144" count="18" type="stmt"/>
        <line num="145" count="18" type="stmt"/>
        <line num="146" count="18" type="stmt"/>
        <line num="147" count="18" type="stmt"/>
        <line num="148" count="18" type="stmt"/>
        <line num="149" count="18" type="stmt"/>
        <line num="152" count="18" type="stmt"/>
        <line num="153" count="20" type="cond" truecount="4" falsecount="0"/>
        <line num="154" count="7" type="stmt"/>
        <line num="157" count="13" type="stmt"/>
        <line num="162" count="18" type="stmt"/>
        <line num="163" count="20" type="cond" truecount="4" falsecount="0"/>
        <line num="164" count="7" type="stmt"/>
        <line num="167" count="13" type="stmt"/>
        <line num="172" count="18" type="stmt"/>
        <line num="173" count="20" type="cond" truecount="2" falsecount="0"/>
        <line num="174" count="2" type="stmt"/>
        <line num="177" count="18" type="stmt"/>
        <line num="181" count="18" type="stmt"/>
        <line num="182" count="40" type="stmt"/>
        <line num="183" count="40" type="stmt"/>
        <line num="184" count="40" type="stmt"/>
        <line num="188" count="18" type="cond" truecount="1" falsecount="0"/>
        <line num="189" count="6" type="stmt"/>
        <line num="190" count="6" type="stmt"/>
        <line num="192" count="6" type="cond" truecount="1" falsecount="1"/>
        <line num="193" count="0" type="stmt"/>
        <line num="194" count="0" type="stmt"/>
        <line num="195" count="0" type="stmt"/>
        <line num="198" count="6" type="stmt"/>
        <line num="199" count="6" type="cond" truecount="1" falsecount="1"/>
        <line num="200" count="0" type="stmt"/>
        <line num="203" count="6" type="stmt"/>
        <line num="205" count="6" type="cond" truecount="1" falsecount="2"/>
        <line num="206" count="0" type="stmt"/>
        <line num="216" count="18" type="cond" truecount="1" falsecount="0"/>
        <line num="217" count="6" type="cond" truecount="1" falsecount="1"/>
        <line num="218" count="0" type="stmt"/>
        <line num="219" count="0" type="stmt"/>
        <line num="222" count="6" type="stmt"/>
        <line num="226" count="18" type="stmt"/>
        <line num="230" count="2" type="stmt"/>
        <line num="231" count="2" type="stmt"/>
        <line num="232" count="2" type="stmt"/>
        <line num="233" count="2" type="stmt"/>
        <line num="234" count="2" type="stmt"/>
        <line num="235" count="2" type="stmt"/>
        <line num="236" count="6" type="stmt"/>
        <line num="237" count="6" type="stmt"/>
        <line num="238" count="6" type="stmt"/>
        <line num="240" count="2" type="cond" truecount="0" falsecount="1"/>
        <line num="241" count="0" type="stmt"/>
        <line num="242" count="0" type="stmt"/>
        <line num="244" count="2" type="stmt"/>
        <line num="245" count="2" type="stmt"/>
        <line num="250" count="0" type="stmt"/>
        <line num="251" count="0" type="stmt"/>
        <line num="252" count="0" type="stmt"/>
        <line num="253" count="0" type="stmt"/>
        <line num="254" count="0" type="stmt"/>
        <line num="256" count="0" type="stmt"/>
        <line num="257" count="0" type="stmt"/>
        <line num="258" count="0" type="stmt"/>
        <line num="259" count="0" type="stmt"/>
        <line num="260" count="0" type="stmt"/>
        <line num="261" count="0" type="stmt"/>
        <line num="272" count="0" type="stmt"/>
        <line num="273" count="0" type="stmt"/>
        <line num="278" count="2" type="stmt"/>
        <line num="279" count="2" type="stmt"/>
        <line num="280" count="2" type="stmt"/>
        <line num="281" count="2" type="stmt"/>
        <line num="283" count="2" type="stmt"/>
        <line num="285" count="2" type="cond" truecount="1" falsecount="1"/>
        <line num="287" count="2" type="cond" truecount="1" falsecount="1"/>
        <line num="288" count="2" type="stmt"/>
        <line num="290" count="2" type="cond" truecount="2" falsecount="3"/>
        <line num="291" count="2" type="stmt"/>
        <line num="294" count="2" type="cond" truecount="0" falsecount="1"/>
        <line num="295" count="0" type="stmt"/>
        <line num="298" count="2" type="stmt"/>
        <line num="300" count="6" type="stmt"/>
        <line num="303" count="6" type="stmt"/>
        <line num="305" count="6" type="stmt"/>
        <line num="306" count="6" type="stmt"/>
        <line num="308" count="6" type="cond" truecount="3" falsecount="1"/>
        <line num="310" count="6" type="stmt"/>
        <line num="311" count="6" type="stmt"/>
        <line num="313" count="6" type="cond" truecount="1" falsecount="0"/>
        <line num="314" count="6" type="stmt"/>
        <line num="315" count="6" type="stmt"/>
        <line num="318" count="6" type="stmt"/>
        <line num="320" count="6" type="stmt"/>
        <line num="321" count="6" type="stmt"/>
        <line num="323" count="6" type="cond" truecount="1" falsecount="0"/>
        <line num="324" count="6" type="stmt"/>
        <line num="325" count="6" type="stmt"/>
        <line num="328" count="6" type="stmt"/>
        <line num="330" count="6" type="stmt"/>
        <line num="337" count="6" type="stmt"/>
        <line num="338" count="6" type="stmt"/>
        <line num="339" count="6" type="stmt"/>
        <line num="340" count="6" type="stmt"/>
        <line num="343" count="0" type="cond" truecount="0" falsecount="1"/>
        <line num="344" count="0" type="stmt"/>
        <line num="345" count="0" type="stmt"/>
        <line num="346" count="0" type="stmt"/>
        <line num="347" count="0" type="stmt"/>
        <line num="349" count="0" type="stmt"/>
        <line num="350" count="0" type="stmt"/>
        <line num="351" count="0" type="stmt"/>
        <line num="352" count="0" type="stmt"/>
        <line num="356" count="2" type="stmt"/>
        <line num="360" count="0" type="stmt"/>
        <line num="376" count="0" type="stmt"/>
        <line num="381" count="0" type="stmt"/>
        <line num="385" count="0" type="stmt"/>
        <line num="386" count="0" type="stmt"/>
        <line num="388" count="0" type="stmt"/>
        <line num="389" count="0" type="stmt"/>
        <line num="394" count="0" type="stmt"/>
        <line num="398" count="0" type="stmt"/>
        <line num="399" count="0" type="stmt"/>
        <line num="401" count="0" type="cond" truecount="0" falsecount="1"/>
        <line num="405" count="0" type="cond" truecount="0" falsecount="2"/>
        <line num="406" count="0" type="stmt"/>
        <line num="407" count="0" type="stmt"/>
        <line num="408" count="0" type="cond" truecount="0" falsecount="1"/>
        <line num="409" count="0" type="stmt"/>
        <line num="410" count="0" type="stmt"/>
        <line num="414" count="0" type="stmt"/>
        <line num="415" count="0" type="stmt"/>
        <line num="417" count="0" type="stmt"/>
        <line num="418" count="0" type="stmt"/>
        <line num="423" count="0" type="stmt"/>
        <line num="424" count="0" type="cond" truecount="0" falsecount="2"/>
        <line num="425" count="0" type="stmt"/>
        <line num="428" count="0" type="stmt"/>
        <line num="430" count="0" type="stmt"/>
        <line num="432" count="0" type="stmt"/>
        <line num="435" count="0" type="cond" truecount="0" falsecount="3"/>
        <line num="436" count="0" type="stmt"/>
        <line num="439" count="0" type="cond" truecount="0" falsecount="2"/>
        <line num="440" count="0" type="stmt"/>
        <line num="442" count="0" type="cond" truecount="0" falsecount="1"/>
        <line num="443" count="0" type="stmt"/>
        <line num="446" count="0" type="cond" truecount="0" falsecount="2"/>
        <line num="447" count="0" type="cond" truecount="0" falsecount="2"/>
        <line num="449" count="0" type="stmt"/>
        <line num="450" count="0" type="stmt"/>
        <line num="451" count="0" type="cond" truecount="0" falsecount="2"/>
        <line num="452" count="0" type="cond" truecount="0" falsecount="2"/>
        <line num="453" count="0" type="cond" truecount="0" falsecount="2"/>
        <line num="454" count="0" type="cond" truecount="0" falsecount="2"/>
        <line num="455" count="0" type="stmt"/>
        <line num="456" count="0" type="stmt"/>
        <line num="458" count="0" type="cond" truecount="0" falsecount="3"/>
        <line num="459" count="0" type="stmt"/>
        <line num="460" count="0" type="stmt"/>
        <line num="463" count="0" type="cond" truecount="0" falsecount="3"/>
        <line num="464" count="0" type="stmt"/>
        <line num="465" count="0" type="stmt"/>
        <line num="468" count="0" type="stmt"/>
        <line num="469" count="0" type="stmt"/>
        <line num="472" count="0" type="stmt"/>
        <line num="473" count="0" type="stmt"/>
        <line num="474" count="0" type="stmt"/>
        <line num="475" count="0" type="stmt"/>
        <line num="476" count="0" type="stmt"/>
        <line num="477" count="0" type="stmt"/>
        <line num="480" count="0" type="stmt"/>
        <line num="481" count="0" type="stmt"/>
        <line num="482" count="0" type="stmt"/>
        <line num="483" count="0" type="stmt"/>
        <line num="485" count="0" type="stmt"/>
        <line num="486" count="0" type="stmt"/>
        <line num="488" count="0" type="stmt"/>
        <line num="489" count="0" type="stmt"/>
        <line num="490" count="0" type="stmt"/>
        <line num="491" count="0" type="stmt"/>
        <line num="493" count="0" type="cond" truecount="0" falsecount="3"/>
        <line num="494" count="0" type="stmt"/>
        <line num="495" count="0" type="stmt"/>
        <line num="496" count="0" type="stmt"/>
        <line num="497" count="0" type="stmt"/>
        <line num="500" count="0" type="stmt"/>
        <line num="502" count="0" type="stmt"/>
        <line num="509" count="99" type="cond" truecount="1" falsecount="0"/>
        <line num="510" count="12" type="stmt"/>
        <line num="511" count="12" type="stmt"/>
        <line num="513" count="87" type="stmt"/>
        <line num="514" count="87" type="stmt"/>
        <line num="515" count="87" type="stmt"/>
        <line num="516" count="456" type="cond" truecount="2" falsecount="0"/>
        <line num="518" count="87" type="stmt"/>
        <line num="527" count="0" type="stmt"/>
        <line num="529" count="0" type="stmt"/>
        <line num="530" count="0" type="cond" truecount="0" falsecount="2"/>
        <line num="531" count="0" type="stmt"/>
        <line num="532" count="0" type="stmt"/>
        <line num="534" count="0" type="stmt"/>
        <line num="536" count="0" type="cond" truecount="0" falsecount="3"/>
        <line num="537" count="0" type="stmt"/>
        <line num="538" count="0" type="stmt"/>
        <line num="541" count="0" type="cond" truecount="0" falsecount="1"/>
        <line num="542" count="0" type="stmt"/>
        <line num="543" count="0" type="cond" truecount="0" falsecount="1"/>
        <line num="544" count="0" type="stmt"/>
        <line num="546" count="0" type="stmt"/>
        <line num="547" count="0" type="stmt"/>
        <line num="550" count="0" type="stmt"/>
        <line num="551" count="0" type="stmt"/>
        <line num="554" count="0" type="stmt"/>
        <line num="555" count="0" type="cond" truecount="0" falsecount="4"/>
        <line num="556" count="0" type="stmt"/>
        <line num="559" count="0" type="stmt"/>
        <line num="563" count="0" type="cond" truecount="0" falsecount="1"/>
        <line num="566" count="0" type="cond" truecount="0" falsecount="4"/>
        <line num="568" count="0" type="stmt"/>
        <line num="570" count="0" type="stmt"/>
        <line num="571" count="0" type="stmt"/>
        <line num="574" count="0" type="stmt"/>
        <line num="575" count="0" type="cond" truecount="0" falsecount="4"/>
        <line num="576" count="0" type="stmt"/>
        <line num="579" count="0" type="stmt"/>
        <line num="584" count="0" type="cond" truecount="0" falsecount="1"/>
        <line num="585" count="0" type="stmt"/>
        <line num="588" count="0" type="cond" truecount="0" falsecount="2"/>
        <line num="593" count="0" type="stmt"/>
        <line num="596" count="0" type="stmt"/>
        <line num="597" count="0" type="stmt"/>
        <line num="598" count="0" type="stmt"/>
        <line num="600" count="0" type="stmt"/>
        <line num="604" count="284" type="cond" truecount="1" falsecount="0"/>
        <line num="605" count="99" type="stmt"/>
        <line num="608" count="284" type="stmt"/>
        <line num="610" count="284" type="stmt"/>
        <line num="612" count="284" type="stmt"/>
        <line num="613" count="284" type="stmt"/>
        <line num="615" count="284" type="stmt"/>
        <line num="616" count="284" type="stmt"/>
        <line num="631" count="284" type="stmt"/>
        <line num="632" count="284" type="stmt"/>
        <line num="636" count="284" type="stmt"/>
        <line num="637" count="284" type="stmt"/>
        <line num="639" count="1882" type="cond" truecount="1" falsecount="0"/>
        <line num="641" count="76" type="stmt"/>
        <line num="644" count="1882" type="cond" truecount="3" falsecount="1"/>
        <line num="646" count="0" type="stmt"/>
        <line num="647" count="0" type="stmt"/>
        <line num="648" count="0" type="stmt"/>
        <line num="649" count="0" type="stmt"/>
        <line num="651" count="0" type="stmt"/>
        <line num="652" count="0" type="stmt"/>
        <line num="656" count="0" type="cond" truecount="0" falsecount="3"/>
        <line num="658" count="0" type="cond" truecount="0" falsecount="2"/>
        <line num="659" count="0" type="stmt"/>
        <line num="662" count="0" type="stmt"/>
        <line num="665" count="0" type="cond" truecount="0" falsecount="2"/>
        <line num="666" count="0" type="stmt"/>
        <line num="671" count="0" type="stmt"/>
        <line num="677" count="1882" type="cond" truecount="3" falsecount="0"/>
        <line num="679" count="1540" type="stmt"/>
        <line num="680" count="1540" type="stmt"/>
        <line num="682" count="1540" type="cond" truecount="4" falsecount="0"/>
        <line num="683" count="283" type="stmt"/>
        <line num="684" count="283" type="cond" truecount="3" falsecount="0"/>
        <line num="685" count="127" type="cond" truecount="1" falsecount="1"/>
        <line num="686" count="127" type="stmt"/>
        <line num="689" count="0" type="stmt"/>
        <line num="693" count="1257" type="cond" truecount="3" falsecount="0"/>
        <line num="694" count="221" type="stmt"/>
        <line num="695" count="221" type="stmt"/>
        <line num="696" count="221" type="cond" truecount="3" falsecount="0"/>
        <line num="697" count="97" type="cond" truecount="1" falsecount="1"/>
        <line num="698" count="97" type="stmt"/>
        <line num="701" count="0" type="stmt"/>
        <line num="710" count="284" type="cond" truecount="1" falsecount="2"/>
        <line num="712" count="0" type="stmt"/>
        <line num="714" count="0" type="stmt"/>
        <line num="715" count="0" type="stmt"/>
        <line num="716" count="0" type="stmt"/>
        <line num="717" count="0" type="stmt"/>
        <line num="719" count="0" type="stmt"/>
        <line num="723" count="0" type="cond" truecount="0" falsecount="3"/>
        <line num="725" count="0" type="stmt"/>
        <line num="727" count="0" type="cond" truecount="0" falsecount="2"/>
        <line num="728" count="0" type="stmt"/>
        <line num="733" count="0" type="stmt"/>
        <line num="734" count="0" type="stmt"/>
        <line num="741" count="284" type="stmt"/>
        <line num="742" count="284" type="stmt"/>
        <line num="747" count="284" type="cond" truecount="0" falsecount="1"/>
        <line num="748" count="0" type="stmt"/>
        <line num="751" count="284" type="stmt"/>
        <line num="752" count="284" type="stmt"/>
        <line num="753" count="284" type="stmt"/>
        <line num="755" count="284" type="stmt"/>
        <line num="756" count="284" type="stmt"/>
        <line num="758" count="284" type="stmt"/>
        <line num="760" count="1882" type="cond" truecount="4" falsecount="0"/>
        <line num="761" count="283" type="stmt"/>
        <line num="762" count="283" type="stmt"/>
        <line num="763" count="283" type="stmt"/>
        <line num="766" count="1599" type="stmt"/>
        <line num="767" count="1599" type="stmt"/>
        <line num="769" count="1599" type="cond" truecount="2" falsecount="1"/>
        <line num="771" count="0" type="stmt"/>
        <line num="773" count="0" type="stmt"/>
        <line num="774" count="0" type="stmt"/>
        <line num="778" count="1599" type="stmt"/>
        <line num="781" count="284" type="stmt"/>
        <line num="783" count="284" type="stmt"/>
        <line num="787" count="31" type="stmt"/>
        <line num="788" count="31" type="stmt"/>
        <line num="789" count="31" type="stmt"/>
        <line num="793" count="42" type="stmt"/>
        <line num="794" count="42" type="stmt"/>
        <line num="795" count="42" type="stmt"/>
        <line num="799" count="302" type="stmt"/>
        <line num="802" count="18" type="cond" truecount="1" falsecount="0"/>
        <line num="803" count="7" type="stmt"/>
        <line num="805" count="11" type="stmt"/>
        <line num="806" count="11" type="stmt"/>
        <line num="807" count="62" type="cond" truecount="1" falsecount="1"/>
        <line num="808" count="0" type="stmt"/>
        <line num="811" count="62" type="stmt"/>
        <line num="816" count="568" type="stmt"/>
        <line num="819" count="18" type="stmt"/>
        <line num="826" count="51" type="stmt"/>
        <line num="829" count="25" type="stmt"/>
        <line num="832" count="341" type="stmt"/>
        <line num="835" count="18" type="cond" truecount="1" falsecount="0"/>
        <line num="836" count="18" type="stmt"/>
        <line num="840" count="99" type="stmt"/>
        <line num="843" count="18" type="cond" truecount="1" falsecount="0"/>
        <line num="844" count="18" type="stmt"/>
        <line num="848" count="568" type="stmt"/>
        <line num="851" count="18" type="stmt"/>
        <line num="854" count="51" type="stmt"/>
        <line num="857" count="25" type="stmt"/>
        <line num="860" count="1136" type="stmt"/>
        <line num="863" count="221" type="stmt"/>
        <line num="866" count="26" type="stmt"/>
        <line num="869" count="20" type="stmt"/>
        <line num="872" count="1245" type="stmt"/>
        <line num="876" count="18" type="cond" truecount="0" falsecount="1"/>
        <line num="877" count="0" type="stmt"/>
        <line num="878" count="0" type="stmt"/>
        <line num="880" count="18" type="cond" truecount="0" falsecount="1"/>
        <line num="881" count="0" type="stmt"/>
        <line num="882" count="0" type="stmt"/>
        <line num="886" count="18" type="cond" truecount="1" falsecount="1"/>
        <line num="887" count="18" type="stmt"/>
        <line num="890" count="0" type="cond" truecount="0" falsecount="2"/>
        <line num="895" count="18" type="stmt"/>
        <line num="896" count="0" type="stmt"/>
        <line num="897" count="0" type="stmt"/>
        <line num="898" count="0" type="stmt"/>
        <line num="899" count="0" type="stmt"/>
        <line num="900" count="0" type="stmt"/>
        <line num="904" count="0" type="stmt"/>
        <line num="908" count="18" type="stmt"/>
        <line num="909" count="0" type="stmt"/>
        <line num="910" count="0" type="stmt"/>
        <line num="911" count="0" type="stmt"/>
        <line num="912" count="0" type="stmt"/>
        <line num="913" count="0" type="stmt"/>
        <line num="914" count="0" type="stmt"/>
        <line num="918" count="18" type="stmt"/>
        <line num="919" count="76" type="stmt"/>
        <line num="920" count="253" type="stmt"/>
        <line num="923" count="76" type="stmt"/>
        <line num="930" count="18" type="stmt"/>
        <line num="945" count="18" type="stmt"/>
      </file>
      <file name="ShapeBase.ts" path="/home/david/Development/g2o-mono/packages/core/src/lib/ShapeBase.ts">
        <metrics statements="186" coveredstatements="114" conditionals="62" coveredconditionals="19" methods="46" coveredmethods="35"/>
        <line num="1" count="7" type="stmt"/>
        <line num="3" count="7" type="stmt"/>
        <line num="4" count="7" type="stmt"/>
        <line num="5" count="7" type="stmt"/>
        <line num="6" count="7" type="stmt"/>
        <line num="7" count="7" type="stmt"/>
        <line num="8" count="7" type="stmt"/>
        <line num="9" count="7" type="stmt"/>
        <line num="10" count="7" type="stmt"/>
        <line num="12" count="7" type="stmt"/>
        <line num="43" count="7" type="stmt"/>
        <line num="44" count="0" type="cond" truecount="0" falsecount="2"/>
        <line num="45" count="0" type="stmt"/>
        <line num="48" count="0" type="stmt"/>
        <line num="52" count="7" type="stmt"/>
        <line num="54" count="60" type="stmt"/>
        <line num="59" count="60" type="stmt"/>
        <line num="64" count="60" type="stmt"/>
        <line num="74" count="60" type="stmt"/>
        <line num="79" count="60" type="stmt"/>
        <line num="81" count="60" type="stmt"/>
        <line num="82" count="60" type="stmt"/>
        <line num="84" count="60" type="stmt"/>
        <line num="86" count="60" type="stmt"/>
        <line num="92" count="60" type="cond" truecount="0" falsecount="1"/>
        <line num="94" count="60" type="stmt"/>
        <line num="99" count="60" type="stmt"/>
        <line num="101" count="60" type="cond" truecount="2" falsecount="0"/>
        <line num="102" count="10" type="stmt"/>
        <line num="105" count="50" type="stmt"/>
        <line num="108" count="60" type="cond" truecount="1" falsecount="1"/>
        <line num="109" count="0" type="stmt"/>
        <line num="112" count="60" type="stmt"/>
        <line num="115" count="60" type="cond" truecount="1" falsecount="0"/>
        <line num="116" count="1" type="stmt"/>
        <line num="119" count="60" type="cond" truecount="0" falsecount="1"/>
        <line num="120" count="0" type="stmt"/>
        <line num="123" count="60" type="cond" truecount="0" falsecount="1"/>
        <line num="124" count="0" type="stmt"/>
        <line num="127" count="60" type="stmt"/>
        <line num="128" count="60" type="cond" truecount="1" falsecount="0"/>
        <line num="129" count="1" type="stmt"/>
        <line num="131" count="60" type="cond" truecount="1" falsecount="0"/>
        <line num="132" count="1" type="stmt"/>
        <line num="134" count="60" type="stmt"/>
        <line num="139" count="60" type="stmt"/>
        <line num="144" count="60" type="stmt"/>
        <line num="146" count="60" type="stmt"/>
        <line num="147" count="80" type="stmt"/>
        <line num="149" count="60" type="stmt"/>
        <line num="150" count="80" type="stmt"/>
        <line num="152" count="60" type="stmt"/>
        <line num="153" count="100" type="stmt"/>
        <line num="155" count="60" type="stmt"/>
        <line num="156" count="60" type="stmt"/>
        <line num="161" count="42" type="stmt"/>
        <line num="162" count="42" type="stmt"/>
        <line num="167" count="60" type="stmt"/>
        <line num="168" count="60" type="stmt"/>
        <line num="169" count="60" type="cond" truecount="1" falsecount="1"/>
        <line num="170" count="0" type="stmt"/>
        <line num="172" count="0" type="stmt"/>
        <line num="175" count="60" type="stmt"/>
        <line num="180" count="60" type="stmt"/>
        <line num="181" count="71" type="cond" truecount="2" falsecount="0"/>
        <line num="182" count="52" type="stmt"/>
        <line num="185" count="19" type="stmt"/>
        <line num="190" count="60" type="stmt"/>
        <line num="191" count="60" type="stmt"/>
        <line num="192" count="60" type="stmt"/>
        <line num="193" count="60" type="cond" truecount="1" falsecount="1"/>
        <line num="194" count="60" type="stmt"/>
        <line num="197" count="0" type="stmt"/>
        <line num="199" count="60" type="stmt"/>
        <line num="205" count="60" type="stmt"/>
        <line num="206" count="72" type="cond" truecount="2" falsecount="0"/>
        <line num="207" count="50" type="stmt"/>
        <line num="210" count="22" type="stmt"/>
        <line num="215" count="60" type="stmt"/>
        <line num="216" count="60" type="stmt"/>
        <line num="217" count="60" type="cond" truecount="1" falsecount="1"/>
        <line num="219" count="60" type="stmt"/>
        <line num="220" count="60" type="stmt"/>
        <line num="221" count="60" type="stmt"/>
        <line num="224" count="0" type="stmt"/>
        <line num="225" count="0" type="stmt"/>
        <line num="226" count="0" type="stmt"/>
        <line num="229" count="60" type="stmt"/>
        <line num="237" count="113" type="stmt"/>
        <line num="241" count="11" type="stmt"/>
        <line num="245" count="88" type="stmt"/>
        <line num="248" count="0" type="cond" truecount="0" falsecount="2"/>
        <line num="249" count="0" type="stmt"/>
        <line num="251" count="0" type="cond" truecount="0" falsecount="2"/>
        <line num="252" count="0" type="stmt"/>
        <line num="254" count="0" type="cond" truecount="0" falsecount="2"/>
        <line num="255" count="0" type="stmt"/>
        <line num="257" count="0" type="cond" truecount="0" falsecount="1"/>
        <line num="258" count="0" type="stmt"/>
        <line num="259" count="0" type="stmt"/>
        <line num="260" count="0" type="stmt"/>
        <line num="261" count="0" type="cond" truecount="0" falsecount="3"/>
        <line num="262" count="0" type="stmt"/>
        <line num="267" count="320" type="stmt"/>
        <line num="270" count="0" type="stmt"/>
        <line num="273" count="62" type="stmt"/>
        <line num="276" count="0" type="cond" truecount="0" falsecount="1"/>
        <line num="277" count="0" type="stmt"/>
        <line num="281" count="0" type="cond" truecount="0" falsecount="2"/>
        <line num="282" count="0" type="stmt"/>
        <line num="286" count="0" type="stmt"/>
        <line num="290" count="0" type="cond" truecount="0" falsecount="2"/>
        <line num="291" count="0" type="stmt"/>
        <line num="293" count="0" type="cond" truecount="0" falsecount="1"/>
        <line num="294" count="0" type="stmt"/>
        <line num="298" count="22" type="stmt"/>
        <line num="301" count="20" type="stmt"/>
        <line num="304" count="3" type="stmt"/>
        <line num="307" count="20" type="stmt"/>
        <line num="310" count="320" type="stmt"/>
        <line num="313" count="60" type="stmt"/>
        <line num="316" count="320" type="stmt"/>
        <line num="319" count="60" type="stmt"/>
        <line num="322" count="68" type="stmt"/>
        <line num="325" count="0" type="stmt"/>
        <line num="326" count="0" type="stmt"/>
        <line num="327" count="0" type="cond" truecount="0" falsecount="3"/>
        <line num="328" count="0" type="stmt"/>
        <line num="332" count="136" type="stmt"/>
        <line num="336" count="60" type="stmt"/>
        <line num="339" count="0" type="cond" truecount="0" falsecount="1"/>
        <line num="340" count="0" type="cond" truecount="0" falsecount="3"/>
        <line num="341" count="0" type="cond" truecount="0" falsecount="1"/>
        <line num="342" count="0" type="stmt"/>
        <line num="348" count="64" type="stmt"/>
        <line num="351" count="4" type="cond" truecount="1" falsecount="0"/>
        <line num="352" count="4" type="cond" truecount="0" falsecount="1"/>
        <line num="353" count="0" type="stmt"/>
        <line num="358" count="4" type="stmt"/>
        <line num="359" count="4" type="stmt"/>
        <line num="362" count="0" type="stmt"/>
        <line num="363" count="0" type="stmt"/>
        <line num="366" count="0" type="stmt"/>
        <line num="367" count="0" type="stmt"/>
        <line num="371" count="0" type="stmt"/>
        <line num="372" count="0" type="stmt"/>
        <line num="375" count="60" type="stmt"/>
        <line num="389" count="320" type="stmt"/>
        <line num="390" count="320" type="stmt"/>
        <line num="391" count="320" type="stmt"/>
        <line num="392" count="320" type="stmt"/>
        <line num="393" count="320" type="cond" truecount="1" falsecount="1"/>
        <line num="394" count="0" type="cond" truecount="0" falsecount="2"/>
        <line num="395" count="0" type="cond" truecount="0" falsecount="2"/>
        <line num="396" count="0" type="stmt"/>
        <line num="397" count="0" type="stmt"/>
        <line num="398" count="0" type="stmt"/>
        <line num="399" count="0" type="stmt"/>
        <line num="400" count="0" type="stmt"/>
        <line num="403" count="0" type="stmt"/>
        <line num="404" count="0" type="stmt"/>
        <line num="405" count="0" type="stmt"/>
        <line num="409" count="0" type="cond" truecount="0" falsecount="2"/>
        <line num="410" count="0" type="stmt"/>
        <line num="411" count="0" type="stmt"/>
        <line num="412" count="0" type="stmt"/>
        <line num="415" count="0" type="stmt"/>
        <line num="416" count="0" type="stmt"/>
        <line num="417" count="0" type="stmt"/>
        <line num="422" count="320" type="cond" truecount="2" falsecount="0"/>
        <line num="423" count="4" type="cond" truecount="1" falsecount="1"/>
        <line num="424" count="0" type="stmt"/>
        <line num="425" count="0" type="stmt"/>
        <line num="426" count="0" type="stmt"/>
        <line num="429" count="4" type="stmt"/>
        <line num="430" count="4" type="stmt"/>
        <line num="431" count="4" type="stmt"/>
        <line num="432" count="4" type="stmt"/>
        <line num="433" count="4" type="stmt"/>
        <line num="437" count="316" type="cond" truecount="1" falsecount="1"/>
        <line num="438" count="0" type="stmt"/>
        <line num="439" count="0" type="stmt"/>
        <line num="440" count="0" type="stmt"/>
        <line num="443" count="316" type="stmt"/>
        <line num="444" count="316" type="stmt"/>
        <line num="445" count="316" type="stmt"/>
      </file>
      <file name="anchor.ts" path="/home/david/Development/g2o-mono/packages/core/src/lib/anchor.ts">
        <metrics statements="75" coveredstatements="64" conditionals="22" coveredconditionals="16" methods="29" coveredmethods="25"/>
        <line num="1" count="7" type="stmt"/>
        <line num="4" count="7" type="stmt"/>
        <line num="5" count="7" type="stmt"/>
        <line num="7" count="7" type="stmt"/>
        <line num="13" count="159" type="stmt"/>
        <line num="29" count="159" type="stmt"/>
        <line num="30" count="159" type="stmt"/>
        <line num="44" count="159" type="stmt"/>
        <line num="45" count="159" type="stmt"/>
        <line num="46" count="159" type="stmt"/>
        <line num="48" count="159" type="stmt"/>
        <line num="49" count="159" type="stmt"/>
        <line num="50" count="159" type="stmt"/>
        <line num="51" count="159" type="stmt"/>
        <line num="52" count="159" type="stmt"/>
        <line num="53" count="159" type="stmt"/>
        <line num="54" count="159" type="stmt"/>
        <line num="56" count="159" type="stmt"/>
        <line num="58" count="159" type="stmt"/>
        <line num="59" count="401" type="stmt"/>
        <line num="61" count="159" type="stmt"/>
        <line num="62" count="225" type="stmt"/>
        <line num="64" count="159" type="stmt"/>
        <line num="65" count="223" type="stmt"/>
        <line num="70" count="0" type="cond" truecount="0" falsecount="1"/>
        <line num="71" count="0" type="stmt"/>
        <line num="73" count="0" type="cond" truecount="0" falsecount="1"/>
        <line num="74" count="0" type="stmt"/>
        <line num="76" count="0" type="cond" truecount="0" falsecount="1"/>
        <line num="77" count="0" type="stmt"/>
        <line num="82" count="6802" type="stmt"/>
        <line num="86" count="17" type="stmt"/>
        <line num="90" count="6802" type="stmt"/>
        <line num="94" count="17" type="stmt"/>
        <line num="98" count="0" type="stmt"/>
        <line num="101" count="0" type="cond" truecount="0" falsecount="1"/>
        <line num="102" count="0" type="stmt"/>
        <line num="107" count="1542" type="stmt"/>
        <line num="108" count="1542" type="stmt"/>
        <line num="109" count="1542" type="stmt"/>
        <line num="110" count="1542" type="stmt"/>
        <line num="111" count="1542" type="stmt"/>
        <line num="112" count="1542" type="stmt"/>
        <line num="113" count="1542" type="stmt"/>
        <line num="114" count="1542" type="stmt"/>
        <line num="115" count="1542" type="stmt"/>
        <line num="116" count="1542" type="stmt"/>
        <line num="117" count="1542" type="stmt"/>
        <line num="124" count="0" type="stmt"/>
        <line num="139" count="5708" type="stmt"/>
        <line num="142" count="2294" type="cond" truecount="1" falsecount="0"/>
        <line num="143" count="110" type="stmt"/>
        <line num="150" count="6663" type="stmt"/>
        <line num="153" count="1545" type="cond" truecount="1" falsecount="0"/>
        <line num="154" count="1" type="stmt"/>
        <line num="161" count="3089" type="stmt"/>
        <line num="164" count="1544" type="cond" truecount="1" falsecount="0"/>
        <line num="165" count="1" type="stmt"/>
        <line num="172" count="3089" type="stmt"/>
        <line num="175" count="1544" type="cond" truecount="1" falsecount="0"/>
        <line num="176" count="1" type="stmt"/>
        <line num="183" count="3089" type="stmt"/>
        <line num="186" count="1544" type="cond" truecount="1" falsecount="0"/>
        <line num="187" count="1" type="stmt"/>
        <line num="194" count="3090" type="stmt"/>
        <line num="197" count="1544" type="cond" truecount="1" falsecount="0"/>
        <line num="198" count="1" type="stmt"/>
        <line num="205" count="3090" type="stmt"/>
        <line num="208" count="1544" type="cond" truecount="1" falsecount="0"/>
        <line num="209" count="1" type="stmt"/>
        <line num="215" count="159" type="cond" truecount="2" falsecount="0"/>
        <line num="216" count="155" type="cond" truecount="1" falsecount="1"/>
        <line num="218" count="4" type="cond" truecount="1" falsecount="1"/>
        <line num="219" count="4" type="stmt"/>
        <line num="222" count="0" type="stmt"/>
      </file>
      <file name="collection.ts" path="/home/david/Development/g2o-mono/packages/core/src/lib/collection.ts">
        <metrics statements="42" coveredstatements="13" conditionals="2" coveredconditionals="0" methods="15" coveredmethods="4"/>
        <line num="1" count="7" type="stmt"/>
        <line num="2" count="7" type="stmt"/>
        <line num="7" count="7" type="stmt"/>
        <line num="22" count="18" type="stmt"/>
        <line num="24" count="18" type="stmt"/>
        <line num="25" count="18" type="stmt"/>
        <line num="27" count="18" type="stmt"/>
        <line num="28" count="18" type="stmt"/>
        <line num="30" count="18" type="stmt"/>
        <line num="31" count="18" type="stmt"/>
        <line num="35" count="313" type="stmt"/>
        <line num="39" count="690" type="stmt"/>
        <line num="43" count="2602" type="stmt"/>
        <line num="47" count="0" type="stmt"/>
        <line num="51" count="0" type="stmt"/>
        <line num="55" count="0" type="stmt"/>
        <line num="56" count="0" type="stmt"/>
        <line num="57" count="0" type="stmt"/>
        <line num="61" count="0" type="stmt"/>
        <line num="62" count="0" type="stmt"/>
        <line num="63" count="0" type="stmt"/>
        <line num="67" count="0" type="stmt"/>
        <line num="68" count="0" type="stmt"/>
        <line num="69" count="0" type="stmt"/>
        <line num="73" count="0" type="stmt"/>
        <line num="74" count="0" type="stmt"/>
        <line num="75" count="0" type="stmt"/>
        <line num="80" count="0" type="cond" truecount="0" falsecount="2"/>
        <line num="81" count="0" type="stmt"/>
        <line num="82" count="0" type="stmt"/>
        <line num="83" count="0" type="stmt"/>
        <line num="86" count="0" type="stmt"/>
        <line num="87" count="0" type="stmt"/>
        <line num="88" count="0" type="stmt"/>
        <line num="103" count="0" type="stmt"/>
        <line num="104" count="0" type="stmt"/>
        <line num="105" count="0" type="stmt"/>
        <line num="109" count="0" type="stmt"/>
        <line num="110" count="0" type="stmt"/>
        <line num="111" count="0" type="stmt"/>
        <line num="115" count="0" type="stmt"/>
        <line num="120" count="0" type="stmt"/>
      </file>
      <file name="constants.ts" path="/home/david/Development/g2o-mono/packages/core/src/lib/constants.ts">
        <metrics statements="3" coveredstatements="2" conditionals="0" coveredconditionals="0" methods="1" coveredmethods="0"/>
        <line num="2" count="7" type="stmt"/>
        <line num="4" count="7" type="stmt"/>
        <line num="14" count="0" type="stmt"/>
      </file>
      <file name="element.ts" path="/home/david/Development/g2o-mono/packages/core/src/lib/element.ts">
        <metrics statements="10" coveredstatements="10" conditionals="1" coveredconditionals="1" methods="4" coveredmethods="4"/>
        <line num="1" count="7" type="stmt"/>
        <line num="3" count="7" type="stmt"/>
        <line num="8" count="7" type="stmt"/>
        <line num="12" count="60" type="stmt"/>
        <line num="14" count="60" type="stmt"/>
        <line num="17" count="60" type="cond" truecount="1" falsecount="0"/>
        <line num="18" count="41" type="stmt"/>
        <line num="23" count="42" type="stmt"/>
        <line num="27" count="202" type="stmt"/>
        <line num="30" count="11" type="stmt"/>
      </file>
      <file name="group.ts" path="/home/david/Development/g2o-mono/packages/core/src/lib/group.ts">
        <metrics statements="133" coveredstatements="46" conditionals="52" coveredconditionals="5" methods="18" coveredmethods="8"/>
        <line num="1" count="7" type="stmt"/>
        <line num="3" count="7" type="stmt"/>
        <line num="4" count="7" type="stmt"/>
        <line num="6" count="7" type="stmt"/>
        <line num="12" count="7" type="stmt"/>
        <line num="18" count="41" type="stmt"/>
        <line num="20" count="41" type="stmt"/>
        <line num="21" count="41" type="stmt"/>
        <line num="22" count="41" type="stmt"/>
        <line num="23" count="41" type="stmt"/>
        <line num="25" count="41" type="stmt"/>
        <line num="29" count="28" type="stmt"/>
        <line num="30" count="28" type="stmt"/>
        <line num="32" count="28" type="stmt"/>
        <line num="36" count="0" type="stmt"/>
        <line num="41" count="81" type="stmt"/>
        <line num="43" count="81" type="cond" truecount="2" falsecount="0"/>
        <line num="45" count="40" type="stmt"/>
        <line num="48" count="41" type="cond" truecount="1" falsecount="1"/>
        <line num="49" count="41" type="stmt"/>
        <line num="50" count="41" type="stmt"/>
        <line num="51" count="41" type="cond" truecount="1" falsecount="1"/>
        <line num="52" count="41" type="stmt"/>
        <line num="53" count="41" type="stmt"/>
        <line num="56" count="0" type="stmt"/>
        <line num="60" count="0" type="stmt"/>
        <line num="64" count="81" type="stmt"/>
        <line num="65" count="81" type="stmt"/>
        <line num="66" count="81" type="stmt"/>
        <line num="67" count="81" type="stmt"/>
        <line num="68" count="60" type="stmt"/>
        <line num="69" count="60" type="stmt"/>
        <line num="72" count="81" type="stmt"/>
        <line num="79" count="0" type="stmt"/>
        <line num="80" count="0" type="stmt"/>
        <line num="81" count="0" type="stmt"/>
        <line num="82" count="0" type="stmt"/>
        <line num="83" count="0" type="stmt"/>
        <line num="84" count="0" type="stmt"/>
        <line num="85" count="0" type="stmt"/>
        <line num="86" count="0" type="stmt"/>
        <line num="87" count="0" type="stmt"/>
        <line num="89" count="0" type="cond" truecount="0" falsecount="1"/>
        <line num="90" count="0" type="stmt"/>
        <line num="91" count="0" type="stmt"/>
        <line num="93" count="0" type="stmt"/>
        <line num="97" count="0" type="stmt"/>
        <line num="99" count="0" type="cond" truecount="0" falsecount="2"/>
        <line num="100" count="0" type="stmt"/>
        <line num="102" count="0" type="cond" truecount="0" falsecount="3"/>
        <line num="103" count="0" type="stmt"/>
        <line num="104" count="0" type="stmt"/>
        <line num="105" count="0" type="cond" truecount="0" falsecount="1"/>
        <line num="106" count="0" type="stmt"/>
        <line num="110" count="0" type="stmt"/>
        <line num="112" count="0" type="stmt"/>
        <line num="117" count="0" type="stmt"/>
        <line num="119" count="0" type="cond" truecount="0" falsecount="1"/>
        <line num="120" count="0" type="stmt"/>
        <line num="122" count="0" type="cond" truecount="0" falsecount="3"/>
        <line num="123" count="0" type="stmt"/>
        <line num="124" count="0" type="stmt"/>
        <line num="125" count="0" type="stmt"/>
        <line num="128" count="0" type="stmt"/>
        <line num="130" count="0" type="stmt"/>
        <line num="134" count="40" type="stmt"/>
        <line num="135" count="40" type="stmt"/>
        <line num="136" count="40" type="stmt"/>
        <line num="137" count="40" type="stmt"/>
        <line num="138" count="40" type="cond" truecount="0" falsecount="1"/>
        <line num="139" count="0" type="stmt"/>
        <line num="141" count="40" type="stmt"/>
        <line num="143" count="40" type="stmt"/>
        <line num="147" count="0" type="stmt"/>
        <line num="148" count="0" type="stmt"/>
        <line num="149" count="0" type="stmt"/>
        <line num="150" count="0" type="stmt"/>
        <line num="151" count="0" type="stmt"/>
        <line num="152" count="0" type="cond" truecount="0" falsecount="1"/>
        <line num="153" count="0" type="stmt"/>
        <line num="156" count="0" type="stmt"/>
        <line num="161" count="0" type="stmt"/>
        <line num="164" count="0" type="stmt"/>
        <line num="165" count="0" type="stmt"/>
        <line num="167" count="0" type="cond" truecount="0" falsecount="2"/>
        <line num="169" count="0" type="stmt"/>
        <line num="171" count="0" type="stmt"/>
        <line num="173" count="0" type="cond" truecount="0" falsecount="3"/>
        <line num="174" count="0" type="stmt"/>
        <line num="177" count="0" type="stmt"/>
        <line num="179" count="0" type="cond" truecount="0" falsecount="3"/>
        <line num="180" count="0" type="cond" truecount="0" falsecount="3"/>
        <line num="181" count="0" type="cond" truecount="0" falsecount="3"/>
        <line num="182" count="0" type="cond" truecount="0" falsecount="3"/>
        <line num="184" count="0" type="cond" truecount="0" falsecount="5"/>
        <line num="185" count="0" type="stmt"/>
        <line num="188" count="0" type="cond" truecount="0" falsecount="2"/>
        <line num="189" count="0" type="stmt"/>
        <line num="190" count="0" type="stmt"/>
        <line num="191" count="0" type="stmt"/>
        <line num="192" count="0" type="stmt"/>
        <line num="194" count="0" type="stmt"/>
        <line num="195" count="0" type="stmt"/>
        <line num="196" count="0" type="stmt"/>
        <line num="197" count="0" type="stmt"/>
        <line num="200" count="0" type="stmt"/>
        <line num="201" count="0" type="stmt"/>
        <line num="202" count="0" type="stmt"/>
        <line num="203" count="0" type="stmt"/>
        <line num="207" count="0" type="stmt"/>
        <line num="211" count="81" type="stmt"/>
        <line num="215" count="122" type="stmt"/>
        <line num="216" count="122" type="stmt"/>
        <line num="217" count="122" type="stmt"/>
        <line num="218" count="122" type="stmt"/>
        <line num="224" count="149" type="stmt"/>
        <line num="228" count="0" type="stmt"/>
        <line num="230" count="0" type="stmt"/>
        <line num="231" count="0" type="stmt"/>
        <line num="232" count="0" type="stmt"/>
        <line num="237" count="7" type="stmt"/>
        <line num="239" count="0" type="stmt"/>
        <line num="241" count="0" type="cond" truecount="0" falsecount="1"/>
        <line num="242" count="0" type="stmt"/>
        <line num="245" count="0" type="cond" truecount="0" falsecount="3"/>
        <line num="246" count="0" type="stmt"/>
        <line num="247" count="0" type="stmt"/>
        <line num="250" count="0" type="cond" truecount="0" falsecount="1"/>
        <line num="251" count="0" type="stmt"/>
        <line num="252" count="0" type="stmt"/>
        <line num="255" count="0" type="stmt"/>
        <line num="259" count="41" type="stmt"/>
        <line num="263" count="41" type="stmt"/>
      </file>
      <file name="text.ts" path="/home/david/Development/g2o-mono/packages/core/src/lib/text.ts">
        <metrics statements="237" coveredstatements="124" conditionals="112" coveredconditionals="25" methods="49" coveredmethods="27"/>
        <line num="1" count="7" type="stmt"/>
        <line num="3" count="7" type="stmt"/>
        <line num="5" count="7" type="stmt"/>
        <line num="6" count="7" type="stmt"/>
        <line num="8" count="7" type="stmt"/>
        <line num="10" count="7" type="stmt"/>
        <line num="11" count="7" type="stmt"/>
        <line num="13" count="7" type="stmt"/>
        <line num="65" count="7" type="stmt"/>
        <line num="70" count="1" type="stmt"/>
        <line num="72" count="1" type="stmt"/>
        <line num="74" count="1" type="stmt"/>
        <line num="76" count="1" type="stmt"/>
        <line num="78" count="1" type="stmt"/>
        <line num="80" count="1" type="stmt"/>
        <line num="82" count="1" type="stmt"/>
        <line num="84" count="1" type="stmt"/>
        <line num="90" count="1" type="stmt"/>
        <line num="92" count="1" type="stmt"/>
        <line num="93" count="1" type="stmt"/>
        <line num="97" count="1" type="stmt"/>
        <line num="99" count="1" type="stmt"/>
        <line num="101" count="1" type="cond" truecount="0" falsecount="1"/>
        <line num="102" count="0" type="stmt"/>
        <line num="104" count="1" type="cond" truecount="0" falsecount="1"/>
        <line num="105" count="0" type="stmt"/>
        <line num="107" count="1" type="cond" truecount="0" falsecount="1"/>
        <line num="108" count="0" type="stmt"/>
        <line num="110" count="1" type="cond" truecount="0" falsecount="1"/>
        <line num="111" count="0" type="stmt"/>
        <line num="113" count="1" type="cond" truecount="2" falsecount="1"/>
        <line num="114" count="0" type="stmt"/>
        <line num="116" count="1" type="cond" truecount="2" falsecount="1"/>
        <line num="117" count="0" type="stmt"/>
        <line num="119" count="1" type="cond" truecount="0" falsecount="1"/>
        <line num="120" count="0" type="stmt"/>
        <line num="122" count="1" type="cond" truecount="0" falsecount="1"/>
        <line num="123" count="0" type="stmt"/>
        <line num="125" count="1" type="cond" truecount="0" falsecount="1"/>
        <line num="126" count="0" type="stmt"/>
        <line num="128" count="1" type="cond" truecount="0" falsecount="1"/>
        <line num="129" count="0" type="stmt"/>
        <line num="131" count="1" type="cond" truecount="0" falsecount="1"/>
        <line num="132" count="0" type="stmt"/>
        <line num="134" count="1" type="cond" truecount="0" falsecount="1"/>
        <line num="135" count="0" type="stmt"/>
        <line num="137" count="1" type="cond" truecount="0" falsecount="1"/>
        <line num="138" count="0" type="stmt"/>
        <line num="141" count="1" type="stmt"/>
        <line num="146" count="1" type="stmt"/>
        <line num="148" count="1" type="cond" truecount="1" falsecount="1"/>
        <line num="149" count="0" type="stmt"/>
        <line num="151" count="0" type="stmt"/>
        <line num="152" count="0" type="stmt"/>
        <line num="155" count="1" type="stmt"/>
        <line num="156" count="1" type="stmt"/>
        <line num="157" count="1" type="stmt"/>
        <line num="159" count="1" type="stmt"/>
        <line num="162" count="1" type="stmt"/>
        <line num="163" count="1" type="stmt"/>
        <line num="164" count="1" type="stmt"/>
        <line num="165" count="1" type="cond" truecount="1" falsecount="2"/>
        <line num="167" count="1" type="cond" truecount="1" falsecount="1"/>
        <line num="168" count="0" type="stmt"/>
        <line num="171" count="1" type="stmt"/>
        <line num="173" count="1" type="stmt"/>
        <line num="176" count="0" type="stmt"/>
        <line num="177" count="0" type="stmt"/>
        <line num="180" count="0" type="cond" truecount="0" falsecount="2"/>
        <line num="181" count="0" type="stmt"/>
        <line num="184" count="0" type="stmt"/>
        <line num="186" count="0" type="stmt"/>
        <line num="189" count="1" type="stmt"/>
        <line num="195" count="1" type="stmt"/>
        <line num="196" count="1" type="stmt"/>
        <line num="197" count="1" type="stmt"/>
        <line num="198" count="1" type="stmt"/>
        <line num="199" count="1" type="stmt"/>
        <line num="200" count="1" type="stmt"/>
        <line num="206" count="1" type="stmt"/>
        <line num="207" count="1" type="stmt"/>
        <line num="208" count="1" type="cond" truecount="1" falsecount="1"/>
        <line num="209" count="0" type="stmt"/>
        <line num="212" count="1" type="stmt"/>
        <line num="214" count="1" type="stmt"/>
        <line num="220" count="1" type="stmt"/>
        <line num="221" count="1" type="stmt"/>
        <line num="222" count="1" type="stmt"/>
        <line num="223" count="1" type="cond" truecount="1" falsecount="3"/>
        <line num="225" count="1" type="cond" truecount="1" falsecount="1"/>
        <line num="226" count="0" type="stmt"/>
        <line num="229" count="1" type="stmt"/>
        <line num="231" count="1" type="stmt"/>
        <line num="234" count="0" type="stmt"/>
        <line num="235" count="0" type="stmt"/>
        <line num="238" count="0" type="cond" truecount="0" falsecount="2"/>
        <line num="239" count="0" type="stmt"/>
        <line num="242" count="0" type="stmt"/>
        <line num="244" count="0" type="stmt"/>
        <line num="247" count="0" type="stmt"/>
        <line num="248" count="0" type="stmt"/>
        <line num="251" count="1" type="stmt"/>
        <line num="257" count="1" type="stmt"/>
        <line num="258" count="1" type="stmt"/>
        <line num="259" count="1" type="stmt"/>
        <line num="260" count="1" type="cond" truecount="3" falsecount="1"/>
        <line num="261" count="1" type="stmt"/>
        <line num="264" count="0" type="cond" truecount="0" falsecount="2"/>
        <line num="265" count="0" type="cond" truecount="0" falsecount="2"/>
        <line num="266" count="0" type="stmt"/>
        <line num="269" count="0" type="stmt"/>
        <line num="273" count="0" type="stmt"/>
        <line num="276" count="1" type="stmt"/>
        <line num="282" count="1" type="stmt"/>
        <line num="283" count="1" type="stmt"/>
        <line num="284" count="1" type="stmt"/>
        <line num="285" count="1" type="cond" truecount="3" falsecount="1"/>
        <line num="286" count="1" type="stmt"/>
        <line num="289" count="0" type="cond" truecount="0" falsecount="2"/>
        <line num="290" count="0" type="cond" truecount="0" falsecount="2"/>
        <line num="291" count="0" type="stmt"/>
        <line num="294" count="0" type="stmt"/>
        <line num="298" count="0" type="stmt"/>
        <line num="301" count="1" type="stmt"/>
        <line num="307" count="1" type="stmt"/>
        <line num="308" count="1" type="stmt"/>
        <line num="312" count="1" type="stmt"/>
        <line num="313" count="1" type="stmt"/>
        <line num="317" count="1" type="stmt"/>
        <line num="318" count="1" type="stmt"/>
        <line num="319" count="1" type="cond" truecount="1" falsecount="1"/>
        <line num="320" count="1" type="stmt"/>
        <line num="323" count="0" type="stmt"/>
        <line num="325" count="1" type="stmt"/>
        <line num="331" count="1" type="stmt"/>
        <line num="332" count="1" type="stmt"/>
[...]
        <line num="105" count="0" type="stmt"/>
        <line num="106" count="0" type="stmt"/>
        <line num="107" count="0" type="stmt"/>
        <line num="110" count="0" type="stmt"/>
        <line num="126" count="7" type="stmt"/>
        <line num="130" count="1599" type="cond" truecount="5" falsecount="0"/>
        <line num="131" count="1179" type="stmt"/>
        <line num="132" count="1179" type="stmt"/>
        <line num="133" count="1179" type="stmt"/>
        <line num="137" count="420" type="stmt"/>
        <line num="138" count="420" type="stmt"/>
        <line num="139" count="420" type="stmt"/>
        <line num="141" count="420" type="stmt"/>
        <line num="142" count="420" type="stmt"/>
        <line num="143" count="420" type="stmt"/>
        <line num="147" count="6720" type="stmt"/>
        <line num="148" count="6720" type="stmt"/>
        <line num="149" count="6720" type="stmt"/>
        <line num="152" count="420" type="stmt"/>
        <line num="169" count="7" type="stmt"/>
        <line num="171" count="6" type="stmt"/>
        <line num="172" count="6" type="stmt"/>
        <line num="175" count="6" type="stmt"/>
        <line num="176" count="12" type="cond" truecount="2" falsecount="0"/>
        <line num="177" count="6" type="stmt"/>
        <line num="178" count="6" type="stmt"/>
        <line num="179" count="6" type="stmt"/>
        <line num="182" count="6" type="stmt"/>
        <line num="183" count="6" type="stmt"/>
        <line num="184" count="6" type="stmt"/>
        <line num="186" count="12" type="cond" truecount="1" falsecount="0"/>
        <line num="187" count="6" type="cond" truecount="1" falsecount="0"/>
        <line num="188" count="6" type="stmt"/>
        <line num="190" count="0" type="stmt"/>
        <line num="191" count="0" type="cond" truecount="0" falsecount="3"/>
        <line num="192" count="0" type="stmt"/>
        <line num="194" count="0" type="stmt"/>
        <line num="196" count="6" type="stmt"/>
        <line num="197" count="6" type="stmt"/>
        <line num="198" count="6" type="cond" truecount="0" falsecount="1"/>
        <line num="199" count="0" type="stmt"/>
        <line num="201" count="6" type="stmt"/>
        <line num="202" count="6" type="cond" truecount="2" falsecount="1"/>
        <line num="203" count="0" type="stmt"/>
        <line num="205" count="6" type="stmt"/>
        <line num="206" count="6" type="cond" truecount="2" falsecount="1"/>
        <line num="207" count="0" type="stmt"/>
        <line num="211" count="6" type="stmt"/>
        <line num="212" count="6" type="stmt"/>
        <line num="215" count="6" type="stmt"/>
        <line num="216" count="0" type="stmt"/>
        <line num="217" count="0" type="stmt"/>
        <line num="218" count="0" type="stmt"/>
        <line num="219" count="0" type="stmt"/>
        <line num="222" count="6" type="stmt"/>
        <line num="223" count="6" type="stmt"/>
        <line num="224" count="6" type="stmt"/>
        <line num="225" count="6" type="stmt"/>
        <line num="226" count="6" type="stmt"/>
        <line num="228" count="6" type="stmt"/>
        <line num="238" count="7" type="stmt"/>
        <line num="239" count="420" type="stmt"/>
        <line num="240" count="420" type="stmt"/>
        <line num="241" count="420" type="stmt"/>
        <line num="242" count="420" type="stmt"/>
        <line num="243" count="420" type="stmt"/>
        <line num="244" count="420" type="stmt"/>
        <line num="245" count="420" type="cond" truecount="1" falsecount="1"/>
        <line num="246" count="420" type="stmt"/>
        <line num="247" count="3360" type="stmt"/>
        <line num="248" count="3360" type="stmt"/>
        <line num="250" count="420" type="stmt"/>
        <line num="256" count="7" type="stmt"/>
        <line num="258" count="12" type="stmt"/>
        <line num="260" count="12" type="stmt"/>
        <line num="262" count="48" type="stmt"/>
        <line num="264" count="48" type="cond" truecount="1" falsecount="1"/>
        <line num="265" count="48" type="cond" truecount="1" falsecount="1"/>
        <line num="267" count="48" type="stmt"/>
        <line num="268" count="48" type="stmt"/>
        <line num="269" count="48" type="stmt"/>
        <line num="270" count="48" type="stmt"/>
        <line num="272" count="48" type="cond" truecount="2" falsecount="0"/>
        <line num="279" count="7" type="stmt"/>
        <line num="281" count="48" type="stmt"/>
        <line num="282" count="48" type="stmt"/>
        <line num="284" count="48" type="stmt"/>
        <line num="285" count="48" type="stmt"/>
        <line num="287" count="48" type="stmt"/>
        <line num="290" count="48" type="cond" truecount="2" falsecount="1"/>
        <line num="291" count="48" type="cond" truecount="2" falsecount="1"/>
        <line num="292" count="0" type="stmt"/>
        <line num="293" count="0" type="stmt"/>
        <line num="295" count="48" type="stmt"/>
        <line num="298" count="0" type="stmt"/>
        <line num="299" count="0" type="stmt"/>
        <line num="301" count="0" type="cond" truecount="0" falsecount="2"/>
        <line num="302" count="0" type="stmt"/>
        <line num="305" count="0" type="stmt"/>
        <line num="308" count="0" type="stmt"/>
        <line num="309" count="0" type="stmt"/>
        <line num="311" count="0" type="stmt"/>
        <line num="313" count="0" type="stmt"/>
        <line num="314" count="0" type="stmt"/>
        <line num="316" count="0" type="cond" truecount="0" falsecount="3"/>
        <line num="317" count="0" type="stmt"/>
        <line num="318" count="0" type="stmt"/>
        <line num="319" count="0" type="stmt"/>
        <line num="320" count="0" type="stmt"/>
        <line num="323" count="0" type="stmt"/>
        <line num="331" count="7" type="cond" truecount="0" falsecount="1"/>
        <line num="333" count="0" type="stmt"/>
        <line num="340" count="7" type="cond" truecount="0" falsecount="1"/>
        <line num="342" count="0" type="stmt"/>
        <line num="343" count="0" type="stmt"/>
        <line num="345" count="0" type="stmt"/>
        <line num="347" count="0" type="stmt"/>
        <line num="348" count="0" type="cond" truecount="0" falsecount="1"/>
        <line num="349" count="0" type="stmt"/>
        <line num="352" count="0" type="stmt"/>
        <line num="353" count="0" type="stmt"/>
        <line num="354" count="0" type="stmt"/>
        <line num="359" count="0" type="stmt"/>
        <line num="360" count="0" type="stmt"/>
        <line num="364" count="0" type="stmt"/>
      </file>
      <file name="default_color.ts" path="/home/david/Development/g2o-mono/packages/core/src/lib/utils/default_color.ts">
        <metrics statements="5" coveredstatements="5" conditionals="2" coveredconditionals="2" methods="1" coveredmethods="1"/>
        <line num="1" count="7" type="stmt"/>
        <line num="3" count="7" type="stmt"/>
        <line num="4" count="34" type="cond" truecount="2" falsecount="0"/>
        <line num="5" count="1" type="stmt"/>
        <line num="8" count="33" type="stmt"/>
      </file>
      <file name="default_number.ts" path="/home/david/Development/g2o-mono/packages/core/src/lib/utils/default_number.ts">
        <metrics statements="4" coveredstatements="3" conditionals="2" coveredconditionals="1" methods="1" coveredmethods="1"/>
        <line num="1" count="7" type="stmt"/>
        <line num="2" count="44" type="cond" truecount="1" falsecount="1"/>
        <line num="3" count="44" type="stmt"/>
        <line num="6" count="0" type="stmt"/>
      </file>
      <file name="default_stroke_width.ts" path="/home/david/Development/g2o-mono/packages/core/src/lib/utils/default_stroke_width.ts">
        <metrics statements="14" coveredstatements="9" conditionals="6" coveredconditionals="2" methods="3" coveredmethods="2"/>
        <line num="3" count="7" type="stmt"/>
        <line num="4" count="7" type="stmt"/>
        <line num="6" count="7" type="stmt"/>
        <line num="7" count="0" type="cond" truecount="0" falsecount="2"/>
        <line num="8" count="0" type="stmt"/>
        <line num="11" count="0" type="stmt"/>
        <line num="15" count="7" type="stmt"/>
        <line num="16" count="8" type="cond" truecount="1" falsecount="1"/>
        <line num="17" count="0" type="stmt"/>
        <line num="20" count="8" type="stmt"/>
        <line num="24" count="7" type="stmt"/>
        <line num="25" count="11" type="cond" truecount="1" falsecount="1"/>
        <line num="26" count="0" type="stmt"/>
        <line num="29" count="11" type="stmt"/>
      </file>
      <file name="math.ts" path="/home/david/Development/g2o-mono/packages/core/src/lib/utils/math.ts">
        <metrics statements="17" coveredstatements="12" conditionals="2" coveredconditionals="0" methods="4" coveredmethods="2"/>
        <line num="2" count="7" type="stmt"/>
        <line num="3" count="7" type="stmt"/>
        <line num="12" count="7" type="stmt"/>
        <line num="13" count="0" type="stmt"/>
        <line num="21" count="7" type="stmt"/>
        <line num="22" count="7" type="stmt"/>
        <line num="23" count="0" type="stmt"/>
        <line num="24" count="0" type="cond" truecount="0" falsecount="2"/>
        <line num="25" count="0" type="stmt"/>
        <line num="27" count="0" type="stmt"/>
        <line num="30" count="7" type="stmt"/>
        <line num="31" count="174" type="stmt"/>
        <line num="32" count="29" type="stmt"/>
        <line num="34" count="174" type="stmt"/>
        <line num="37" count="7" type="stmt"/>
        <line num="45" count="7" type="stmt"/>
        <line num="46" count="742" type="stmt"/>
      </file>
      <file name="path-commands.ts" path="/home/david/Development/g2o-mono/packages/core/src/lib/utils/path-commands.ts">
        <metrics statements="1" coveredstatements="1" conditionals="0" coveredconditionals="0" methods="0" coveredmethods="0"/>
        <line num="1" count="7" type="stmt"/>
      </file>
      <file name="performance.ts" path="/home/david/Development/g2o-mono/packages/core/src/lib/utils/performance.ts">
        <metrics statements="2" coveredstatements="2" conditionals="4" coveredconditionals="3" methods="0" coveredmethods="0"/>
        <line num="1" count="7" type="stmt"/>
        <line num="5" count="7" type="cond" truecount="3" falsecount="1"/>
      </file>
      <file name="root.ts" path="/home/david/Development/g2o-mono/packages/core/src/lib/utils/root.ts">
        <metrics statements="6" coveredstatements="3" conditionals="5" coveredconditionals="2" methods="0" coveredmethods="0"/>
        <line num="4" count="7" type="cond" truecount="1" falsecount="1"/>
        <line num="5" count="0" type="stmt"/>
        <line num="7" count="7" type="cond" truecount="1" falsecount="1"/>
        <line num="8" count="7" type="stmt"/>
        <line num="10" count="0" type="cond" truecount="0" falsecount="1"/>
        <line num="11" count="0" type="stmt"/>
      </file>
      <file name="shape.ts" path="/home/david/Development/g2o-mono/packages/core/src/lib/utils/shape.ts">
        <metrics statements="65" coveredstatements="31" conditionals="28" coveredconditionals="20" methods="5" coveredmethods="3"/>
        <line num="1" count="7" type="stmt"/>
        <line num="2" count="7" type="stmt"/>
        <line num="4" count="7" type="stmt"/>
        <line num="6" count="7" type="stmt"/>
        <line num="8" count="504" type="cond" truecount="3" falsecount="0"/>
        <line num="9" count="504" type="stmt"/>
        <line num="12" count="0" type="stmt"/>
        <line num="13" count="0" type="stmt"/>
        <line num="14" count="0" type="stmt"/>
        <line num="16" count="0" type="stmt"/>
        <line num="17" count="0" type="stmt"/>
        <line num="18" count="0" type="stmt"/>
        <line num="19" count="0" type="cond" truecount="0" falsecount="1"/>
        <line num="20" count="0" type="stmt"/>
        <line num="22" count="0" type="stmt"/>
        <line num="25" count="0" type="stmt"/>
        <line num="44" count="7" type="stmt"/>
        <line num="46" count="568" type="stmt"/>
        <line num="48" count="568" type="cond" truecount="2" falsecount="0"/>
        <line num="49" count="347" type="stmt"/>
        <line num="51" count="221" type="cond" truecount="1" falsecount="0"/>
        <line num="52" count="221" type="stmt"/>
        <line num="54" count="0" type="stmt"/>
        <line num="55" count="0" type="cond" truecount="0" falsecount="1"/>
        <line num="56" count="0" type="stmt"/>
        <line num="57" count="0" type="stmt"/>
        <line num="59" count="0" type="stmt"/>
        <line num="61" count="0" type="stmt"/>
        <line num="64" count="7" type="stmt"/>
        <line num="68" count="1599" type="cond" truecount="2" falsecount="0"/>
        <line num="69" count="1599" type="cond" truecount="2" falsecount="0"/>
        <line num="71" count="1599" type="stmt"/>
        <line num="72" count="1599" type="stmt"/>
        <line num="73" count="1599" type="cond" truecount="1" falsecount="1"/>
        <line num="74" count="1599" type="cond" truecount="1" falsecount="1"/>
        <line num="75" count="1599" type="cond" truecount="1" falsecount="1"/>
        <line num="76" count="1599" type="cond" truecount="1" falsecount="1"/>
        <line num="77" count="1599" type="stmt"/>
        <line num="78" count="1599" type="stmt"/>
        <line num="80" count="1599" type="cond" truecount="3" falsecount="0"/>
        <line num="81" count="1599" type="stmt"/>
        <line num="82" count="1599" type="stmt"/>
        <line num="85" count="1599" type="cond" truecount="3" falsecount="0"/>
        <line num="86" count="1599" type="stmt"/>
        <line num="87" count="1599" type="stmt"/>
        <line num="90" count="1599" type="stmt"/>
        <line num="94" count="7" type="stmt"/>
        <line num="96" count="0" type="stmt"/>
        <line num="97" count="0" type="stmt"/>
        <line num="99" count="0" type="stmt"/>
        <line num="100" count="0" type="stmt"/>
        <line num="101" count="0" type="stmt"/>
        <line num="102" count="0" type="stmt"/>
        <line num="103" count="0" type="stmt"/>
        <line num="104" count="0" type="stmt"/>
        <line num="105" count="0" type="stmt"/>
        <line num="106" count="0" type="stmt"/>
        <line num="108" count="0" type="cond" truecount="0" falsecount="1"/>
        <line num="109" count="0" type="stmt"/>
        <line num="110" count="0" type="stmt"/>
        <line num="113" count="0" type="cond" truecount="0" falsecount="1"/>
        <line num="114" count="0" type="stmt"/>
        <line num="115" count="0" type="stmt"/>
        <line num="117" count="0" type="stmt"/>
        <line num="119" count="0" type="stmt"/>
      </file>
    </package>
    <package name="tests">
      <metrics statements="77" coveredstatements="68" conditionals="17" coveredconditionals="12" methods="32" coveredmethods="29"/>
      <file name="dom.ts" path="/home/david/Development/g2o-mono/packages/core/tests/dom.ts">
        <metrics statements="44" coveredstatements="35" conditionals="14" coveredconditionals="9" methods="21" coveredmethods="18"/>
        <line num="3" count="3" type="stmt"/>
        <line num="9" count="3" type="stmt"/>
        <line num="11" count="11" type="cond" truecount="1" falsecount="1"/>
        <line num="12" count="11" type="stmt"/>
        <line num="15" count="0" type="stmt"/>
        <line num="20" count="107" type="stmt"/>
        <line num="23" count="188" type="cond" truecount="1" falsecount="1"/>
        <line num="24" count="188" type="stmt"/>
        <line num="25" count="188" type="stmt"/>
        <line num="28" count="0" type="stmt"/>
        <line num="32" count="63" type="cond" truecount="1" falsecount="1"/>
        <line num="33" count="63" type="stmt"/>
        <line num="34" count="63" type="stmt"/>
        <line num="35" count="83" type="stmt"/>
        <line num="36" count="83" type="stmt"/>
        <line num="40" count="0" type="stmt"/>
        <line num="44" count="330" type="stmt"/>
        <line num="47" count="65" type="cond" truecount="1" falsecount="1"/>
        <line num="48" count="65" type="stmt"/>
        <line num="49" count="65" type="stmt"/>
        <line num="50" count="65" type="stmt"/>
        <line num="54" count="0" type="stmt"/>
        <line num="58" count="87" type="cond" truecount="3" falsecount="1"/>
        <line num="59" count="87" type="stmt"/>
        <line num="62" count="0" type="stmt"/>
        <line num="67" count="0" type="stmt"/>
        <line num="70" count="1" type="stmt"/>
        <line num="73" count="7" type="stmt"/>
        <line num="77" count="0" type="stmt"/>
        <line num="80" count="45" type="stmt"/>
        <line num="81" count="45" type="stmt"/>
        <line num="82" count="45" type="stmt"/>
        <line num="83" count="45" type="stmt"/>
        <line num="84" count="45" type="cond" truecount="1" falsecount="0"/>
        <line num="85" count="45" type="cond" truecount="1" falsecount="0"/>
        <line num="86" count="45" type="stmt"/>
        <line num="90" count="0" type="stmt"/>
        <line num="93" count="20" type="stmt"/>
        <line num="97" count="3" type="stmt"/>
        <line num="103" count="0" type="stmt"/>
        <line num="106" count="20" type="stmt"/>
        <line num="110" count="20" type="stmt"/>
        <line num="113" count="20" type="stmt"/>
        <line num="124" count="60" type="stmt"/>
      </file>
      <file name="initBoard.ts" path="/home/david/Development/g2o-mono/packages/core/tests/initBoard.ts">
        <metrics statements="8" coveredstatements="8" conditionals="1" coveredconditionals="1" methods="1" coveredmethods="1"/>
        <line num="2" count="3" type="stmt"/>
        <line num="3" count="3" type="stmt"/>
        <line num="5" count="3" type="stmt"/>
        <line num="7" count="3" type="cond" truecount="1" falsecount="0"/>
        <line num="9" count="20" type="stmt"/>
        <line num="10" count="20" type="stmt"/>
        <line num="11" count="20" type="stmt"/>
        <line num="13" count="20" type="stmt"/>
      </file>
      <file name="nodes.ts" path="/home/david/Development/g2o-mono/packages/core/tests/nodes.ts">
        <metrics statements="21" coveredstatements="21" conditionals="2" coveredconditionals="2" methods="8" coveredmethods="8"/>
        <line num="1" count="3" type="stmt"/>
        <line num="2" count="128" type="stmt"/>
        <line num="5" count="3" type="stmt"/>
        <line num="6" count="127" type="stmt"/>
        <line num="7" count="127" type="stmt"/>
        <line num="8" count="127" type="stmt"/>
        <line num="9" count="127" type="stmt"/>
        <line num="10" count="127" type="stmt"/>
        <line num="13" count="45" type="stmt"/>
        <line num="16" count="1" type="stmt"/>
        <line num="17" count="1" type="stmt"/>
        <line num="20" count="108" type="stmt"/>
        <line num="21" count="108" type="stmt"/>
        <line num="24" count="68" type="cond" truecount="2" falsecount="0"/>
        <line num="25" count="39" type="stmt"/>
        <line num="28" count="29" type="stmt"/>
        <line num="32" count="395" type="stmt"/>
        <line num="35" count="271" type="stmt"/>
        <line num="39" count="3" type="stmt"/>
        <line num="40" count="1" type="stmt"/>
        <line num="41" count="1" type="stmt"/>
      </file>
      <file name="view.ts" path="/home/david/Development/g2o-mono/packages/core/tests/view.ts">
        <metrics statements="4" coveredstatements="4" conditionals="0" coveredconditionals="0" methods="2" coveredmethods="2"/>
        <line num="2" count="3" type="stmt"/>
        <line num="8" count="3" type="stmt"/>
        <line num="9" count="20" type="stmt"/>
        <line num="13" count="20" type="stmt"/>
      </file>
    </package>
  </project>
</coverage>
