{"/home/david/Development/g20mono/packages/core/src/index.ts": {"path":"/home/david/Development/g20mono/packages/core/src/index.ts","statementMap":{"0":{"start":{"line":1,"column":0},"end":{"line":1,"column":9}},"1":{"start":{"line":1,"column":9},"end":{"line":1,"column":38}},"2":{"start":{"line":3,"column":0},"end":{"line":3,"column":9}},"3":{"start":{"line":3,"column":9},"end":{"line":3,"column":46}},"4":{"start":{"line":5,"column":0},"end":{"line":5,"column":9}},"5":{"start":{"line":5,"column":9},"end":{"line":5,"column":44}},"6":{"start":{"line":7,"column":0},"end":{"line":7,"column":9}},"7":{"start":{"line":7,"column":9},"end":{"line":7,"column":74}},"8":{"start":{"line":8,"column":0},"end":{"line":8,"column":9}},"9":{"start":{"line":8,"column":9},"end":{"line":8,"column":50}},"10":{"start":{"line":10,"column":0},"end":{"line":10,"column":9}},"11":{"start":{"line":10,"column":9},"end":{"line":10,"column":26}},"12":{"start":{"line":10,"column":26},"end":{"line":10,"column":56}},"13":{"start":{"line":10,"column":56},"end":{"line":10,"column":97}},"14":{"start":{"line":11,"column":0},"end":{"line":11,"column":9}},"15":{"start":{"line":11,"column":9},"end":{"line":11,"column":43}},"16":{"start":{"line":15,"column":0},"end":{"line":15,"column":9}},"17":{"start":{"line":15,"column":9},"end":{"line":15,"column":47}},"18":{"start":{"line":16,"column":0},"end":{"line":16,"column":21}},"19":{"start":{"line":16,"column":21},"end":{"line":16,"column":64}},"20":{"start":{"line":19,"column":0},"end":{"line":19,"column":9}},"21":{"start":{"line":19,"column":9},"end":{"line":19,"column":19}},"22":{"start":{"line":19,"column":19},"end":{"line":19,"column":61}},"23":{"start":{"line":20,"column":0},"end":{"line":20,"column":9}},"24":{"start":{"line":20,"column":9},"end":{"line":20,"column":52}},"25":{"start":{"line":23,"column":0},"end":{"line":23,"column":9}},"26":{"start":{"line":23,"column":9},"end":{"line":23,"column":42}},"27":{"start":{"line":25,"column":0},"end":{"line":25,"column":17}},"28":{"start":{"line":25,"column":17},"end":{"line":25,"column":83}},"29":{"start":{"line":26,"column":0},"end":{"line":26,"column":9}},"30":{"start":{"line":26,"column":9},"end":{"line":26,"column":53}},"31":{"start":{"line":27,"column":0},"end":{"line":27,"column":9}},"32":{"start":{"line":27,"column":9},"end":{"line":27,"column":74}},"33":{"start":{"line":28,"column":0},"end":{"line":28,"column":9}},"34":{"start":{"line":28,"column":9},"end":{"line":28,"column":78}},"35":{"start":{"line":29,"column":0},"end":{"line":29,"column":9}},"36":{"start":{"line":29,"column":9},"end":{"line":29,"column":63}},"37":{"start":{"line":30,"column":0},"end":{"line":30,"column":9}},"38":{"start":{"line":30,"column":9},"end":{"line":30,"column":70}},"39":{"start":{"line":31,"column":0},"end":{"line":31,"column":9}},"40":{"start":{"line":31,"column":9},"end":{"line":31,"column":63}},"41":{"start":{"line":32,"column":0},"end":{"line":32,"column":9}},"42":{"start":{"line":32,"column":9},"end":{"line":32,"column":90}},"43":{"start":{"line":33,"column":0},"end":{"line":33,"column":9}},"44":{"start":{"line":33,"column":9},"end":{"line":33,"column":79}},"45":{"start":{"line":34,"column":0},"end":{"line":34,"column":9}},"46":{"start":{"line":34,"column":9},"end":{"line":34,"column":53}}},"fnMap":{"0":{"name":"(anonymous_0)","decl":{"start":{"line":1,"column":9},"end":{"line":1,"column":15}},"loc":{"start":{"line":1,"column":9},"end":{"line":1,"column":38}}},"1":{"name":"(anonymous_1)","decl":{"start":{"line":3,"column":9},"end":{"line":3,"column":19}},"loc":{"start":{"line":3,"column":9},"end":{"line":3,"column":46}}},"2":{"name":"(anonymous_2)","decl":{"start":{"line":5,"column":9},"end":{"line":5,"column":20}},"loc":{"start":{"line":5,"column":9},"end":{"line":5,"column":44}}},"3":{"name":"(anonymous_3)","decl":{"start":{"line":7,"column":9},"end":{"line":7,"column":22}},"loc":{"start":{"line":7,"column":9},"end":{"line":7,"column":74}}},"4":{"name":"(anonymous_4)","decl":{"start":{"line":8,"column":9},"end":{"line":8,"column":14}},"loc":{"start":{"line":8,"column":9},"end":{"line":8,"column":50}}},"5":{"name":"(anonymous_5)","decl":{"start":{"line":10,"column":9},"end":{"line":10,"column":12}},"loc":{"start":{"line":10,"column":9},"end":{"line":10,"column":26}}},"6":{"name":"(anonymous_6)","decl":{"start":{"line":10,"column":26},"end":{"line":10,"column":42}},"loc":{"start":{"line":10,"column":26},"end":{"line":10,"column":56}}},"7":{"name":"(anonymous_7)","decl":{"start":{"line":10,"column":56},"end":{"line":10,"column":72}},"loc":{"start":{"line":10,"column":56},"end":{"line":10,"column":97}}},"8":{"name":"(anonymous_8)","decl":{"start":{"line":11,"column":9},"end":{"line":11,"column":15}},"loc":{"start":{"line":11,"column":9},"end":{"line":11,"column":43}}},"9":{"name":"(anonymous_9)","decl":{"start":{"line":15,"column":9},"end":{"line":15,"column":13}},"loc":{"start":{"line":15,"column":9},"end":{"line":15,"column":47}}},"10":{"name":"(anonymous_10)","decl":{"start":{"line":16,"column":21},"end":{"line":16,"column":28}},"loc":{"start":{"line":16,"column":21},"end":{"line":16,"column":64}}},"11":{"name":"(anonymous_11)","decl":{"start":{"line":19,"column":9},"end":{"line":19,"column":17}},"loc":{"start":{"line":19,"column":9},"end":{"line":19,"column":19}}},"12":{"name":"(anonymous_12)","decl":{"start":{"line":19,"column":19},"end":{"line":19,"column":27}},"loc":{"start":{"line":19,"column":19},"end":{"line":19,"column":61}}},"13":{"name":"(anonymous_13)","decl":{"start":{"line":20,"column":9},"end":{"line":20,"column":17}},"loc":{"start":{"line":20,"column":9},"end":{"line":20,"column":52}}},"14":{"name":"(anonymous_14)","decl":{"start":{"line":23,"column":9},"end":{"line":23,"column":12}},"loc":{"start":{"line":23,"column":9},"end":{"line":23,"column":42}}},"15":{"name":"(anonymous_15)","decl":{"start":{"line":25,"column":17},"end":{"line":25,"column":26}},"loc":{"start":{"line":25,"column":17},"end":{"line":25,"column":83}}},"16":{"name":"(anonymous_16)","decl":{"start":{"line":26,"column":9},"end":{"line":26,"column":19}},"loc":{"start":{"line":26,"column":9},"end":{"line":26,"column":53}}},"17":{"name":"(anonymous_17)","decl":{"start":{"line":27,"column":9},"end":{"line":27,"column":14}},"loc":{"start":{"line":27,"column":9},"end":{"line":27,"column":74}}},"18":{"name":"(anonymous_18)","decl":{"start":{"line":28,"column":9},"end":{"line":28,"column":15}},"loc":{"start":{"line":28,"column":9},"end":{"line":28,"column":78}}},"19":{"name":"(anonymous_19)","decl":{"start":{"line":29,"column":9},"end":{"line":29,"column":16}},"loc":{"start":{"line":29,"column":9},"end":{"line":29,"column":63}}},"20":{"name":"(anonymous_20)","decl":{"start":{"line":30,"column":9},"end":{"line":30,"column":13}},"loc":{"start":{"line":30,"column":9},"end":{"line":30,"column":70}}},"21":{"name":"(anonymous_21)","decl":{"start":{"line":31,"column":9},"end":{"line":31,"column":16}},"loc":{"start":{"line":31,"column":9},"end":{"line":31,"column":63}}},"22":{"name":"(anonymous_22)","decl":{"start":{"line":32,"column":9},"end":{"line":32,"column":18}},"loc":{"start":{"line":32,"column":9},"end":{"line":32,"column":90}}},"23":{"name":"(anonymous_23)","decl":{"start":{"line":33,"column":9},"end":{"line":33,"column":13}},"loc":{"start":{"line":33,"column":9},"end":{"line":33,"column":79}}},"24":{"name":"(anonymous_24)","decl":{"start":{"line":34,"column":9},"end":{"line":34,"column":17}},"loc":{"start":{"line":34,"column":9},"end":{"line":34,"column":53}}}},"branchMap":{},"s":{"0":5,"1":12,"2":5,"3":5,"4":5,"5":5,"6":5,"7":5,"8":5,"9":5,"10":5,"11":35,"12":5,"13":5,"14":5,"15":14,"16":5,"17":5,"18":5,"19":5,"20":5,"21":5,"22":5,"23":5,"24":5,"25":5,"26":5,"27":5,"28":5,"29":5,"30":5,"31":5,"32":9,"33":5,"34":5,"35":5,"36":5,"37":5,"38":5,"39":5,"40":5,"41":5,"42":5,"43":5,"44":5,"45":5,"46":5},"f":{"0":7,"1":0,"2":0,"3":0,"4":0,"5":30,"6":0,"7":0,"8":9,"9":0,"10":0,"11":0,"12":0,"13":0,"14":0,"15":0,"16":0,"17":4,"18":0,"19":0,"20":0,"21":0,"22":0,"23":0,"24":0},"b":{}}
,"/home/david/Development/g20mono/packages/core/src/lib/Anchor.ts": {"path":"/home/david/Development/g20mono/packages/core/src/lib/Anchor.ts","statementMap":{"0":{"start":{"line":1,"column":0},"end":{"line":1,"column":33}},"1":{"start":{"line":4,"column":0},"end":{"line":4,"column":47}},"2":{"start":{"line":5,"column":0},"end":{"line":5,"column":49}},"3":{"start":{"line":13,"column":24},"end":{"line":16,"column":6}},"4":{"start":{"line":29,"column":23},"end":{"line":29,"column":37}},"5":{"start":{"line":30,"column":41},"end":{"line":30,"column":68}},"6":{"start":{"line":44,"column":8},"end":{"line":44,"column":42}},"7":{"start":{"line":45,"column":8},"end":{"line":45,"column":36}},"8":{"start":{"line":46,"column":8},"end":{"line":46,"column":36}},"9":{"start":{"line":48,"column":8},"end":{"line":48,"column":32}},"10":{"start":{"line":49,"column":8},"end":{"line":49,"column":30}},"11":{"start":{"line":50,"column":8},"end":{"line":50,"column":21}},"12":{"start":{"line":51,"column":8},"end":{"line":51,"column":21}},"13":{"start":{"line":52,"column":8},"end":{"line":52,"column":32}},"14":{"start":{"line":53,"column":8},"end":{"line":53,"column":31}},"15":{"start":{"line":54,"column":8},"end":{"line":54,"column":28}},"16":{"start":{"line":56,"column":8},"end":{"line":56,"column":20}},"17":{"start":{"line":58,"column":8},"end":{"line":60,"column":11}},"18":{"start":{"line":59,"column":12},"end":{"line":59,"column":35}},"19":{"start":{"line":61,"column":8},"end":{"line":63,"column":11}},"20":{"start":{"line":62,"column":12},"end":{"line":62,"column":35}},"21":{"start":{"line":64,"column":8},"end":{"line":66,"column":11}},"22":{"start":{"line":65,"column":12},"end":{"line":65,"column":35}},"23":{"start":{"line":70,"column":8},"end":{"line":72,"column":9}},"24":{"start":{"line":71,"column":12},"end":{"line":71,"column":42}},"25":{"start":{"line":73,"column":8},"end":{"line":75,"column":9}},"26":{"start":{"line":74,"column":12},"end":{"line":74,"column":37}},"27":{"start":{"line":76,"column":8},"end":{"line":78,"column":9}},"28":{"start":{"line":77,"column":12},"end":{"line":77,"column":37}},"29":{"start":{"line":82,"column":8},"end":{"line":82,"column":29}},"30":{"start":{"line":86,"column":8},"end":{"line":86,"column":26}},"31":{"start":{"line":90,"column":8},"end":{"line":90,"column":29}},"32":{"start":{"line":94,"column":8},"end":{"line":94,"column":26}},"33":{"start":{"line":98,"column":8},"end":{"line":98,"column":23}},"34":{"start":{"line":101,"column":8},"end":{"line":103,"column":9}},"35":{"start":{"line":102,"column":12},"end":{"line":102,"column":24}},"36":{"start":{"line":107,"column":8},"end":{"line":107,"column":41}},"37":{"start":{"line":108,"column":8},"end":{"line":108,"column":33}},"38":{"start":{"line":109,"column":8},"end":{"line":109,"column":49}},"39":{"start":{"line":110,"column":8},"end":{"line":110,"column":49}},"40":{"start":{"line":111,"column":8},"end":{"line":111,"column":35}},"41":{"start":{"line":112,"column":8},"end":{"line":112,"column":23}},"42":{"start":{"line":113,"column":8},"end":{"line":113,"column":23}},"43":{"start":{"line":114,"column":8},"end":{"line":114,"column":45}},"44":{"start":{"line":115,"column":8},"end":{"line":115,"column":43}},"45":{"start":{"line":116,"column":8},"end":{"line":116,"column":37}},"46":{"start":{"line":117,"column":8},"end":{"line":117,"column":20}},"47":{"start":{"line":124,"column":8},"end":{"line":124,"column":49}},"48":{"start":{"line":139,"column":8},"end":{"line":139,"column":29}},"49":{"start":{"line":142,"column":8},"end":{"line":144,"column":9}},"50":{"start":{"line":143,"column":12},"end":{"line":143,"column":36}},"51":{"start":{"line":150,"column":8},"end":{"line":150,"column":30}},"52":{"start":{"line":153,"column":8},"end":{"line":155,"column":9}},"53":{"start":{"line":154,"column":12},"end":{"line":154,"column":38}},"54":{"start":{"line":161,"column":8},"end":{"line":161,"column":24}},"55":{"start":{"line":164,"column":8},"end":{"line":166,"column":9}},"56":{"start":{"line":165,"column":12},"end":{"line":165,"column":26}},"57":{"start":{"line":172,"column":8},"end":{"line":172,"column":24}},"58":{"start":{"line":175,"column":8},"end":{"line":177,"column":9}},"59":{"start":{"line":176,"column":12},"end":{"line":176,"column":26}},"60":{"start":{"line":183,"column":8},"end":{"line":183,"column":35}},"61":{"start":{"line":186,"column":8},"end":{"line":188,"column":9}},"62":{"start":{"line":187,"column":12},"end":{"line":187,"column":48}},"63":{"start":{"line":194,"column":8},"end":{"line":194,"column":34}},"64":{"start":{"line":197,"column":8},"end":{"line":199,"column":9}},"65":{"start":{"line":198,"column":12},"end":{"line":198,"column":46}},"66":{"start":{"line":205,"column":8},"end":{"line":205,"column":31}},"67":{"start":{"line":208,"column":8},"end":{"line":210,"column":9}},"68":{"start":{"line":209,"column":12},"end":{"line":209,"column":40}},"69":{"start":{"line":7,"column":0},"end":{"line":7,"column":13}},"70":{"start":{"line":215,"column":4},"end":{"line":223,"column":5}},"71":{"start":{"line":216,"column":8},"end":{"line":216,"column":59}},"72":{"start":{"line":218,"column":9},"end":{"line":223,"column":5}},"73":{"start":{"line":219,"column":8},"end":{"line":219,"column":45}},"74":{"start":{"line":222,"column":8},"end":{"line":222,"column":32}}},"fnMap":{"0":{"name":"(anonymous_0)","decl":{"start":{"line":42,"column":4},"end":{"line":42,"column":16}},"loc":{"start":{"line":42,"column":138},"end":{"line":67,"column":5}}},"1":{"name":"(anonymous_1)","decl":{"start":{"line":58,"column":60},"end":{"line":58,"column":63}},"loc":{"start":{"line":58,"column":65},"end":{"line":60,"column":9}}},"2":{"name":"(anonymous_2)","decl":{"start":{"line":61,"column":59},"end":{"line":61,"column":62}},"loc":{"start":{"line":61,"column":64},"end":{"line":63,"column":9}}},"3":{"name":"(anonymous_3)","decl":{"start":{"line":64,"column":59},"end":{"line":64,"column":62}},"loc":{"start":{"line":64,"column":64},"end":{"line":66,"column":9}}},"4":{"name":"(anonymous_4)","decl":{"start":{"line":69,"column":4},"end":{"line":69,"column":11}},"loc":{"start":{"line":69,"column":11},"end":{"line":79,"column":5}}},"5":{"name":"(anonymous_5)","decl":{"start":{"line":81,"column":4},"end":{"line":81,"column":8}},"loc":{"start":{"line":81,"column":9},"end":{"line":83,"column":5}}},"6":{"name":"(anonymous_6)","decl":{"start":{"line":85,"column":4},"end":{"line":85,"column":8}},"loc":{"start":{"line":85,"column":19},"end":{"line":87,"column":5}}},"7":{"name":"(anonymous_7)","decl":{"start":{"line":89,"column":4},"end":{"line":89,"column":8}},"loc":{"start":{"line":89,"column":9},"end":{"line":91,"column":5}}},"8":{"name":"(anonymous_8)","decl":{"start":{"line":93,"column":4},"end":{"line":93,"column":8}},"loc":{"start":{"line":93,"column":19},"end":{"line":95,"column":5}}},"9":{"name":"(anonymous_9)","decl":{"start":{"line":97,"column":4},"end":{"line":97,"column":8}},"loc":{"start":{"line":97,"column":9},"end":{"line":99,"column":5}}},"10":{"name":"(anonymous_10)","decl":{"start":{"line":100,"column":4},"end":{"line":100,"column":8}},"loc":{"start":{"line":100,"column":19},"end":{"line":104,"column":5}}},"11":{"name":"(anonymous_11)","decl":{"start":{"line":106,"column":4},"end":{"line":106,"column":8}},"loc":{"start":{"line":106,"column":18},"end":{"line":118,"column":5}}},"12":{"name":"(anonymous_12)","decl":{"start":{"line":123,"column":4},"end":{"line":123,"column":10}},"loc":{"start":{"line":123,"column":10},"end":{"line":125,"column":5}}},"13":{"name":"(anonymous_13)","decl":{"start":{"line":130,"column":4},"end":{"line":130,"column":10}},"loc":{"start":{"line":130,"column":10},"end":{"line":133,"column":5}}},"14":{"name":"(anonymous_14)","decl":{"start":{"line":138,"column":4},"end":{"line":138,"column":8}},"loc":{"start":{"line":138,"column":15},"end":{"line":140,"column":5}}},"15":{"name":"(anonymous_15)","decl":{"start":{"line":141,"column":4},"end":{"line":141,"column":8}},"loc":{"start":{"line":141,"column":52},"end":{"line":145,"column":5}}},"16":{"name":"(anonymous_16)","decl":{"start":{"line":149,"column":4},"end":{"line":149,"column":8}},"loc":{"start":{"line":149,"column":16},"end":{"line":151,"column":5}}},"17":{"name":"(anonymous_17)","decl":{"start":{"line":152,"column":4},"end":{"line":152,"column":8}},"loc":{"start":{"line":152,"column":34},"end":{"line":156,"column":5}}},"18":{"name":"(anonymous_18)","decl":{"start":{"line":160,"column":4},"end":{"line":160,"column":8}},"loc":{"start":{"line":160,"column":10},"end":{"line":162,"column":5}}},"19":{"name":"(anonymous_19)","decl":{"start":{"line":163,"column":4},"end":{"line":163,"column":8}},"loc":{"start":{"line":163,"column":21},"end":{"line":167,"column":5}}},"20":{"name":"(anonymous_20)","decl":{"start":{"line":171,"column":4},"end":{"line":171,"column":8}},"loc":{"start":{"line":171,"column":10},"end":{"line":173,"column":5}}},"21":{"name":"(anonymous_21)","decl":{"start":{"line":174,"column":4},"end":{"line":174,"column":8}},"loc":{"start":{"line":174,"column":21},"end":{"line":178,"column":5}}},"22":{"name":"(anonymous_22)","decl":{"start":{"line":182,"column":4},"end":{"line":182,"column":8}},"loc":{"start":{"line":182,"column":21},"end":{"line":184,"column":5}}},"23":{"name":"(anonymous_23)","decl":{"start":{"line":185,"column":4},"end":{"line":185,"column":8}},"loc":{"start":{"line":185,"column":43},"end":{"line":189,"column":5}}},"24":{"name":"(anonymous_24)","decl":{"start":{"line":193,"column":4},"end":{"line":193,"column":8}},"loc":{"start":{"line":193,"column":20},"end":{"line":195,"column":5}}},"25":{"name":"(anonymous_25)","decl":{"start":{"line":196,"column":4},"end":{"line":196,"column":8}},"loc":{"start":{"line":196,"column":33},"end":{"line":200,"column":5}}},"26":{"name":"(anonymous_26)","decl":{"start":{"line":204,"column":4},"end":{"line":204,"column":8}},"loc":{"start":{"line":204,"column":17},"end":{"line":206,"column":5}}},"27":{"name":"(anonymous_27)","decl":{"start":{"line":207,"column":4},"end":{"line":207,"column":8}},"loc":{"start":{"line":207,"column":27},"end":{"line":211,"column":5}}},"28":{"name":"vector_like","decl":{"start":{"line":214,"column":9},"end":{"line":214,"column":20}},"loc":{"start":{"line":214,"column":57},"end":{"line":224,"column":1}}}},"branchMap":{"0":{"loc":{"start":{"line":42,"column":54},"end":{"line":42,"column":106}},"type":"default-arg","locations":[{"start":{"line":42,"column":93},"end":{"line":42,"column":106}}]},"1":{"loc":{"start":{"line":42,"column":108},"end":{"line":42,"column":114}},"type":"default-arg","locations":[{"start":{"line":42,"column":113},"end":{"line":42,"column":114}}]},"2":{"loc":{"start":{"line":42,"column":116},"end":{"line":42,"column":122}},"type":"default-arg","locations":[{"start":{"line":42,"column":121},"end":{"line":42,"column":122}}]},"3":{"loc":{"start":{"line":42,"column":124},"end":{"line":42,"column":130}},"type":"default-arg","locations":[{"start":{"line":42,"column":129},"end":{"line":42,"column":130}}]},"4":{"loc":{"start":{"line":42,"column":132},"end":{"line":42,"column":138}},"type":"default-arg","locations":[{"start":{"line":42,"column":137},"end":{"line":42,"column":138}}]},"5":{"loc":{"start":{"line":70,"column":8},"end":{"line":72,"column":9}},"type":"if","locations":[{"start":{"line":70,"column":8},"end":{"line":72,"column":9}}]},"6":{"loc":{"start":{"line":73,"column":8},"end":{"line":75,"column":9}},"type":"if","locations":[{"start":{"line":73,"column":8},"end":{"line":75,"column":9}}]},"7":{"loc":{"start":{"line":76,"column":8},"end":{"line":78,"column":9}},"type":"if","locations":[{"start":{"line":76,"column":8},"end":{"line":78,"column":9}}]},"8":{"loc":{"start":{"line":101,"column":8},"end":{"line":103,"column":9}},"type":"if","locations":[{"start":{"line":101,"column":8},"end":{"line":103,"column":9}}]},"9":{"loc":{"start":{"line":142,"column":8},"end":{"line":144,"column":9}},"type":"if","locations":[{"start":{"line":142,"column":8},"end":{"line":144,"column":9}}]},"10":{"loc":{"start":{"line":153,"column":8},"end":{"line":155,"column":9}},"type":"if","locations":[{"start":{"line":153,"column":8},"end":{"line":155,"column":9}}]},"11":{"loc":{"start":{"line":164,"column":8},"end":{"line":166,"column":9}},"type":"if","locations":[{"start":{"line":164,"column":8},"end":{"line":166,"column":9}}]},"12":{"loc":{"start":{"line":175,"column":8},"end":{"line":177,"column":9}},"type":"if","locations":[{"start":{"line":175,"column":8},"end":{"line":177,"column":9}}]},"13":{"loc":{"start":{"line":186,"column":8},"end":{"line":188,"column":9}},"type":"if","locations":[{"start":{"line":186,"column":8},"end":{"line":188,"column":9}}]},"14":{"loc":{"start":{"line":197,"column":8},"end":{"line":199,"column":9}},"type":"if","locations":[{"start":{"line":197,"column":8},"end":{"line":199,"column":9}}]},"15":{"loc":{"start":{"line":208,"column":8},"end":{"line":210,"column":9}},"type":"if","locations":[{"start":{"line":208,"column":8},"end":{"line":210,"column":9}}]},"16":{"loc":{"start":{"line":215,"column":4},"end":{"line":223,"column":5}},"type":"if","locations":[{"start":{"line":215,"column":4},"end":{"line":223,"column":5}},{"start":{"line":218,"column":9},"end":{"line":223,"column":5}}]},"17":{"loc":{"start":{"line":216,"column":15},"end":{"line":216,"column":58}},"type":"cond-expr","locations":[{"start":{"line":216,"column":35},"end":{"line":216,"column":49}},{"start":{"line":216,"column":52},"end":{"line":216,"column":58}}]},"18":{"loc":{"start":{"line":218,"column":9},"end":{"line":223,"column":5}},"type":"if","locations":[{"start":{"line":218,"column":9},"end":{"line":223,"column":5}},{"start":{"line":221,"column":9},"end":{"line":223,"column":5}}]}},"s":{"0":12,"1":12,"2":12,"3":509,"4":509,"5":509,"6":509,"7":509,"8":509,"9":509,"10":509,"11":509,"12":509,"13":509,"14":509,"15":509,"16":509,"17":509,"18":1233,"19":509,"20":907,"21":509,"22":909,"23":0,"24":0,"25":0,"26":0,"27":0,"28":0,"29":82368,"30":111,"31":82368,"32":111,"33":0,"34":0,"35":0,"36":16904,"37":16904,"38":16904,"39":16904,"40":16904,"41":16904,"42":16904,"43":16904,"44":16904,"45":16904,"46":16904,"47":0,"48":60687,"49":22543,"50":505,"51":75051,"52":16907,"53":2,"54":33813,"55":16906,"56":1,"57":33813,"58":16906,"59":1,"60":33813,"61":16906,"62":1,"63":33814,"64":16906,"65":1,"66":33814,"67":16906,"68":1,"69":12,"70":509,"71":505,"72":4,"73":4,"74":0},"f":{"0":509,"1":1233,"2":907,"3":909,"4":0,"5":82368,"6":111,"7":82368,"8":111,"9":0,"10":0,"11":16904,"12":0,"13":234,"14":60687,"15":22543,"16":75051,"17":16907,"18":33813,"19":16906,"20":33813,"21":16906,"22":33813,"23":16906,"24":33814,"25":16906,"26":33814,"27":16906,"28":509},"b":{"0":[418],"1":[505],"2":[505],"3":[505],"4":[505],"5":[0],"6":[0],"7":[0],"8":[0],"9":[505],"10":[2],"11":[1],"12":[1],"13":[1],"14":[1],"15":[1],"16":[505,4],"17":[0,505],"18":[4,0]}}
,"/home/david/Development/g20mono/packages/core/src/lib/ColorManager.ts": {"path":"/home/david/Development/g20mono/packages/core/src/lib/ColorManager.ts","statementMap":{"0":{"start":{"line":1,"column":0},"end":{"line":1,"column":46}},"1":{"start":{"line":2,"column":0},"end":{"line":2,"column":82}},"2":{"start":{"line":13,"column":38},"end":{"line":13,"column":40}},"3":{"start":{"line":17,"column":38},"end":{"line":17,"column":40}},"4":{"start":{"line":19,"column":27},"end":{"line":19,"column":31}},"5":{"start":{"line":20,"column":40},"end":{"line":20,"column":44}},"6":{"start":{"line":30,"column":46},"end":{"line":30,"column":69}},"7":{"start":{"line":31,"column":8},"end":{"line":31,"column":43}},"8":{"start":{"line":34,"column":8},"end":{"line":34,"column":33}},"9":{"start":{"line":37,"column":25},"end":{"line":37,"column":42}},"10":{"start":{"line":38,"column":8},"end":{"line":56,"column":9}},"11":{"start":{"line":39,"column":12},"end":{"line":46,"column":13}},"12":{"start":{"line":40,"column":16},"end":{"line":45,"column":17}},"13":{"start":{"line":41,"column":20},"end":{"line":41,"column":98}},"14":{"start":{"line":44,"column":20},"end":{"line":44,"column":46}},"15":{"start":{"line":47,"column":12},"end":{"line":54,"column":13}},"16":{"start":{"line":48,"column":16},"end":{"line":53,"column":17}},"17":{"start":{"line":49,"column":20},"end":{"line":49,"column":98}},"18":{"start":{"line":52,"column":20},"end":{"line":52,"column":46}},"19":{"start":{"line":55,"column":12},"end":{"line":55,"column":38}},"20":{"start":{"line":59,"column":8},"end":{"line":59,"column":32}},"21":{"start":{"line":60,"column":8},"end":{"line":60,"column":31}},"22":{"start":{"line":61,"column":8},"end":{"line":61,"column":40}},"23":{"start":{"line":62,"column":21},"end":{"line":62,"column":61}},"24":{"start":{"line":63,"column":8},"end":{"line":65,"column":9}},"25":{"start":{"line":64,"column":12},"end":{"line":64,"column":55}},"26":{"start":{"line":66,"column":8},"end":{"line":66,"column":30}},"27":{"start":{"line":67,"column":8},"end":{"line":69,"column":9}},"28":{"start":{"line":68,"column":12},"end":{"line":68,"column":55}},"29":{"start":{"line":70,"column":8},"end":{"line":70,"column":30}},"30":{"start":{"line":73,"column":22},"end":{"line":73,"column":39}},"31":{"start":{"line":74,"column":8},"end":{"line":82,"column":9}},"32":{"start":{"line":75,"column":12},"end":{"line":75,"column":76}},"33":{"start":{"line":77,"column":13},"end":{"line":82,"column":9}},"34":{"start":{"line":78,"column":12},"end":{"line":78,"column":88}},"35":{"start":{"line":81,"column":12},"end":{"line":81,"column":72}},"36":{"start":{"line":9,"column":0},"end":{"line":9,"column":13}}},"fnMap":{"0":{"name":"(anonymous_0)","decl":{"start":{"line":30,"column":4},"end":{"line":30,"column":16}},"loc":{"start":{"line":30,"column":69},"end":{"line":32,"column":5}}},"1":{"name":"(anonymous_1)","decl":{"start":{"line":33,"column":4},"end":{"line":33,"column":7}},"loc":{"start":{"line":33,"column":7},"end":{"line":35,"column":5}}},"2":{"name":"(anonymous_2)","decl":{"start":{"line":36,"column":4},"end":{"line":36,"column":7}},"loc":{"start":{"line":36,"column":23},"end":{"line":57,"column":5}}},"3":{"name":"(anonymous_3)","decl":{"start":{"line":58,"column":4},"end":{"line":58,"column":7}},"loc":{"start":{"line":58,"column":73},"end":{"line":71,"column":5}}},"4":{"name":"(anonymous_4)","decl":{"start":{"line":72,"column":4},"end":{"line":72,"column":10}},"loc":{"start":{"line":72,"column":10},"end":{"line":83,"column":5}}}},"branchMap":{"0":{"loc":{"start":{"line":38,"column":8},"end":{"line":56,"column":9}},"type":"if","locations":[{"start":{"line":38,"column":8},"end":{"line":56,"column":9}}]},"1":{"loc":{"start":{"line":39,"column":12},"end":{"line":46,"column":13}},"type":"if","locations":[{"start":{"line":39,"column":12},"end":{"line":46,"column":13}}]},"2":{"loc":{"start":{"line":40,"column":16},"end":{"line":45,"column":17}},"type":"if","locations":[{"start":{"line":40,"column":16},"end":{"line":45,"column":17}},{"start":{"line":43,"column":21},"end":{"line":45,"column":17}}]},"3":{"loc":{"start":{"line":47,"column":12},"end":{"line":54,"column":13}},"type":"if","locations":[{"start":{"line":47,"column":12},"end":{"line":54,"column":13}}]},"4":{"loc":{"start":{"line":48,"column":16},"end":{"line":53,"column":17}},"type":"if","locations":[{"start":{"line":48,"column":16},"end":{"line":53,"column":17}},{"start":{"line":51,"column":21},"end":{"line":53,"column":17}}]},"5":{"loc":{"start":{"line":74,"column":8},"end":{"line":82,"column":9}},"type":"if","locations":[{"start":{"line":74,"column":8},"end":{"line":82,"column":9}},{"start":{"line":77,"column":13},"end":{"line":82,"column":9}}]},"6":{"loc":{"start":{"line":77,"column":13},"end":{"line":82,"column":9}},"type":"if","locations":[{"start":{"line":77,"column":13},"end":{"line":82,"column":9}},{"start":{"line":80,"column":13},"end":{"line":82,"column":9}}]}},"s":{"0":12,"1":12,"2":84,"3":84,"4":84,"5":84,"6":84,"7":84,"8":0,"9":84,"10":84,"11":84,"12":0,"13":0,"14":0,"15":84,"16":0,"17":0,"18":0,"19":84,"20":84,"21":84,"22":84,"23":84,"24":84,"25":0,"26":84,"27":84,"28":0,"29":84,"30":84,"31":84,"32":84,"33":0,"34":0,"35":0,"36":12},"f":{"0":84,"1":0,"2":84,"3":84,"4":84},"b":{"0":[84],"1":[0],"2":[0,0],"3":[0],"4":[0,0],"5":[84,0],"6":[0,0]}}
,"/home/david/Development/g20mono/packages/core/src/lib/ColoredShapeBase.ts": {"path":"/home/david/Development/g20mono/packages/core/src/lib/ColoredShapeBase.ts","statementMap":{"0":{"start":{"line":1,"column":0},"end":{"line":1,"column":54}},"1":{"start":{"line":3,"column":0},"end":{"line":3,"column":46}},"2":{"start":{"line":5,"column":0},"end":{"line":5,"column":30}},"3":{"start":{"line":8,"column":0},"end":{"line":8,"column":54}},"4":{"start":{"line":30,"column":26},"end":{"line":30,"column":56}},"5":{"start":{"line":31,"column":28},"end":{"line":31,"column":39}},"6":{"start":{"line":36,"column":28},"end":{"line":36,"column":60}},"7":{"start":{"line":37,"column":28},"end":{"line":37,"column":37}},"8":{"start":{"line":38,"column":30},"end":{"line":38,"column":41}},"9":{"start":{"line":40,"column":40},"end":{"line":40,"column":50}},"10":{"start":{"line":42,"column":131},"end":{"line":42,"column":143}},"11":{"start":{"line":45,"column":8},"end":{"line":45,"column":66}},"12":{"start":{"line":47,"column":8},"end":{"line":49,"column":9}},"13":{"start":{"line":48,"column":12},"end":{"line":48,"column":41}},"14":{"start":{"line":51,"column":8},"end":{"line":53,"column":9}},"15":{"start":{"line":52,"column":12},"end":{"line":52,"column":47}},"16":{"start":{"line":55,"column":8},"end":{"line":60,"column":9}},"17":{"start":{"line":56,"column":12},"end":{"line":56,"column":51}},"18":{"start":{"line":59,"column":12},"end":{"line":59,"column":35}},"19":{"start":{"line":62,"column":8},"end":{"line":64,"column":9}},"20":{"start":{"line":63,"column":12},"end":{"line":63,"column":51}},"21":{"start":{"line":66,"column":8},"end":{"line":71,"column":9}},"22":{"start":{"line":67,"column":12},"end":{"line":67,"column":51}},"23":{"start":{"line":70,"column":12},"end":{"line":70,"column":33}},"24":{"start":{"line":73,"column":8},"end":{"line":78,"column":9}},"25":{"start":{"line":74,"column":12},"end":{"line":74,"column":55}},"26":{"start":{"line":77,"column":12},"end":{"line":77,"column":37}},"27":{"start":{"line":80,"column":8},"end":{"line":82,"column":9}},"28":{"start":{"line":81,"column":12},"end":{"line":81,"column":53}},"29":{"start":{"line":90,"column":8},"end":{"line":90,"column":34}},"30":{"start":{"line":93,"column":8},"end":{"line":95,"column":9}},"31":{"start":{"line":94,"column":12},"end":{"line":94,"column":37}},"32":{"start":{"line":98,"column":8},"end":{"line":98,"column":37}},"33":{"start":{"line":101,"column":8},"end":{"line":101,"column":34}},"34":{"start":{"line":102,"column":8},"end":{"line":102,"column":41}},"35":{"start":{"line":105,"column":8},"end":{"line":105,"column":39}},"36":{"start":{"line":108,"column":8},"end":{"line":108,"column":43}},"37":{"start":{"line":111,"column":8},"end":{"line":111,"column":39}},"38":{"start":{"line":114,"column":8},"end":{"line":114,"column":38}},"39":{"start":{"line":115,"column":8},"end":{"line":115,"column":43}},"40":{"start":{"line":118,"column":8},"end":{"line":118,"column":41}},"41":{"start":{"line":121,"column":8},"end":{"line":121,"column":47}},"42":{"start":{"line":124,"column":8},"end":{"line":124,"column":39}},"43":{"start":{"line":127,"column":8},"end":{"line":134,"column":9}},"44":{"start":{"line":128,"column":12},"end":{"line":133,"column":13}},"45":{"start":{"line":132,"column":16},"end":{"line":132,"column":51}},"46":{"start":{"line":137,"column":8},"end":{"line":137,"column":40}},"47":{"start":{"line":140,"column":8},"end":{"line":140,"column":45}},"48":{"start":{"line":146,"column":8},"end":{"line":146,"column":32}},"49":{"start":{"line":147,"column":8},"end":{"line":147,"column":20}},"50":{"start":{"line":154,"column":8},"end":{"line":154,"column":34}},"51":{"start":{"line":155,"column":8},"end":{"line":155,"column":20}},"52":{"start":{"line":159,"column":8},"end":{"line":253,"column":9}},"53":{"start":{"line":160,"column":12},"end":{"line":160,"column":70}},"54":{"start":{"line":161,"column":12},"end":{"line":161,"column":72}},"55":{"start":{"line":164,"column":12},"end":{"line":175,"column":16}},"56":{"start":{"line":165,"column":31},"end":{"line":165,"column":42}},"57":{"start":{"line":166,"column":16},"end":{"line":171,"column":17}},"58":{"start":{"line":167,"column":20},"end":{"line":167,"column":106}},"59":{"start":{"line":170,"column":20},"end":{"line":170,"column":86}},"60":{"start":{"line":172,"column":16},"end":{"line":174,"column":18}},"61":{"start":{"line":178,"column":12},"end":{"line":183,"column":16}},"62":{"start":{"line":179,"column":16},"end":{"line":179,"column":41}},"63":{"start":{"line":180,"column":16},"end":{"line":182,"column":18}},"64":{"start":{"line":186,"column":12},"end":{"line":197,"column":16}},"65":{"start":{"line":187,"column":36},"end":{"line":187,"column":52}},"66":{"start":{"line":188,"column":16},"end":{"line":193,"column":17}},"67":{"start":{"line":189,"column":20},"end":{"line":189,"column":97}},"68":{"start":{"line":192,"column":20},"end":{"line":192,"column":82}},"69":{"start":{"line":194,"column":16},"end":{"line":196,"column":18}},"70":{"start":{"line":200,"column":12},"end":{"line":205,"column":16}},"71":{"start":{"line":201,"column":16},"end":{"line":201,"column":43}},"72":{"start":{"line":202,"column":16},"end":{"line":204,"column":18}},"73":{"start":{"line":208,"column":12},"end":{"line":219,"column":16}},"74":{"start":{"line":209,"column":38},"end":{"line":209,"column":56}},"75":{"start":{"line":210,"column":16},"end":{"line":215,"column":17}},"76":{"start":{"line":211,"column":20},"end":{"line":211,"column":101}},"77":{"start":{"line":214,"column":20},"end":{"line":214,"column":84}},"78":{"start":{"line":216,"column":16},"end":{"line":218,"column":18}},"79":{"start":{"line":222,"column":12},"end":{"line":233,"column":16}},"80":{"start":{"line":223,"column":36},"end":{"line":223,"column":52}},"81":{"start":{"line":224,"column":16},"end":{"line":229,"column":17}},"82":{"start":{"line":225,"column":20},"end":{"line":225,"column":97}},"83":{"start":{"line":228,"column":20},"end":{"line":228,"column":82}},"84":{"start":{"line":230,"column":16},"end":{"line":232,"column":18}},"85":{"start":{"line":236,"column":12},"end":{"line":247,"column":16}},"86":{"start":{"line":237,"column":37},"end":{"line":237,"column":54}},"87":{"start":{"line":238,"column":16},"end":{"line":243,"column":17}},"88":{"start":{"line":239,"column":20},"end":{"line":239,"column":99}},"89":{"start":{"line":242,"column":20},"end":{"line":242,"column":83}},"90":{"start":{"line":244,"column":16},"end":{"line":246,"column":18}},"91":{"start":{"line":249,"column":12},"end":{"line":249,"column":61}},"92":{"start":{"line":252,"column":12},"end":{"line":252,"column":30}},"93":{"start":{"line":26,"column":0},"end":{"line":26,"column":22}},"94":{"start":{"line":259,"column":42},"end":{"line":267,"column":6}},"95":{"start":{"line":268,"column":4},"end":{"line":268,"column":18}}},"fnMap":{"0":{"name":"(anonymous_0)","decl":{"start":{"line":44,"column":4},"end":{"line":44,"column":16}},"loc":{"start":{"line":44,"column":63},"end":{"line":83,"column":5}}},"1":{"name":"(anonymous_1)","decl":{"start":{"line":89,"column":4},"end":{"line":89,"column":8}},"loc":{"start":{"line":89,"column":14},"end":{"line":91,"column":5}}},"2":{"name":"(anonymous_2)","decl":{"start":{"line":92,"column":4},"end":{"line":92,"column":8}},"loc":{"start":{"line":92,"column":31},"end":{"line":96,"column":5}}},"3":{"name":"(anonymous_3)","decl":{"start":{"line":97,"column":4},"end":{"line":97,"column":8}},"loc":{"start":{"line":97,"column":17},"end":{"line":99,"column":5}}},"4":{"name":"(anonymous_4)","decl":{"start":{"line":100,"column":4},"end":{"line":100,"column":8}},"loc":{"start":{"line":100,"column":29},"end":{"line":103,"column":5}}},"5":{"name":"(anonymous_5)","decl":{"start":{"line":104,"column":4},"end":{"line":104,"column":8}},"loc":{"start":{"line":104,"column":19},"end":{"line":106,"column":5}}},"6":{"name":"(anonymous_6)","decl":{"start":{"line":107,"column":4},"end":{"line":107,"column":8}},"loc":{"start":{"line":107,"column":39},"end":{"line":109,"column":5}}},"7":{"name":"(anonymous_7)","decl":{"start":{"line":110,"column":4},"end":{"line":110,"column":8}},"loc":{"start":{"line":110,"column":19},"end":{"line":112,"column":5}}},"8":{"name":"(anonymous_8)","decl":{"start":{"line":113,"column":4},"end":{"line":113,"column":8}},"loc":{"start":{"line":113,"column":33},"end":{"line":116,"column":5}}},"9":{"name":"(anonymous_9)","decl":{"start":{"line":117,"column":4},"end":{"line":117,"column":8}},"loc":{"start":{"line":117,"column":21},"end":{"line":119,"column":5}}},"10":{"name":"(anonymous_10)","decl":{"start":{"line":120,"column":4},"end":{"line":120,"column":8}},"loc":{"start":{"line":120,"column":43},"end":{"line":122,"column":5}}},"11":{"name":"(anonymous_11)","decl":{"start":{"line":123,"column":4},"end":{"line":123,"column":8}},"loc":{"start":{"line":123,"column":19},"end":{"line":125,"column":5}}},"12":{"name":"(anonymous_12)","decl":{"start":{"line":126,"column":4},"end":{"line":126,"column":8}},"loc":{"start":{"line":126,"column":39},"end":{"line":135,"column":5}}},"13":{"name":"(anonymous_13)","decl":{"start":{"line":136,"column":4},"end":{"line":136,"column":8}},"loc":{"start":{"line":136,"column":20},"end":{"line":138,"column":5}}},"14":{"name":"(anonymous_14)","decl":{"start":{"line":139,"column":4},"end":{"line":139,"column":8}},"loc":{"start":{"line":139,"column":128},"end":{"line":141,"column":5}}},"15":{"name":"(anonymous_15)","decl":{"start":{"line":145,"column":4},"end":{"line":145,"column":10}},"loc":{"start":{"line":145,"column":10},"end":{"line":148,"column":5}}},"16":{"name":"(anonymous_16)","decl":{"start":{"line":153,"column":4},"end":{"line":153,"column":12}},"loc":{"start":{"line":153,"column":12},"end":{"line":156,"column":5}}},"17":{"name":"(anonymous_17)","decl":{"start":{"line":157,"column":13},"end":{"line":157,"column":19}},"loc":{"start":{"line":157,"column":87},"end":{"line":254,"column":5}}},"18":{"name":"(anonymous_18)","decl":{"start":{"line":164,"column":45},"end":{"line":164,"column":48}},"loc":{"start":{"line":164,"column":50},"end":{"line":175,"column":13}}},"19":{"name":"(anonymous_19)","decl":{"start":{"line":172,"column":23},"end":{"line":172,"column":null}},"loc":{"start":{"line":172,"column":23},"end":{"line":174,"column":17}}},"20":{"name":"(anonymous_20)","decl":{"start":{"line":178,"column":45},"end":{"line":178,"column":48}},"loc":{"start":{"line":178,"column":50},"end":{"line":183,"column":13}}},"21":{"name":"(anonymous_21)","decl":{"start":{"line":180,"column":23},"end":{"line":180,"column":null}},"loc":{"start":{"line":180,"column":23},"end":{"line":182,"column":17}}},"22":{"name":"(anonymous_22)","decl":{"start":{"line":186,"column":45},"end":{"line":186,"column":48}},"loc":{"start":{"line":186,"column":50},"end":{"line":197,"column":13}}},"23":{"name":"(anonymous_23)","decl":{"start":{"line":194,"column":23},"end":{"line":194,"column":null}},"loc":{"start":{"line":194,"column":23},"end":{"line":196,"column":17}}},"24":{"name":"(anonymous_24)","decl":{"start":{"line":200,"column":45},"end":{"line":200,"column":48}},"loc":{"start":{"line":200,"column":50},"end":{"line":205,"column":13}}},"25":{"name":"(anonymous_25)","decl":{"start":{"line":202,"column":23},"end":{"line":202,"column":null}},"loc":{"start":{"line":202,"column":23},"end":{"line":204,"column":17}}},"26":{"name":"(anonymous_26)","decl":{"start":{"line":208,"column":45},"end":{"line":208,"column":48}},"loc":{"start":{"line":208,"column":50},"end":{"line":219,"column":13}}},"27":{"name":"(anonymous_27)","decl":{"start":{"line":216,"column":23},"end":{"line":216,"column":null}},"loc":{"start":{"line":216,"column":23},"end":{"line":218,"column":17}}},"28":{"name":"(anonymous_28)","decl":{"start":{"line":222,"column":45},"end":{"line":222,"column":48}},"loc":{"start":{"line":222,"column":50},"end":{"line":233,"column":13}}},"29":{"name":"(anonymous_29)","decl":{"start":{"line":230,"column":23},"end":{"line":230,"column":null}},"loc":{"start":{"line":230,"column":23},"end":{"line":232,"column":17}}},"30":{"name":"(anonymous_30)","decl":{"start":{"line":236,"column":45},"end":{"line":236,"column":48}},"loc":{"start":{"line":236,"column":50},"end":{"line":247,"column":13}}},"31":{"name":"(anonymous_31)","decl":{"start":{"line":244,"column":23},"end":{"line":244,"column":null}},"loc":{"start":{"line":244,"column":23},"end":{"line":246,"column":17}}},"32":{"name":"shape_attribs_from_colored_attribs","decl":{"start":{"line":258,"column":9},"end":{"line":258,"column":43}},"loc":{"start":{"line":258,"column":72},"end":{"line":269,"column":1}}}},"branchMap":{"0":{"loc":{"start":{"line":44,"column":30},"end":{"line":44,"column":63}},"type":"default-arg","locations":[{"start":{"line":44,"column":61},"end":{"line":44,"column":63}}]},"1":{"loc":{"start":{"line":47,"column":8},"end":{"line":49,"column":9}},"type":"if","locations":[{"start":{"line":47,"column":8},"end":{"line":49,"column":9}}]},"2":{"loc":{"start":{"line":51,"column":8},"end":{"line":53,"column":9}},"type":"if","locations":[{"start":{"line":51,"column":8},"end":{"line":53,"column":9}}]},"3":{"loc":{"start":{"line":55,"column":8},"end":{"line":60,"column":9}},"type":"if","locations":[{"start":{"line":55,"column":8},"end":{"line":60,"column":9}},{"start":{"line":58,"column":13},"end":{"line":60,"column":9}}]},"4":{"loc":{"start":{"line":62,"column":8},"end":{"line":64,"column":9}},"type":"if","locations":[{"start":{"line":62,"column":8},"end":{"line":64,"column":9}}]},"5":{"loc":{"start":{"line":66,"column":8},"end":{"line":71,"column":9}},"type":"if","locations":[{"start":{"line":66,"column":8},"end":{"line":71,"column":9}},{"start":{"line":69,"column":13},"end":{"line":71,"column":9}}]},"6":{"loc":{"start":{"line":73,"column":8},"end":{"line":78,"column":9}},"type":"if","locations":[{"start":{"line":73,"column":8},"end":{"line":78,"column":9}},{"start":{"line":76,"column":13},"end":{"line":78,"column":9}}]},"7":{"loc":{"start":{"line":80,"column":8},"end":{"line":82,"column":9}},"type":"if","locations":[{"start":{"line":80,"column":8},"end":{"line":82,"column":9}}]},"8":{"loc":{"start":{"line":93,"column":8},"end":{"line":95,"column":9}},"type":"if","locations":[{"start":{"line":93,"column":8},"end":{"line":95,"column":9}}]},"9":{"loc":{"start":{"line":127,"column":8},"end":{"line":134,"column":9}},"type":"if","locations":[{"start":{"line":127,"column":8},"end":{"line":134,"column":9}}]},"10":{"loc":{"start":{"line":128,"column":12},"end":{"line":133,"column":13}},"type":"if","locations":[{"start":{"line":128,"column":12},"end":{"line":133,"column":13}},{"start":{"line":131,"column":17},"end":{"line":133,"column":13}}]},"11":{"loc":{"start":{"line":159,"column":8},"end":{"line":253,"column":9}},"type":"if","locations":[{"start":{"line":159,"column":8},"end":{"line":253,"column":9}},{"start":{"line":251,"column":13},"end":{"line":253,"column":9}}]},"12":{"loc":{"start":{"line":166,"column":16},"end":{"line":171,"column":17}},"type":"if","locations":[{"start":{"line":166,"column":16},"end":{"line":171,"column":17}},{"start":{"line":169,"column":21},"end":{"line":171,"column":17}}]},"13":{"loc":{"start":{"line":166,"column":20},"end":{"line":166,"column":62}},"type":"binary-expr","locations":[{"start":{"line":166,"column":20},"end":{"line":166,"column":41}},{"start":{"line":166,"column":45},"end":{"line":166,"column":62}}]},"14":{"loc":{"start":{"line":188,"column":16},"end":{"line":193,"column":17}},"type":"if","locations":[{"start":{"line":188,"column":16},"end":{"line":193,"column":17}},{"start":{"line":191,"column":21},"end":{"line":193,"column":17}}]},"15":{"loc":{"start":{"line":210,"column":16},"end":{"line":215,"column":17}},"type":"if","locations":[{"start":{"line":210,"column":16},"end":{"line":215,"column":17}},{"start":{"line":213,"column":21},"end":{"line":215,"column":17}}]},"16":{"loc":{"start":{"line":224,"column":16},"end":{"line":229,"column":17}},"type":"if","locations":[{"start":{"line":224,"column":16},"end":{"line":229,"column":17}},{"start":{"line":227,"column":21},"end":{"line":229,"column":17}}]},"17":{"loc":{"start":{"line":238,"column":16},"end":{"line":243,"column":17}},"type":"if","locations":[{"start":{"line":238,"column":16},"end":{"line":243,"column":17}},{"start":{"line":241,"column":21},"end":{"line":243,"column":17}}]}},"s":{"0":12,"1":12,"2":12,"3":12,"4":42,"5":42,"6":42,"7":42,"8":42,"9":42,"10":42,"11":42,"12":42,"13":0,"14":42,"15":37,"16":42,"17":0,"18":42,"19":42,"20":42,"21":42,"22":42,"23":0,"24":42,"25":0,"26":42,"27":42,"28":0,"29":42,"30":0,"31":0,"32":0,"33":42,"34":42,"35":42,"36":42,"37":0,"38":42,"39":42,"40":42,"41":42,"42":46,"43":42,"44":42,"45":42,"46":42,"47":0,"48":5,"49":5,"50":0,"51":0,"52":42,"53":42,"54":42,"55":42,"56":42,"57":42,"58":0,"59":42,"60":42,"61":42,"62":42,"63":42,"64":42,"65":42,"66":42,"67":0,"68":42,"69":42,"70":42,"71":42,"72":42,"73":42,"74":42,"75":42,"76":0,"77":42,"78":42,"79":42,"80":42,"81":42,"82":42,"83":0,"84":42,"85":42,"86":42,"87":42,"88":0,"89":42,"90":42,"91":42,"92":0,"93":12,"94":42,"95":42},"f":{"0":42,"1":42,"2":0,"3":0,"4":42,"5":42,"6":42,"7":0,"8":42,"9":42,"10":42,"11":46,"12":42,"13":42,"14":0,"15":5,"16":0,"17":42,"18":42,"19":37,"20":42,"21":37,"22":42,"23":37,"24":42,"25":37,"26":42,"27":37,"28":42,"29":37,"30":42,"31":37,"32":42},"b":{"0":[0],"1":[0],"2":[37],"3":[0,42],"4":[42],"5":[42,0],"6":[0,42],"7":[0],"8":[0],"9":[42],"10":[0,42],"11":[42,0],"12":[0,42],"13":[42,42],"14":[0,42],"15":[0,42],"16":[42,0],"17":[0,42]}}
,"/home/david/Development/g20mono/packages/core/src/lib/Flag.ts": {"path":"/home/david/Development/g20mono/packages/core/src/lib/Flag.ts","statementMap":{"0":{"start":{"line":1,"column":0},"end":{"line":1,"column":null}},"1":{"start":{"line":2,"column":4},"end":{"line":2,"column":null}},"2":{"start":{"line":3,"column":4},"end":{"line":3,"column":null}},"3":{"start":{"line":4,"column":4},"end":{"line":4,"column":null}},"4":{"start":{"line":5,"column":4},"end":{"line":5,"column":null}},"5":{"start":{"line":6,"column":4},"end":{"line":6,"column":null}},"6":{"start":{"line":7,"column":4},"end":{"line":7,"column":null}},"7":{"start":{"line":8,"column":4},"end":{"line":8,"column":null}},"8":{"start":{"line":9,"column":4},"end":{"line":9,"column":null}},"9":{"start":{"line":10,"column":4},"end":{"line":10,"column":null}},"10":{"start":{"line":11,"column":4},"end":{"line":11,"column":null}},"11":{"start":{"line":12,"column":4},"end":{"line":12,"column":null}},"12":{"start":{"line":13,"column":4},"end":{"line":13,"column":null}},"13":{"start":{"line":14,"column":4},"end":{"line":14,"column":null}},"14":{"start":{"line":15,"column":4},"end":{"line":15,"column":null}},"15":{"start":{"line":16,"column":4},"end":{"line":16,"column":null}},"16":{"start":{"line":17,"column":4},"end":{"line":17,"column":null}},"17":{"start":{"line":18,"column":4},"end":{"line":18,"column":null}}},"fnMap":{"0":{"name":"(anonymous_0)","decl":{"start":{"line":1,"column":0},"end":{"line":1,"column":12}},"loc":{"start":{"line":1,"column":16},"end":{"line":19,"column":1}}}},"branchMap":{"0":{"loc":{"start":{"line":1,"column":12},"end":{"line":1,"column":null}},"type":"binary-expr","locations":[{"start":{"line":1,"column":12},"end":{"line":1,"column":16}},{"start":{"line":1,"column":16},"end":{"line":1,"column":null}}]}},"s":{"0":12,"1":12,"2":12,"3":12,"4":12,"5":12,"6":12,"7":12,"8":12,"9":12,"10":12,"11":12,"12":12,"13":12,"14":12,"15":12,"16":12,"17":12},"f":{"0":12},"b":{"0":[12,12]}}
,"/home/david/Development/g20mono/packages/core/src/lib/GraphicsBoard.ts": {"path":"/home/david/Development/g20mono/packages/core/src/lib/GraphicsBoard.ts","statementMap":{"0":{"start":{"line":1,"column":0},"end":{"line":1,"column":74}},"1":{"start":{"line":2,"column":0},"end":{"line":2,"column":34}},"2":{"start":{"line":5,"column":0},"end":{"line":5,"column":32}},"3":{"start":{"line":6,"column":0},"end":{"line":6,"column":45}},"4":{"start":{"line":7,"column":0},"end":{"line":7,"column":43}},"5":{"start":{"line":8,"column":0},"end":{"line":8,"column":84}},"6":{"start":{"line":9,"column":0},"end":{"line":9,"column":46}},"7":{"start":{"line":13,"column":0},"end":{"line":13,"column":68}},"8":{"start":{"line":14,"column":0},"end":{"line":14,"column":53}},"9":{"start":{"line":15,"column":0},"end":{"line":15,"column":56}},"10":{"start":{"line":16,"column":0},"end":{"line":16,"column":59}},"11":{"start":{"line":17,"column":0},"end":{"line":17,"column":50}},"12":{"start":{"line":18,"column":0},"end":{"line":18,"column":59}},"13":{"start":{"line":19,"column":0},"end":{"line":19,"column":65}},"14":{"start":{"line":20,"column":0},"end":{"line":20,"column":43}},"15":{"start":{"line":21,"column":0},"end":{"line":21,"column":54}},"16":{"start":{"line":22,"column":0},"end":{"line":22,"column":56}},"17":{"start":{"line":23,"column":0},"end":{"line":23,"column":112}},"18":{"start":{"line":24,"column":0},"end":{"line":24,"column":47}},"19":{"start":{"line":34,"column":42},"end":{"line":34,"column":44}},"20":{"start":{"line":49,"column":21},"end":{"line":49,"column":76}},"21":{"start":{"line":50,"column":22},"end":{"line":50,"column":31}},"22":{"start":{"line":57,"column":27},"end":{"line":57,"column":36}},"23":{"start":{"line":60,"column":31},"end":{"line":60,"column":35}},"24":{"start":{"line":61,"column":31},"end":{"line":61,"column":35}},"25":{"start":{"line":63,"column":48},"end":{"line":63,"column":98}},"26":{"start":{"line":67,"column":41},"end":{"line":70,"column":6}},"27":{"start":{"line":68,"column":21},"end":{"line":68,"column":42}},"28":{"start":{"line":69,"column":8},"end":{"line":69,"column":38}},"29":{"start":{"line":71,"column":41},"end":{"line":74,"column":6}},"30":{"start":{"line":72,"column":21},"end":{"line":72,"column":42}},"31":{"start":{"line":73,"column":8},"end":{"line":73,"column":38}},"32":{"start":{"line":78,"column":8},"end":{"line":78,"column":38}},"33":{"start":{"line":79,"column":8},"end":{"line":79,"column":32}},"34":{"start":{"line":81,"column":26},"end":{"line":81,"column":64}},"35":{"start":{"line":82,"column":29},"end":{"line":82,"column":70}},"36":{"start":{"line":84,"column":8},"end":{"line":84,"column":79}},"37":{"start":{"line":85,"column":8},"end":{"line":85,"column":46}},"38":{"start":{"line":87,"column":8},"end":{"line":93,"column":9}},"39":{"start":{"line":88,"column":25},"end":{"line":88,"column":69}},"40":{"start":{"line":89,"column":24},"end":{"line":89,"column":66}},"41":{"start":{"line":90,"column":26},"end":{"line":90,"column":70}},"42":{"start":{"line":91,"column":27},"end":{"line":91,"column":73}},"43":{"start":{"line":92,"column":12},"end":{"line":92,"column":64}},"44":{"start":{"line":95,"column":8},"end":{"line":95,"column":75}},"45":{"start":{"line":96,"column":8},"end":{"line":96,"column":39}},"46":{"start":{"line":98,"column":8},"end":{"line":106,"column":9}},"47":{"start":{"line":99,"column":12},"end":{"line":99,"column":77}},"48":{"start":{"line":100,"column":12},"end":{"line":102,"column":13}},"49":{"start":{"line":101,"column":16},"end":{"line":101,"column":67}},"50":{"start":{"line":105,"column":12},"end":{"line":105,"column":59}},"51":{"start":{"line":108,"column":39},"end":{"line":108,"column":78}},"52":{"start":{"line":110,"column":8},"end":{"line":110,"column":79}},"53":{"start":{"line":112,"column":8},"end":{"line":116,"column":9}},"54":{"start":{"line":113,"column":12},"end":{"line":113,"column":47}},"55":{"start":{"line":114,"column":12},"end":{"line":114,"column":37}},"56":{"start":{"line":115,"column":12},"end":{"line":115,"column":34}},"57":{"start":{"line":118,"column":8},"end":{"line":120,"column":9}},"58":{"start":{"line":119,"column":12},"end":{"line":119,"column":37}},"59":{"start":{"line":122,"column":8},"end":{"line":124,"column":9}},"60":{"start":{"line":123,"column":12},"end":{"line":123,"column":56}},"61":{"start":{"line":127,"column":8},"end":{"line":134,"column":12}},"62":{"start":{"line":128,"column":26},"end":{"line":128,"column":42}},"63":{"start":{"line":129,"column":27},"end":{"line":129,"column":44}},"64":{"start":{"line":130,"column":12},"end":{"line":130,"column":31}},"65":{"start":{"line":131,"column":12},"end":{"line":131,"column":33}},"66":{"start":{"line":132,"column":12},"end":{"line":132,"column":36}},"67":{"start":{"line":133,"column":12},"end":{"line":133,"column":46}},"68":{"start":{"line":138,"column":8},"end":{"line":138,"column":35}},"69":{"start":{"line":139,"column":8},"end":{"line":139,"column":35}},"70":{"start":{"line":147,"column":45},"end":{"line":147,"column":66}},"71":{"start":{"line":148,"column":19},"end":{"line":148,"column":29}},"72":{"start":{"line":149,"column":19},"end":{"line":149,"column":30}},"73":{"start":{"line":150,"column":19},"end":{"line":150,"column":31}},"74":{"start":{"line":151,"column":19},"end":{"line":151,"column":31}},"75":{"start":{"line":153,"column":19},"end":{"line":153,"column":36}},"76":{"start":{"line":154,"column":19},"end":{"line":154,"column":36}},"77":{"start":{"line":155,"column":18},"end":{"line":155,"column":33}},"78":{"start":{"line":156,"column":18},"end":{"line":156,"column":32}},"79":{"start":{"line":157,"column":8},"end":{"line":157,"column":34}},"80":{"start":{"line":158,"column":8},"end":{"line":158,"column":30}},"81":{"start":{"line":159,"column":8},"end":{"line":159,"column":30}},"82":{"start":{"line":160,"column":8},"end":{"line":178,"column":9}},"83":{"start":{"line":161,"column":12},"end":{"line":167,"column":13}},"84":{"start":{"line":163,"column":16},"end":{"line":163,"column":61}},"85":{"start":{"line":170,"column":12},"end":{"line":177,"column":13}},"86":{"start":{"line":172,"column":16},"end":{"line":172,"column":56}},"87":{"start":{"line":176,"column":16},"end":{"line":176,"column":61}},"88":{"start":{"line":182,"column":8},"end":{"line":182,"column":33}},"89":{"start":{"line":211,"column":8},"end":{"line":211,"column":33}},"90":{"start":{"line":227,"column":8},"end":{"line":227,"column":38}},"91":{"start":{"line":231,"column":8},"end":{"line":231,"column":32}},"92":{"start":{"line":234,"column":8},"end":{"line":234,"column":30}},"93":{"start":{"line":238,"column":8},"end":{"line":238,"column":32}},"94":{"start":{"line":241,"column":8},"end":{"line":241,"column":30}},"95":{"start":{"line":245,"column":8},"end":{"line":245,"column":27}},"96":{"start":{"line":249,"column":8},"end":{"line":249,"column":38}},"97":{"start":{"line":252,"column":21},"end":{"line":252,"column":37}},"98":{"start":{"line":253,"column":8},"end":{"line":253,"column":27}},"99":{"start":{"line":254,"column":8},"end":{"line":254,"column":29}},"100":{"start":{"line":257,"column":8},"end":{"line":257,"column":39}},"101":{"start":{"line":260,"column":21},"end":{"line":260,"column":37}},"102":{"start":{"line":261,"column":8},"end":{"line":261,"column":29}},"103":{"start":{"line":262,"column":8},"end":{"line":262,"column":29}},"104":{"start":{"line":265,"column":8},"end":{"line":265,"column":33}},"105":{"start":{"line":268,"column":8},"end":{"line":268,"column":31}},"106":{"start":{"line":272,"column":8},"end":{"line":283,"column":9}},"107":{"start":{"line":273,"column":12},"end":{"line":278,"column":13}},"108":{"start":{"line":274,"column":16},"end":{"line":274,"column":79}},"109":{"start":{"line":277,"column":16},"end":{"line":277,"column":67}},"110":{"start":{"line":279,"column":12},"end":{"line":281,"column":13}},"111":{"start":{"line":280,"column":16},"end":{"line":280,"column":51}},"112":{"start":{"line":282,"column":12},"end":{"line":282,"column":26}},"113":{"start":{"line":284,"column":8},"end":{"line":284,"column":20}},"114":{"start":{"line":288,"column":8},"end":{"line":288,"column":39}},"115":{"start":{"line":295,"column":8},"end":{"line":300,"column":9}},"116":{"start":{"line":296,"column":12},"end":{"line":296,"column":91}},"117":{"start":{"line":299,"column":12},"end":{"line":299,"column":24}},"118":{"start":{"line":307,"column":8},"end":{"line":307,"column":40}},"119":{"start":{"line":308,"column":8},"end":{"line":308,"column":40}},"120":{"start":{"line":310,"column":8},"end":{"line":313,"column":9}},"121":{"start":{"line":311,"column":12},"end":{"line":311,"column":37}},"122":{"start":{"line":312,"column":12},"end":{"line":312,"column":34}},"123":{"start":{"line":315,"column":22},"end":{"line":315,"column":32}},"124":{"start":{"line":316,"column":23},"end":{"line":316,"column":34}},"125":{"start":{"line":317,"column":25},"end":{"line":317,"column":35}},"126":{"start":{"line":319,"column":8},"end":{"line":321,"column":9}},"127":{"start":{"line":320,"column":12},"end":{"line":320,"column":60}},"128":{"start":{"line":323,"column":8},"end":{"line":323,"column":28}},"129":{"start":{"line":325,"column":8},"end":{"line":325,"column":57}},"130":{"start":{"line":329,"column":8},"end":{"line":329,"column":35}},"131":{"start":{"line":330,"column":8},"end":{"line":330,"column":22}},"132":{"start":{"line":331,"column":8},"end":{"line":331,"column":20}},"133":{"start":{"line":335,"column":8},"end":{"line":335,"column":38}},"134":{"start":{"line":336,"column":8},"end":{"line":336,"column":22}},"135":{"start":{"line":337,"column":8},"end":{"line":337,"column":20}},"136":{"start":{"line":341,"column":23},"end":{"line":341,"column":48}},"137":{"start":{"line":342,"column":8},"end":{"line":342,"column":25}},"138":{"start":{"line":343,"column":8},"end":{"line":343,"column":22}},"139":{"start":{"line":347,"column":24},"end":{"line":347,"column":50}},"140":{"start":{"line":348,"column":8},"end":{"line":348,"column":26}},"141":{"start":{"line":349,"column":8},"end":{"line":349,"column":23}},"142":{"start":{"line":353,"column":21},"end":{"line":353,"column":60}},"143":{"start":{"line":354,"column":8},"end":{"line":354,"column":23}},"144":{"start":{"line":355,"column":8},"end":{"line":355,"column":20}},"145":{"start":{"line":359,"column":45},"end":{"line":359,"column":66}},"146":{"start":{"line":360,"column":19},"end":{"line":360,"column":54}},"147":{"start":{"line":361,"column":19},"end":{"line":361,"column":55}},"148":{"start":{"line":362,"column":19},"end":{"line":362,"column":25}},"149":{"start":{"line":363,"column":19},"end":{"line":363,"column":25}},"150":{"start":{"line":364,"column":32},"end":{"line":364,"column":75}},"151":{"start":{"line":365,"column":8},"end":{"line":365,"column":85}},"152":{"start":{"line":366,"column":8},"end":{"line":366,"column":44}},"153":{"start":{"line":367,"column":8},"end":{"line":367,"column":32}},"154":{"start":{"line":368,"column":8},"end":{"line":368,"column":32}},"155":{"start":{"line":369,"column":24},"end":{"line":369,"column":58}},"156":{"start":{"line":370,"column":8},"end":{"line":370,"column":26}},"157":{"start":{"line":371,"column":8},"end":{"line":371,"column":23}},"158":{"start":{"line":375,"column":24},"end":{"line":375,"column":58}},"159":{"start":{"line":376,"column":8},"end":{"line":376,"column":26}},"160":{"start":{"line":377,"column":8},"end":{"line":377,"column":23}},"161":{"start":{"line":381,"column":22},"end":{"line":381,"column":50}},"162":{"start":{"line":382,"column":8},"end":{"line":382,"column":24}},"163":{"start":{"line":383,"column":8},"end":{"line":383,"column":21}},"164":{"start":{"line":387,"column":21},"end":{"line":387,"column":53}},"165":{"start":{"line":388,"column":8},"end":{"line":388,"column":23}},"166":{"start":{"line":389,"column":8},"end":{"line":389,"column":20}},"167":{"start":{"line":393,"column":22},"end":{"line":393,"column":52}},"168":{"start":{"line":394,"column":8},"end":{"line":394,"column":24}},"169":{"start":{"line":395,"column":8},"end":{"line":395,"column":21}},"170":{"start":{"line":399,"column":23},"end":{"line":399,"column":27}},"171":{"start":{"line":400,"column":8},"end":{"line":400,"column":87}},"172":{"start":{"line":401,"column":8},"end":{"line":401,"column":73}},"173":{"start":{"line":402,"column":8},"end":{"line":402,"column":159}},"174":{"start":{"line":403,"column":22},"end":{"line":403,"column":95}},"175":{"start":{"line":404,"column":8},"end":{"line":404,"column":24}},"176":{"start":{"line":405,"column":8},"end":{"line":405,"column":21}},"177":{"start":{"line":409,"column":8},"end":{"line":409,"column":87}},"178":{"start":{"line":410,"column":8},"end":{"line":410,"column":73}},"179":{"start":{"line":411,"column":8},"end":{"line":411,"column":159}},"180":{"start":{"line":412,"column":21},"end":{"line":412,"column":93}},"181":{"start":{"line":413,"column":8},"end":{"line":413,"column":23}},"182":{"start":{"line":414,"column":8},"end":{"line":414,"column":20}},"183":{"start":{"line":418,"column":27},"end":{"line":418,"column":56}},"184":{"start":{"line":419,"column":8},"end":{"line":419,"column":29}},"185":{"start":{"line":420,"column":8},"end":{"line":420,"column":26}},"186":{"start":{"line":424,"column":22},"end":{"line":424,"column":45}},"187":{"start":{"line":425,"column":8},"end":{"line":425,"column":24}},"188":{"start":{"line":426,"column":8},"end":{"line":426,"column":21}},"189":{"start":{"line":32,"column":0},"end":{"line":32,"column":13}},"190":{"start":{"line":436,"column":24},"end":{"line":436,"column":28}},"191":{"start":{"line":437,"column":40},"end":{"line":437,"column":44}},"192":{"start":{"line":439,"column":8},"end":{"line":439,"column":28}},"193":{"start":{"line":440,"column":8},"end":{"line":445,"column":9}},"194":{"start":{"line":441,"column":12},"end":{"line":441,"column":42}},"195":{"start":{"line":444,"column":12},"end":{"line":444,"column":58}},"196":{"start":{"line":446,"column":8},"end":{"line":446,"column":26}},"197":{"start":{"line":447,"column":8},"end":{"line":447,"column":32}},"198":{"start":{"line":448,"column":8},"end":{"line":448,"column":43}},"199":{"start":{"line":451,"column":8},"end":{"line":451,"column":27}},"200":{"start":{"line":454,"column":8},"end":{"line":454,"column":37}},"201":{"start":{"line":460,"column":8},"end":{"line":460,"column":27}},"202":{"start":{"line":461,"column":25},"end":{"line":464,"column":9}},"203":{"start":{"line":462,"column":12},"end":{"line":462,"column":26}},"204":{"start":{"line":465,"column":8},"end":{"line":465,"column":76}},"205":{"start":{"line":466,"column":24},"end":{"line":468,"column":9}},"206":{"start":{"line":467,"column":12},"end":{"line":467,"column":83}},"207":{"start":{"line":469,"column":8},"end":{"line":469,"column":62}},"208":{"start":{"line":475,"column":8},"end":{"line":478,"column":9}},"209":{"start":{"line":476,"column":12},"end":{"line":476,"column":42}},"210":{"start":{"line":477,"column":12},"end":{"line":477,"column":39}},"211":{"start":{"line":481,"column":8},"end":{"line":481,"column":30}},"212":{"start":{"line":484,"column":8},"end":{"line":484,"column":30}},"213":{"start":{"line":485,"column":8},"end":{"line":505,"column":9}},"214":{"start":{"line":487,"column":12},"end":{"line":487,"column":55}},"215":{"start":{"line":488,"column":12},"end":{"line":488,"column":45}},"216":{"start":{"line":489,"column":12},"end":{"line":489,"column":46}},"217":{"start":{"line":490,"column":12},"end":{"line":490,"column":42}},"218":{"start":{"line":491,"column":12},"end":{"line":491,"column":43}},"219":{"start":{"line":492,"column":12},"end":{"line":492,"column":44}},"220":{"start":{"line":493,"column":12},"end":{"line":493,"column":45}},"221":{"start":{"line":494,"column":12},"end":{"line":494,"column":51}},"222":{"start":{"line":497,"column":12},"end":{"line":497,"column":73}},"223":{"start":{"line":498,"column":12},"end":{"line":498,"column":65}},"224":{"start":{"line":506,"column":8},"end":{"line":506,"column":20}},"225":{"start":{"line":509,"column":8},"end":{"line":509,"column":61}},"226":{"start":{"line":512,"column":22},"end":{"line":512,"column":33}},"227":{"start":{"line":513,"column":21},"end":{"line":513,"column":73}},"228":{"start":{"line":515,"column":8},"end":{"line":515,"column":33}},"229":{"start":{"line":516,"column":8},"end":{"line":516,"column":35}},"230":{"start":{"line":518,"column":8},"end":{"line":518,"column":46}},"231":{"start":{"line":528,"column":35},"end":{"line":531,"column":6}},"232":{"start":{"line":532,"column":4},"end":{"line":532,"column":18}},"233":{"start":{"line":542,"column":4},"end":{"line":542,"column":21}},"234":{"start":{"line":547,"column":4},"end":{"line":552,"column":5}},"235":{"start":{"line":548,"column":8},"end":{"line":548,"column":20}},"236":{"start":{"line":551,"column":8},"end":{"line":551,"column":43}},"237":{"start":{"line":556,"column":4},"end":{"line":561,"column":5}},"238":{"start":{"line":557,"column":8},"end":{"line":557,"column":54}},"239":{"start":{"line":560,"column":8},"end":{"line":560,"column":27}},"240":{"start":{"line":565,"column":4},"end":{"line":575,"column":5}},"241":{"start":{"line":566,"column":8},"end":{"line":566,"column":27}},"242":{"start":{"line":569,"column":8},"end":{"line":574,"column":9}},"243":{"start":{"line":570,"column":12},"end":{"line":570,"column":62}},"244":{"start":{"line":573,"column":12},"end":{"line":573,"column":24}},"245":{"start":{"line":579,"column":35},"end":{"line":589,"column":6}},"246":{"start":{"line":590,"column":4},"end":{"line":590,"column":18}},"247":{"start":{"line":594,"column":30},"end":{"line":594,"column":32}},"248":{"start":{"line":595,"column":14},"end":{"line":595,"column":27}},"249":{"start":{"line":596,"column":4},"end":{"line":610,"column":5}},"250":{"start":{"line":596,"column":17},"end":{"line":596,"column":18}},"251":{"start":{"line":597,"column":22},"end":{"line":597,"column":31}},"252":{"start":{"line":598,"column":8},"end":{"line":609,"column":9}},"253":{"start":{"line":599,"column":12},"end":{"line":599,"column":32}},"254":{"start":{"line":601,"column":13},"end":{"line":609,"column":9}},"255":{"start":{"line":602,"column":12},"end":{"line":602,"column":65}},"256":{"start":{"line":604,"column":13},"end":{"line":609,"column":9}},"257":{"start":{"line":605,"column":12},"end":{"line":605,"column":65}},"258":{"start":{"line":608,"column":12},"end":{"line":608,"column":30}},"259":{"start":{"line":611,"column":4},"end":{"line":611,"column":19}}},"fnMap":{"0":{"name":"(anonymous_0)","decl":{"start":{"line":67,"column":50},"end":{"line":67,"column":53}},"loc":{"start":{"line":67,"column":55},"end":{"line":70,"column":5}}},"1":{"name":"(anonymous_1)","decl":{"start":{"line":71,"column":50},"end":{"line":71,"column":53}},"loc":{"start":{"line":71,"column":55},"end":{"line":74,"column":5}}},"2":{"name":"(anonymous_2)","decl":{"start":{"line":76,"column":4},"end":{"line":76,"column":16}},"loc":{"start":{"line":76,"column":155},"end":{"line":135,"column":5}}},"3":{"name":"(anonymous_3)","decl":{"start":{"line":127,"column":38},"end":{"line":127,"column":41}},"loc":{"start":{"line":127,"column":43},"end":{"line":134,"column":9}}},"4":{"name":"(anonymous_4)","decl":{"start":{"line":137,"column":4},"end":{"line":137,"column":11}},"loc":{"start":{"line":137,"column":11},"end":{"line":140,"column":5}}},"5":{"name":"(anonymous_5)","decl":{"start":{"line":181,"column":4},"end":{"line":181,"column":8}},"loc":{"start":{"line":181,"column":13},"end":{"line":183,"column":5}}},"6":{"name":"(anonymous_6)","decl":{"start":{"line":210,"column":4},"end":{"line":210,"column":8}},"loc":{"start":{"line":210,"column":13},"end":{"line":212,"column":5}}},"7":{"name":"(anonymous_7)","decl":{"start":{"line":226,"column":4},"end":{"line":226,"column":8}},"loc":{"start":{"line":226,"column":18},"end":{"line":228,"column":5}}},"8":{"name":"(anonymous_8)","decl":{"start":{"line":230,"column":4},"end":{"line":230,"column":8}},"loc":{"start":{"line":230,"column":10},"end":{"line":232,"column":5}}},"9":{"name":"(anonymous_9)","decl":{"start":{"line":233,"column":4},"end":{"line":233,"column":8}},"loc":{"start":{"line":233,"column":21},"end":{"line":235,"column":5}}},"10":{"name":"(anonymous_10)","decl":{"start":{"line":237,"column":4},"end":{"line":237,"column":8}},"loc":{"start":{"line":237,"column":10},"end":{"line":239,"column":5}}},"11":{"name":"(anonymous_11)","decl":{"start":{"line":240,"column":4},"end":{"line":240,"column":8}},"loc":{"start":{"line":240,"column":21},"end":{"line":242,"column":5}}},"12":{"name":"(anonymous_12)","decl":{"start":{"line":244,"column":4},"end":{"line":244,"column":8}},"loc":{"start":{"line":244,"column":13},"end":{"line":246,"column":5}}},"13":{"name":"(anonymous_13)","decl":{"start":{"line":248,"column":4},"end":{"line":248,"column":8}},"loc":{"start":{"line":248,"column":13},"end":{"line":250,"column":5}}},"14":{"name":"(anonymous_14)","decl":{"start":{"line":251,"column":4},"end":{"line":251,"column":8}},"loc":{"start":{"line":251,"column":27},"end":{"line":255,"column":5}}},"15":{"name":"(anonymous_15)","decl":{"start":{"line":256,"column":4},"end":{"line":256,"column":8}},"loc":{"start":{"line":256,"column":14},"end":{"line":258,"column":5}}},"16":{"name":"(anonymous_16)","decl":{"start":{"line":259,"column":4},"end":{"line":259,"column":8}},"loc":{"start":{"line":259,"column":29},"end":{"line":263,"column":5}}},"17":{"name":"(anonymous_17)","decl":{"start":{"line":264,"column":4},"end":{"line":264,"column":8}},"loc":{"start":{"line":264,"column":13},"end":{"line":266,"column":5}}},"18":{"name":"(anonymous_18)","decl":{"start":{"line":267,"column":4},"end":{"line":267,"column":8}},"loc":{"start":{"line":267,"column":27},"end":{"line":269,"column":5}}},"19":{"name":"(anonymous_19)","decl":{"start":{"line":271,"column":4},"end":{"line":271,"column":12}},"loc":{"start":{"line":271,"column":25},"end":{"line":285,"column":5}}},"20":{"name":"(anonymous_20)","decl":{"start":{"line":287,"column":4},"end":{"line":287,"column":18}},"loc":{"start":{"line":287,"column":18},"end":{"line":289,"column":5}}},"21":{"name":"(anonymous_21)","decl":{"start":{"line":294,"column":4},"end":{"line":294,"column":18}},"loc":{"start":{"line":294,"column":39},"end":{"line":301,"column":5}}},"22":{"name":"(anonymous_22)","decl":{"start":{"line":306,"column":4},"end":{"line":306,"column":10}},"loc":{"start":{"line":306,"column":10},"end":{"line":326,"column":5}}},"23":{"name":"(anonymous_23)","decl":{"start":{"line":328,"column":4},"end":{"line":328,"column":7}},"loc":{"start":{"line":328,"column":26},"end":{"line":332,"column":5}}},"24":{"name":"(anonymous_24)","decl":{"start":{"line":334,"column":4},"end":{"line":334,"column":10}},"loc":{"start":{"line":334,"column":29},"end":{"line":338,"column":5}}},"25":{"name":"(anonymous_25)","decl":{"start":{"line":340,"column":4},"end":{"line":340,"column":10}},"loc":{"start":{"line":340,"column":38},"end":{"line":344,"column":5}}},"26":{"name":"(anonymous_26)","decl":{"start":{"line":346,"column":4},"end":{"line":346,"column":11}},"loc":{"start":{"line":346,"column":40},"end":{"line":350,"column":5}}},"27":{"name":"(anonymous_27)","decl":{"start":{"line":352,"column":4},"end":{"line":352,"column":8}},"loc":{"start":{"line":352,"column":74},"end":{"line":356,"column":5}}},"28":{"name":"(anonymous_28)","decl":{"start":{"line":358,"column":4},"end":{"line":358,"column":9}},"loc":{"start":{"line":358,"column":58},"end":{"line":372,"column":5}}},"29":{"name":"(anonymous_29)","decl":{"start":{"line":374,"column":4},"end":{"line":374,"column":11}},"loc":{"start":{"line":374,"column":67},"end":{"line":378,"column":5}}},"30":{"name":"(anonymous_30)","decl":{"start":{"line":380,"column":4},"end":{"line":380,"column":13}},"loc":{"start":{"line":380,"column":44},"end":{"line":384,"column":5}}},"31":{"name":"(anonymous_31)","decl":{"start":{"line":386,"column":4},"end":{"line":386,"column":8}},"loc":{"start":{"line":386,"column":51},"end":{"line":390,"column":5}}},"32":{"name":"(anonymous_32)","decl":{"start":{"line":392,"column":4},"end":{"line":392,"column":9}},"loc":{"start":{"line":392,"column":54},"end":{"line":396,"column":5}}},"33":{"name":"(anonymous_33)","decl":{"start":{"line":398,"column":4},"end":{"line":398,"column":9}},"loc":{"start":{"line":398,"column":103},"end":{"line":406,"column":5}}},"34":{"name":"(anonymous_34)","decl":{"start":{"line":408,"column":4},"end":{"line":408,"column":8}},"loc":{"start":{"line":408,"column":102},"end":{"line":415,"column":5}}},"35":{"name":"(anonymous_35)","decl":{"start":{"line":417,"column":4},"end":{"line":417,"column":7}},"loc":{"start":{"line":417,"column":39},"end":{"line":421,"column":5}}},"36":{"name":"(anonymous_36)","decl":{"start":{"line":423,"column":4},"end":{"line":423,"column":9}},"loc":{"start":{"line":423,"column":28},"end":{"line":427,"column":5}}},"37":{"name":"(anonymous_37)","decl":{"start":{"line":438,"column":4},"end":{"line":438,"column":16}},"loc":{"start":{"line":438,"column":108},"end":{"line":449,"column":5}}},"38":{"name":"(anonymous_38)","decl":{"start":{"line":450,"column":4},"end":{"line":450,"column":11}},"loc":{"start":{"line":450,"column":11},"end":{"line":452,"column":5}}},"39":{"name":"(anonymous_39)","decl":{"start":{"line":453,"column":4},"end":{"line":453,"column":12}},"loc":{"start":{"line":453,"column":12},"end":{"line":455,"column":5}}},"40":{"name":"(anonymous_40)","decl":{"start":{"line":459,"column":4},"end":{"line":459,"column":13}},"loc":{"start":{"line":459,"column":13},"end":{"line":470,"column":5}}},"41":{"name":"(anonymous_41)","decl":{"start":{"line":461,"column":25},"end":{"line":461,"column":28}},"loc":{"start":{"line":461,"column":30},"end":{"line":464,"column":9}}},"42":{"name":"(anonymous_42)","decl":{"start":{"line":466,"column":24},"end":{"line":466,"column":27}},"loc":{"start":{"line":466,"column":29},"end":{"line":468,"column":9}}},"43":{"name":"(anonymous_43)","decl":{"start":{"line":474,"column":4},"end":{"line":474,"column":15}},"loc":{"start":{"line":474,"column":15},"end":{"line":479,"column":5}}},"44":{"name":"(anonymous_44)","decl":{"start":{"line":480,"column":4},"end":{"line":480,"column":14}},"loc":{"start":{"line":480,"column":14},"end":{"line":482,"column":5}}},"45":{"name":"(anonymous_45)","decl":{"start":{"line":483,"column":4},"end":{"line":483,"column":14}},"loc":{"start":{"line":483,"column":24},"end":{"line":507,"column":5}}},"46":{"name":"(anonymous_46)","decl":{"start":{"line":508,"column":4},"end":{"line":508,"column":18}},"loc":{"start":{"line":508,"column":18},"end":{"line":510,"column":5}}},"47":{"name":"(anonymous_47)","decl":{"start":{"line":511,"column":4},"end":{"line":511,"column":10}},"loc":{"start":{"line":511,"column":10},"end":{"line":519,"column":5}}},"48":{"name":"config_from_options","decl":{"start":{"line":527,"column":9},"end":{"line":527,"column":28}},"loc":{"start":{"line":527,"column":75},"end":{"line":533,"column":1}}},"49":{"name":"compute_config_resize_to","decl":{"start":{"line":536,"column":9},"end":{"line":536,"column":33}},"loc":{"start":{"line":536,"column":80},"end":{"line":543,"column":1}}},"50":{"name":"compute_config_size","decl":{"start":{"line":546,"column":9},"end":{"line":546,"column":28}},"loc":{"start":{"line":546,"column":75},"end":{"line":553,"column":1}}},"51":{"name":"get_container","decl":{"start":{"line":555,"column":9},"end":{"line":555,"column":22}},"loc":{"start":{"line":555,"column":82},"end":{"line":562,"column":1}}},"52":{"name":"get_container_id","decl":{"start":{"line":564,"column":9},"end":{"line":564,"column":25}},"loc":{"start":{"line":564,"column":85},"end":{"line":576,"column":1}}},"53":{"name":"ellipse_attribs_from_point_attribs","decl":{"start":{"line":578,"column":9},"end":{"line":578,"column":43}},"loc":{"start":{"line":578,"column":65},"end":{"line":591,"column":1}}},"54":{"name":"points_to_anchors","decl":{"start":{"line":593,"column":9},"end":{"line":593,"column":26}},"loc":{"start":{"line":593,"column":76},"end":{"line":612,"column":1}}}},"branchMap":{"0":{"loc":{"start":{"line":76,"column":121},"end":{"line":76,"column":155}},"type":"default-arg","locations":[{"start":{"line":76,"column":153},"end":{"line":76,"column":155}}]},"1":{"loc":{"start":{"line":87,"column":8},"end":{"line":93,"column":9}},"type":"if","locations":[{"start":{"line":87,"column":8},"end":{"line":93,"column":9}}]},"2":{"loc":{"start":{"line":98,"column":8},"end":{"line":106,"column":9}},"type":"if","locations":[{"start":{"line":98,"column":8},"end":{"line":106,"column":9}},{"start":{"line":104,"column":13},"end":{"line":106,"column":9}}]},"3":{"loc":{"start":{"line":100,"column":12},"end":{"line":102,"column":13}},"type":"if","locations":[{"start":{"line":100,"column":12},"end":{"line":102,"column":13}}]},"4":{"loc":{"start":{"line":100,"column":16},"end":{"line":100,"column":94}},"type":"binary-expr","locations":[{"start":{"line":100,"column":16},"end":{"line":100,"column":60}},{"start":{"line":100,"column":64},"end":{"line":100,"column":94}}]},"5":{"loc":{"start":{"line":112,"column":8},"end":{"line":116,"column":9}},"type":"if","locations":[{"start":{"line":112,"column":8},"end":{"line":116,"column":9}}]},"6":{"loc":{"start":{"line":118,"column":8},"end":{"line":120,"column":9}},"type":"if","locations":[{"start":{"line":118,"column":8},"end":{"line":120,"column":9}}]},"7":{"loc":{"start":{"line":122,"column":8},"end":{"line":124,"column":9}},"type":"if","locations":[{"start":{"line":122,"column":8},"end":{"line":124,"column":9}}]},"8":{"loc":{"start":{"line":160,"column":8},"end":{"line":178,"column":9}},"type":"if","locations":[{"start":{"line":160,"column":8},"end":{"line":178,"column":9}},{"start":{"line":169,"column":13},"end":{"line":178,"column":9}}]},"9":{"loc":{"start":{"line":161,"column":12},"end":{"line":167,"column":13}},"type":"if","locations":[{"start":{"line":161,"column":12},"end":{"line":167,"column":13}},{"start":{"line":165,"column":17},"end":{"line":167,"column":13}}]},"10":{"loc":{"start":{"line":170,"column":12},"end":{"line":177,"column":13}},"type":"if","locations":[{"start":{"line":170,"column":12},"end":{"line":177,"column":13}},{"start":{"line":174,"column":17},"end":{"line":177,"column":13}}]},"11":{"loc":{"start":{"line":272,"column":8},"end":{"line":283,"column":9}},"type":"if","locations":[{"start":{"line":272,"column":8},"end":{"line":283,"column":9}}]},"12":{"loc":{"start":{"line":273,"column":12},"end":{"line":278,"column":13}},"type":"if","locations":[{"start":{"line":273,"column":12},"end":{"line":278,"column":13}},{"start":{"line":276,"column":17},"end":{"line":278,"column":13}}]},"13":{"loc":{"start":{"line":279,"column":12},"end":{"line":281,"column":13}},"type":"if","locations":[{"start":{"line":279,"column":12},"end":{"line":281,"column":13}}]},"14":{"loc":{"start":{"line":294,"column":19},"end":{"line":294,"column":39}},"type":"default-arg","locations":[{"start":{"line":294,"column":38},"end":{"line":294,"column":39}}]},"15":{"loc":{"start":{"line":295,"column":8},"end":{"line":300,"column":9}},"type":"if","locations":[{"start":{"line":295,"column":8},"end":{"line":300,"column":9}},{"start":{"line":298,"column":13},"end":{"line":300,"column":9}}]},"16":{"loc":{"start":{"line":310,"column":8},"end":{"line":313,"column":9}},"type":"if","locations":[{"start":{"line":310,"column":8},"end":{"line":313,"column":9}}]},"17":{"loc":{"start":{"line":310,"column":12},"end":{"line":310,"column":65}},"type":"binary-expr","locations":[{"start":{"line":310,"column":12},"end":{"line":310,"column":37}},{"start":{"line":310,"column":41},"end":{"line":310,"column":65}}]},"18":{"loc":{"start":{"line":319,"column":8},"end":{"line":321,"column":9}},"type":"if","locations":[{"start":{"line":319,"column":8},"end":{"line":321,"column":9}}]},"19":{"loc":{"start":{"line":319,"column":12},"end":{"line":319,"column":66}},"type":"binary-expr","locations":[{"start":{"line":319,"column":12},"end":{"line":319,"column":36}},{"start":{"line":319,"column":40},"end":{"line":319,"column":66}}]},"20":{"loc":{"start":{"line":340,"column":11},"end":{"line":
[...]
,"decl":{"start":{"line":44,"column":16},"end":{"line":44,"column":29}},"loc":{"start":{"line":44,"column":65},"end":{"line":62,"column":1}}},"2":{"name":"getCurveLength","decl":{"start":{"line":64,"column":16},"end":{"line":64,"column":30}},"loc":{"start":{"line":64,"column":66},"end":{"line":92,"column":1}}},"3":{"name":"getSubdivisions","decl":{"start":{"line":94,"column":16},"end":{"line":94,"column":31}},"loc":{"start":{"line":94,"column":67},"end":{"line":120,"column":1}}},"4":{"name":"(anonymous_4)","decl":{"start":{"line":117,"column":20},"end":{"line":117,"column":21}},"loc":{"start":{"line":117,"column":46},"end":{"line":117,"column":74}}}},"branchMap":{"0":{"loc":{"start":{"line":8,"column":4},"end":{"line":10,"column":5}},"type":"if","locations":[{"start":{"line":8,"column":4},"end":{"line":10,"column":5}}]},"1":{"loc":{"start":{"line":8,"column":8},"end":{"line":8,"column":26}},"type":"binary-expr","locations":[{"start":{"line":8,"column":8},"end":{"line":8,"column":15}},{"start":{"line":8,"column":19},"end":{"line":8,"column":26}}]},"2":{"loc":{"start":{"line":19,"column":8},"end":{"line":21,"column":9}},"type":"if","locations":[{"start":{"line":19,"column":8},"end":{"line":21,"column":9}}]},"3":{"loc":{"start":{"line":48,"column":4},"end":{"line":53,"column":5}},"type":"if","locations":[{"start":{"line":48,"column":4},"end":{"line":53,"column":5}},{"start":{"line":51,"column":9},"end":{"line":53,"column":5}}]},"4":{"loc":{"start":{"line":51,"column":9},"end":{"line":53,"column":5}},"type":"if","locations":[{"start":{"line":51,"column":9},"end":{"line":53,"column":5}}]},"5":{"loc":{"start":{"line":55,"column":8},"end":{"line":58,"column":9}},"type":"if","locations":[{"start":{"line":55,"column":8},"end":{"line":58,"column":9}}]},"6":{"loc":{"start":{"line":68,"column":18},"end":{"line":68,"column":44}},"type":"binary-expr","locations":[{"start":{"line":68,"column":18},"end":{"line":68,"column":28}},{"start":{"line":68,"column":32},"end":{"line":68,"column":44}}]},"7":{"loc":{"start":{"line":69,"column":17},"end":{"line":69,"column":43}},"type":"binary-expr","locations":[{"start":{"line":69,"column":17},"end":{"line":69,"column":27}},{"start":{"line":69,"column":31},"end":{"line":69,"column":43}}]},"8":{"loc":{"start":{"line":73,"column":10},"end":{"line":73,"column":20}},"type":"binary-expr","locations":[{"start":{"line":73,"column":10},"end":{"line":73,"column":15}},{"start":{"line":73,"column":19},"end":{"line":73,"column":20}}]},"9":{"loc":{"start":{"line":74,"column":10},"end":{"line":74,"column":20}},"type":"binary-expr","locations":[{"start":{"line":74,"column":10},"end":{"line":74,"column":15}},{"start":{"line":74,"column":19},"end":{"line":74,"column":20}}]},"10":{"loc":{"start":{"line":75,"column":10},"end":{"line":75,"column":19}},"type":"binary-expr","locations":[{"start":{"line":75,"column":10},"end":{"line":75,"column":14}},{"start":{"line":75,"column":18},"end":{"line":75,"column":19}}]},"11":{"loc":{"start":{"line":76,"column":10},"end":{"line":76,"column":19}},"type":"binary-expr","locations":[{"start":{"line":76,"column":10},"end":{"line":76,"column":14}},{"start":{"line":76,"column":18},"end":{"line":76,"column":19}}]},"12":{"loc":{"start":{"line":80,"column":4},"end":{"line":83,"column":5}},"type":"if","locations":[{"start":{"line":80,"column":4},"end":{"line":83,"column":5}}]},"13":{"loc":{"start":{"line":80,"column":8},"end":{"line":80,"column":27}},"type":"binary-expr","locations":[{"start":{"line":80,"column":8},"end":{"line":80,"column":13}},{"start":{"line":80,"column":17},"end":{"line":80,"column":27}}]},"14":{"loc":{"start":{"line":85,"column":4},"end":{"line":88,"column":5}},"type":"if","locations":[{"start":{"line":85,"column":4},"end":{"line":88,"column":5}}]},"15":{"loc":{"start":{"line":85,"column":8},"end":{"line":85,"column":26}},"type":"binary-expr","locations":[{"start":{"line":85,"column":8},"end":{"line":85,"column":12}},{"start":{"line":85,"column":16},"end":{"line":85,"column":26}}]},"16":{"loc":{"start":{"line":108,"column":4},"end":{"line":111,"column":5}},"type":"if","locations":[{"start":{"line":108,"column":4},"end":{"line":111,"column":5}}]},"17":{"loc":{"start":{"line":113,"column":4},"end":{"line":116,"column":5}},"type":"if","locations":[{"start":{"line":113,"column":4},"end":{"line":116,"column":5}}]}},"s":{"0":12,"1":12,"2":12,"3":1957,"4":1957,"5":0,"6":0,"7":0,"8":0,"9":0,"10":0,"11":0,"12":0,"13":0,"14":0,"15":0,"16":12,"17":2196,"18":2196,"19":1335,"20":861,"21":861,"22":0,"23":0,"24":0,"25":0,"26":0,"27":0,"28":0,"29":0,"30":12,"31":20058,"32":20058,"33":20058,"34":20058,"35":20058,"36":20058,"37":20058,"38":20058,"39":20058,"40":20058,"41":20058,"42":20058,"43":20058,"44":20058,"45":20058,"46":20058,"47":20058,"48":12,"49":0,"50":0,"51":0,"52":0,"53":0,"54":0,"55":0,"56":0,"57":0,"58":0,"59":0,"60":0,"61":0,"62":0,"63":0,"64":0,"65":0,"66":0,"67":0,"68":12},"f":{"0":1957,"1":2196,"2":20058,"3":0,"4":0},"b":{"0":[1957],"1":[1957,1096],"2":[0],"3":[1335,861],"4":[861],"5":[0],"6":[20058,20058],"7":[20058,20058],"8":[20058,0],"9":[20058,0],"10":[20058,0],"11":[20058,0],"12":[20058],"13":[20058,20058],"14":[20058],"15":[20058,20058],"16":[0],"17":[0]}}
,"/home/david/Development/g20mono/packages/core/tests/dom.ts": {"path":"/home/david/Development/g20mono/packages/core/tests/dom.ts","statementMap":{"0":{"start":{"line":3,"column":0},"end":{"line":3,"column":48}},"1":{"start":{"line":11,"column":8},"end":{"line":16,"column":9}},"2":{"start":{"line":12,"column":12},"end":{"line":12,"column":27}},"3":{"start":{"line":15,"column":12},"end":{"line":15,"column":60}},"4":{"start":{"line":20,"column":8},"end":{"line":20,"column":37}},"5":{"start":{"line":23,"column":8},"end":{"line":29,"column":9}},"6":{"start":{"line":24,"column":28},"end":{"line":24,"column":46}},"7":{"start":{"line":25,"column":12},"end":{"line":25,"column":46}},"8":{"start":{"line":28,"column":12},"end":{"line":28,"column":30}},"9":{"start":{"line":32,"column":8},"end":{"line":41,"column":9}},"10":{"start":{"line":33,"column":28},"end":{"line":33,"column":46}},"11":{"start":{"line":34,"column":12},"end":{"line":37,"column":13}},"12":{"start":{"line":35,"column":30},"end":{"line":35,"column":46}},"13":{"start":{"line":36,"column":16},"end":{"line":36,"column":50}},"14":{"start":{"line":40,"column":12},"end":{"line":40,"column":30}},"15":{"start":{"line":44,"column":8},"end":{"line":44,"column":38}},"16":{"start":{"line":47,"column":8},"end":{"line":55,"column":9}},"17":{"start":{"line":48,"column":28},"end":{"line":48,"column":46}},"18":{"start":{"line":49,"column":12},"end":{"line":51,"column":13}},"19":{"start":{"line":50,"column":16},"end":{"line":50,"column":46}},"20":{"start":{"line":54,"column":12},"end":{"line":54,"column":30}},"21":{"start":{"line":58,"column":8},"end":{"line":63,"column":9}},"22":{"start":{"line":59,"column":12},"end":{"line":59,"column":35}},"23":{"start":{"line":62,"column":12},"end":{"line":62,"column":30}},"24":{"start":{"line":67,"column":8},"end":{"line":67,"column":51}},"25":{"start":{"line":70,"column":8},"end":{"line":70,"column":38}},"26":{"start":{"line":73,"column":8},"end":{"line":73,"column":30}},"27":{"start":{"line":77,"column":8},"end":{"line":77,"column":51}},"28":{"start":{"line":80,"column":25},"end":{"line":80,"column":37}},"29":{"start":{"line":81,"column":18},"end":{"line":81,"column":33}},"30":{"start":{"line":82,"column":8},"end":{"line":89,"column":9}},"31":{"start":{"line":82,"column":21},"end":{"line":82,"column":22}},"32":{"start":{"line":83,"column":26},"end":{"line":83,"column":37}},"33":{"start":{"line":84,"column":12},"end":{"line":88,"column":13}},"34":{"start":{"line":85,"column":16},"end":{"line":87,"column":17}},"35":{"start":{"line":86,"column":20},"end":{"line":86,"column":33}},"36":{"start":{"line":90,"column":8},"end":{"line":90,"column":26}},"37":{"start":{"line":93,"column":8},"end":{"line":93,"column":39}},"38":{"start":{"line":9,"column":0},"end":{"line":9,"column":13}},"39":{"start":{"line":103,"column":8},"end":{"line":103,"column":51}},"40":{"start":{"line":106,"column":8},"end":{"line":106,"column":42}},"41":{"start":{"line":110,"column":8},"end":{"line":110,"column":43}},"42":{"start":{"line":113,"column":8},"end":{"line":113,"column":34}},"43":{"start":{"line":124,"column":8},"end":{"line":124,"column":39}},"44":{"start":{"line":97,"column":0},"end":{"line":97,"column":13}}},"fnMap":{"0":{"name":"(anonymous_0)","decl":{"start":{"line":10,"column":4},"end":{"line":10,"column":12}},"loc":{"start":{"line":10,"column":29},"end":{"line":17,"column":5}}},"1":{"name":"(anonymous_1)","decl":{"start":{"line":19,"column":4},"end":{"line":19,"column":20}},"loc":{"start":{"line":19,"column":55},"end":{"line":21,"column":5}}},"2":{"name":"(anonymous_2)","decl":{"start":{"line":22,"column":4},"end":{"line":22,"column":16}},"loc":{"start":{"line":22,"column":58},"end":{"line":30,"column":5}}},"3":{"name":"(anonymous_3)","decl":{"start":{"line":31,"column":4},"end":{"line":31,"column":17}},"loc":{"start":{"line":31,"column":57},"end":{"line":42,"column":5}}},"4":{"name":"(anonymous_4)","decl":{"start":{"line":43,"column":4},"end":{"line":43,"column":19}},"loc":{"start":{"line":43,"column":54},"end":{"line":45,"column":5}}},"5":{"name":"(anonymous_5)","decl":{"start":{"line":46,"column":4},"end":{"line":46,"column":20}},"loc":{"start":{"line":46,"column":60},"end":{"line":56,"column":5}}},"6":{"name":"(anonymous_6)","decl":{"start":{"line":57,"column":4},"end":{"line":57,"column":15}},"loc":{"start":{"line":57,"column":44},"end":{"line":64,"column":5}}},"7":{"name":"(anonymous_7)","decl":{"start":{"line":66,"column":4},"end":{"line":66,"column":15}},"loc":{"start":{"line":66,"column":47},"end":{"line":68,"column":5}}},"8":{"name":"(anonymous_8)","decl":{"start":{"line":69,"column":4},"end":{"line":69,"column":18}},"loc":{"start":{"line":69,"column":56},"end":{"line":71,"column":5}}},"9":{"name":"(anonymous_9)","decl":{"start":{"line":72,"column":4},"end":{"line":72,"column":17}},"loc":{"start":{"line":72,"column":38},"end":{"line":74,"column":5}}},"10":{"name":"(anonymous_10)","decl":{"start":{"line":76,"column":4},"end":{"line":76,"column":16}},"loc":{"start":{"line":76,"column":37},"end":{"line":78,"column":5}}},"11":{"name":"(anonymous_11)","decl":{"start":{"line":79,"column":4},"end":{"line":79,"column":18}},"loc":{"start":{"line":79,"column":35},"end":{"line":91,"column":5}}},"12":{"name":"(anonymous_12)","decl":{"start":{"line":92,"column":4},"end":{"line":92,"column":12}},"loc":{"start":{"line":92,"column":86},"end":{"line":94,"column":5}}},"13":{"name":"(anonymous_13)","decl":{"start":{"line":98,"column":4},"end":{"line":98,"column":null}},"loc":{"start":{"line":98,"column":4},"end":{"line":100,"column":5}}},"14":{"name":"(anonymous_14)","decl":{"start":{"line":102,"column":4},"end":{"line":102,"column":18}},"loc":{"start":{"line":102,"column":36},"end":{"line":104,"column":5}}},"15":{"name":"(anonymous_15)","decl":{"start":{"line":105,"column":4},"end":{"line":105,"column":16}},"loc":{"start":{"line":105,"column":51},"end":{"line":107,"column":5}}},"16":{"name":"(anonymous_16)","decl":{"start":{"line":109,"column":4},"end":{"line":109,"column":25}},"loc":{"start":{"line":109,"column":46},"end":{"line":111,"column":5}}},"17":{"name":"(anonymous_17)","decl":{"start":{"line":112,"column":4},"end":{"line":112,"column":15}},"loc":{"start":{"line":112,"column":55},"end":{"line":114,"column":5}}},"18":{"name":"(anonymous_18)","decl":{"start":{"line":116,"column":4},"end":{"line":116,"column":20}},"loc":{"start":{"line":116,"column":78},"end":{"line":118,"column":5}}},"19":{"name":"(anonymous_19)","decl":{"start":{"line":120,"column":4},"end":{"line":120,"column":23}},"loc":{"start":{"line":120,"column":81},"end":{"line":122,"column":5}}},"20":{"name":"(anonymous_20)","decl":{"start":{"line":123,"column":4},"end":{"line":123,"column":18}},"loc":{"start":{"line":123,"column":39},"end":{"line":125,"column":5}}}},"branchMap":{"0":{"loc":{"start":{"line":11,"column":8},"end":{"line":16,"column":9}},"type":"if","locations":[{"start":{"line":11,"column":8},"end":{"line":16,"column":9}},{"start":{"line":14,"column":13},"end":{"line":16,"column":9}}]},"1":{"loc":{"start":{"line":23,"column":8},"end":{"line":29,"column":9}},"type":"if","locations":[{"start":{"line":23,"column":8},"end":{"line":29,"column":9}},{"start":{"line":27,"column":13},"end":{"line":29,"column":9}}]},"2":{"loc":{"start":{"line":32,"column":8},"end":{"line":41,"column":9}},"type":"if","locations":[{"start":{"line":32,"column":8},"end":{"line":41,"column":9}},{"start":{"line":39,"column":13},"end":{"line":41,"column":9}}]},"3":{"loc":{"start":{"line":47,"column":8},"end":{"line":55,"column":9}},"type":"if","locations":[{"start":{"line":47,"column":8},"end":{"line":55,"column":9}},{"start":{"line":53,"column":13},"end":{"line":55,"column":9}}]},"4":{"loc":{"start":{"line":58,"column":8},"end":{"line":63,"column":9}},"type":"if","locations":[{"start":{"line":58,"column":8},"end":{"line":63,"column":9}},{"start":{"line":61,"column":13},"end":{"line":63,"column":9}}]},"5":{"loc":{"start":{"line":58,"column":12},"end":{"line":58,"column":67}},"type":"binary-expr","locations":[{"start":{"line":58,"column":12},"end":{"line":58,"column":39}},{"start":{"line":58,"column":43},"end":{"line":58,"column":67}}]},"6":{"loc":{"start":{"line":84,"column":12},"end":{"line":88,"column":13}},"type":"if","locations":[{"start":{"line":84,"column":12},"end":{"line":88,"column":13}}]},"7":{"loc":{"start":{"line":85,"column":16},"end":{"line":87,"column":17}},"type":"if","locations":[{"start":{"line":85,"column":16},"end":{"line":87,"column":17}}]}},"s":{"0":8,"1":29,"2":29,"3":0,"4":243,"5":385,"6":385,"7":385,"8":0,"9":183,"10":183,"11":183,"12":226,"13":226,"14":0,"15":768,"16":134,"17":134,"18":134,"19":134,"20":0,"21":200,"22":200,"23":0,"24":0,"25":1,"26":28,"27":0,"28":112,"29":112,"30":112,"31":112,"32":112,"33":112,"34":112,"35":112,"36":0,"37":43,"38":8,"39":0,"40":43,"41":43,"42":43,"43":129,"44":8},"f":{"0":29,"1":243,"2":385,"3":183,"4":768,"5":134,"6":200,"7":0,"8":1,"9":28,"10":0,"11":112,"12":43,"13":43,"14":0,"15":43,"16":43,"17":43,"18":43,"19":37,"20":129},"b":{"0":[29,0],"1":[385,0],"2":[183,0],"3":[134,0],"4":[200,0],"5":[200,200],"6":[112],"7":[112]}}
,"/home/david/Development/g20mono/packages/core/tests/initBoard.ts": {"path":"/home/david/Development/g20mono/packages/core/tests/initBoard.ts","statementMap":{"0":{"start":{"line":2,"column":0},"end":{"line":2,"column":79}},"1":{"start":{"line":3,"column":0},"end":{"line":3,"column":52}},"2":{"start":{"line":5,"column":0},"end":{"line":5,"column":41}},"3":{"start":{"line":9,"column":23},"end":{"line":9,"column":43}},"4":{"start":{"line":10,"column":20},"end":{"line":10,"column":37}},"5":{"start":{"line":11,"column":24},"end":{"line":11,"column":52}},"6":{"start":{"line":13,"column":4},"end":{"line":13,"column":107}},"7":{"start":{"line":7,"column":0},"end":{"line":7,"column":16}}},"fnMap":{"0":{"name":"initBoard","decl":{"start":{"line":7,"column":16},"end":{"line":7,"column":25}},"loc":{"start":{"line":7,"column":82},"end":{"line":14,"column":1}}}},"branchMap":{"0":{"loc":{"start":{"line":7,"column":48},"end":{"line":7,"column":82}},"type":"default-arg","locations":[{"start":{"line":7,"column":80},"end":{"line":7,"column":82}}]}},"s":{"0":8,"1":8,"2":8,"3":43,"4":43,"5":43,"6":43,"7":8},"f":{"0":43},"b":{"0":[31]}}
,"/home/david/Development/g20mono/packages/core/tests/nodes.ts": {"path":"/home/david/Development/g20mono/packages/core/tests/nodes.ts","statementMap":{"0":{"start":{"line":2,"column":33},"end":{"line":2,"column":37}},"1":{"start":{"line":1,"column":0},"end":{"line":1,"column":13}},"2":{"start":{"line":6,"column":21},"end":{"line":6,"column":46}},"3":{"start":{"line":7,"column":27},"end":{"line":7,"column":52}},"4":{"start":{"line":8,"column":37},"end":{"line":8,"column":39}},"5":{"start":{"line":10,"column":8},"end":{"line":10,"column":16}},"6":{"start":{"line":9,"column":25},"end":{"line":9,"column":37}},"7":{"start":{"line":13,"column":8},"end":{"line":13,"column":30}},"8":{"start":{"line":16,"column":8},"end":{"line":16,"column":34}},"9":{"start":{"line":17,"column":8},"end":{"line":17,"column":48}},"10":{"start":{"line":20,"column":8},"end":{"line":20,"column":35}},"11":{"start":{"line":21,"column":8},"end":{"line":21,"column":28}},"12":{"start":{"line":24,"column":8},"end":{"line":29,"column":9}},"13":{"start":{"line":25,"column":12},"end":{"line":25,"column":46}},"14":{"start":{"line":28,"column":12},"end":{"line":28,"column":24}},"15":{"start":{"line":32,"column":8},"end":{"line":32,"column":51}},"16":{"start":{"line":35,"column":8},"end":{"line":35,"column":38}},"17":{"start":{"line":38,"column":8},"end":{"line":38,"column":42}},"18":{"start":{"line":5,"column":0},"end":{"line":5,"column":13}},"19":{"start":{"line":44,"column":8},"end":{"line":44,"column":16}},"20":{"start":{"line":43,"column":25},"end":{"line":43,"column":40}},"21":{"start":{"line":42,"column":0},"end":{"line":42,"column":13}}},"fnMap":{"0":{"name":"(anonymous_0)","decl":{"start":{"line":9,"column":4},"end":{"line":9,"column":25}},"loc":{"start":{"line":9,"column":37},"end":{"line":11,"column":5}}},"1":{"name":"(anonymous_1)","decl":{"start":{"line":12,"column":4},"end":{"line":12,"column":8}},"loc":{"start":{"line":12,"column":16},"end":{"line":14,"column":5}}},"2":{"name":"(anonymous_2)","decl":{"start":{"line":15,"column":4},"end":{"line":15,"column":8}},"loc":{"start":{"line":15,"column":35},"end":{"line":18,"column":5}}},"3":{"name":"(anonymous_3)","decl":{"start":{"line":19,"column":4},"end":{"line":19,"column":15}},"loc":{"start":{"line":19,"column":31},"end":{"line":22,"column":5}}},"4":{"name":"(anonymous_4)","decl":{"start":{"line":23,"column":4},"end":{"line":23,"column":16}},"loc":{"start":{"line":23,"column":29},"end":{"line":30,"column":5}}},"5":{"name":"(anonymous_5)","decl":{"start":{"line":31,"column":4},"end":{"line":31,"column":21}},"loc":{"start":{"line":31,"column":21},"end":{"line":33,"column":5}}},"6":{"name":"(anonymous_6)","decl":{"start":{"line":34,"column":4},"end":{"line":34,"column":19}},"loc":{"start":{"line":34,"column":32},"end":{"line":36,"column":5}}},"7":{"name":"(anonymous_7)","decl":{"start":{"line":37,"column":4},"end":{"line":37,"column":16}},"loc":{"start":{"line":37,"column":44},"end":{"line":39,"column":5}}},"8":{"name":"(anonymous_8)","decl":{"start":{"line":43,"column":4},"end":{"line":43,"column":25}},"loc":{"start":{"line":43,"column":40},"end":{"line":45,"column":5}}}},"branchMap":{"0":{"loc":{"start":{"line":24,"column":8},"end":{"line":29,"column":9}},"type":"if","locations":[{"start":{"line":24,"column":8},"end":{"line":29,"column":9}},{"start":{"line":27,"column":13},"end":{"line":29,"column":9}}]}},"s":{"0":287,"1":8,"2":286,"3":286,"4":286,"5":286,"6":286,"7":112,"8":1,"9":1,"10":244,"11":244,"12":163,"13":111,"14":52,"15":8,"16":902,"17":611,"18":8,"19":1,"20":1,"21":8},"f":{"0":286,"1":112,"2":1,"3":244,"4":163,"5":8,"6":902,"7":611,"8":1},"b":{"0":[111,52]}}
,"/home/david/Development/g20mono/packages/core/tests/view.ts": {"path":"/home/david/Development/g20mono/packages/core/tests/view.ts","statementMap":{"0":{"start":{"line":2,"column":0},"end":{"line":2,"column":57}},"1":{"start":{"line":9,"column":25},"end":{"line":9,"column":54}},"2":{"start":{"line":13,"column":8},"end":{"line":13,"column":64}},"3":{"start":{"line":8,"column":0},"end":{"line":8,"column":13}}},"fnMap":{"0":{"name":"(anonymous_0)","decl":{"start":{"line":9,"column":4},"end":{"line":9,"column":25}},"loc":{"start":{"line":9,"column":54},"end":{"line":11,"column":5}}},"1":{"name":"(anonymous_1)","decl":{"start":{"line":12,"column":4},"end":{"line":12,"column":14}},"loc":{"start":{"line":12,"column":50},"end":{"line":14,"column":5}}}},"branchMap":{},"s":{"0":8,"1":43,"2":43,"3":8},"f":{"0":43,"1":43},"b":{}}
}
