{"/home/david/Development/g20mono/packages/core/src/index.ts": {"path":"/home/david/Development/g20mono/packages/core/src/index.ts","statementMap":{"0":{"start":{"line":1,"column":0},"end":{"line":1,"column":9}},"1":{"start":{"line":1,"column":9},"end":{"line":1,"column":38}},"2":{"start":{"line":3,"column":0},"end":{"line":3,"column":9}},"3":{"start":{"line":3,"column":9},"end":{"line":3,"column":46}},"4":{"start":{"line":4,"column":0},"end":{"line":4,"column":9}},"5":{"start":{"line":4,"column":9},"end":{"line":4,"column":42}},"6":{"start":{"line":5,"column":0},"end":{"line":5,"column":31}},"7":{"start":{"line":5,"column":31},"end":{"line":5,"column":41}},"8":{"start":{"line":5,"column":41},"end":{"line":5,"column":96}},"9":{"start":{"line":6,"column":0},"end":{"line":6,"column":9}},"10":{"start":{"line":6,"column":9},"end":{"line":6,"column":44}},"11":{"start":{"line":8,"column":0},"end":{"line":8,"column":9}},"12":{"start":{"line":8,"column":9},"end":{"line":8,"column":74}},"13":{"start":{"line":9,"column":0},"end":{"line":9,"column":9}},"14":{"start":{"line":9,"column":9},"end":{"line":9,"column":50}},"15":{"start":{"line":11,"column":0},"end":{"line":11,"column":9}},"16":{"start":{"line":11,"column":9},"end":{"line":11,"column":26}},"17":{"start":{"line":11,"column":26},"end":{"line":11,"column":56}},"18":{"start":{"line":11,"column":56},"end":{"line":11,"column":97}},"19":{"start":{"line":12,"column":0},"end":{"line":12,"column":9}},"20":{"start":{"line":12,"column":9},"end":{"line":12,"column":43}},"21":{"start":{"line":16,"column":0},"end":{"line":16,"column":9}},"22":{"start":{"line":16,"column":9},"end":{"line":16,"column":47}},"23":{"start":{"line":17,"column":0},"end":{"line":17,"column":21}},"24":{"start":{"line":17,"column":21},"end":{"line":17,"column":64}},"25":{"start":{"line":20,"column":0},"end":{"line":20,"column":9}},"26":{"start":{"line":20,"column":9},"end":{"line":20,"column":19}},"27":{"start":{"line":20,"column":19},"end":{"line":20,"column":61}},"28":{"start":{"line":21,"column":0},"end":{"line":21,"column":9}},"29":{"start":{"line":21,"column":9},"end":{"line":21,"column":52}},"30":{"start":{"line":24,"column":0},"end":{"line":24,"column":9}},"31":{"start":{"line":24,"column":9},"end":{"line":24,"column":42}},"32":{"start":{"line":26,"column":0},"end":{"line":26,"column":17}},"33":{"start":{"line":26,"column":17},"end":{"line":26,"column":66}},"34":{"start":{"line":27,"column":0},"end":{"line":27,"column":9}},"35":{"start":{"line":27,"column":9},"end":{"line":27,"column":72}},"36":{"start":{"line":28,"column":0},"end":{"line":28,"column":9}},"37":{"start":{"line":28,"column":9},"end":{"line":28,"column":57}},"38":{"start":{"line":29,"column":0},"end":{"line":29,"column":9}},"39":{"start":{"line":29,"column":9},"end":{"line":29,"column":60}},"40":{"start":{"line":30,"column":0},"end":{"line":30,"column":9}},"41":{"start":{"line":30,"column":9},"end":{"line":30,"column":63}},"42":{"start":{"line":31,"column":0},"end":{"line":31,"column":9}},"43":{"start":{"line":31,"column":9},"end":{"line":31,"column":54}},"44":{"start":{"line":32,"column":0},"end":{"line":32,"column":9}},"45":{"start":{"line":32,"column":9},"end":{"line":32,"column":57}},"46":{"start":{"line":33,"column":0},"end":{"line":33,"column":9}},"47":{"start":{"line":33,"column":9},"end":{"line":33,"column":63}},"48":{"start":{"line":34,"column":0},"end":{"line":34,"column":9}},"49":{"start":{"line":34,"column":9},"end":{"line":34,"column":69}},"50":{"start":{"line":35,"column":0},"end":{"line":35,"column":9}},"51":{"start":{"line":35,"column":9},"end":{"line":35,"column":63}},"52":{"start":{"line":36,"column":0},"end":{"line":36,"column":9}},"53":{"start":{"line":36,"column":9},"end":{"line":36,"column":48}}},"fnMap":{"0":{"name":"(anonymous_0)","decl":{"start":{"line":1,"column":9},"end":{"line":1,"column":15}},"loc":{"start":{"line":1,"column":9},"end":{"line":1,"column":38}}},"1":{"name":"(anonymous_1)","decl":{"start":{"line":3,"column":9},"end":{"line":3,"column":19}},"loc":{"start":{"line":3,"column":9},"end":{"line":3,"column":46}}},"2":{"name":"(anonymous_2)","decl":{"start":{"line":4,"column":9},"end":{"line":4,"column":17}},"loc":{"start":{"line":4,"column":9},"end":{"line":4,"column":42}}},"3":{"name":"(anonymous_3)","decl":{"start":{"line":5,"column":31},"end":{"line":5,"column":39}},"loc":{"start":{"line":5,"column":31},"end":{"line":5,"column":41}}},"4":{"name":"(anonymous_4)","decl":{"start":{"line":5,"column":41},"end":{"line":5,"column":58}},"loc":{"start":{"line":5,"column":41},"end":{"line":5,"column":96}}},"5":{"name":"(anonymous_5)","decl":{"start":{"line":6,"column":9},"end":{"line":6,"column":20}},"loc":{"start":{"line":6,"column":9},"end":{"line":6,"column":44}}},"6":{"name":"(anonymous_6)","decl":{"start":{"line":8,"column":9},"end":{"line":8,"column":22}},"loc":{"start":{"line":8,"column":9},"end":{"line":8,"column":74}}},"7":{"name":"(anonymous_7)","decl":{"start":{"line":9,"column":9},"end":{"line":9,"column":14}},"loc":{"start":{"line":9,"column":9},"end":{"line":9,"column":50}}},"8":{"name":"(anonymous_8)","decl":{"start":{"line":11,"column":9},"end":{"line":11,"column":12}},"loc":{"start":{"line":11,"column":9},"end":{"line":11,"column":26}}},"9":{"name":"(anonymous_9)","decl":{"start":{"line":11,"column":26},"end":{"line":11,"column":42}},"loc":{"start":{"line":11,"column":26},"end":{"line":11,"column":56}}},"10":{"name":"(anonymous_10)","decl":{"start":{"line":11,"column":56},"end":{"line":11,"column":72}},"loc":{"start":{"line":11,"column":56},"end":{"line":11,"column":97}}},"11":{"name":"(anonymous_11)","decl":{"start":{"line":12,"column":9},"end":{"line":12,"column":15}},"loc":{"start":{"line":12,"column":9},"end":{"line":12,"column":43}}},"12":{"name":"(anonymous_12)","decl":{"start":{"line":16,"column":9},"end":{"line":16,"column":13}},"loc":{"start":{"line":16,"column":9},"end":{"line":16,"column":47}}},"13":{"name":"(anonymous_13)","decl":{"start":{"line":17,"column":21},"end":{"line":17,"column":28}},"loc":{"start":{"line":17,"column":21},"end":{"line":17,"column":64}}},"14":{"name":"(anonymous_14)","decl":{"start":{"line":20,"column":9},"end":{"line":20,"column":17}},"loc":{"start":{"line":20,"column":9},"end":{"line":20,"column":19}}},"15":{"name":"(anonymous_15)","decl":{"start":{"line":20,"column":19},"end":{"line":20,"column":27}},"loc":{"start":{"line":20,"column":19},"end":{"line":20,"column":61}}},"16":{"name":"(anonymous_16)","decl":{"start":{"line":21,"column":9},"end":{"line":21,"column":17}},"loc":{"start":{"line":21,"column":9},"end":{"line":21,"column":52}}},"17":{"name":"(anonymous_17)","decl":{"start":{"line":24,"column":9},"end":{"line":24,"column":12}},"loc":{"start":{"line":24,"column":9},"end":{"line":24,"column":42}}},"18":{"name":"(anonymous_18)","decl":{"start":{"line":26,"column":17},"end":{"line":26,"column":26}},"loc":{"start":{"line":26,"column":17},"end":{"line":26,"column":66}}},"19":{"name":"(anonymous_19)","decl":{"start":{"line":27,"column":9},"end":{"line":27,"column":19}},"loc":{"start":{"line":27,"column":9},"end":{"line":27,"column":72}}},"20":{"name":"(anonymous_20)","decl":{"start":{"line":28,"column":9},"end":{"line":28,"column":14}},"loc":{"start":{"line":28,"column":9},"end":{"line":28,"column":57}}},"21":{"name":"(anonymous_21)","decl":{"start":{"line":29,"column":9},"end":{"line":29,"column":15}},"loc":{"start":{"line":29,"column":9},"end":{"line":29,"column":60}}},"22":{"name":"(anonymous_22)","decl":{"start":{"line":30,"column":9},"end":{"line":30,"column":16}},"loc":{"start":{"line":30,"column":9},"end":{"line":30,"column":63}}},"23":{"name":"(anonymous_23)","decl":{"start":{"line":31,"column":9},"end":{"line":31,"column":13}},"loc":{"start":{"line":31,"column":9},"end":{"line":31,"column":54}}},"24":{"name":"(anonymous_24)","decl":{"start":{"line":32,"column":9},"end":{"line":32,"column":14}},"loc":{"start":{"line":32,"column":9},"end":{"line":32,"column":57}}},"25":{"name":"(anonymous_25)","decl":{"start":{"line":33,"column":9},"end":{"line":33,"column":16}},"loc":{"start":{"line":33,"column":9},"end":{"line":33,"column":63}}},"26":{"name":"(anonymous_26)","decl":{"start":{"line":34,"column":9},"end":{"line":34,"column":18}},"loc":{"start":{"line":34,"column":9},"end":{"line":34,"column":69}}},"27":{"name":"(anonymous_27)","decl":{"start":{"line":35,"column":9},"end":{"line":35,"column":13}},"loc":{"start":{"line":35,"column":9},"end":{"line":35,"column":63}}},"28":{"name":"(anonymous_28)","decl":{"start":{"line":36,"column":9},"end":{"line":36,"column":17}},"loc":{"start":{"line":36,"column":9},"end":{"line":36,"column":48}}}},"branchMap":{},"s":{"0":6,"1":13,"2":6,"3":6,"4":6,"5":6,"6":6,"7":6,"8":6,"9":6,"10":6,"11":6,"12":6,"13":6,"14":6,"15":6,"16":36,"17":6,"18":6,"19":6,"20":15,"21":6,"22":6,"23":6,"24":6,"25":6,"26":6,"27":6,"28":6,"29":6,"30":6,"31":6,"32":6,"33":6,"34":6,"35":6,"36":6,"37":10,"38":6,"39":6,"40":6,"41":7,"42":6,"43":6,"44":6,"45":6,"46":6,"47":6,"48":6,"49":6,"50":6,"51":7,"52":6,"53":6},"f":{"0":7,"1":0,"2":0,"3":0,"4":0,"5":0,"6":0,"7":0,"8":30,"9":0,"10":0,"11":9,"12":0,"13":0,"14":0,"15":0,"16":0,"17":0,"18":0,"19":0,"20":4,"21":0,"22":1,"23":0,"24":0,"25":0,"26":0,"27":1,"28":0},"b":{}}
,"/home/david/Development/g20mono/packages/core/src/lib/Anchor.ts": {"path":"/home/david/Development/g20mono/packages/core/src/lib/Anchor.ts","statementMap":{"0":{"start":{"line":1,"column":0},"end":{"line":1,"column":33}},"1":{"start":{"line":4,"column":0},"end":{"line":4,"column":47}},"2":{"start":{"line":5,"column":0},"end":{"line":5,"column":44}},"3":{"start":{"line":13,"column":24},"end":{"line":16,"column":6}},"4":{"start":{"line":29,"column":23},"end":{"line":29,"column":37}},"5":{"start":{"line":30,"column":41},"end":{"line":30,"column":68}},"6":{"start":{"line":43,"column":8},"end":{"line":43,"column":42}},"7":{"start":{"line":44,"column":8},"end":{"line":44,"column":36}},"8":{"start":{"line":45,"column":8},"end":{"line":45,"column":36}},"9":{"start":{"line":47,"column":8},"end":{"line":47,"column":32}},"10":{"start":{"line":48,"column":8},"end":{"line":48,"column":30}},"11":{"start":{"line":49,"column":8},"end":{"line":49,"column":21}},"12":{"start":{"line":50,"column":8},"end":{"line":50,"column":21}},"13":{"start":{"line":51,"column":8},"end":{"line":51,"column":32}},"14":{"start":{"line":52,"column":8},"end":{"line":52,"column":31}},"15":{"start":{"line":53,"column":8},"end":{"line":53,"column":28}},"16":{"start":{"line":55,"column":8},"end":{"line":55,"column":20}},"17":{"start":{"line":57,"column":8},"end":{"line":59,"column":11}},"18":{"start":{"line":58,"column":12},"end":{"line":58,"column":35}},"19":{"start":{"line":60,"column":8},"end":{"line":62,"column":11}},"20":{"start":{"line":61,"column":12},"end":{"line":61,"column":35}},"21":{"start":{"line":63,"column":8},"end":{"line":65,"column":11}},"22":{"start":{"line":64,"column":12},"end":{"line":64,"column":35}},"23":{"start":{"line":69,"column":8},"end":{"line":71,"column":9}},"24":{"start":{"line":70,"column":12},"end":{"line":70,"column":42}},"25":{"start":{"line":72,"column":8},"end":{"line":74,"column":9}},"26":{"start":{"line":73,"column":12},"end":{"line":73,"column":37}},"27":{"start":{"line":75,"column":8},"end":{"line":77,"column":9}},"28":{"start":{"line":76,"column":12},"end":{"line":76,"column":37}},"29":{"start":{"line":81,"column":8},"end":{"line":81,"column":29}},"30":{"start":{"line":85,"column":8},"end":{"line":85,"column":26}},"31":{"start":{"line":89,"column":8},"end":{"line":89,"column":29}},"32":{"start":{"line":93,"column":8},"end":{"line":93,"column":26}},"33":{"start":{"line":97,"column":8},"end":{"line":97,"column":23}},"34":{"start":{"line":100,"column":8},"end":{"line":102,"column":9}},"35":{"start":{"line":101,"column":12},"end":{"line":101,"column":24}},"36":{"start":{"line":106,"column":8},"end":{"line":106,"column":41}},"37":{"start":{"line":107,"column":8},"end":{"line":107,"column":33}},"38":{"start":{"line":108,"column":8},"end":{"line":108,"column":49}},"39":{"start":{"line":109,"column":8},"end":{"line":109,"column":49}},"40":{"start":{"line":110,"column":8},"end":{"line":110,"column":35}},"41":{"start":{"line":111,"column":8},"end":{"line":111,"column":23}},"42":{"start":{"line":112,"column":8},"end":{"line":112,"column":23}},"43":{"start":{"line":113,"column":8},"end":{"line":113,"column":45}},"44":{"start":{"line":114,"column":8},"end":{"line":114,"column":43}},"45":{"start":{"line":115,"column":8},"end":{"line":115,"column":37}},"46":{"start":{"line":116,"column":8},"end":{"line":116,"column":20}},"47":{"start":{"line":123,"column":8},"end":{"line":123,"column":49}},"48":{"start":{"line":138,"column":8},"end":{"line":138,"column":29}},"49":{"start":{"line":141,"column":8},"end":{"line":143,"column":9}},"50":{"start":{"line":142,"column":12},"end":{"line":142,"column":36}},"51":{"start":{"line":149,"column":8},"end":{"line":149,"column":30}},"52":{"start":{"line":152,"column":8},"end":{"line":154,"column":9}},"53":{"start":{"line":153,"column":12},"end":{"line":153,"column":38}},"54":{"start":{"line":160,"column":8},"end":{"line":160,"column":24}},"55":{"start":{"line":163,"column":8},"end":{"line":165,"column":9}},"56":{"start":{"line":164,"column":12},"end":{"line":164,"column":26}},"57":{"start":{"line":171,"column":8},"end":{"line":171,"column":24}},"58":{"start":{"line":174,"column":8},"end":{"line":176,"column":9}},"59":{"start":{"line":175,"column":12},"end":{"line":175,"column":26}},"60":{"start":{"line":182,"column":8},"end":{"line":182,"column":35}},"61":{"start":{"line":185,"column":8},"end":{"line":187,"column":9}},"62":{"start":{"line":186,"column":12},"end":{"line":186,"column":48}},"63":{"start":{"line":193,"column":8},"end":{"line":193,"column":34}},"64":{"start":{"line":196,"column":8},"end":{"line":198,"column":9}},"65":{"start":{"line":197,"column":12},"end":{"line":197,"column":46}},"66":{"start":{"line":204,"column":8},"end":{"line":204,"column":31}},"67":{"start":{"line":207,"column":8},"end":{"line":209,"column":9}},"68":{"start":{"line":208,"column":12},"end":{"line":208,"column":40}},"69":{"start":{"line":7,"column":0},"end":{"line":7,"column":13}},"70":{"start":{"line":214,"column":4},"end":{"line":220,"column":5}},"71":{"start":{"line":215,"column":8},"end":{"line":215,"column":59}},"72":{"start":{"line":216,"column":11},"end":{"line":220,"column":5}},"73":{"start":{"line":217,"column":8},"end":{"line":217,"column":45}},"74":{"start":{"line":219,"column":8},"end":{"line":219,"column":32}}},"fnMap":{"0":{"name":"(anonymous_0)","decl":{"start":{"line":42,"column":4},"end":{"line":42,"column":16}},"loc":{"start":{"line":42,"column":138},"end":{"line":66,"column":5}}},"1":{"name":"(anonymous_1)","decl":{"start":{"line":57,"column":60},"end":{"line":57,"column":63}},"loc":{"start":{"line":57,"column":65},"end":{"line":59,"column":9}}},"2":{"name":"(anonymous_2)","decl":{"start":{"line":60,"column":59},"end":{"line":60,"column":62}},"loc":{"start":{"line":60,"column":64},"end":{"line":62,"column":9}}},"3":{"name":"(anonymous_3)","decl":{"start":{"line":63,"column":59},"end":{"line":63,"column":62}},"loc":{"start":{"line":63,"column":64},"end":{"line":65,"column":9}}},"4":{"name":"(anonymous_4)","decl":{"start":{"line":68,"column":4},"end":{"line":68,"column":11}},"loc":{"start":{"line":68,"column":11},"end":{"line":78,"column":5}}},"5":{"name":"(anonymous_5)","decl":{"start":{"line":80,"column":4},"end":{"line":80,"column":8}},"loc":{"start":{"line":80,"column":9},"end":{"line":82,"column":5}}},"6":{"name":"(anonymous_6)","decl":{"start":{"line":84,"column":4},"end":{"line":84,"column":8}},"loc":{"start":{"line":84,"column":19},"end":{"line":86,"column":5}}},"7":{"name":"(anonymous_7)","decl":{"start":{"line":88,"column":4},"end":{"line":88,"column":8}},"loc":{"start":{"line":88,"column":9},"end":{"line":90,"column":5}}},"8":{"name":"(anonymous_8)","decl":{"start":{"line":92,"column":4},"end":{"line":92,"column":8}},"loc":{"start":{"line":92,"column":19},"end":{"line":94,"column":5}}},"9":{"name":"(anonymous_9)","decl":{"start":{"line":96,"column":4},"end":{"line":96,"column":8}},"loc":{"start":{"line":96,"column":9},"end":{"line":98,"column":5}}},"10":{"name":"(anonymous_10)","decl":{"start":{"line":99,"column":4},"end":{"line":99,"column":8}},"loc":{"start":{"line":99,"column":19},"end":{"line":103,"column":5}}},"11":{"name":"(anonymous_11)","decl":{"start":{"line":105,"column":4},"end":{"line":105,"column":8}},"loc":{"start":{"line":105,"column":18},"end":{"line":117,"column":5}}},"12":{"name":"(anonymous_12)","decl":{"start":{"line":122,"column":4},"end":{"line":122,"column":10}},"loc":{"start":{"line":122,"column":10},"end":{"line":124,"column":5}}},"13":{"name":"(anonymous_13)","decl":{"start":{"line":129,"column":4},"end":{"line":129,"column":10}},"loc":{"start":{"line":129,"column":10},"end":{"line":132,"column":5}}},"14":{"name":"(anonymous_14)","decl":{"start":{"line":137,"column":4},"end":{"line":137,"column":8}},"loc":{"start":{"line":137,"column":15},"end":{"line":139,"column":5}}},"15":{"name":"(anonymous_15)","decl":{"start":{"line":140,"column":4},"end":{"line":140,"column":8}},"loc":{"start":{"line":140,"column":52},"end":{"line":144,"column":5}}},"16":{"name":"(anonymous_16)","decl":{"start":{"line":148,"column":4},"end":{"line":148,"column":8}},"loc":{"start":{"line":148,"column":16},"end":{"line":150,"column":5}}},"17":{"name":"(anonymous_17)","decl":{"start":{"line":151,"column":4},"end":{"line":151,"column":8}},"loc":{"start":{"line":151,"column":34},"end":{"line":155,"column":5}}},"18":{"name":"(anonymous_18)","decl":{"start":{"line":159,"column":4},"end":{"line":159,"column":8}},"loc":{"start":{"line":159,"column":10},"end":{"line":161,"column":5}}},"19":{"name":"(anonymous_19)","decl":{"start":{"line":162,"column":4},"end":{"line":162,"column":8}},"loc":{"start":{"line":162,"column":21},"end":{"line":166,"column":5}}},"20":{"name":"(anonymous_20)","decl":{"start":{"line":170,"column":4},"end":{"line":170,"column":8}},"loc":{"start":{"line":170,"column":10},"end":{"line":172,"column":5}}},"21":{"name":"(anonymous_21)","decl":{"start":{"line":173,"column":4},"end":{"line":173,"column":8}},"loc":{"start":{"line":173,"column":21},"end":{"line":177,"column":5}}},"22":{"name":"(anonymous_22)","decl":{"start":{"line":181,"column":4},"end":{"line":181,"column":8}},"loc":{"start":{"line":181,"column":21},"end":{"line":183,"column":5}}},"23":{"name":"(anonymous_23)","decl":{"start":{"line":184,"column":4},"end":{"line":184,"column":8}},"loc":{"start":{"line":184,"column":43},"end":{"line":188,"column":5}}},"24":{"name":"(anonymous_24)","decl":{"start":{"line":192,"column":4},"end":{"line":192,"column":8}},"loc":{"start":{"line":192,"column":20},"end":{"line":194,"column":5}}},"25":{"name":"(anonymous_25)","decl":{"start":{"line":195,"column":4},"end":{"line":195,"column":8}},"loc":{"start":{"line":195,"column":33},"end":{"line":199,"column":5}}},"26":{"name":"(anonymous_26)","decl":{"start":{"line":203,"column":4},"end":{"line":203,"column":8}},"loc":{"start":{"line":203,"column":17},"end":{"line":205,"column":5}}},"27":{"name":"(anonymous_27)","decl":{"start":{"line":206,"column":4},"end":{"line":206,"column":8}},"loc":{"start":{"line":206,"column":27},"end":{"line":210,"column":5}}},"28":{"name":"vector_like","decl":{"start":{"line":213,"column":9},"end":{"line":213,"column":20}},"loc":{"start":{"line":213,"column":57},"end":{"line":221,"column":1}}}},"branchMap":{"0":{"loc":{"start":{"line":42,"column":54},"end":{"line":42,"column":106}},"type":"default-arg","locations":[{"start":{"line":42,"column":93},"end":{"line":42,"column":106}}]},"1":{"loc":{"start":{"line":42,"column":108},"end":{"line":42,"column":114}},"type":"default-arg","locations":[{"start":{"line":42,"column":113},"end":{"line":42,"column":114}}]},"2":{"loc":{"start":{"line":42,"column":116},"end":{"line":42,"column":122}},"type":"default-arg","locations":[{"start":{"line":42,"column":121},"end":{"line":42,"column":122}}]},"3":{"loc":{"start":{"line":42,"column":124},"end":{"line":42,"column":130}},"type":"default-arg","locations":[{"start":{"line":42,"column":129},"end":{"line":42,"column":130}}]},"4":{"loc":{"start":{"line":42,"column":132},"end":{"line":42,"column":138}},"type":"default-arg","locations":[{"start":{"line":42,"column":137},"end":{"line":42,"column":138}}]},"5":{"loc":{"start":{"line":69,"column":8},"end":{"line":71,"column":9}},"type":"if","locations":[{"start":{"line":69,"column":8},"end":{"line":71,"column":9}}]},"6":{"loc":{"start":{"line":72,"column":8},"end":{"line":74,"column":9}},"type":"if","locations":[{"start":{"line":72,"column":8},"end":{"line":74,"column":9}}]},"7":{"loc":{"start":{"line":75,"column":8},"end":{"line":77,"column":9}},"type":"if","locations":[{"start":{"line":75,"column":8},"end":{"line":77,"column":9}}]},"8":{"loc":{"start":{"line":100,"column":8},"end":{"line":102,"column":9}},"type":"if","locations":[{"start":{"line":100,"column":8},"end":{"line":102,"column":9}}]},"9":{"loc":{"start":{"line":141,"column":8},"end":{"line":143,"column":9}},"type":"if","locations":[{"start":{"line":141,"column":8},"end":{"line":143,"column":9}}]},"10":{"loc":{"start":{"line":152,"column":8},"end":{"line":154,"column":9}},"type":"if","locations":[{"start":{"line":152,"column":8},"end":{"line":154,"column":9}}]},"11":{"loc":{"start":{"line":163,"column":8},"end":{"line":165,"column":9}},"type":"if","locations":[{"start":{"line":163,"column":8},"end":{"line":165,"column":9}}]},"12":{"loc":{"start":{"line":174,"column":8},"end":{"line":176,"column":9}},"type":"if","locations":[{"start":{"line":174,"column":8},"end":{"line":176,"column":9}}]},"13":{"loc":{"start":{"line":185,"column":8},"end":{"line":187,"column":9}},"type":"if","locations":[{"start":{"line":185,"column":8},"end":{"line":187,"column":9}}]},"14":{"loc":{"start":{"line":196,"column":8},"end":{"line":198,"column":9}},"type":"if","locations":[{"start":{"line":196,"column":8},"end":{"line":198,"column":9}}]},"15":{"loc":{"start":{"line":207,"column":8},"end":{"line":209,"column":9}},"type":"if","locations":[{"start":{"line":207,"column":8},"end":{"line":209,"column":9}}]},"16":{"loc":{"start":{"line":214,"column":4},"end":{"line":220,"column":5}},"type":"if","locations":[{"start":{"line":214,"column":4},"end":{"line":220,"column":5}},{"start":{"line":216,"column":11},"end":{"line":220,"column":5}}]},"17":{"loc":{"start":{"line":215,"column":15},"end":{"line":215,"column":58}},"type":"cond-expr","locations":[{"start":{"line":215,"column":35},"end":{"line":215,"column":49}},{"start":{"line":215,"column":52},"end":{"line":215,"column":58}}]},"18":{"loc":{"start":{"line":216,"column":11},"end":{"line":220,"column":5}},"type":"if","locations":[{"start":{"line":216,"column":11},"end":{"line":220,"column":5}},{"start":{"line":218,"column":11},"end":{"line":220,"column":5}}]}},"s":{"0":13,"1":13,"2":13,"3":525,"4":525,"5":525,"6":525,"7":525,"8":525,"9":525,"10":525,"11":525,"12":525,"13":525,"14":525,"15":525,"16":525,"17":525,"18":1265,"19":525,"20":939,"21":525,"22":941,"23":0,"24":0,"25":0,"26":0,"27":0,"28":0,"29":82952,"30":111,"31":82952,"32":111,"33":0,"34":0,"35":0,"36":17054,"37":17054,"38":17054,"39":17054,"40":17054,"41":17054,"42":17054,"43":17054,"44":17054,"45":17054,"46":17054,"47":0,"48":61213,"49":22774,"50":518,"51":75707,"52":17057,"53":0,"54":34113,"55":17056,"56":1,"57":34113,"58":17056,"59":1,"60":34113,"61":17056,"62":1,"63":34114,"64":17056,"65":1,"66":34114,"67":17056,"68":1,"69":13,"70":525,"71":521,"72":4,"73":4,"74":0},"f":{"0":525,"1":1265,"2":939,"3":941,"4":0,"5":82952,"6":111,"7":82952,"8":111,"9":0,"10":0,"11":17054,"12":0,"13":242,"14":61213,"15":22774,"16":75707,"17":17057,"18":34113,"19":17056,"20":34113,"21":17056,"22":34113,"23":17056,"24":34114,"25":17056,"26":34114,"27":17056,"28":525},"b":{"0":[434],"1":[521],"2":[521],"3":[521],"4":[521],"5":[0],"6":[0],"7":[0],"8":[0],"9":[518],"10":[0],"11":[1],"12":[1],"13":[1],"14":[1],"15":[1],"16":[521,4],"17":[0,521],"18":[4,0]}}
,"/home/david/Development/g20mono/packages/core/src/lib/ColorManager.ts": {"path":"/home/david/Development/g20mono/packages/core/src/lib/ColorManager.ts","statementMap":{"0":{"start":{"line":1,"column":0},"end":{"line":1,"column":46}},"1":{"start":{"line":2,"column":0},"end":{"line":2,"column":82}},"2":{"start":{"line":13,"column":38},"end":{"line":13,"column":40}},"3":{"start":{"line":17,"column":38},"end":{"line":17,"column":40}},"4":{"start":{"line":19,"column":27},"end":{"line":19,"column":31}},"5":{"start":{"line":20,"column":40},"end":{"line":20,"column":44}},"6":{"start":{"line":32,"column":17},"end":{"line":32,"column":40}},"7":{"start":{"line":34,"column":8},"end":{"line":34,"column":43}},"8":{"start":{"line":37,"column":8},"end":{"line":37,"column":33}},"9":{"start":{"line":40,"column":25},"end":{"line":40,"column":42}},"10":{"start":{"line":41,"column":8},"end":{"line":57,"column":9}},"11":{"start":{"line":42,"column":12},"end":{"line":48,"column":13}},"12":{"start":{"line":43,"column":16},"end":{"line":47,"column":17}},"13":{"start":{"line":44,"column":20},"end":{"line":44,"column":98}},"14":{"start":{"line":46,"column":20},"end":{"line":46,"column":46}},"15":{"start":{"line":49,"column":12},"end":{"line":55,"column":13}},"16":{"start":{"line":50,"column":16},"end":{"line":54,"column":17}},"17":{"start":{"line":51,"column":20},"end":{"line":51,"column":98}},"18":{"start":{"line":53,"column":20},"end":{"line":53,"column":46}},"19":{"start":{"line":56,"column":12},"end":{"line":56,"column":38}},"20":{"start":{"line":60,"column":8},"end":{"line":60,"column":32}},"21":{"start":{"line":61,"column":8},"end":{"line":61,"column":31}},"22":{"start":{"line":62,"column":8},"end":{"line":62,"column":40}},"23":{"start":{"line":63,"column":21},"end":{"line":63,"column":61}},"24":{"start":{"line":64,"column":8},"end":{"line":66,"column":9}},"25":{"start":{"line":65,"column":12},"end":{"line":65,"column":55}},"26":{"start":{"line":67,"column":8},"end":{"line":67,"column":30}},"27":{"start":{"line":68,"column":8},"end":{"line":70,"column":9}},"28":{"start":{"line":69,"column":12},"end":{"line":69,"column":55}},"29":{"start":{"line":71,"column":8},"end":{"line":71,"column":30}},"30":{"start":{"line":74,"column":22},"end":{"line":74,"column":39}},"31":{"start":{"line":75,"column":8},"end":{"line":81,"column":9}},"32":{"start":{"line":76,"column":12},"end":{"line":76,"column":76}},"33":{"start":{"line":77,"column":15},"end":{"line":81,"column":9}},"34":{"start":{"line":78,"column":12},"end":{"line":78,"column":88}},"35":{"start":{"line":80,"column":12},"end":{"line":80,"column":72}},"36":{"start":{"line":9,"column":0},"end":{"line":9,"column":13}}},"fnMap":{"0":{"name":"(anonymous_0)","decl":{"start":{"line":30,"column":4},"end":{"line":30,"column":null}},"loc":{"start":{"line":32,"column":40},"end":{"line":35,"column":5}}},"1":{"name":"(anonymous_1)","decl":{"start":{"line":36,"column":4},"end":{"line":36,"column":7}},"loc":{"start":{"line":36,"column":7},"end":{"line":38,"column":5}}},"2":{"name":"(anonymous_2)","decl":{"start":{"line":39,"column":4},"end":{"line":39,"column":7}},"loc":{"start":{"line":39,"column":23},"end":{"line":58,"column":5}}},"3":{"name":"(anonymous_3)","decl":{"start":{"line":59,"column":4},"end":{"line":59,"column":7}},"loc":{"start":{"line":59,"column":73},"end":{"line":72,"column":5}}},"4":{"name":"(anonymous_4)","decl":{"start":{"line":73,"column":4},"end":{"line":73,"column":10}},"loc":{"start":{"line":73,"column":10},"end":{"line":82,"column":5}}}},"branchMap":{"0":{"loc":{"start":{"line":41,"column":8},"end":{"line":57,"column":9}},"type":"if","locations":[{"start":{"line":41,"column":8},"end":{"line":57,"column":9}}]},"1":{"loc":{"start":{"line":42,"column":12},"end":{"line":48,"column":13}},"type":"if","locations":[{"start":{"line":42,"column":12},"end":{"line":48,"column":13}}]},"2":{"loc":{"start":{"line":43,"column":16},"end":{"line":47,"column":17}},"type":"if","locations":[{"start":{"line":43,"column":16},"end":{"line":47,"column":17}},{"start":{"line":45,"column":23},"end":{"line":47,"column":17}}]},"3":{"loc":{"start":{"line":49,"column":12},"end":{"line":55,"column":13}},"type":"if","locations":[{"start":{"line":49,"column":12},"end":{"line":55,"column":13}}]},"4":{"loc":{"start":{"line":50,"column":16},"end":{"line":54,"column":17}},"type":"if","locations":[{"start":{"line":50,"column":16},"end":{"line":54,"column":17}},{"start":{"line":52,"column":23},"end":{"line":54,"column":17}}]},"5":{"loc":{"start":{"line":75,"column":8},"end":{"line":81,"column":9}},"type":"if","locations":[{"start":{"line":75,"column":8},"end":{"line":81,"column":9}},{"start":{"line":77,"column":15},"end":{"line":81,"column":9}}]},"6":{"loc":{"start":{"line":77,"column":15},"end":{"line":81,"column":9}},"type":"if","locations":[{"start":{"line":77,"column":15},"end":{"line":81,"column":9}},{"start":{"line":79,"column":15},"end":{"line":81,"column":9}}]}},"s":{"0":13,"1":13,"2":92,"3":92,"4":92,"5":92,"6":92,"7":92,"8":0,"9":97,"10":97,"11":92,"12":0,"13":0,"14":0,"15":92,"16":0,"17":0,"18":0,"19":92,"20":90,"21":90,"22":90,"23":90,"24":90,"25":0,"26":90,"27":90,"28":0,"29":90,"30":90,"31":90,"32":90,"33":0,"34":0,"35":0,"36":13},"f":{"0":92,"1":0,"2":97,"3":90,"4":90},"b":{"0":[92],"1":[0],"2":[0,0],"3":[0],"4":[0,0],"5":[90,0],"6":[0,0]}}
,"/home/david/Development/g20mono/packages/core/src/lib/ColoredShapeBase.ts": {"path":"/home/david/Development/g20mono/packages/core/src/lib/ColoredShapeBase.ts","statementMap":{"0":{"start":{"line":1,"column":0},"end":{"line":1,"column":54}},"1":{"start":{"line":3,"column":0},"end":{"line":3,"column":46}},"2":{"start":{"line":5,"column":0},"end":{"line":5,"column":30}},"3":{"start":{"line":8,"column":0},"end":{"line":8,"column":54}},"4":{"start":{"line":30,"column":26},"end":{"line":30,"column":56}},"5":{"start":{"line":31,"column":28},"end":{"line":31,"column":39}},"6":{"start":{"line":36,"column":28},"end":{"line":36,"column":60}},"7":{"start":{"line":37,"column":28},"end":{"line":37,"column":37}},"8":{"start":{"line":38,"column":30},"end":{"line":38,"column":41}},"9":{"start":{"line":40,"column":40},"end":{"line":40,"column":50}},"10":{"start":{"line":42,"column":131},"end":{"line":42,"column":143}},"11":{"start":{"line":45,"column":8},"end":{"line":45,"column":66}},"12":{"start":{"line":47,"column":8},"end":{"line":49,"column":9}},"13":{"start":{"line":48,"column":12},"end":{"line":48,"column":41}},"14":{"start":{"line":51,"column":8},"end":{"line":53,"column":9}},"15":{"start":{"line":52,"column":12},"end":{"line":52,"column":47}},"16":{"start":{"line":55,"column":8},"end":{"line":59,"column":9}},"17":{"start":{"line":56,"column":12},"end":{"line":56,"column":51}},"18":{"start":{"line":58,"column":12},"end":{"line":58,"column":35}},"19":{"start":{"line":61,"column":8},"end":{"line":63,"column":9}},"20":{"start":{"line":62,"column":12},"end":{"line":62,"column":51}},"21":{"start":{"line":65,"column":8},"end":{"line":69,"column":9}},"22":{"start":{"line":66,"column":12},"end":{"line":66,"column":51}},"23":{"start":{"line":68,"column":12},"end":{"line":68,"column":33}},"24":{"start":{"line":71,"column":8},"end":{"line":75,"column":9}},"25":{"start":{"line":72,"column":12},"end":{"line":72,"column":55}},"26":{"start":{"line":74,"column":12},"end":{"line":74,"column":37}},"27":{"start":{"line":77,"column":8},"end":{"line":79,"column":9}},"28":{"start":{"line":78,"column":12},"end":{"line":78,"column":53}},"29":{"start":{"line":87,"column":8},"end":{"line":87,"column":34}},"30":{"start":{"line":90,"column":8},"end":{"line":92,"column":9}},"31":{"start":{"line":91,"column":12},"end":{"line":91,"column":37}},"32":{"start":{"line":95,"column":8},"end":{"line":95,"column":37}},"33":{"start":{"line":98,"column":8},"end":{"line":98,"column":34}},"34":{"start":{"line":99,"column":8},"end":{"line":99,"column":41}},"35":{"start":{"line":102,"column":8},"end":{"line":102,"column":39}},"36":{"start":{"line":105,"column":8},"end":{"line":105,"column":43}},"37":{"start":{"line":108,"column":8},"end":{"line":108,"column":39}},"38":{"start":{"line":111,"column":8},"end":{"line":111,"column":38}},"39":{"start":{"line":112,"column":8},"end":{"line":112,"column":43}},"40":{"start":{"line":115,"column":8},"end":{"line":115,"column":41}},"41":{"start":{"line":118,"column":8},"end":{"line":118,"column":47}},"42":{"start":{"line":121,"column":8},"end":{"line":121,"column":39}},"43":{"start":{"line":124,"column":8},"end":{"line":130,"column":9}},"44":{"start":{"line":125,"column":12},"end":{"line":129,"column":13}},"45":{"start":{"line":128,"column":16},"end":{"line":128,"column":51}},"46":{"start":{"line":133,"column":8},"end":{"line":133,"column":40}},"47":{"start":{"line":136,"column":8},"end":{"line":136,"column":45}},"48":{"start":{"line":142,"column":8},"end":{"line":142,"column":32}},"49":{"start":{"line":143,"column":8},"end":{"line":143,"column":20}},"50":{"start":{"line":150,"column":8},"end":{"line":150,"column":34}},"51":{"start":{"line":151,"column":8},"end":{"line":151,"column":20}},"52":{"start":{"line":155,"column":8},"end":{"line":257,"column":9}},"53":{"start":{"line":156,"column":12},"end":{"line":156,"column":70}},"54":{"start":{"line":157,"column":12},"end":{"line":157,"column":72}},"55":{"start":{"line":160,"column":12},"end":{"line":172,"column":14}},"56":{"start":{"line":162,"column":35},"end":{"line":162,"column":46}},"57":{"start":{"line":163,"column":20},"end":{"line":167,"column":21}},"58":{"start":{"line":164,"column":24},"end":{"line":164,"column":110}},"59":{"start":{"line":166,"column":24},"end":{"line":166,"column":90}},"60":{"start":{"line":168,"column":20},"end":{"line":170,"column":22}},"61":{"start":{"line":175,"column":12},"end":{"line":182,"column":14}},"62":{"start":{"line":177,"column":20},"end":{"line":177,"column":45}},"63":{"start":{"line":178,"column":20},"end":{"line":180,"column":22}},"64":{"start":{"line":185,"column":12},"end":{"line":197,"column":14}},"65":{"start":{"line":187,"column":40},"end":{"line":187,"column":56}},"66":{"start":{"line":188,"column":20},"end":{"line":192,"column":21}},"67":{"start":{"line":189,"column":24},"end":{"line":189,"column":101}},"68":{"start":{"line":191,"column":24},"end":{"line":191,"column":86}},"69":{"start":{"line":193,"column":20},"end":{"line":195,"column":22}},"70":{"start":{"line":200,"column":12},"end":{"line":207,"column":14}},"71":{"start":{"line":202,"column":20},"end":{"line":202,"column":47}},"72":{"start":{"line":203,"column":20},"end":{"line":205,"column":22}},"73":{"start":{"line":210,"column":12},"end":{"line":222,"column":14}},"74":{"start":{"line":212,"column":42},"end":{"line":212,"column":60}},"75":{"start":{"line":213,"column":20},"end":{"line":217,"column":21}},"76":{"start":{"line":214,"column":24},"end":{"line":214,"column":105}},"77":{"start":{"line":216,"column":24},"end":{"line":216,"column":88}},"78":{"start":{"line":218,"column":20},"end":{"line":220,"column":22}},"79":{"start":{"line":225,"column":12},"end":{"line":237,"column":14}},"80":{"start":{"line":227,"column":40},"end":{"line":227,"column":56}},"81":{"start":{"line":228,"column":20},"end":{"line":232,"column":21}},"82":{"start":{"line":229,"column":24},"end":{"line":229,"column":101}},"83":{"start":{"line":231,"column":24},"end":{"line":231,"column":86}},"84":{"start":{"line":233,"column":20},"end":{"line":235,"column":22}},"85":{"start":{"line":240,"column":12},"end":{"line":252,"column":14}},"86":{"start":{"line":242,"column":41},"end":{"line":242,"column":58}},"87":{"start":{"line":243,"column":20},"end":{"line":247,"column":21}},"88":{"start":{"line":244,"column":24},"end":{"line":244,"column":103}},"89":{"start":{"line":246,"column":24},"end":{"line":246,"column":87}},"90":{"start":{"line":248,"column":20},"end":{"line":250,"column":22}},"91":{"start":{"line":254,"column":12},"end":{"line":254,"column":61}},"92":{"start":{"line":256,"column":12},"end":{"line":256,"column":30}},"93":{"start":{"line":26,"column":0},"end":{"line":26,"column":22}},"94":{"start":{"line":262,"column":42},"end":{"line":270,"column":6}},"95":{"start":{"line":271,"column":4},"end":{"line":271,"column":18}}},"fnMap":{"0":{"name":"(anonymous_0)","decl":{"start":{"line":44,"column":4},"end":{"line":44,"column":16}},"loc":{"start":{"line":44,"column":63},"end":{"line":80,"column":5}}},"1":{"name":"(anonymous_1)","decl":{"start":{"line":86,"column":4},"end":{"line":86,"column":8}},"loc":{"start":{"line":86,"column":14},"end":{"line":88,"column":5}}},"2":{"name":"(anonymous_2)","decl":{"start":{"line":89,"column":4},"end":{"line":89,"column":8}},"loc":{"start":{"line":89,"column":31},"end":{"line":93,"column":5}}},"3":{"name":"(anonymous_3)","decl":{"start":{"line":94,"column":4},"end":{"line":94,"column":8}},"loc":{"start":{"line":94,"column":17},"end":{"line":96,"column":5}}},"4":{"name":"(anonymous_4)","decl":{"start":{"line":97,"column":4},"end":{"line":97,"column":8}},"loc":{"start":{"line":97,"column":29},"end":{"line":100,"column":5}}},"5":{"name":"(anonymous_5)","decl":{"start":{"line":101,"column":4},"end":{"line":101,"column":8}},"loc":{"start":{"line":101,"column":19},"end":{"line":103,"column":5}}},"6":{"name":"(anonymous_6)","decl":{"start":{"line":104,"column":4},"end":{"line":104,"column":8}},"loc":{"start":{"line":104,"column":39},"end":{"line":106,"column":5}}},"7":{"name":"(anonymous_7)","decl":{"start":{"line":107,"column":4},"end":{"line":107,"column":8}},"loc":{"start":{"line":107,"column":19},"end":{"line":109,"column":5}}},"8":{"name":"(anonymous_8)","decl":{"start":{"line":110,"column":4},"end":{"line":110,"column":8}},"loc":{"start":{"line":110,"column":33},"end":{"line":113,"column":5}}},"9":{"name":"(anonymous_9)","decl":{"start":{"line":114,"column":4},"end":{"line":114,"column":8}},"loc":{"start":{"line":114,"column":21},"end":{"line":116,"column":5}}},"10":{"name":"(anonymous_10)","decl":{"start":{"line":117,"column":4},"end":{"line":117,"column":8}},"loc":{"start":{"line":117,"column":43},"end":{"line":119,"column":5}}},"11":{"name":"(anonymous_11)","decl":{"start":{"line":120,"column":4},"end":{"line":120,"column":8}},"loc":{"start":{"line":120,"column":19},"end":{"line":122,"column":5}}},"12":{"name":"(anonymous_12)","decl":{"start":{"line":123,"column":4},"end":{"line":123,"column":8}},"loc":{"start":{"line":123,"column":39},"end":{"line":131,"column":5}}},"13":{"name":"(anonymous_13)","decl":{"start":{"line":132,"column":4},"end":{"line":132,"column":8}},"loc":{"start":{"line":132,"column":20},"end":{"line":134,"column":5}}},"14":{"name":"(anonymous_14)","decl":{"start":{"line":135,"column":4},"end":{"line":135,"column":8}},"loc":{"start":{"line":135,"column":128},"end":{"line":137,"column":5}}},"15":{"name":"(anonymous_15)","decl":{"start":{"line":141,"column":4},"end":{"line":141,"column":10}},"loc":{"start":{"line":141,"column":10},"end":{"line":144,"column":5}}},"16":{"name":"(anonymous_16)","decl":{"start":{"line":149,"column":4},"end":{"line":149,"column":12}},"loc":{"start":{"line":149,"column":12},"end":{"line":152,"column":5}}},"17":{"name":"(anonymous_17)","decl":{"start":{"line":153,"column":13},"end":{"line":153,"column":19}},"loc":{"start":{"line":153,"column":87},"end":{"line":258,"column":5}}},"18":{"name":"(anonymous_18)","decl":{"start":{"line":161,"column":23},"end":{"line":161,"column":26}},"loc":{"start":{"line":161,"column":28},"end":{"line":171,"column":17}}},"19":{"name":"(anonymous_19)","decl":{"start":{"line":168,"column":27},"end":{"line":168,"column":null}},"loc":{"start":{"line":168,"column":27},"end":{"line":170,"column":21}}},"20":{"name":"(anonymous_20)","decl":{"start":{"line":176,"column":23},"end":{"line":176,"column":26}},"loc":{"start":{"line":176,"column":28},"end":{"line":181,"column":17}}},"21":{"name":"(anonymous_21)","decl":{"start":{"line":178,"column":27},"end":{"line":178,"column":null}},"loc":{"start":{"line":178,"column":27},"end":{"line":180,"column":21}}},"22":{"name":"(anonymous_22)","decl":{"start":{"line":186,"column":23},"end":{"line":186,"column":26}},"loc":{"start":{"line":186,"column":28},"end":{"line":196,"column":17}}},"23":{"name":"(anonymous_23)","decl":{"start":{"line":193,"column":27},"end":{"line":193,"column":null}},"loc":{"start":{"line":193,"column":27},"end":{"line":195,"column":21}}},"24":{"name":"(anonymous_24)","decl":{"start":{"line":201,"column":23},"end":{"line":201,"column":26}},"loc":{"start":{"line":201,"column":28},"end":{"line":206,"column":17}}},"25":{"name":"(anonymous_25)","decl":{"start":{"line":203,"column":27},"end":{"line":203,"column":null}},"loc":{"start":{"line":203,"column":27},"end":{"line":205,"column":21}}},"26":{"name":"(anonymous_26)","decl":{"start":{"line":211,"column":23},"end":{"line":211,"column":26}},"loc":{"start":{"line":211,"column":28},"end":{"line":221,"column":17}}},"27":{"name":"(anonymous_27)","decl":{"start":{"line":218,"column":27},"end":{"line":218,"column":null}},"loc":{"start":{"line":218,"column":27},"end":{"line":220,"column":21}}},"28":{"name":"(anonymous_28)","decl":{"start":{"line":226,"column":23},"end":{"line":226,"column":26}},"loc":{"start":{"line":226,"column":28},"end":{"line":236,"column":17}}},"29":{"name":"(anonymous_29)","decl":{"start":{"line":233,"column":27},"end":{"line":233,"column":null}},"loc":{"start":{"line":233,"column":27},"end":{"line":235,"column":21}}},"30":{"name":"(anonymous_30)","decl":{"start":{"line":241,"column":23},"end":{"line":241,"column":26}},"loc":{"start":{"line":241,"column":28},"end":{"line":251,"column":17}}},"31":{"name":"(anonymous_31)","decl":{"start":{"line":248,"column":27},"end":{"line":248,"column":null}},"loc":{"start":{"line":248,"column":27},"end":{"line":250,"column":21}}},"32":{"name":"shape_attribs_from_colored_attribs","decl":{"start":{"line":261,"column":9},"end":{"line":261,"column":43}},"loc":{"start":{"line":261,"column":72},"end":{"line":272,"column":1}}}},"branchMap":{"0":{"loc":{"start":{"line":44,"column":30},"end":{"line":44,"column":63}},"type":"default-arg","locations":[{"start":{"line":44,"column":61},"end":{"line":44,"column":63}}]},"1":{"loc":{"start":{"line":47,"column":8},"end":{"line":49,"column":9}},"type":"if","locations":[{"start":{"line":47,"column":8},"end":{"line":49,"column":9}}]},"2":{"loc":{"start":{"line":51,"column":8},"end":{"line":53,"column":9}},"type":"if","locations":[{"start":{"line":51,"column":8},"end":{"line":53,"column":9}}]},"3":{"loc":{"start":{"line":55,"column":8},"end":{"line":59,"column":9}},"type":"if","locations":[{"start":{"line":55,"column":8},"end":{"line":59,"column":9}},{"start":{"line":57,"column":15},"end":{"line":59,"column":9}}]},"4":{"loc":{"start":{"line":61,"column":8},"end":{"line":63,"column":9}},"type":"if","locations":[{"start":{"line":61,"column":8},"end":{"line":63,"column":9}}]},"5":{"loc":{"start":{"line":65,"column":8},"end":{"line":69,"column":9}},"type":"if","locations":[{"start":{"line":65,"column":8},"end":{"line":69,"column":9}},{"start":{"line":67,"column":15},"end":{"line":69,"column":9}}]},"6":{"loc":{"start":{"line":71,"column":8},"end":{"line":75,"column":9}},"type":"if","locations":[{"start":{"line":71,"column":8},"end":{"line":75,"column":9}},{"start":{"line":73,"column":15},"end":{"line":75,"column":9}}]},"7":{"loc":{"start":{"line":77,"column":8},"end":{"line":79,"column":9}},"type":"if","locations":[{"start":{"line":77,"column":8},"end":{"line":79,"column":9}}]},"8":{"loc":{"start":{"line":90,"column":8},"end":{"line":92,"column":9}},"type":"if","locations":[{"start":{"line":90,"column":8},"end":{"line":92,"column":9}}]},"9":{"loc":{"start":{"line":124,"column":8},"end":{"line":130,"column":9}},"type":"if","locations":[{"start":{"line":124,"column":8},"end":{"line":130,"column":9}}]},"10":{"loc":{"start":{"line":125,"column":12},"end":{"line":129,"column":13}},"type":"if","locations":[{"start":{"line":125,"column":12},"end":{"line":129,"column":13}},{"start":{"line":127,"column":19},"end":{"line":129,"column":13}}]},"11":{"loc":{"start":{"line":155,"column":8},"end":{"line":257,"column":9}},"type":"if","locations":[{"start":{"line":155,"column":8},"end":{"line":257,"column":9}},{"start":{"line":255,"column":15},"end":{"line":257,"column":9}}]},"12":{"loc":{"start":{"line":163,"column":20},"end":{"line":167,"column":21}},"type":"if","locations":[{"start":{"line":163,"column":20},"end":{"line":167,"column":21}},{"start":{"line":165,"column":27},"end":{"line":167,"column":21}}]},"13":{"loc":{"start":{"line":163,"column":24},"end":{"line":163,"column":66}},"type":"binary-expr","locations":[{"start":{"line":163,"column":24},"end":{"line":163,"column":45}},{"start":{"line":163,"column":49},"end":{"line":163,"column":66}}]},"14":{"loc":{"start":{"line":188,"column":20},"end":{"line":192,"column":21}},"type":"if","locations":[{"start":{"line":188,"column":20},"end":{"line":192,"column":21}},{"start":{"line":190,"column":27},"end":{"line":192,"column":21}}]},"15":{"loc":{"start":{"line":213,"column":20},"end":{"line":217,"column":21}},"type":"if","locations":[{"start":{"line":213,"column":20},"end":{"line":217,"column":21}},{"start":{"line":215,"column":27},"end":{"line":217,"column":21}}]},"16":{"loc":{"start":{"line":228,"column":20},"end":{"line":232,"column":21}},"type":"if","locations":[{"start":{"line":228,"column":20},"end":{"line":232,"column":21}},{"start":{"line":230,"column":27},"end":{"line":232,"column":21}}]},"17":{"loc":{"start":{"line":243,"column":20},"end":{"line":247,"column":21}},"type":"if","locations":[{"start":{"line":243,"column":20},"end":{"line":247,"column":21}},{"start":{"line":245,"column":27},"end":{"line":247,"column":21}}]}},"s":{"0":13,"1":13,"2":13,"3":13,"4":46,"5":46,"6":46,"7":46,"8":46,"9":46,"10":46,"11":46,"12":46,"13":0,"14":46,"15":46,"16":46,"17":0,"18":46,"19":46,"20":46,"21":46,"22":46,"23":0,"24":46,"25":0,"26":46,"27":46,"28":0,"29":45,"30":0,"31":0,"32":0,"33":51,"34":51,"35":45,"36":46,"37":0,"38":46,"39":46,"40":45,"41":46,"42":49,"43":46,"44":46,"45":46,"46":45,"47":0,"48":5,"49":5,"50":0,"51":0,"52":45,"53":45,"54":45,"55":45,"56":45,"57":45,"58":0,"59":45,"60":45,"61":45,"62":45,"63":45,"64":45,"65":45,"66":45,"67":0,"68":45,"69":45,"70":45,"71":45,"72":45,"73":45,"74":45,"75":45,"76":0,"77":45,"78":45,"79":45,"80":45,"81":45,"82":45,"83":0,"84":45,"85":45,"86":45,"87":45,"88":0,"89":45,"90":45,"91":45,"92":0,"93":13,"94":46,"95":46},"f":{"0":46,"1":45,"2":0,"3":0,"4":51,"5":45,"6":46,"7":0,"8":46,"9":45,"10":46,"11":49,"12":46,"13":45,"14":0,"15":5,"16":0,"17":45,"18":45,"19":40,"20":45,"21":40,"22":45,"23":40,"24":45,"25":40,"26":45,"27":40,"28":45,"29":40,"30":45,"31":40,"32":46},"b":{"0":[0],"1":[0],"2":[46],"3":[0,46],"4":[46],"5":[46,0],"6":[0,46],"7":[0],"8":[0],"9":[46],"10":[0,46],"11":[45,0],"12":[0,45],"13":[45,45],"14":[0,45],"15":[0,45],"16":[45,0],"17":[0,45]}}
,"/home/david/Development/g20mono/packages/core/src/lib/Defaults.ts": {"path":"/home/david/Development/g20mono/packages/core/src/lib/Defaults.ts","statementMap":{"0":{"start":{"line":14,"column":15},"end":{"line":14,"column":37}},"1":{"start":{"line":15,"column":18},"end":{"line":15,"column":41}},"2":{"start":{"line":18,"column":123},"end":{"line":18,"column":125}},"3":{"start":{"line":19,"column":149},"end":{"line":19,"column":151}},"4":{"start":{"line":20,"column":122},"end":{"line":20,"column":124}},"5":{"start":{"line":21,"column":124},"end":{"line":21,"column":126}},"6":{"start":{"line":22,"column":118},"end":{"line":22,"column":120}},"7":{"start":{"line":23,"column":142},"end":{"line":23,"column":144}},"8":{"start":{"line":24,"column":124},"end":{"line":24,"column":126}},"9":{"start":{"line":25,"column":128},"end":{"line":25,"column":130}},"10":{"start":{"line":26,"column":130},"end":{"line":26,"column":132}},"11":{"start":{"line":28,"column":8},"end":{"line":28,"column":21}},"12":{"start":{"line":31,"column":8},"end":{"line":31,"column":36}},"13":{"start":{"line":32,"column":8},"end":{"line":32,"column":36}},"14":{"start":{"line":33,"column":8},"end":{"line":33,"column":38}},"15":{"start":{"line":34,"column":8},"end":{"line":34,"column":38}},"16":{"start":{"line":35,"column":8},"end":{"line":35,"column":36}},"17":{"start":{"line":37,"column":8},"end":{"line":37,"column":38}},"18":{"start":{"line":38,"column":8},"end":{"line":38,"column":38}},"19":{"start":{"line":39,"column":8},"end":{"line":39,"column":41}},"20":{"start":{"line":40,"column":8},"end":{"line":40,"column":37}},"21":{"start":{"line":41,"column":8},"end":{"line":41,"column":40}},"22":{"start":{"line":42,"column":8},"end":{"line":42,"column":40}},"23":{"start":{"line":43,"column":8},"end":{"line":43,"column":38}},"24":{"start":{"line":45,"column":8},"end":{"line":45,"column":39}},"25":{"start":{"line":46,"column":8},"end":{"line":46,"column":39}},"26":{"start":{"line":47,"column":8},"end":{"line":47,"column":41}},"27":{"start":{"line":48,"column":8},"end":{"line":48,"column":41}},"28":{"start":{"line":49,"column":8},"end":{"line":49,"column":39}},"29":{"start":{"line":51,"column":8},"end":{"line":51,"column":40}},"30":{"start":{"line":52,"column":8},"end":{"line":52,"column":40}},"31":{"start":{"line":53,"column":8},"end":{"line":53,"column":42}},"32":{"start":{"line":54,"column":8},"end":{"line":54,"column":42}},"33":{"start":{"line":55,"column":8},"end":{"line":55,"column":40}},"34":{"start":{"line":57,"column":8},"end":{"line":57,"column":37}},"35":{"start":{"line":58,"column":8},"end":{"line":58,"column":37}},"36":{"start":{"line":59,"column":8},"end":{"line":59,"column":39}},"37":{"start":{"line":60,"column":8},"end":{"line":60,"column":39}},"38":{"start":{"line":61,"column":8},"end":{"line":61,"column":37}},"39":{"start":{"line":63,"column":8},"end":{"line":63,"column":38}},"40":{"start":{"line":64,"column":8},"end":{"line":64,"column":38}},"41":{"start":{"line":65,"column":8},"end":{"line":65,"column":40}},"42":{"start":{"line":66,"column":8},"end":{"line":66,"column":38}},"43":{"start":{"line":67,"column":8},"end":{"line":67,"column":38}},"44":{"start":{"line":68,"column":8},"end":{"line":68,"column":38}},"45":{"start":{"line":70,"column":8},"end":{"line":70,"column":40}},"46":{"start":{"line":71,"column":8},"end":{"line":71,"column":40}},"47":{"start":{"line":72,"column":8},"end":{"line":72,"column":42}},"48":{"start":{"line":73,"column":8},"end":{"line":73,"column":42}},"49":{"start":{"line":74,"column":8},"end":{"line":74,"column":40}},"50":{"start":{"line":76,"column":8},"end":{"line":76,"column":42}},"51":{"start":{"line":77,"column":8},"end":{"line":77,"column":42}},"52":{"start":{"line":78,"column":8},"end":{"line":78,"column":44}},"53":{"start":{"line":79,"column":8},"end":{"line":79,"column":44}},"54":{"start":{"line":80,"column":8},"end":{"line":80,"column":42}},"55":{"start":{"line":82,"column":8},"end":{"line":82,"column":37}},"56":{"start":{"line":83,"column":8},"end":{"line":83,"column":37}},"57":{"start":{"line":84,"column":8},"end":{"line":84,"column":44}},"58":{"start":{"line":85,"column":8},"end":{"line":85,"column":32}},"59":{"start":{"line":86,"column":8},"end":{"line":86,"column":39}},"60":{"start":{"line":87,"column":8},"end":{"line":87,"column":39}},"61":{"start":{"line":17,"column":0},"end":{"line":17,"column":13}}},"fnMap":{"0":{"name":"(anonymous_0)","decl":{"start":{"line":27,"column":4},"end":{"line":27,"column":null}},"loc":{"start":{"line":27,"column":4},"end":{"line":29,"column":5}}},"1":{"name":"(anonymous_1)","decl":{"start":{"line":30,"column":4},"end":{"line":30,"column":9}},"loc":{"start":{"line":30,"column":9},"end":{"line":88,"column":5}}}},"branchMap":{},"s":{"0":13,"1":13,"2":45,"3":45,"4":45,"5":45,"6":45,"7":45,"8":45,"9":45,"10":45,"11":45,"12":45,"13":45,"14":45,"15":45,"16":45,"17":45,"18":45,"19":45,"20":45,"21":45,"22":45,"23":45,"24":45,"25":45,"26":45,"27":45,"28":45,"29":45,"30":45,"31":45,"32":45,"33":45,"34":45,"35":45,"36":45,"37":45,"38":45,"39":45,"40":45,"41":45,"42":45,"43":45,"44":45,"45":45,"46":45,"47":45,"48":45,"49":45,"50":45,"51":45,"52":45,"53":45,"54":45,"55":45,"56":45,"57":45,"58":45,"59":45,"60":45,"61":13},"f":{"0":45,"1":45},"b":{}}
,"/home/david/Development/g20mono/packages/core/src/lib/Flag.ts": {"path":"/home/david/Development/g20mono/packages/core/src/lib/Flag.ts","statementMap":{"0":{"start":{"line":1,"column":0},"end":{"line":1,"column":null}},"1":{"start":{"line":2,"column":4},"end":{"line":2,"column":null}},"2":{"start":{"line":3,"column":4},"end":{"line":3,"column":null}},"3":{"start":{"line":4,"column":4},"end":{"line":4,"column":null}},"4":{"start":{"line":5,"column":4},"end":{"line":5,"column":null}},"5":{"start":{"line":6,"column":4},"end":{"line":6,"column":null}},"6":{"start":{"line":7,"column":4},"end":{"line":7,"column":null}},"7":{"start":{"line":8,"column":4},"end":{"line":8,"column":null}},"8":{"start":{"line":9,"column":4},"end":{"line":9,"column":null}},"9":{"start":{"line":10,"column":4},"end":{"line":10,"column":null}},"10":{"start":{"line":11,"column":4},"end":{"line":11,"column":null}},"11":{"start":{"line":12,"column":4},"end":{"line":12,"column":null}},"12":{"start":{"line":13,"column":4},"end":{"line":13,"column":null}},"13":{"start":{"line":14,"column":4},"end":{"line":14,"column":null}},"14":{"start":{"line":15,"column":4},"end":{"line":15,"column":null}},"15":{"start":{"line":16,"column":4},"end":{"line":16,"column":null}},"16":{"start":{"line":17,"column":4},"end":{"line":17,"column":null}},"17":{"start":{"line":18,"column":4},"end":{"line":18,"column":null}}},"fnMap":{"0":{"name":"(anonymous_0)","decl":{"start":{"line":1,"column":0},"end":{"line":1,"column":12}},"loc":{"start":{"line":1,"column":16},"end":{"line":19,"column":1}}}},"branchMap":{"0":{"loc":{"start":{"line":1,"column":12},"end":{"line":1,"column":null}},"type":"binary-expr","locations":[{"start":{"line":1,"column":12},"end":{"line":1,"column":16}},{"start":{"line":1,"column":16},"end":{"line":1,"column":null}}]}},"s":{"0":13,"1":13,"2":13,"3":13,"4":13,"5":13,"6":13,"7":13,"8":13,"9":13,"10":13,"11":13,"12":13,"13":13,"14":13,"15":13,"16":13,"17":13},"f":{"0":13},"b":{"0":[13,13]}}
,"/home/david/Development/g20mono/packages/core/src/lib/GraphicsBoard.ts": {"path":"/home/david/Development/g20mono/packages/core/src/lib/GraphicsBoard.ts","statementMap":{"0":{"start":{"line":1,"column":0},"end":{"line":1,"column":74}},"1":{"start":{"line":2,"column":0},"end":{"line":2,"column":34}},"2":{"start":{"line":4,"column":0},"end":{"line":4,"column":38}},"3":{"start":{"line":6,"column":0},"end":{"line":6,"column":32}},"4":{"start":{"line":7,"column":0},"end":{"line":7,"column":45}},"5":{"start":{"line":8,"column":0},"end":{"line":8,"column":43}},"6":{"start":{"line":9,"column":0},"end":{"line":9,"column":84}},"7":{"start":{"line":10,"column":0},"end":{"line":10,"column":46}},"8":{"start":{"line":14,"column":0},"end":{"line":14,"column":68}},"9":{"start":{"line":15,"column":0},"end":{"line":15,"column":53}},"10":{"start":{"line":16,"column":0},"end":{"line":16,"column":56}},"11":{"start":{"line":17,"column":0},"end":{"line":17,"column":59}},"12":{"start":{"line":18,"column":0},"end":{"line":18,"column":50}},"13":{"start":{"line":19,"column":0},"end":{"line":19,"column":53}},"14":{"start":{"line":20,"column":0},"end":{"line":20,"column":59}},"15":{"start":{"line":21,"column":0},"end":{"line":21,"column":65}},"16":{"start":{"line":22,"column":0},"end":{"line":22,"column":43}},"17":{"start":{"line":23,"column":0},"end":{"line":23,"column":54}},"18":{"start":{"line":24,"column":0},"end":{"line":24,"column":56}},"19":{"start":{"line":25,"column":0},"end":{"line":25,"column":112}},"20":{"start":{"line":26,"column":0},"end":{"line":26,"column":47}},"21":{"start":{"line":40,"column":34},"end":{"line":40,"column":48}},"22":{"start":{"line":41,"column":42},"end":{"line":41,"column":44}},"23":{"start":{"line":56,"column":21},"end":{"line":56,"column":76}},"24":{"start":{"line":57,"column":22},"end":{"line":57,"column":31}},"25":{"start":{"line":64,"column":27},"end":{"line":64,"column":36}},"26":{"start":{"line":67,"column":31},"end":{"line":67,"column":35}},"27":{"start":{"line":68,"column":31},"end":{"line":68,"column":35}},"28":{"start":{"line":70,"column":48},"end":{"line":75,"column":6}},"29":{"start":{"line":79,"column":41},"end":{"line":82,"column":6}},"30":{"start":{"line":80,"column":21},"end":{"line":80,"column":42}},"31":{"start":{"line":81,"column":8},"end":{"line":81,"column":38}},"32":{"start":{"line":83,"column":41},"end":{"line":86,"column":6}},"33":{"start":{"line":84,"column":21},"end":{"line":84,"column":42}},"34":{"start":{"line":85,"column":8},"end":{"line":85,"column":38}},"35":{"start":{"line":89,"column":8},"end":{"line":89,"column":38}},"36":{"start":{"line":90,"column":8},"end":{"line":90,"column":32}},"37":{"start":{"line":92,"column":26},"end":{"line":92,"column":64}},"38":{"start":{"line":93,"column":29},"end":{"line":93,"column":70}},"39":{"start":{"line":95,"column":8},"end":{"line":95,"column":79}},"40":{"start":{"line":96,"column":8},"end":{"line":96,"column":46}},"41":{"start":{"line":98,"column":8},"end":{"line":104,"column":9}},"42":{"start":{"line":99,"column":25},"end":{"line":99,"column":69}},"43":{"start":{"line":100,"column":24},"end":{"line":100,"column":66}},"44":{"start":{"line":101,"column":26},"end":{"line":101,"column":70}},"45":{"start":{"line":102,"column":27},"end":{"line":102,"column":73}},"46":{"start":{"line":103,"column":12},"end":{"line":103,"column":64}},"47":{"start":{"line":106,"column":8},"end":{"line":106,"column":75}},"48":{"start":{"line":107,"column":8},"end":{"line":107,"column":39}},"49":{"start":{"line":109,"column":8},"end":{"line":116,"column":9}},"50":{"start":{"line":110,"column":12},"end":{"line":110,"column":77}},"51":{"start":{"line":111,"column":12},"end":{"line":113,"column":13}},"52":{"start":{"line":112,"column":16},"end":{"line":112,"column":67}},"53":{"start":{"line":115,"column":12},"end":{"line":115,"column":59}},"54":{"start":{"line":118,"column":39},"end":{"line":118,"column":69}},"55":{"start":{"line":120,"column":8},"end":{"line":120,"column":79}},"56":{"start":{"line":122,"column":8},"end":{"line":126,"column":9}},"57":{"start":{"line":123,"column":12},"end":{"line":123,"column":47}},"58":{"start":{"line":124,"column":12},"end":{"line":124,"column":37}},"59":{"start":{"line":125,"column":12},"end":{"line":125,"column":34}},"60":{"start":{"line":128,"column":8},"end":{"line":130,"column":9}},"61":{"start":{"line":129,"column":12},"end":{"line":129,"column":37}},"62":{"start":{"line":132,"column":8},"end":{"line":134,"column":9}},"63":{"start":{"line":133,"column":12},"end":{"line":133,"column":56}},"64":{"start":{"line":137,"column":8},"end":{"line":146,"column":10}},"65":{"start":{"line":139,"column":30},"end":{"line":139,"column":46}},"66":{"start":{"line":140,"column":31},"end":{"line":140,"column":48}},"67":{"start":{"line":141,"column":16},"end":{"line":141,"column":35}},"68":{"start":{"line":142,"column":16},"end":{"line":142,"column":37}},"69":{"start":{"line":143,"column":16},"end":{"line":143,"column":40}},"70":{"start":{"line":144,"column":16},"end":{"line":144,"column":50}},"71":{"start":{"line":150,"column":8},"end":{"line":150,"column":35}},"72":{"start":{"line":151,"column":8},"end":{"line":151,"column":35}},"73":{"start":{"line":159,"column":45},"end":{"line":159,"column":66}},"74":{"start":{"line":160,"column":19},"end":{"line":160,"column":29}},"75":{"start":{"line":161,"column":19},"end":{"line":161,"column":30}},"76":{"start":{"line":162,"column":19},"end":{"line":162,"column":31}},"77":{"start":{"line":163,"column":19},"end":{"line":163,"column":31}},"78":{"start":{"line":165,"column":19},"end":{"line":165,"column":36}},"79":{"start":{"line":166,"column":19},"end":{"line":166,"column":36}},"80":{"start":{"line":167,"column":18},"end":{"line":167,"column":35}},"81":{"start":{"line":168,"column":18},"end":{"line":168,"column":34}},"82":{"start":{"line":169,"column":8},"end":{"line":169,"column":34}},"83":{"start":{"line":170,"column":8},"end":{"line":170,"column":30}},"84":{"start":{"line":171,"column":8},"end":{"line":171,"column":30}},"85":{"start":{"line":172,"column":8},"end":{"line":187,"column":9}},"86":{"start":{"line":173,"column":12},"end":{"line":178,"column":13}},"87":{"start":{"line":175,"column":16},"end":{"line":175,"column":61}},"88":{"start":{"line":180,"column":12},"end":{"line":186,"column":13}},"89":{"start":{"line":182,"column":16},"end":{"line":182,"column":56}},"90":{"start":{"line":185,"column":16},"end":{"line":185,"column":61}},"91":{"start":{"line":191,"column":8},"end":{"line":191,"column":33}},"92":{"start":{"line":220,"column":8},"end":{"line":220,"column":33}},"93":{"start":{"line":236,"column":8},"end":{"line":236,"column":38}},"94":{"start":{"line":240,"column":8},"end":{"line":240,"column":32}},"95":{"start":{"line":243,"column":8},"end":{"line":243,"column":30}},"96":{"start":{"line":247,"column":8},"end":{"line":247,"column":32}},"97":{"start":{"line":250,"column":8},"end":{"line":250,"column":30}},"98":{"start":{"line":254,"column":8},"end":{"line":254,"column":27}},"99":{"start":{"line":258,"column":8},"end":{"line":258,"column":38}},"100":{"start":{"line":261,"column":21},"end":{"line":261,"column":37}},"101":{"start":{"line":262,"column":8},"end":{"line":262,"column":27}},"102":{"start":{"line":263,"column":8},"end":{"line":263,"column":29}},"103":{"start":{"line":266,"column":8},"end":{"line":266,"column":39}},"104":{"start":{"line":269,"column":21},"end":{"line":269,"column":37}},"105":{"start":{"line":270,"column":8},"end":{"line":270,"column":29}},"106":{"start":{"line":271,"column":8},"end":{"line":271,"column":29}},"107":{"start":{"line":274,"column":8},"end":{"line":274,"column":33}},"108":{"start":{"line":277,"column":8},"end":{"line":277,"column":31}},"109":{"start":{"line":281,"column":8},"end":{"line":291,"column":9}},"110":{"start":{"line":282,"column":12},"end":{"line":286,"column":13}},"111":{"start":{"line":283,"column":16},"end":{"line":283,"column":79}},"112":{"start":{"line":285,"column":16},"end":{"line":285,"column":67}},"113":{"start":{"line":287,"column":12},"end":{"line":289,"column":13}},"114":{"start":{"line":288,"column":16},"end":{"line":288,"column":51}},"115":{"start":{"line":290,"column":12},"end":{"line":290,"column":26}},"116":{"start":{"line":292,"column":8},"end":{"line":292,"column":20}},"117":{"start":{"line":301,"column":8},"end":{"line":301,"column":39}},"118":{"start":{"line":308,"column":8},"end":{"line":312,"column":9}},"119":{"start":{"line":309,"column":12},"end":{"line":309,"column":91}},"120":{"start":{"line":311,"column":12},"end":{"line":311,"column":24}},"121":{"start":{"line":319,"column":8},"end":{"line":319,"column":40}},"122":{"start":{"line":320,"column":8},"end":{"line":320,"column":40}},"123":{"start":{"line":322,"column":8},"end":{"line":325,"column":9}},"124":{"start":{"line":323,"column":12},"end":{"line":323,"column":37}},"125":{"start":{"line":324,"column":12},"end":{"line":324,"column":34}},"126":{"start":{"line":327,"column":22},"end":{"line":327,"column":32}},"127":{"start":{"line":328,"column":23},"end":{"line":328,"column":34}},"128":{"start":{"line":329,"column":25},"end":{"line":329,"column":35}},"129":{"start":{"line":331,"column":8},"end":{"line":333,"column":9}},"130":{"start":{"line":332,"column":12},"end":{"line":332,"column":60}},"131":{"start":{"line":335,"column":8},"end":{"line":335,"column":28}},"132":{"start":{"line":337,"column":8},"end":{"line":337,"column":57}},"133":{"start":{"line":341,"column":8},"end":{"line":341,"column":35}},"134":{"start":{"line":342,"column":8},"end":{"line":342,"column":22}},"135":{"start":{"line":343,"column":8},"end":{"line":343,"column":20}},"136":{"start":{"line":347,"column":8},"end":{"line":347,"column":38}},"137":{"start":{"line":348,"column":8},"end":{"line":348,"column":22}},"138":{"start":{"line":349,"column":8},"end":{"line":349,"column":20}},"139":{"start":{"line":353,"column":23},"end":{"line":353,"column":48}},"140":{"start":{"line":354,"column":8},"end":{"line":354,"column":25}},"141":{"start":{"line":355,"column":8},"end":{"line":355,"column":22}},"142":{"start":{"line":359,"column":24},"end":{"line":359,"column":50}},"143":{"start":{"line":360,"column":8},"end":{"line":360,"column":26}},"144":{"start":{"line":361,"column":8},"end":{"line":361,"column":23}},"145":{"start":{"line":365,"column":21},"end":{"line":365,"column":60}},"146":{"start":{"line":366,"column":8},"end":{"line":366,"column":23}},"147":{"start":{"line":367,"column":8},"end":{"line":367,"column":20}},"148":{"start":{"line":371,"column":22},"end":{"line":371,"column":56}},"149":{"start":{"line":372,"column":8},"end":{"line":372,"column":24}},"150":{"start":{"line":373,"column":8},"end":{"line":373,"column":21}},"151":{"start":{"line":377,"column":24},"end":{"line":377,"column":58}},"152":{"start":{"line":378,"column":8},"end":{"line":378,"column":26}},"153":{"start":{"line":379,"column":8},"end":{"line":379,"column":23}},"154":{"start":{"line":383,"column":22},"end":{"line":383,"column":50}},"155":{"start":{"line":384,"column":8},"end":{"line":384,"column":24}},"156":{"start":{"line":385,"column":8},"end":{"line":385,"column":21}},"157":{"start":{"line":389,"column":21},"end":{"line":389,"column":53}},"158":{"start":{"line":390,"column":8},"end":{"line":390,"column":23}},"159":{"start":{"line":391,"column":8},"end":{"line":391,"column":20}},"160":{"start":{"line":395,"column":22},"end":{"line":395,"column":52}},"161":{"start":{"line":396,"column":8},"end":{"line":396,"column":24}},"162":{"start":{"line":397,"column":8},"end":{"line":397,"column":21}},"163":{"start":{"line":401,"column":23},"end":{"line":401,"column":27}},"164":{"start":{"line":402,"column":8},"end":{"line":402,"column":87}},"165":{"start":{"line":403,"column":8},"end":{"line":403,"column":73}},"166":{"start":{"line":404,"column":8},"end":{"line":404,"column":159}},"167":{"start":{"line":405,"column":22},"end":{"line":405,"column":95}},"168":{"start":{"line":406,"column":8},"end":{"line":406,"column":24}},"169":{"start":{"line":407,"column":8},"end":{"line":407,"column":21}},"170":{"start":{"line":411,"column":8},"end":{"line":411,"column":87}},"171":{"start":{"line":412,"column":8},"end":{"line":412,"column":73}},"172":{"start":{"line":413,"column":8},"end":{"line":413,"column":159}},"173":{"start":{"line":414,"column":21},"end":{"line":414,"column":93}},"174":{"start":{"line":415,"column":8},"end":{"line":415,"column":23}},"175":{"start":{"line":416,"column":8},"end":{"line":416,"column":20}},"176":{"start":{"line":420,"column":27},"end":{"line":420,"column":56}},"177":{"start":{"line":421,"column":8},"end":{"line":421,"column":29}},"178":{"start":{"line":422,"column":8},"end":{"line":422,"column":26}},"179":{"start":{"line":426,"column":22},"end":{"line":426,"column":45}},"180":{"start":{"line":427,"column":8},"end":{"line":427,"column":24}},"181":{"start":{"line":428,"column":8},"end":{"line":428,"column":21}},"182":{"start":{"line":39,"column":0},"end":{"line":39,"column":13}},"183":{"start":{"line":438,"column":24},"end":{"line":438,"column":28}},"184":{"start":{"line":439,"column":40},"end":{"line":439,"column":44}},"185":{"start":{"line":441,"column":8},"end":{"line":441,"column":28}},"186":{"start":{"line":442,"column":8},"end":{"line":446,"column":9}},"187":{"start":{"line":443,"column":12},"end":{"line":443,"column":42}},"188":{"start":{"line":445,"column":12},"end":{"line":445,"column":58}},"189":{"start":{"line":447,"column":8},"end":{"line":447,"column":26}},"190":{"start":{"line":448,"column":8},"end":{"line":448,"column":32}},"191":{"start":{"line":449,"column":8},"end":{"line":449,"column":43}},"192":{"start":{"line":452,"column":8},"end":{"line":452,"column":27}},"193":{"start":{"line":455,"column":8},"end":{"line":455,"column":37}},"194":{"start":{"line":461,"column":8},"end":{"line":461,"column":27}},"195":{"start":{"line":462,"column":25},"end":{"line":464,"column":9}},"196":{"start":{"line":463,"column":12},"end":{"line":463,"column":26}},"197":{"start":{"line":465,"column":8},"end":{"line":465,"column":76}},"198":{"start":{"line":466,"column":24},"end":{"line":468,"column":9}},"199":{"start":{"line":467,"column":12},"end":{"line":467,"column":83}},"200":{"start":{"line":469,"column":8},"end":{"line":469,"column":62}},"201":{"start":{"line":475,"column":8},"end":{"line":478,"column":9}},"202":{"start":{"line":476,"column":12},"end":{"line":476,"column":42}},"203":{"start":{"line":477,"column":12},"end":{"line":477,"column":39}},"204":{"start":{"line":481,"column":8},"end":{"line":481,"column":30}},"205":{"start":{"line":484,"column":8},"end":{"line":484,"column":30}},"206":{"start":{"line":485,"column":8},"end":{"line":505,"column":9}},"207":{"start":{"line":487,"column":12},"end":{"line":487,"column":55}},"208":{"start":{"line":488,"column":12},"end":{"line":488,"column":45}},"209":{"start":{"line":489,"column":12},"end":{"line":489,"column":46}},"210":{"start":{"line":490,"column":12},"end":{"line":490,"column":42}},"211":{"start":{"line":491,"column":12},"end":{"line":491,"column":43}},"212":{"start":{"line":492,"column":12},"end":{"line":492,"column":44}},"213":{"start":{"line":493,"column":12},"end":{"line":493,"column":45}},"214":{"start":{"line":494,"column":12},"end":{"line":494,"column":51}},"215":{"start":{"line":497,"column":12},"end":{"line":497,"column":73}},"216":{"start":{"line":498,"column":12},"end":{"line":498,"column":65}},"217":{"start":{"line":506,"column":8},"end":{"line":506,"column":20}},"218":{"start":{"line":509,"column":8},"end":{"line":509,"column":61}},"219":{"start":{"line":512,"column":22},"end":{"line":512,"column":33}},"220":{"start":{"line":513,"column":21},"end":{"line":513,"column":73}},"221":{"start":{"line":515,"column":8},"end":{"line":515,"column":33}},"222":{"start":{"line":516,"column":8},"end":{"line":516,"column":35}},"223":{"start":{"line":518,"column":8},"end":{"line":518,"column":46}},"224":{"start":{"line":528,"column":35},"end":{"line":531,"column":6}},"225":{"start":{"line":532,"column":4},"end":{"line":532,"column":18}},"226":{"start":{"line":542,"column":4},"end":{"line":542,"column":21}},"227":{"start":{"line":547,"column":4},"end":{"line":551,"column":5}},"228":{"start":{"line":548,"column":8},"end":{"line":548,"column":20}},"229":{"start":{"line":550,"column":8},"end":{"line":550,"column":43}},"230":{"start":{"line":555,"column":4},"end":{"line":559,"column":5}},"231":{"start":{"line":556,"column":8},"end":{"line":556,"column":54}},"232":{"start":{"line":558,"column":8},"end":{"line":558,"column":27}},"233":{"start":{"line":563,"column":4},"end":{"line":571,"column":5}},"234":{"start":{"line":564,"column":8},"end":{"line":564,"column":27}},"235":{"start":{"line":566,"column":8},"end":{"line":570,"column":9}},"236":{"start":{"line":567,"column":12},"end":{"line":567,"column":62}},"237":{"start":{"line":569,"column":12},"end":{"line":569,"column":24}},"238":{"start":{"line":575,"column":30},"end":{"line":575,"column":32}},"239":{"start":{"line":576,"column":14},"end":{"line":576,"column":27}},"240":{"start":{"line":577,"column":4},"end":{"line":588,"column":5}},"241":{"start":{"line":577,"column":17},"end":{"line":577,"column":18}},"242":{"start":{"line":578,"column":22},"end":{"line":578,"column":31}},"243":{"start":{"line":579,"column":8},"end":{"line":587,"column":9}},"244":{"start":{"line":580,"column":12},"end":{"line":580,"column":32}},"245":{"start":{"line":581,"column":15},"end":{"line":587,"column":9}},"246":{"start":{"line":582,"column":12},"end":{"line":582,"column":65}},"247":{"start":{"line":583,"column":15},"end":{"line":587,"column":9}},"248":{"start":{"line":584,"column":12},"end":{"line":584,"column":65}},"249":{"start":{"line":586,"column":12},"end":{"line":586,"column":30}},"250":{"start":{"line":589,"column":4},"end":{"line":589,"column":19}}},"fnMap":{"0":{"name":"(anonymous_0)","decl":{"start":{"line":79,"column":50},"end":{"line":79,"column":53}},"loc":{"start":{"line":79,"column":55},"end":{"line":82,"column":5}}},"1":{"name":"(anonymous_1)","decl":{"start":{"line":83,"column":50},"end":{"line":83,"column":53}},"loc":{"start":{"line":83,"column":55},"end":{"line":86,"column":5}}},"2":{"name":"(anonymous_2)","decl":{"start":{"line":88,"column":4},"end":{"line":88,"column":16}},"loc":{"start":{"line":88,"column":155},"end":{"line":147,"column":5}}},"3":{"name":"(anonymous_3)","decl":{"start":{"line":138,"column":19},"end":{"line":138,"column":22}},"loc":{"start":{"line":138,"column":24},"end":{"line":145,"column":13}}},"4":{"name":"(anonymous_4)","decl":{"start":{"line":149,"column":4},"end":{"line":149,"column":11}},"loc":{"start":{"line":149,"column":11},"end":{"line":152,"column":5}}},"5":{"name":"(anonymous_5)","decl":{"start":{"line":190,"column":4},"end":{"line":190,"column":8}},"loc":{"start":{"line":190,"column":13},"end":{"line":192,"column":5}}},"6":{"name":"(anonymous_6)","decl":{"start":{"line":219,"column":4},"end":{"line":219,"column":8}},"loc":{"start":{"line":219,"column":13},"end":{"line":221,"column":5}}},"7":{"name":"(anonymous_7)","decl":{"start":{"line":235,"column":4},"end":{"line":235,"column":8}},"loc":{"start":{"line":235,"column":18},"end":{"line":237,"column":5}}},"8":{"name":"(anonymous_8)","decl":{"start":{"line":239,"column":4},"end":{"line":239,"column":8}},"loc":{"start":{"line":239,"column":10},"end":{"line":241,"column":5}}},"9":{"name":"(anonymous_9)","decl":{"start":{"line":242,"column":4},"end":{"line":242,"column":8}},"loc":{"start":{"line":242,"column":21},"end":{"line":244,"column":5}}},"10":{"name":"(anonymous_10)","decl":{"start":{"line":246,"column":4},"end":{"line":246,"column":8}},"loc":{"start":{"line":246,"column":10},"end":{"line":248,"column":5}}},"11":{"name":"(anonymous_11)","decl":{"start":{"line":249,"column":4},"end":{"line":249,"column":8}},"loc":{"start":{"line":249,"column":21},"end":{"line":251,"column":5}}},"12":{"name":"(anonymous_12)","decl":{"start":{"line":253,"column":4},"end":{"line":253,"column":8}},"loc":{"start":{"line":253,"column":13},"end":{"line":255,"column":5}}},"13":{"name":"(anonymous_13)","decl":{"start":{"line":257,"column":4},"end":{"line":257,"column":8}},"loc":{"start":{"line":257,"column":13},"end":{"line":259,"column":5}}},"14":{"name":"(anonymous_14)","decl":{"start":{"line":260,"column":4},"end":{"line":260,"column":8}},"loc":{"start":{"line":260,"column":27},"end":{"line":264,"column":5}}},"15":{"name":"(anonymous_15)","decl":{"start":{"line":265,"column":4},"end":{"line":265,"column":8}},"loc":{"start":{"line":265,"column":14},"end":{"line":267,"column":5}}},"16":{"name":"(anonymous_16)","decl":{"start":{"line":268,"column":4},"end":{"line":268,"column":8}},"loc":{"start":{"line":268,"column":29},"end":{"line":272,"column":5}}},"17":{"name":"(anonymous_17)","decl":{"start":{"line":273,"column":4},"end":{"line":273,"column":8}},"loc":{"start":{"line":273,"column":13},"end":{"line":275,"column":5}}},"18":{"name":"(anonymous_18)","decl":{"start":{"line":276,"column":4},"end":{"line":276,"column":8}},"loc":{"start":{"line":276,"column":27},"end":{"line":278,"column":5}}},"19":{"name":"(anonymous_19)","decl":{"start":{"line":280,"column":4},"end":{"line":280,"column":12}},"loc":{"start":{"line":280,"column":25},"end":{"line":293,"column":5}}},"20":{"name":"(anonymous_20)","decl":{"start":{"line":295,"column":4},"end":{"line":295,"column":18}},"loc":{"start":{"line":295,"column":18},"end":{"line":302,"column":5}}},"21":{"name":"(anonymous_21)","decl":{"start":{"line":307,"column":4},"end":{"line":307,"column":18}},"loc":{"start":{"line":307,"column":39},"end":{"line":313,"column":5}}},"22":{"name":"(anonymous_22)","decl":{"start":{"line":318,"column":4},"end":{"line":318,"column":10}},"loc":{"start":{"line":318,"column":10},"end":{"line":338,"column":5}}},"23":{"name":"(anonymous_23)","decl":{"start":{"line":340,"column":4},"end":{"line":340,"column":7}},"loc":{"start":{"line":340,"column":26},"end":{"line":344,"column":5}}},"24":{"name":"(anonymous_24)","decl":{"start":{"line":346,"column":4},"end":{"line":346,"column":10}},"loc":{"start":{"line":346,"column":29},"end":{"line":350,"column":5}}},"25":{"name":"(anonymous_25)","decl":{"start":{"line":352,"column":4},"end":{"line":352,"column":10}},"loc":{"start":{"line":352,"column":38},"end":{"line":356,"column":5}}},"26":{"name":"(anonymous_26)","decl":{"start":{"line":358,"column":4},"end":{"line":358,"column":11}},"loc":{"start":{"line":358,"column":40},"end":{"line":362,"column":5}}},"27":{"name":"(anonymous_27)","decl":{"start":{"line":364,"column":4},"end":{"line":364,"column":8}},"loc":{"start":{"line":364,"column":74},"end":{"line":368,"column":5}}},"28":{"name":"(anonymous_28)","decl":{"start":{"line":370,"column":4},"end":{"line":370,"column":9}},"loc":{"start":{"line":370,"column":58},"end":{"line":374,"column":5}}},"29":{"name":"(anonymous_29)","decl":{"start":{"line":376,"column":4},"end":{"line":376,"column":11}},"loc":{"start":{"line":376,"column":67},"end":{"line":380,"column":5}}},"30":{"name":"(anonymous_30)","decl":{"start":{"line":382,"column":4},"end":{"line":382,"column":13}},"loc":{"start":{"line":382,"column":44},"end":{"line":386,"column":5}}},"31":{"name":"(anonymous_31)","decl":{"start":{"line":388,"column":4},"end":{"line":388,"column":8}},"loc":{"start":{"line":388,"column":51},"end":{"line":392,"column":5}}},"32":{"name":"(anonymous_32)","decl":{"start":{"line":394,"column":4},"end":{"line":394,"column":9}},"loc":{"start":{"line":394,"column":54},"end":{"line":398,"column":5}}},"33":{"name":"(anonymous_33)","decl":{"start":{"line":400,"column":4},"end":{"line":400,"column":9}},"loc":{"start":{"line":400,"column":103},"end":{"line":408,"column":5}}},"34":{"name":"(anonymous_34)","decl":{"start":{"line":410,"column":4},"end":{"line":410,"column":8}},"loc":{"start":{"line":410,"column":102},"end":{"line":417,"column":5}}},"35":{"name":"(anonymous_35)","decl":{"start":{"line":419,"column":4},"end":{"line":419,"column":7}},"loc":{"start":{"line":419,"column":39},"end":{"line":423,"column":5}}},"36":{"name":"(anonymous_36)","decl":{"start":{"line":425,"column":4},"end":{"line":425,"column":9}},"loc":{"start":{"line":425,"column":28},"end":{"line":429,"column":5}}},"37":{"name":"(anonymous_37)","decl":{"start":{"line":440,"column":4},"end":{"line":440,"column":16}},"loc":{"start":{"line":440,"column":108},"end":{"line":450,"column":5}}},"38":{"name":"(anonymous_38)","decl":{"start":{"line":451,"column":4},"end":{"line":451,"column":11}},"loc":{"start":{"line":451,"column":11},"end":{"line":453,"column":5}}},"39":{"name":"(anonymous_39)","decl":{"start":{"line":454,"column":4},"end":{"line":454,"column":12}},"loc":{"start":{"line":454,"column":12},"end":{"line":456,"column":5}}},"40":{"name":"(anonymous_40)","decl":{"start":{"line":460,"column":4},"end":{"line":460,"column":13}},"loc":{"start":{"line":460,"column":13},"end":{"line":470,"column":5}}},"41":{"name":"(anonymous_41)","decl":{"start":{"line":462,"column":25},"end":{"line":462,"column":28}},"loc":{"start":{"line":462,"column":30},"end":{"line":464,"column":9}}},"42":{"name":"(anonymous_42)","decl":{"start":{"line":466,"column":24},"end":{"line":466,"column":27}},"loc":{"start":{"line":466,"column":29},"end":{"line":468,"column":9}}},"43":{"name":"(anonymous_43)","decl":{"start":{"line":474,"column":4},"end":{"line":474,"column":15}},"loc":{"start":{"line":474,"column":15},"end":{"line":479,"column":5}}},"44":{"name":"(anonymous_44)","decl":{"start":{"line":480,"column":4},"end":{"line":480,"column":14}},"loc":{"start":{"line":480,"column":14},"end":{"line":482,"column":5}}
[...]
getIdByLength","decl":{"start":{"line":42,"column":16},"end":{"line":42,"column":29}},"loc":{"start":{"line":42,"column":65},"end":{"line":58,"column":1}}},"2":{"name":"getCurveLength","decl":{"start":{"line":60,"column":16},"end":{"line":60,"column":30}},"loc":{"start":{"line":60,"column":66},"end":{"line":87,"column":1}}},"3":{"name":"getSubdivisions","decl":{"start":{"line":89,"column":16},"end":{"line":89,"column":31}},"loc":{"start":{"line":89,"column":67},"end":{"line":114,"column":1}}},"4":{"name":"(anonymous_4)","decl":{"start":{"line":111,"column":20},"end":{"line":111,"column":21}},"loc":{"start":{"line":111,"column":46},"end":{"line":111,"column":74}}}},"branchMap":{"0":{"loc":{"start":{"line":7,"column":4},"end":{"line":9,"column":5}},"type":"if","locations":[{"start":{"line":7,"column":4},"end":{"line":9,"column":5}}]},"1":{"loc":{"start":{"line":7,"column":8},"end":{"line":7,"column":26}},"type":"binary-expr","locations":[{"start":{"line":7,"column":8},"end":{"line":7,"column":15}},{"start":{"line":7,"column":19},"end":{"line":7,"column":26}}]},"2":{"loc":{"start":{"line":18,"column":8},"end":{"line":20,"column":9}},"type":"if","locations":[{"start":{"line":18,"column":8},"end":{"line":20,"column":9}}]},"3":{"loc":{"start":{"line":45,"column":4},"end":{"line":49,"column":5}},"type":"if","locations":[{"start":{"line":45,"column":4},"end":{"line":49,"column":5}},{"start":{"line":47,"column":11},"end":{"line":49,"column":5}}]},"4":{"loc":{"start":{"line":47,"column":11},"end":{"line":49,"column":5}},"type":"if","locations":[{"start":{"line":47,"column":11},"end":{"line":49,"column":5}}]},"5":{"loc":{"start":{"line":51,"column":8},"end":{"line":54,"column":9}},"type":"if","locations":[{"start":{"line":51,"column":8},"end":{"line":54,"column":9}}]},"6":{"loc":{"start":{"line":64,"column":18},"end":{"line":64,"column":44}},"type":"binary-expr","locations":[{"start":{"line":64,"column":18},"end":{"line":64,"column":28}},{"start":{"line":64,"column":32},"end":{"line":64,"column":44}}]},"7":{"loc":{"start":{"line":65,"column":17},"end":{"line":65,"column":43}},"type":"binary-expr","locations":[{"start":{"line":65,"column":17},"end":{"line":65,"column":27}},{"start":{"line":65,"column":31},"end":{"line":65,"column":43}}]},"8":{"loc":{"start":{"line":69,"column":10},"end":{"line":69,"column":20}},"type":"binary-expr","locations":[{"start":{"line":69,"column":10},"end":{"line":69,"column":15}},{"start":{"line":69,"column":19},"end":{"line":69,"column":20}}]},"9":{"loc":{"start":{"line":70,"column":10},"end":{"line":70,"column":20}},"type":"binary-expr","locations":[{"start":{"line":70,"column":10},"end":{"line":70,"column":15}},{"start":{"line":70,"column":19},"end":{"line":70,"column":20}}]},"10":{"loc":{"start":{"line":71,"column":10},"end":{"line":71,"column":19}},"type":"binary-expr","locations":[{"start":{"line":71,"column":10},"end":{"line":71,"column":14}},{"start":{"line":71,"column":18},"end":{"line":71,"column":19}}]},"11":{"loc":{"start":{"line":72,"column":10},"end":{"line":72,"column":19}},"type":"binary-expr","locations":[{"start":{"line":72,"column":10},"end":{"line":72,"column":14}},{"start":{"line":72,"column":18},"end":{"line":72,"column":19}}]},"12":{"loc":{"start":{"line":76,"column":4},"end":{"line":79,"column":5}},"type":"if","locations":[{"start":{"line":76,"column":4},"end":{"line":79,"column":5}}]},"13":{"loc":{"start":{"line":76,"column":8},"end":{"line":76,"column":27}},"type":"binary-expr","locations":[{"start":{"line":76,"column":8},"end":{"line":76,"column":13}},{"start":{"line":76,"column":17},"end":{"line":76,"column":27}}]},"14":{"loc":{"start":{"line":81,"column":4},"end":{"line":84,"column":5}},"type":"if","locations":[{"start":{"line":81,"column":4},"end":{"line":84,"column":5}}]},"15":{"loc":{"start":{"line":81,"column":8},"end":{"line":81,"column":26}},"type":"binary-expr","locations":[{"start":{"line":81,"column":8},"end":{"line":81,"column":12}},{"start":{"line":81,"column":16},"end":{"line":81,"column":26}}]},"16":{"loc":{"start":{"line":102,"column":4},"end":{"line":105,"column":5}},"type":"if","locations":[{"start":{"line":102,"column":4},"end":{"line":105,"column":5}}]},"17":{"loc":{"start":{"line":107,"column":4},"end":{"line":110,"column":5}},"type":"if","locations":[{"start":{"line":107,"column":4},"end":{"line":110,"column":5}}]}},"s":{"0":13,"1":13,"2":13,"3":2031,"4":2031,"5":0,"6":0,"7":0,"8":0,"9":0,"10":0,"11":0,"12":0,"13":0,"14":0,"15":0,"16":13,"17":2278,"18":2278,"19":1384,"20":894,"21":894,"22":0,"23":0,"24":0,"25":0,"26":0,"27":0,"28":0,"29":0,"30":13,"31":20191,"32":20191,"33":20191,"34":20191,"35":20191,"36":20191,"37":20191,"38":20191,"39":20191,"40":20191,"41":20191,"42":20191,"43":20191,"44":20191,"45":20191,"46":20191,"47":20191,"48":13,"49":0,"50":0,"51":0,"52":0,"53":0,"54":0,"55":0,"56":0,"57":0,"58":0,"59":0,"60":0,"61":0,"62":0,"63":0,"64":0,"65":0,"66":0,"67":0,"68":13},"f":{"0":2031,"1":2278,"2":20191,"3":0,"4":0},"b":{"0":[2031],"1":[2031,1137],"2":[0],"3":[1384,894],"4":[894],"5":[0],"6":[20191,20191],"7":[20191,20191],"8":[20191,0],"9":[20191,0],"10":[20191,0],"11":[20191,0],"12":[20191],"13":[20191,20191],"14":[20191],"15":[20191,20191],"16":[0],"17":[0]}}
,"/home/david/Development/g20mono/packages/core/tests/dom.ts": {"path":"/home/david/Development/g20mono/packages/core/tests/dom.ts","statementMap":{"0":{"start":{"line":3,"column":0},"end":{"line":3,"column":48}},"1":{"start":{"line":11,"column":8},"end":{"line":15,"column":9}},"2":{"start":{"line":12,"column":12},"end":{"line":12,"column":27}},"3":{"start":{"line":14,"column":12},"end":{"line":14,"column":60}},"4":{"start":{"line":19,"column":8},"end":{"line":19,"column":37}},"5":{"start":{"line":22,"column":8},"end":{"line":27,"column":9}},"6":{"start":{"line":23,"column":28},"end":{"line":23,"column":46}},"7":{"start":{"line":24,"column":12},"end":{"line":24,"column":46}},"8":{"start":{"line":26,"column":12},"end":{"line":26,"column":30}},"9":{"start":{"line":30,"column":8},"end":{"line":38,"column":9}},"10":{"start":{"line":31,"column":28},"end":{"line":31,"column":46}},"11":{"start":{"line":32,"column":12},"end":{"line":35,"column":13}},"12":{"start":{"line":33,"column":30},"end":{"line":33,"column":46}},"13":{"start":{"line":34,"column":16},"end":{"line":34,"column":50}},"14":{"start":{"line":37,"column":12},"end":{"line":37,"column":30}},"15":{"start":{"line":41,"column":8},"end":{"line":41,"column":38}},"16":{"start":{"line":44,"column":8},"end":{"line":51,"column":9}},"17":{"start":{"line":45,"column":28},"end":{"line":45,"column":46}},"18":{"start":{"line":46,"column":12},"end":{"line":48,"column":13}},"19":{"start":{"line":47,"column":16},"end":{"line":47,"column":46}},"20":{"start":{"line":50,"column":12},"end":{"line":50,"column":30}},"21":{"start":{"line":54,"column":8},"end":{"line":58,"column":9}},"22":{"start":{"line":55,"column":12},"end":{"line":55,"column":35}},"23":{"start":{"line":57,"column":12},"end":{"line":57,"column":30}},"24":{"start":{"line":62,"column":8},"end":{"line":62,"column":51}},"25":{"start":{"line":65,"column":8},"end":{"line":65,"column":38}},"26":{"start":{"line":68,"column":8},"end":{"line":68,"column":30}},"27":{"start":{"line":72,"column":8},"end":{"line":72,"column":51}},"28":{"start":{"line":75,"column":25},"end":{"line":75,"column":37}},"29":{"start":{"line":76,"column":18},"end":{"line":76,"column":33}},"30":{"start":{"line":77,"column":8},"end":{"line":84,"column":9}},"31":{"start":{"line":77,"column":21},"end":{"line":77,"column":22}},"32":{"start":{"line":78,"column":26},"end":{"line":78,"column":37}},"33":{"start":{"line":79,"column":12},"end":{"line":83,"column":13}},"34":{"start":{"line":80,"column":16},"end":{"line":82,"column":17}},"35":{"start":{"line":81,"column":20},"end":{"line":81,"column":33}},"36":{"start":{"line":85,"column":8},"end":{"line":85,"column":26}},"37":{"start":{"line":88,"column":8},"end":{"line":88,"column":39}},"38":{"start":{"line":9,"column":0},"end":{"line":9,"column":13}},"39":{"start":{"line":96,"column":8},"end":{"line":96,"column":51}},"40":{"start":{"line":99,"column":8},"end":{"line":99,"column":42}},"41":{"start":{"line":106,"column":8},"end":{"line":106,"column":43}},"42":{"start":{"line":109,"column":8},"end":{"line":109,"column":34}},"43":{"start":{"line":120,"column":8},"end":{"line":120,"column":39}},"44":{"start":{"line":92,"column":0},"end":{"line":92,"column":13}}},"fnMap":{"0":{"name":"(anonymous_0)","decl":{"start":{"line":10,"column":4},"end":{"line":10,"column":12}},"loc":{"start":{"line":10,"column":29},"end":{"line":16,"column":5}}},"1":{"name":"(anonymous_1)","decl":{"start":{"line":18,"column":4},"end":{"line":18,"column":20}},"loc":{"start":{"line":18,"column":55},"end":{"line":20,"column":5}}},"2":{"name":"(anonymous_2)","decl":{"start":{"line":21,"column":4},"end":{"line":21,"column":16}},"loc":{"start":{"line":21,"column":58},"end":{"line":28,"column":5}}},"3":{"name":"(anonymous_3)","decl":{"start":{"line":29,"column":4},"end":{"line":29,"column":17}},"loc":{"start":{"line":29,"column":57},"end":{"line":39,"column":5}}},"4":{"name":"(anonymous_4)","decl":{"start":{"line":40,"column":4},"end":{"line":40,"column":19}},"loc":{"start":{"line":40,"column":54},"end":{"line":42,"column":5}}},"5":{"name":"(anonymous_5)","decl":{"start":{"line":43,"column":4},"end":{"line":43,"column":20}},"loc":{"start":{"line":43,"column":60},"end":{"line":52,"column":5}}},"6":{"name":"(anonymous_6)","decl":{"start":{"line":53,"column":4},"end":{"line":53,"column":15}},"loc":{"start":{"line":53,"column":44},"end":{"line":59,"column":5}}},"7":{"name":"(anonymous_7)","decl":{"start":{"line":61,"column":4},"end":{"line":61,"column":15}},"loc":{"start":{"line":61,"column":47},"end":{"line":63,"column":5}}},"8":{"name":"(anonymous_8)","decl":{"start":{"line":64,"column":4},"end":{"line":64,"column":18}},"loc":{"start":{"line":64,"column":56},"end":{"line":66,"column":5}}},"9":{"name":"(anonymous_9)","decl":{"start":{"line":67,"column":4},"end":{"line":67,"column":17}},"loc":{"start":{"line":67,"column":38},"end":{"line":69,"column":5}}},"10":{"name":"(anonymous_10)","decl":{"start":{"line":71,"column":4},"end":{"line":71,"column":16}},"loc":{"start":{"line":71,"column":37},"end":{"line":73,"column":5}}},"11":{"name":"(anonymous_11)","decl":{"start":{"line":74,"column":4},"end":{"line":74,"column":18}},"loc":{"start":{"line":74,"column":35},"end":{"line":86,"column":5}}},"12":{"name":"(anonymous_12)","decl":{"start":{"line":87,"column":4},"end":{"line":87,"column":12}},"loc":{"start":{"line":87,"column":86},"end":{"line":89,"column":5}}},"13":{"name":"(anonymous_13)","decl":{"start":{"line":93,"column":4},"end":{"line":93,"column":19}},"loc":{"start":{"line":93,"column":4},"end":{"line":93,"column":20}}},"14":{"name":"(anonymous_14)","decl":{"start":{"line":95,"column":4},"end":{"line":95,"column":18}},"loc":{"start":{"line":95,"column":36},"end":{"line":97,"column":5}}},"15":{"name":"(anonymous_15)","decl":{"start":{"line":98,"column":4},"end":{"line":98,"column":16}},"loc":{"start":{"line":98,"column":51},"end":{"line":100,"column":5}}},"16":{"name":"(anonymous_16)","decl":{"start":{"line":102,"column":4},"end":{"line":102,"column":25}},"loc":{"start":{"line":102,"column":46},"end":{"line":107,"column":5}}},"17":{"name":"(anonymous_17)","decl":{"start":{"line":108,"column":4},"end":{"line":108,"column":15}},"loc":{"start":{"line":108,"column":55},"end":{"line":110,"column":5}}},"18":{"name":"(anonymous_18)","decl":{"start":{"line":112,"column":4},"end":{"line":112,"column":20}},"loc":{"start":{"line":112,"column":78},"end":{"line":114,"column":5}}},"19":{"name":"(anonymous_19)","decl":{"start":{"line":116,"column":4},"end":{"line":116,"column":23}},"loc":{"start":{"line":116,"column":81},"end":{"line":118,"column":5}}},"20":{"name":"(anonymous_20)","decl":{"start":{"line":119,"column":4},"end":{"line":119,"column":18}},"loc":{"start":{"line":119,"column":39},"end":{"line":121,"column":5}}}},"branchMap":{"0":{"loc":{"start":{"line":11,"column":8},"end":{"line":15,"column":9}},"type":"if","locations":[{"start":{"line":11,"column":8},"end":{"line":15,"column":9}},{"start":{"line":13,"column":15},"end":{"line":15,"column":9}}]},"1":{"loc":{"start":{"line":22,"column":8},"end":{"line":27,"column":9}},"type":"if","locations":[{"start":{"line":22,"column":8},"end":{"line":27,"column":9}},{"start":{"line":25,"column":15},"end":{"line":27,"column":9}}]},"2":{"loc":{"start":{"line":30,"column":8},"end":{"line":38,"column":9}},"type":"if","locations":[{"start":{"line":30,"column":8},"end":{"line":38,"column":9}},{"start":{"line":36,"column":15},"end":{"line":38,"column":9}}]},"3":{"loc":{"start":{"line":44,"column":8},"end":{"line":51,"column":9}},"type":"if","locations":[{"start":{"line":44,"column":8},"end":{"line":51,"column":9}},{"start":{"line":49,"column":15},"end":{"line":51,"column":9}}]},"4":{"loc":{"start":{"line":54,"column":8},"end":{"line":58,"column":9}},"type":"if","locations":[{"start":{"line":54,"column":8},"end":{"line":58,"column":9}},{"start":{"line":56,"column":15},"end":{"line":58,"column":9}}]},"5":{"loc":{"start":{"line":54,"column":12},"end":{"line":54,"column":67}},"type":"binary-expr","locations":[{"start":{"line":54,"column":12},"end":{"line":54,"column":39}},{"start":{"line":54,"column":43},"end":{"line":54,"column":67}}]},"6":{"loc":{"start":{"line":79,"column":12},"end":{"line":83,"column":13}},"type":"if","locations":[{"start":{"line":79,"column":12},"end":{"line":83,"column":13}}]},"7":{"loc":{"start":{"line":80,"column":16},"end":{"line":82,"column":17}},"type":"if","locations":[{"start":{"line":80,"column":16},"end":{"line":82,"column":17}}]}},"s":{"0":9,"1":31,"2":31,"3":0,"4":260,"5":411,"6":411,"7":411,"8":0,"9":190,"10":190,"11":190,"12":235,"13":235,"14":0,"15":825,"16":149,"17":149,"18":149,"19":149,"20":0,"21":215,"22":215,"23":0,"24":0,"25":2,"26":31,"27":0,"28":121,"29":121,"30":121,"31":121,"32":121,"33":121,"34":121,"35":121,"36":0,"37":45,"38":9,"39":0,"40":45,"41":45,"42":45,"43":135,"44":9},"f":{"0":31,"1":260,"2":411,"3":190,"4":825,"5":149,"6":215,"7":0,"8":2,"9":31,"10":0,"11":121,"12":45,"13":45,"14":0,"15":45,"16":45,"17":45,"18":45,"19":39,"20":135},"b":{"0":[31,0],"1":[411,0],"2":[190,0],"3":[149,0],"4":[215,0],"5":[215,215],"6":[121],"7":[121]}}
,"/home/david/Development/g20mono/packages/core/tests/initBoard.ts": {"path":"/home/david/Development/g20mono/packages/core/tests/initBoard.ts","statementMap":{"0":{"start":{"line":2,"column":0},"end":{"line":2,"column":79}},"1":{"start":{"line":3,"column":0},"end":{"line":3,"column":52}},"2":{"start":{"line":5,"column":0},"end":{"line":5,"column":41}},"3":{"start":{"line":8,"column":23},"end":{"line":8,"column":43}},"4":{"start":{"line":9,"column":20},"end":{"line":9,"column":37}},"5":{"start":{"line":10,"column":24},"end":{"line":10,"column":52}},"6":{"start":{"line":12,"column":4},"end":{"line":12,"column":107}},"7":{"start":{"line":7,"column":0},"end":{"line":7,"column":16}}},"fnMap":{"0":{"name":"initBoard","decl":{"start":{"line":7,"column":16},"end":{"line":7,"column":25}},"loc":{"start":{"line":7,"column":82},"end":{"line":13,"column":1}}}},"branchMap":{"0":{"loc":{"start":{"line":7,"column":48},"end":{"line":7,"column":82}},"type":"default-arg","locations":[{"start":{"line":7,"column":80},"end":{"line":7,"column":82}}]}},"s":{"0":9,"1":9,"2":9,"3":45,"4":45,"5":45,"6":45,"7":9},"f":{"0":45},"b":{"0":[33]}}
,"/home/david/Development/g20mono/packages/core/tests/nodes.ts": {"path":"/home/david/Development/g20mono/packages/core/tests/nodes.ts","statementMap":{"0":{"start":{"line":2,"column":33},"end":{"line":2,"column":37}},"1":{"start":{"line":1,"column":0},"end":{"line":1,"column":13}},"2":{"start":{"line":6,"column":21},"end":{"line":6,"column":46}},"3":{"start":{"line":7,"column":27},"end":{"line":7,"column":52}},"4":{"start":{"line":8,"column":37},"end":{"line":8,"column":39}},"5":{"start":{"line":10,"column":8},"end":{"line":10,"column":16}},"6":{"start":{"line":9,"column":25},"end":{"line":9,"column":37}},"7":{"start":{"line":13,"column":8},"end":{"line":13,"column":30}},"8":{"start":{"line":16,"column":8},"end":{"line":16,"column":34}},"9":{"start":{"line":17,"column":8},"end":{"line":17,"column":48}},"10":{"start":{"line":20,"column":8},"end":{"line":20,"column":35}},"11":{"start":{"line":21,"column":8},"end":{"line":21,"column":28}},"12":{"start":{"line":24,"column":8},"end":{"line":28,"column":9}},"13":{"start":{"line":25,"column":12},"end":{"line":25,"column":46}},"14":{"start":{"line":27,"column":12},"end":{"line":27,"column":24}},"15":{"start":{"line":31,"column":8},"end":{"line":31,"column":51}},"16":{"start":{"line":34,"column":8},"end":{"line":34,"column":38}},"17":{"start":{"line":37,"column":8},"end":{"line":37,"column":42}},"18":{"start":{"line":5,"column":0},"end":{"line":5,"column":13}},"19":{"start":{"line":43,"column":8},"end":{"line":43,"column":16}},"20":{"start":{"line":42,"column":25},"end":{"line":42,"column":40}},"21":{"start":{"line":41,"column":0},"end":{"line":41,"column":13}}},"fnMap":{"0":{"name":"(anonymous_0)","decl":{"start":{"line":9,"column":4},"end":{"line":9,"column":25}},"loc":{"start":{"line":9,"column":37},"end":{"line":11,"column":5}}},"1":{"name":"(anonymous_1)","decl":{"start":{"line":12,"column":4},"end":{"line":12,"column":8}},"loc":{"start":{"line":12,"column":16},"end":{"line":14,"column":5}}},"2":{"name":"(anonymous_2)","decl":{"start":{"line":15,"column":4},"end":{"line":15,"column":8}},"loc":{"start":{"line":15,"column":35},"end":{"line":18,"column":5}}},"3":{"name":"(anonymous_3)","decl":{"start":{"line":19,"column":4},"end":{"line":19,"column":15}},"loc":{"start":{"line":19,"column":31},"end":{"line":22,"column":5}}},"4":{"name":"(anonymous_4)","decl":{"start":{"line":23,"column":4},"end":{"line":23,"column":16}},"loc":{"start":{"line":23,"column":29},"end":{"line":29,"column":5}}},"5":{"name":"(anonymous_5)","decl":{"start":{"line":30,"column":4},"end":{"line":30,"column":21}},"loc":{"start":{"line":30,"column":21},"end":{"line":32,"column":5}}},"6":{"name":"(anonymous_6)","decl":{"start":{"line":33,"column":4},"end":{"line":33,"column":19}},"loc":{"start":{"line":33,"column":32},"end":{"line":35,"column":5}}},"7":{"name":"(anonymous_7)","decl":{"start":{"line":36,"column":4},"end":{"line":36,"column":16}},"loc":{"start":{"line":36,"column":44},"end":{"line":38,"column":5}}},"8":{"name":"(anonymous_8)","decl":{"start":{"line":42,"column":4},"end":{"line":42,"column":25}},"loc":{"start":{"line":42,"column":40},"end":{"line":44,"column":5}}}},"branchMap":{"0":{"loc":{"start":{"line":24,"column":8},"end":{"line":28,"column":9}},"type":"if","locations":[{"start":{"line":24,"column":8},"end":{"line":28,"column":9}},{"start":{"line":26,"column":15},"end":{"line":28,"column":9}}]}},"s":{"0":307,"1":9,"2":305,"3":305,"4":305,"5":305,"6":305,"7":121,"8":2,"9":2,"10":262,"11":262,"12":167,"13":113,"14":54,"15":9,"16":974,"17":646,"18":9,"19":2,"20":2,"21":9},"f":{"0":305,"1":121,"2":2,"3":262,"4":167,"5":9,"6":974,"7":646,"8":2},"b":{"0":[113,54]}}
,"/home/david/Development/g20mono/packages/core/tests/view.ts": {"path":"/home/david/Development/g20mono/packages/core/tests/view.ts","statementMap":{"0":{"start":{"line":2,"column":0},"end":{"line":2,"column":57}},"1":{"start":{"line":9,"column":25},"end":{"line":9,"column":54}},"2":{"start":{"line":11,"column":8},"end":{"line":11,"column":64}},"3":{"start":{"line":8,"column":0},"end":{"line":8,"column":13}}},"fnMap":{"0":{"name":"(anonymous_0)","decl":{"start":{"line":9,"column":4},"end":{"line":9,"column":25}},"loc":{"start":{"line":9,"column":54},"end":{"line":9,"column":58}}},"1":{"name":"(anonymous_1)","decl":{"start":{"line":10,"column":4},"end":{"line":10,"column":14}},"loc":{"start":{"line":10,"column":50},"end":{"line":12,"column":5}}}},"branchMap":{},"s":{"0":9,"1":45,"2":45,"3":9},"f":{"0":45,"1":45},"b":{}}
}
