TN:
SF:src/index.ts
FN:1,(anonymous_0)
FN:3,(anonymous_1)
FN:5,(anonymous_2)
FN:7,(anonymous_3)
FN:8,(anonymous_4)
FN:10,(anonymous_5)
FN:10,(anonymous_6)
FN:10,(anonymous_7)
FN:11,(anonymous_8)
FN:15,(anonymous_9)
FN:16,(anonymous_10)
FN:19,(anonymous_11)
FN:19,(anonymous_12)
FN:20,(anonymous_13)
FN:23,(anonymous_14)
FN:25,(anonymous_15)
FN:26,(anonymous_16)
FN:27,(anonymous_17)
FN:28,(anonymous_18)
FN:29,(anonymous_19)
FN:30,(anonymous_20)
FN:31,(anonymous_21)
FN:32,(anonymous_22)
FN:33,(anonymous_23)
FN:34,(anonymous_24)
FNF:25
FNH:4
FNDA:7,(anonymous_0)
FNDA:0,(anonymous_1)
FNDA:0,(anonymous_2)
FNDA:0,(anonymous_3)
FNDA:0,(anonymous_4)
FNDA:30,(anonymous_5)
FNDA:0,(anonymous_6)
FNDA:0,(anonymous_7)
FNDA:9,(anonymous_8)
FNDA:0,(anonymous_9)
FNDA:0,(anonymous_10)
FNDA:0,(anonymous_11)
FNDA:0,(anonymous_12)
FNDA:0,(anonymous_13)
FNDA:0,(anonymous_14)
FNDA:0,(anonymous_15)
FNDA:0,(anonymous_16)
FNDA:4,(anonymous_17)
FNDA:0,(anonymous_18)
FNDA:0,(anonymous_19)
FNDA:0,(anonymous_20)
FNDA:0,(anonymous_21)
FNDA:0,(anonymous_22)
FNDA:0,(anonymous_23)
FNDA:0,(anonymous_24)
DA:1,12
DA:3,5
DA:5,5
DA:7,5
DA:8,5
DA:10,35
DA:11,14
DA:15,5
DA:16,5
DA:19,5
DA:20,5
DA:23,5
DA:25,5
DA:26,5
DA:27,9
DA:28,5
DA:29,5
DA:30,5
DA:31,5
DA:32,5
DA:33,5
DA:34,5
LF:22
LH:22
BRF:0
BRH:0
end_of_record
TN:
SF:src/lib/Anchor.ts
FN:42,(anonymous_0)
FN:58,(anonymous_1)
FN:61,(anonymous_2)
FN:64,(anonymous_3)
FN:69,(anonymous_4)
FN:81,(anonymous_5)
FN:85,(anonymous_6)
FN:89,(anonymous_7)
FN:93,(anonymous_8)
FN:97,(anonymous_9)
FN:100,(anonymous_10)
FN:106,(anonymous_11)
FN:123,(anonymous_12)
FN:130,(anonymous_13)
FN:138,(anonymous_14)
FN:141,(anonymous_15)
FN:149,(anonymous_16)
FN:152,(anonymous_17)
FN:160,(anonymous_18)
FN:163,(anonymous_19)
FN:171,(anonymous_20)
FN:174,(anonymous_21)
FN:182,(anonymous_22)
FN:185,(anonymous_23)
FN:193,(anonymous_24)
FN:196,(anonymous_25)
FN:204,(anonymous_26)
FN:207,(anonymous_27)
FN:214,vector_like
FNF:29
FNH:25
FNDA:237,(anonymous_0)
FNDA:593,(anonymous_1)
FNDA:335,(anonymous_2)
FNDA:333,(anonymous_3)
FNDA:0,(anonymous_4)
FNDA:9120,(anonymous_5)
FNDA:17,(anonymous_6)
FNDA:9120,(anonymous_7)
FNDA:17,(anonymous_8)
FNDA:0,(anonymous_9)
FNDA:0,(anonymous_10)
FNDA:1998,(anonymous_11)
FNDA:0,(anonymous_12)
FNDA:98,(anonymous_13)
FNDA:7660,(anonymous_14)
FNDA:3028,(anonymous_15)
FNDA:8643,(anonymous_16)
FNDA:2001,(anonymous_17)
FNDA:4001,(anonymous_18)
FNDA:2000,(anonymous_19)
FNDA:4001,(anonymous_20)
FNDA:2000,(anonymous_21)
FNDA:4001,(anonymous_22)
FNDA:2000,(anonymous_23)
FNDA:4002,(anonymous_24)
FNDA:2000,(anonymous_25)
FNDA:4002,(anonymous_26)
FNDA:2000,(anonymous_27)
FNDA:237,vector_like
DA:1,10
DA:4,10
DA:5,10
DA:7,10
DA:13,237
DA:29,237
DA:30,237
DA:44,237
DA:45,237
DA:46,237
DA:48,237
DA:49,237
DA:50,237
DA:51,237
DA:52,237
DA:53,237
DA:54,237
DA:56,237
DA:58,237
DA:59,593
DA:61,237
DA:62,335
DA:64,237
DA:65,333
DA:70,0
DA:71,0
DA:73,0
DA:74,0
DA:76,0
DA:77,0
DA:82,9120
DA:86,17
DA:90,9120
DA:94,17
DA:98,0
DA:101,0
DA:102,0
DA:107,1998
DA:108,1998
DA:109,1998
DA:110,1998
DA:111,1998
DA:112,1998
DA:113,1998
DA:114,1998
DA:115,1998
DA:116,1998
DA:117,1998
DA:124,0
DA:139,7660
DA:142,3028
DA:143,149
DA:150,8643
DA:153,2001
DA:154,1
DA:161,4001
DA:164,2000
DA:165,1
DA:172,4001
DA:175,2000
DA:176,1
DA:183,4001
DA:186,2000
DA:187,1
DA:194,4002
DA:197,2000
DA:198,1
DA:205,4002
DA:208,2000
DA:209,1
DA:215,237
DA:216,233
DA:218,4
DA:219,4
DA:222,0
LF:75
LH:64
BRDA:42,0,0,154
BRDA:42,1,0,233
BRDA:42,2,0,233
BRDA:42,3,0,233
BRDA:42,4,0,233
BRDA:70,5,0,0
BRDA:73,6,0,0
BRDA:76,7,0,0
BRDA:101,8,0,0
BRDA:142,9,0,149
BRDA:153,10,0,1
BRDA:164,11,0,1
BRDA:175,12,0,1
BRDA:186,13,0,1
BRDA:197,14,0,1
BRDA:208,15,0,1
BRDA:215,16,0,233
BRDA:215,16,1,4
BRDA:216,17,0,0
BRDA:216,17,1,233
BRDA:218,18,0,4
BRDA:218,18,1,0
BRF:22
BRH:16
end_of_record
TN:
SF:src/lib/ColorManager.ts
FN:30,(anonymous_0)
FN:33,(anonymous_1)
FN:36,(anonymous_2)
FN:58,(anonymous_3)
FN:72,(anonymous_4)
FNF:5
FNH:4
FNDA:60,(anonymous_0)
FNDA:0,(anonymous_1)
FNDA:60,(anonymous_2)
FNDA:60,(anonymous_3)
FNDA:60,(anonymous_4)
DA:1,10
DA:2,10
DA:9,10
DA:13,60
DA:17,60
DA:19,60
DA:20,60
DA:30,60
DA:31,60
DA:34,0
DA:37,60
DA:38,60
DA:39,60
DA:40,0
DA:41,0
DA:44,0
DA:47,60
DA:48,0
DA:49,0
DA:52,0
DA:55,60
DA:59,60
DA:60,60
DA:61,60
DA:62,60
DA:63,60
DA:64,0
DA:66,60
DA:67,60
DA:68,0
DA:70,60
DA:73,60
DA:74,60
DA:75,60
DA:77,0
DA:78,0
DA:81,0
LF:37
LH:25
BRDA:38,0,0,60
BRDA:39,1,0,0
BRDA:40,2,0,0
BRDA:40,2,1,0
BRDA:47,3,0,0
BRDA:48,4,0,0
BRDA:48,4,1,0
BRDA:74,5,0,60
BRDA:74,5,1,0
BRDA:77,6,0,0
BRDA:77,6,1,0
BRF:11
BRH:2
end_of_record
TN:
SF:src/lib/ColoredShapeBase.ts
FN:44,(anonymous_0)
FN:89,(anonymous_1)
FN:92,(anonymous_2)
FN:97,(anonymous_3)
FN:100,(anonymous_4)
FN:104,(anonymous_5)
FN:107,(anonymous_6)
FN:110,(anonymous_7)
FN:113,(anonymous_8)
FN:117,(anonymous_9)
FN:120,(anonymous_10)
FN:123,(anonymous_11)
FN:126,(anonymous_12)
FN:136,(anonymous_13)
FN:139,(anonymous_14)
FN:145,(anonymous_15)
FN:153,(anonymous_16)
FN:157,(anonymous_17)
FN:164,(anonymous_18)
FN:172,(anonymous_19)
FN:178,(anonymous_20)
FN:180,(anonymous_21)
FN:186,(anonymous_22)
FN:194,(anonymous_23)
FN:200,(anonymous_24)
FN:202,(anonymous_25)
FN:208,(anonymous_26)
FN:216,(anonymous_27)
FN:222,(anonymous_28)
FN:230,(anonymous_29)
FN:236,(anonymous_30)
FN:244,(anonymous_31)
FN:258,shape_attribs_from_colored_attribs
FNF:33
FNH:28
FNDA:30,(anonymous_0)
FNDA:30,(anonymous_1)
FNDA:0,(anonymous_2)
FNDA:0,(anonymous_3)
FNDA:30,(anonymous_4)
FNDA:30,(anonymous_5)
FNDA:30,(anonymous_6)
FNDA:0,(anonymous_7)
FNDA:30,(anonymous_8)
FNDA:30,(anonymous_9)
FNDA:30,(anonymous_10)
FNDA:34,(anonymous_11)
FNDA:30,(anonymous_12)
FNDA:30,(anonymous_13)
FNDA:0,(anonymous_14)
FNDA:5,(anonymous_15)
FNDA:0,(anonymous_16)
FNDA:30,(anonymous_17)
FNDA:30,(anonymous_18)
FNDA:25,(anonymous_19)
FNDA:30,(anonymous_20)
FNDA:25,(anonymous_21)
FNDA:30,(anonymous_22)
FNDA:25,(anonymous_23)
FNDA:30,(anonymous_24)
FNDA:25,(anonymous_25)
FNDA:30,(anonymous_26)
FNDA:25,(anonymous_27)
FNDA:30,(anonymous_28)
FNDA:25,(anonymous_29)
FNDA:30,(anonymous_30)
FNDA:25,(anonymous_31)
FNDA:30,shape_attribs_from_colored_attribs
DA:1,10
DA:3,10
DA:5,10
DA:8,10
DA:26,10
DA:30,30
DA:31,30
DA:36,30
DA:37,30
DA:38,30
DA:40,30
DA:42,30
DA:45,30
DA:47,30
DA:48,0
DA:51,30
DA:52,25
DA:55,30
DA:56,0
DA:59,30
DA:62,30
DA:63,30
DA:66,30
DA:67,30
DA:70,0
DA:73,30
DA:74,0
DA:77,30
DA:80,30
DA:81,0
DA:90,30
DA:93,0
DA:94,0
DA:98,0
DA:101,30
DA:102,30
DA:105,30
DA:108,30
DA:111,0
DA:114,30
DA:115,30
DA:118,30
DA:121,30
DA:124,34
DA:127,30
DA:128,30
DA:132,30
DA:137,30
DA:140,0
DA:146,5
DA:147,5
DA:154,0
DA:155,0
DA:159,30
DA:160,30
DA:161,30
DA:164,30
DA:165,30
DA:166,30
DA:167,0
DA:170,30
DA:172,30
DA:178,30
DA:179,30
DA:180,30
DA:186,30
DA:187,30
DA:188,30
DA:189,0
DA:192,30
DA:194,30
DA:200,30
DA:201,30
DA:202,30
DA:208,30
DA:209,30
DA:210,30
DA:211,0
DA:214,30
DA:216,30
DA:222,30
DA:223,30
DA:224,30
DA:225,30
DA:228,0
DA:230,30
DA:236,30
DA:237,30
DA:238,30
DA:239,0
DA:242,30
DA:244,30
DA:249,30
DA:252,0
DA:259,30
DA:268,30
LF:96
LH:78
BRDA:44,0,0,0
BRDA:47,1,0,0
BRDA:51,2,0,25
BRDA:55,3,0,0
BRDA:55,3,1,30
BRDA:62,4,0,30
BRDA:66,5,0,30
BRDA:66,5,1,0
BRDA:73,6,0,0
BRDA:73,6,1,30
BRDA:80,7,0,0
BRDA:93,8,0,0
BRDA:127,9,0,30
BRDA:128,10,0,0
BRDA:128,10,1,30
BRDA:159,11,0,30
BRDA:159,11,1,0
BRDA:166,12,0,0
BRDA:166,12,1,30
BRDA:166,13,0,30
BRDA:166,13,1,30
BRDA:188,14,0,0
BRDA:188,14,1,30
BRDA:210,15,0,0
BRDA:210,15,1,30
BRDA:224,16,0,30
BRDA:224,16,1,0
BRDA:238,17,0,0
BRDA:238,17,1,30
BRF:29
BRH:15
end_of_record
TN:
SF:src/lib/Flag.ts
FN:1,(anonymous_0)
FNF:1
FNH:1
FNDA:10,(anonymous_0)
DA:1,10
DA:2,10
DA:3,10
DA:4,10
DA:5,10
DA:6,10
DA:7,10
DA:8,10
DA:9,10
DA:10,10
DA:11,10
DA:12,10
DA:13,10
DA:14,10
DA:15,10
DA:16,10
DA:17,10
DA:18,10
LF:18
LH:18
BRDA:1,0,0,10
BRDA:1,0,1,10
BRF:2
BRH:2
end_of_record
TN:
SF:src/lib/GraphicsBoard.ts
FN:68,(anonymous_0)
FN:72,(anonymous_1)
FN:77,(anonymous_2)
FN:128,(anonymous_3)
FN:138,(anonymous_4)
FN:182,(anonymous_5)
FN:211,(anonymous_6)
FN:227,(anonymous_7)
FN:231,(anonymous_8)
FN:234,(anonymous_9)
FN:238,(anonymous_10)
FN:241,(anonymous_11)
FN:245,(anonymous_12)
FN:249,(anonymous_13)
FN:252,(anonymous_14)
FN:257,(anonymous_15)
FN:260,(anonymous_16)
FN:265,(anonymous_17)
FN:268,(anonymous_18)
FN:272,(anonymous_19)
FN:288,(anonymous_20)
FN:295,(anonymous_21)
FN:307,(anonymous_22)
FN:329,(anonymous_23)
FN:335,(anonymous_24)
FN:341,(anonymous_25)
FN:347,(anonymous_26)
FN:353,(anonymous_27)
FN:359,(anonymous_28)
FN:375,(anonymous_29)
FN:381,(anonymous_30)
FN:387,(anonymous_31)
FN:393,(anonymous_32)
FN:399,(anonymous_33)
FN:409,(anonymous_34)
FN:418,(anonymous_35)
FN:424,(anonymous_36)
FN:439,(anonymous_37)
FN:451,(anonymous_38)
FN:454,(anonymous_39)
FN:460,(anonymous_40)
FN:462,(anonymous_41)
FN:467,(anonymous_42)
FN:475,(anonymous_43)
FN:481,(anonymous_44)
FN:484,(anonymous_45)
FN:509,(anonymous_46)
FN:512,(anonymous_47)
FN:528,config_from_options
FN:537,compute_config_resize_to
FN:547,compute_config_size
FN:556,get_container
FN:565,get_container_id
FN:579,ellipse_attribs_from_point_attribs
FN:594,points_to_anchors
FNF:55
FNH:44
FNDA:42,(anonymous_0)
FNDA:42,(anonymous_1)
FNDA:31,(anonymous_2)
FNDA:31,(anonymous_3)
FNDA:25,(anonymous_4)
FNDA:624,(anonymous_5)
FNDA:624,(anonymous_6)
FNDA:0,(anonymous_7)
FNDA:31,(anonymous_8)
FNDA:0,(anonymous_9)
FNDA:1,(anonymous_10)
FNDA:0,(anonymous_11)
FNDA:0,(anonymous_12)
FNDA:94,(anonymous_13)
FNDA:62,(anonymous_14)
FNDA:94,(anonymous_15)
FNDA:62,(anonymous_16)
FNDA:31,(anonymous_17)
FNDA:0,(anonymous_18)
FNDA:31,(anonymous_19)
FNDA:116,(anonymous_20)
FNDA:0,(anonymous_21)
FNDA:62,(anonymous_22)
FNDA:31,(anonymous_23)
FNDA:0,(anonymous_24)
FNDA:1,(anonymous_25)
FNDA:1,(anonymous_26)
FNDA:1,(anonymous_27)
FNDA:1,(anonymous_28)
FNDA:1,(anonymous_29)
FNDA:2,(anonymous_30)
FNDA:1,(anonymous_31)
FNDA:1,(anonymous_32)
FNDA:0,(anonymous_33)
FNDA:1,(anonymous_34)
FNDA:1,(anonymous_35)
FNDA:0,(anonymous_36)
FNDA:31,(anonymous_37)
FNDA:0,(anonymous_38)
FNDA:62,(anonymous_39)
FNDA:31,(anonymous_40)
FNDA:0,(anonymous_41)
FNDA:25,(anonymous_42)
FNDA:56,(anonymous_43)
FNDA:62,(anonymous_44)
FNDA:62,(anonymous_45)
FNDA:93,(anonymous_46)
FNDA:31,(anonymous_47)
FNDA:31,config_from_options
FNDA:31,compute_config_resize_to
FNDA:31,compute_config_size
FNDA:31,get_container
FNDA:31,get_container_id
FNDA:1,ellipse_attribs_from_point_attribs
FNDA:1,points_to_anchors
DA:1,10
DA:2,10
DA:4,10
DA:6,10
DA:7,10
DA:8,10
DA:9,10
DA:10,10
DA:14,10
DA:15,10
DA:16,10
DA:17,10
DA:18,10
DA:19,10
DA:20,10
DA:21,10
DA:22,10
DA:23,10
DA:24,10
DA:25,10
DA:33,10
DA:35,31
DA:50,31
DA:51,31
DA:58,31
DA:61,31
DA:62,31
DA:64,31
DA:68,31
DA:69,42
DA:70,42
DA:72,31
DA:73,42
DA:74,42
DA:79,31
DA:80,31
DA:82,31
DA:83,31
DA:85,31
DA:86,31
DA:88,31
DA:89,11
DA:90,11
DA:91,11
DA:92,11
DA:93,11
DA:96,31
DA:97,31
DA:99,31
DA:100,31
DA:101,31
DA:102,0
DA:106,0
DA:109,31
DA:111,31
DA:113,31
DA:114,31
DA:115,31
DA:116,31
DA:119,31
DA:120,31
DA:123,31
DA:124,0
DA:128,31
DA:129,31
DA:130,31
DA:131,31
DA:132,31
DA:133,31
DA:134,31
DA:139,25
DA:140,25
DA:148,31
DA:149,31
DA:150,31
DA:151,31
DA:152,31
DA:154,31
DA:155,31
DA:156,31
DA:157,31
DA:158,31
DA:159,31
DA:160,31
DA:161,31
DA:162,0
DA:164,0
DA:171,31
DA:173,0
DA:177,31
DA:183,624
DA:212,624
DA:228,0
DA:232,31
DA:235,0
DA:239,1
DA:242,0
DA:246,0
DA:250,94
DA:253,62
DA:254,62
DA:255,62
DA:258,94
DA:261,62
DA:262,62
DA:263,62
DA:266,31
DA:269,0
DA:273,31
DA:274,31
DA:275,31
DA:278,0
DA:280,31
DA:281,31
DA:283,31
DA:285,31
DA:289,116
DA:296,0
DA:297,0
DA:300,0
DA:308,62
DA:309,62
DA:311,62
DA:312,0
DA:313,0
DA:316,62
DA:317,62
DA:318,62
DA:320,62
DA:321,0
DA:324,62
DA:326,62
DA:330,31
DA:331,31
DA:332,31
DA:336,0
DA:337,0
DA:338,0
DA:342,1
DA:343,1
DA:344,1
DA:348,1
DA:349,1
DA:350,1
DA:354,1
DA:355,1
DA:356,1
DA:360,1
DA:361,1
DA:362,1
DA:363,1
DA:364,1
DA:365,1
DA:366,1
DA:367,1
DA:368,1
DA:369,1
DA:370,1
DA:371,1
DA:372,1
DA:376,1
DA:377,1
DA:378,1
DA:382,2
DA:383,2
DA:384,2
DA:388,1
DA:389,1
DA:390,1
DA:394,1
DA:395,1
DA:396,1
DA:400,0
DA:401,0
DA:402,0
DA:403,0
DA:404,0
DA:405,0
DA:406,0
DA:410,1
DA:411,1
DA:412,1
DA:413,1
DA:414,1
DA:415,1
DA:419,1
DA:420,1
DA:421,1
DA:425,0
DA:426,0
DA:427,0
DA:437,31
DA:438,31
DA:440,31
DA:441,31
DA:442,31
DA:445,0
DA:447,31
DA:448,31
DA:449,31
DA:452,0
DA:455,62
DA:461,31
DA:462,31
DA:463,0
DA:466,31
DA:467,31
DA:468,25
DA:470,31
DA:476,56
DA:477,25
DA:478,25
DA:482,62
DA:485,62
DA:486,62
DA:488,0
DA:489,0
DA:490,0
DA:491,0
DA:492,0
DA:493,0
DA:494,0
DA:495,0
DA:498,0
DA:499,0
DA:507,62
DA:510,93
DA:513,31
DA:514,31
DA:516,31
DA:517,31
DA:519,31
DA:529,31
DA:533,31
DA:543,31
DA:548,31
DA:549,31
DA:552,0
DA:557,31
DA:558,0
DA:561,31
DA:566,31
DA:567,0
DA:570,31
DA:571,31
DA:574,0
DA:580,1
DA:591,1
DA:595,1
DA:596,1
DA:597,1
DA:598,4
DA:599,4
DA:600,0
DA:602,4
DA:603,0
DA:605,4
DA:606,4
DA:609,0
DA:612,1
LF:260
LH:209
BRDA:77,0,0,0
BRDA:88,1,0,11
BRDA:99,2,0,31
BRDA:99,2,1,0
BRDA:101,3,0,0
BRDA:101,4,0,31
BRDA:101,4,1,31
BRDA:113,5,0,31
BRDA:119,6,0,31
BRDA:123,7,0,0
BRDA:161,8,0,0
BRDA:161,8,1,31
BRDA:162,9,0,0
BRDA:162,9,1,0
BRDA:171,10,0,0
BRDA:171,10,1,31
BRDA:273,11,0,31
BRDA:274,12,0,31
BRDA:274,12,1,0
BRDA:280,13,0,31
BRDA:295,14,0,0
BRDA:296,15,0,0
BRDA:296,15,1,0
BRDA:311,16,0,0
BRDA:311,17,0,62
BRDA:311,17,1,62
BRDA:320,18,0,0
BRDA:320,19,0,62
BRDA:320,19,1,62
BRDA:341,20,0,0
BRDA:347,21,0,0
BRDA:353,22,0,0
BRDA:359,23,0,1
BRDA:375,24,0,0
BRDA:375,25,0,0
BRDA:381,26,0,1
BRDA:387,27,0,0
BRDA:393,28,0,0
BRDA:399,29,0,0
BRDA:401,30,0,0
BRDA:401,30,1,0
BRDA:403,31,0,0
BRDA:403,31,1,0
BRDA:409,32,0,0
BRDA:410,33,0,1
BRDA:410,33,1,0
BRDA:412,34,0,1
BRDA:412,34,1,0
BRDA:418,35,0,1
BRDA:441,36,0,31
BRDA:441,36,1,0
BRDA:476,37,0,25
BRDA:486,38,0,0
BRDA:548,39,0,31
BRDA:548,39,1,0
BRDA:557,40,0,0
BRDA:557,40,1,31
BRDA:566,41,0,0
BRDA:566,41,1,31
BRDA:570,42,0,31
BRDA:570,42,1,0
BRDA:599,43,0,0
BRDA:599,43,1,4
BRDA:602,44,0,0
BRDA:602,44,1,4
BRDA:603,45,0,0
BRDA:603,45,1,0
BRDA:605,46,0,4
BRDA:605,46,1,0
BRDA:606,47,0,1
BRDA:606,47,1,3
BRF:71
BRH:31
end_of_record
TN:
SF:src/lib/Path.ts
FN:92,(anonymous_0)
FN:141,(anonymous_1)
FN:152,(anonymous_2)
FN:162,(anonymous_3)
FN:172,(anonymous_4)
FN:181,(anonymous_5)
FN:229,(anonymous_6)
FN:248,(anonymous_7)
FN:276,(anonymous_8)
FN:359,(anonymous_9)
FN:372,(anonymous_10)
FN:508,(anonymous_11)
FN:525,(anonymous_12)
FN:534,(anonymous_13)
FN:554,(anonymous_14)
FN:574,(anonymous_15)
FN:758,(anonymous_16)
FN:786,(anonymous_17)
FN:792,(anonymous_18)
FN:798,(anonymous_19)
FN:801,(anonymous_20)
FN:806,(anonymous_21)
FN:815,(anonymous_22)
FN:818,(anonymous_23)
FN:825,(anonymous_24)
FN:828,(anonymous_25)
FN:831,(anonymous_26)
FN:834,(anonymous_27)
FN:839,(anonymous_28)
FN:842,(anonymous_29)
FN:847,(anonymous_30)
FN:850,(anonymous_31)
FN:853,(anonymous_32)
FN:856,(anonymous_33)
FN:859,(anonymous_34)
FN:862,(anonymous_35)
FN:865,(anonymous_36)
FN:868,(anonymous_37)
FN:871,(anonymous_38)
FN:874,(anonymous_39)
FN:895,(anonymous_40)
FN:899,(anonymous_41)
FN:908,(anonymous_42)
FN:918,(anonymous_43)
FN:919,(anonymous_44)
FN:929,colored_shape_attribs_from_path_attribs
FNF:46
FNH:36
FNDA:29,(anonymous_0)
FNDA:29,(anonymous_1)
FNDA:31,(anonymous_2)
FNDA:31,(anonymous_3)
FNDA:31,(anonymous_4)
FNDA:84,(anonymous_5)
FNDA:2,(anonymous_6)
FNDA:0,(anonymous_7)
FNDA:2,(anonymous_8)
FNDA:0,(anonymous_9)
FNDA:0,(anonymous_10)
FNDA:140,(anonymous_11)
FNDA:0,(anonymous_12)
FNDA:0,(anonymous_13)
FNDA:0,(anonymous_14)
FNDA:0,(anonymous_15)
FNDA:2446,(anonymous_16)
FNDA:47,(anonymous_17)
FNDA:75,(anonymous_18)
FNDA:456,(anonymous_19)
FNDA:29,(anonymous_20)
FNDA:98,(anonymous_21)
FNDA:854,(anonymous_22)
FNDA:29,(anonymous_23)
FNDA:73,(anonymous_24)
FNDA:36,(anonymous_25)
FNDA:542,(anonymous_26)
FNDA:29,(anonymous_27)
FNDA:140,(anonymous_28)
FNDA:29,(anonymous_29)
FNDA:854,(anonymous_30)
FNDA:29,(anonymous_31)
FNDA:73,(anonymous_32)
FNDA:36,(anonymous_33)
FNDA:1708,(anonymous_34)
FNDA:327,(anonymous_35)
FNDA:37,(anonymous_36)
FNDA:31,(anonymous_37)
FNDA:1873,(anonymous_38)
FNDA:29,(anonymous_39)
FNDA:0,(anonymous_40)
FNDA:0,(anonymous_41)
FNDA:0,(anonymous_42)
FNDA:115,(anonymous_43)
FNDA:380,(anonymous_44)
FNDA:29,colored_shape_attribs_from_path_attribs
DA:1,10
DA:2,10
DA:4,10
DA:5,10
DA:7,10
DA:8,10
DA:10,10
DA:12,10
DA:14,10
DA:15,10
DA:16,10
DA:17,10
DA:19,10
DA:20,10
DA:22,10
DA:47,10
DA:49,29
DA:51,29
DA:56,29
DA:61,29
DA:66,29
DA:68,29
DA:69,29
DA:70,29
DA:71,29
DA:72,29
DA:76,29
DA:77,29
DA:82,29
DA:84,29
DA:94,29
DA:96,29
DA:97,29
DA:98,29
DA:103,29
DA:108,29
DA:114,29
DA:119,29
DA:124,29
DA:129,29
DA:134,29
DA:136,29
DA:138,29
DA:143,29
DA:144,29
DA:145,29
DA:146,29
DA:147,29
DA:148,29
DA:149,29
DA:152,29
DA:153,31
DA:154,7
DA:157,24
DA:162,29
DA:163,31
DA:164,7
DA:167,24
DA:172,29
DA:173,31
DA:174,2
DA:177,29
DA:181,29
DA:182,84
DA:183,84
DA:184,84
DA:188,29
DA:189,17
DA:190,17
DA:192,17
DA:193,0
DA:194,0
DA:195,0
DA:198,17
DA:199,17
DA:200,2
DA:203,15
DA:205,17
DA:206,0
DA:216,29
DA:217,17
DA:218,0
DA:219,0
DA:222,17
DA:226,29
DA:230,2
DA:231,2
DA:232,2
DA:233,2
DA:234,2
DA:235,2
DA:236,6
DA:237,6
DA:238,6
DA:240,2
DA:241,0
DA:242,0
DA:244,2
DA:245,2
DA:250,0
DA:251,0
DA:252,0
DA:253,0
DA:254,0
DA:256,0
DA:257,0
DA:258,0
DA:259,0
DA:260,0
DA:261,0
DA:272,0
DA:273,0
DA:278,2
DA:279,2
DA:280,2
DA:281,2
DA:283,2
DA:285,2
DA:287,2
DA:288,2
DA:290,2
DA:291,2
DA:294,2
DA:295,0
DA:298,2
DA:300,6
DA:303,6
DA:305,6
DA:306,6
DA:308,6
DA:310,6
DA:311,6
DA:313,6
DA:314,6
DA:315,6
DA:318,6
DA:320,6
DA:321,6
DA:323,6
DA:324,6
DA:325,6
DA:328,6
DA:330,6
DA:337,6
DA:338,6
DA:339,6
DA:340,6
DA:343,0
DA:344,0
DA:345,0
DA:346,0
DA:347,0
DA:349,0
DA:350,0
DA:351,0
DA:352,0
DA:356,2
DA:360,0
DA:376,0
DA:381,0
DA:385,0
DA:386,0
DA:388,0
DA:389,0
DA:394,0
DA:398,0
DA:399,0
DA:401,0
DA:405,0
DA:406,0
DA:407,0
DA:408,0
DA:409,0
DA:410,0
DA:414,0
DA:415,0
DA:417,0
DA:418,0
DA:423,0
DA:424,0
DA:425,0
DA:428,0
DA:430,0
DA:432,0
DA:435,0
DA:436,0
DA:439,0
DA:440,0
DA:442,0
DA:443,0
DA:446,0
DA:447,0
DA:449,0
DA:450,0
DA:451,0
DA:452,0
DA:453,0
DA:454,0
DA:455,0
DA:456,0
DA:458,0
DA:459,0
DA:460,0
DA:463,0
DA:464,0
DA:465,0
DA:468,0
DA:469,0
DA:472,0
DA:473,0
DA:474,0
DA:475,0
DA:476,0
DA:477,0
DA:480,0
DA:481,0
DA:482,0
DA:483,0
DA:485,0
DA:486,0
DA:488,0
DA:489,0
DA:490,0
DA:491,0
DA:493,0
DA:494,0
DA:495,0
DA:496,0
DA:497,0
DA:500,0
DA:502,0
DA:509,140
DA:510,24
DA:511,24
DA:513,116
DA:514,116
DA:515,116
DA:516,564
DA:518,116
DA:527,0
DA:529,0
DA:530,0
DA:531,0
DA:532,0
DA:534,0
DA:536,0
DA:537,0
DA:538,0
DA:541,0
DA:542,0
DA:543,0
DA:544,0
DA:546,0
DA:547,0
DA:550,0
DA:551,0
DA:554,0
DA:555,0
DA:556,0
DA:559,0
DA:563,0
DA:566,0
DA:568,0
DA:570,0
DA:571,0
DA:574,0
DA:575,0
DA:576,0
DA:579,0
DA:584,0
DA:585,0
DA:588,0
DA:593,0
DA:596,0
DA:597,0
DA:598,0
DA:600,0
DA:604,427
DA:605,140
DA:608,427
DA:610,427
DA:612,427
DA:613,427
DA:615,427
DA:616,427
DA:631,427
DA:632,427
DA:636,427
DA:637,427
DA:639,2446
DA:641,115
DA:644,2446
DA:646,0
DA:647,0
DA:648,0
DA:649,0
DA:651,0
DA:652,0
DA:656,0
DA:658,0
DA:659,0
DA:662,0
DA:665,0
DA:666,0
DA:671,0
DA:677,2446
DA:679,1996
DA:680,1996
DA:682,1996
DA:683,425
DA:684,425
DA:685,127
DA:686,127
DA:689,0
DA:693,1571
DA:694,327
DA:695,327
DA:696,327
DA:697,97
DA:698,97
DA:701,0
DA:710,427
DA:712,0
DA:714,0
DA:715,0
DA:716,0
DA:717,0
DA:719,0
DA:723,0
DA:725,0
DA:727,0
DA:728,0
DA:733,0
DA:734,0
DA:741,427
DA:742,427
DA:747,427
DA:748,0
DA:751,427
DA:752,427
DA:753,427
DA:755,427
DA:756,427
DA:758,427
DA:760,2446
DA:761,425
DA:762,425
DA:763,425
DA:766,2021
DA:767,2021
DA:769,2021
DA:771,0
DA:773,0
DA:774,0
DA:778,2021
DA:781,427
DA:783,427
DA:787,47
DA:788,47
DA:789,47
DA:793,75
DA:794,75
DA:795,75
DA:799,456
DA:802,29
DA:803,9
DA:805,20
DA:806,20
DA:807,98
DA:808,0
DA:811,98
DA:816,854
DA:819,29
DA:826,73
DA:829,36
DA:832,542
DA:835,29
DA:836,29
DA:840,140
DA:843,29
DA:844,29
DA:848,854
DA:851,29
DA:854,73
DA:857,36
DA:860,1708
DA:863,327
DA:866,37
DA:869,31
DA:872,1873
DA:876,29
DA:877,0
DA:878,0
DA:880,29
DA:881,0
DA:882,0
DA:886,29
DA:887,29
DA:890,0
DA:895,29
DA:896,0
DA:897,0
DA:898,0
DA:899,0
DA:900,0
DA:904,0
DA:908,29
DA:909,0
DA:910,0
DA:911,0
DA:912,0
DA:913,0
DA:914,0
DA:918,29
DA:919,115
DA:920,380
DA:923,115
DA:930,29
DA:945,29
LF:419
LH:227
BRDA:92,0,0,0
BRDA:92,1,0,0
BRDA:143,2,0,29
BRDA:153,3,0,7
BRDA:153,3,1,24
BRDA:153,4,0,31
BRDA:153,4,1,31
BRDA:163,5,0,7
BRDA:163,5,1,24
BRDA:163,6,0,31
BRDA:163,6,1,31
BRDA:173,7,0,2
BRDA:173,7,1,29
BRDA:188,8,0,17
BRDA:192,9,0,0
BRDA:192,9,1,17
BRDA:199,10,0,2
BRDA:199,10,1,15
BRDA:205,11,0,0
BRDA:205,12,0,17
BRDA:205,12,1,0
BRDA:216,13,0,17
BRDA:217,14,0,0
BRDA:217,14,1,17
BRDA:240,15,0,0
BRDA:285,16,0,2
BRDA:285,16,1,0
BRDA:287,17,0,2
BRDA:287,17,1,0
BRDA:290,18,0,2
BRDA:290,19,0,2
BRDA:290,19,1,0
BRDA:290,19,2,0
BRDA:290,19,3,0
BRDA:294,20,0,0
BRDA:308,21,0,6
BRDA:308,21,1,0
BRDA:308,22,0,6
BRDA:308,22,1,6
BRDA:313,23,0,6
BRDA:323,24,0,6
BRDA:343,25,0,0
BRDA:401,26,0,0
BRDA:405,27,0,0
BRDA:405,27,1,0
BRDA:408,28,0,0
BRDA:424,29,0,0
BRDA:424,29,1,0
BRDA:435,30,0,0
BRDA:435,31,0,0
BRDA:435,31,1,0
BRDA:439,32,0,0
BRDA:439,32,1,0
BRDA:442,33,0,0
BRDA:446,34,0,0
BRDA:446,34,1,0
BRDA:447,35,0,0
BRDA:447,35,1,0
BRDA:451,36,0,0
BRDA:451,36,1,0
BRDA:452,37,0,0
BRDA:452,37,1,0
BRDA:453,38,0,0
BRDA:453,38,1,0
BRDA:454,39,0,0
BRDA:454,39,1,0
BRDA:458,40,0,0
BRDA:458,41,0,0
BRDA:458,41,1,0
BRDA:463,42,0,0
BRDA:463,43,0,0
BRDA:463,43,1,0
BRDA:493,44,0,0
BRDA:493,45,0,0
BRDA:493,45,1,0
BRDA:509,46,0,24
BRDA:516,47,0,114
BRDA:516,47,1,450
BRDA:530,48,0,0
BRDA:530,48,1,0
BRDA:536,49,0,0
BRDA:536,50,0,0
BRDA:536,50,1,0
BRDA:541,51,0,0
BRDA:543,52,0,0
BRDA:555,53,0,0
BRDA:555,53,1,0
BRDA:555,54,0,0
BRDA:555,54,1,0
BRDA:563,55,0,0
BRDA:566,56,0,0
BRDA:566,56,1,0
BRDA:566,57,0,0
BRDA:566,57,1,0
BRDA:575,58,0,0
BRDA:575,58,1,0
BRDA:575,59,0,0
BRDA:575,59,1,0
BRDA:584,60,0,0
BRDA:588,61,0,0
BRDA:588,61,1,0
BRDA:604,62,0,140
BRDA:639,63,0,115
BRDA:644,64,0,0
BRDA:644,64,1,2446
BRDA:644,65,0,2446
BRDA:644,65,1,450
BRDA:656,66,0,0
BRDA:656,67,0,0
BRDA:656,67,1,0
BRDA:658,68,0,0
BRDA:658,68,1,0
BRDA:665,69,0,0
BRDA:665,69,1,0
BRDA:677,70,0,1996
BRDA:677,71,0,2446
BRDA:677,71,1,2446
BRDA:682,72,0,425
BRDA:682,72,1,1571
BRDA:682,73,0,1996
BRDA:682,73,1,425
BRDA:684,74,0,127
BRDA:684,75,0,425
BRDA:684,75,1,127
BRDA:685,76,0,127
BRDA:685,76,1,0
BRDA:693,77,0,327
BRDA:693,78,0,1571
BRDA:693,78,1,327
BRDA:696,79,0,97
BRDA:696,80,0,327
BRDA:696,80,1,97
BRDA:697,81,0,97
BRDA:697,81,1,0
BRDA:710,82,0,0
BRDA:710,83,0,427
BRDA:710,83,1,0
BRDA:723,84,0,0
BRDA:723,85,0,0
BRDA:723,85,1,0
BRDA:727,86,0,0
BRDA:727,86,1,0
BRDA:745,87,0,0
BRDA:747,88,0,0
BRDA:760,89,0,425
BRDA:760,90,0,2446
BRDA:760,90,1,425
BRDA:760,90,2,2021
BRDA:769,91,0,0
BRDA:769,92,0,2021
BRDA:769,92,1,425
BRDA:792,93,0,9
BRDA:802,94,0,9
BRDA:807,95,0,0
BRDA:807,95,1,98
BRDA:835,96,0,29
BRDA:843,97,0,29
BRDA:876,98,0,0
BRDA:880,99,0,0
BRDA:886,100,0,29
BRDA:886,100,1,0
BRDA:890,101,0,0
BRDA:890,101,1,0
BRF:163
BRH:66
end_of_record
TN:
SF:src/lib/ShapeBase.ts
FN:43,ensure_identifier
FN:92,(anonymous_1)
FN:146,(anonymous_2)
FN:149,(anonymous_3)
FN:152,(anonymous_4)
FN:155,(anonymous_5)
FN:160,(anonymous_6)
FN:165,(anonymous_7)
FN:167,(anonymous_8)
FN:180,(anonymous_9)
FN:190,(anonymous_10)
FN:199,(anonymous_11)
FN:205,(anonymous_12)
FN:215,(anonymous_13)
FN:229,(anonymous_14)
FN:235,(anonymous_15)
FN:240,(anonymous_16)
FN:244,(anonymous_17)
FN:247,(anonymous_18)
FN:266,(anonymous_19)
FN:269,(anonymous_20)
FN:272,(anonymous_21)
FN:275,(anonymous_22)
FN:280,(anonymous_23)
FN:289,(anonymous_24)
FN:297,(anonymous_25)
FN:300,(anonymous_26)
FN:303,(anonymous_27)
FN:306,(anonymous_28)
FN:309,(anonymous_29)
FN:312,(anonymous_30)
FN:315,(anonymous_31)
FN:318,(anonymous_32)
FN:321,(anonymous_33)
FN:324,(anonymous_34)
FN:331,(anonymous_35)
FN:335,(anonymous_36)
FN:338,(anonymous_37)
FN:347,(anonymous_38)
FN:350,(anonymous_39)
FN:357,(anonymous_40)
FN:361,(anonymous_41)
FN:365,(anonymous_42)
FN:369,(anonymous_43)
FN:374,(anonymous_44)
FN:386,update_matrix
FNF:46
FNH:35
FNDA:0,ensure_identifier
FNDA:93,(anonymous_1)
FNDA:124,(anonymous_2)
FNDA:124,(anonymous_3)
FNDA:155,(anonymous_4)
FNDA:93,(anonymous_5)
FNDA:75,(anonymous_6)
FNDA:93,(anonymous_7)
FNDA:93,(anonymous_8)
FNDA:104,(anonymous_9)
FNDA:93,(anonymous_10)
FNDA:75,(anonymous_11)
FNDA:110,(anonymous_12)
FNDA:93,(anonymous_13)
FNDA:75,(anonymous_14)
FNDA:173,(anonymous_15)
FNDA:11,(anonymous_16)
FNDA:143,(anonymous_17)
FNDA:0,(anonymous_18)
FNDA:496,(anonymous_19)
FNDA:0,(anonymous_20)
FNDA:117,(anonymous_21)
FNDA:0,(anonymous_22)
FNDA:0,(anonymous_23)
FNDA:0,(anonymous_24)
FNDA:33,(anonymous_25)
FNDA:31,(anonymous_26)
FNDA:3,(anonymous_27)
FNDA:31,(anonymous_28)
FNDA:496,(anonymous_29)
FNDA:93,(anonymous_30)
FNDA:496,(anonymous_31)
FNDA:93,(anonymous_32)
FNDA:112,(anonymous_33)
FNDA:0,(anonymous_34)
FNDA:201,(anonymous_35)
FNDA:93,(anonymous_36)
FNDA:0,(anonymous_37)
FNDA:97,(anonymous_38)
FNDA:4,(anonymous_39)
FNDA:4,(anonymous_40)
FNDA:0,(anonymous_41)
FNDA:0,(anonymous_42)
FNDA:0,(anonymous_43)
FNDA:93,(anonymous_44)
FNDA:496,update_matrix
DA:1,10
DA:3,10
DA:4,10
DA:5,10
DA:6,10
DA:7,10
DA:8,10
DA:9,10
DA:10,10
DA:12,10
DA:43,10
DA:44,0
DA:45,0
DA:48,0
DA:52,10
DA:54,93
DA:59,93
DA:64,93
DA:74,93
DA:79,93
DA:81,93
DA:82,93
DA:84,93
DA:86,93
DA:92,93
DA:94,93
DA:99,93
DA:101,93
DA:102,10
DA:105,83
DA:108,93
DA:109,0
DA:112,93
DA:115,93
DA:116,1
DA:119,93
DA:120,0
DA:123,93
DA:124,0
DA:127,93
DA:128,93
DA:129,1
DA:131,93
DA:132,1
DA:134,93
DA:139,93
DA:144,93
DA:146,93
DA:147,124
DA:149,93
DA:150,124
DA:152,93
DA:153,155
DA:155,93
DA:156,93
DA:161,75
DA:162,75
DA:167,93
DA:168,93
DA:169,93
DA:170,0
DA:172,0
DA:175,93
DA:180,93
DA:181,104
DA:182,76
DA:185,28
DA:190,93
DA:191,93
DA:192,93
DA:193,93
DA:194,93
DA:197,0
DA:199,93
DA:205,93
DA:206,110
DA:207,83
DA:210,27
DA:215,93
DA:216,93
DA:217,93
DA:219,93
DA:220,93
DA:221,93
DA:224,0
DA:225,0
DA:226,0
DA:229,93
DA:237,173
DA:241,11
DA:245,143
DA:248,0
DA:249,0
DA:251,0
DA:252,0
DA:254,0
DA:255,0
DA:257,0
DA:258,0
DA:259,0
DA:260,0
DA:261,0
DA:262,0
DA:267,496
DA:270,0
DA:273,117
DA:276,0
DA:277,0
DA:281,0
DA:282,0
DA:286,0
DA:290,0
DA:291,0
DA:293,0
DA:294,0
DA:298,33
DA:301,31
DA:304,3
DA:307,31
DA:310,496
DA:313,93
DA:316,496
DA:319,93
DA:322,112
DA:325,0
DA:326,0
DA:327,0
DA:328,0
DA:332,201
DA:336,93
DA:339,0
DA:340,0
DA:341,0
DA:342,0
DA:348,97
DA:351,4
DA:352,4
DA:353,0
DA:358,4
DA:359,4
DA:362,0
DA:363,0
DA:366,0
DA:367,0
DA:371,0
DA:372,0
DA:375,93
DA:389,496
DA:390,496
DA:391,496
DA:392,496
DA:393,496
DA:394,0
DA:395,0
DA:396,0
DA:397,0
DA:398,0
DA:399,0
DA:400,0
DA:403,0
DA:404,0
DA:405,0
DA:409,0
DA:410,0
DA:411,0
DA:412,0
DA:415,0
DA:416,0
DA:417,0
DA:422,496
DA:423,4
DA:424,0
DA:425,0
DA:426,0
DA:429,4
DA:430,4
DA:431,4
DA:432,4
DA:433,4
DA:437,492
DA:438,0
DA:439,0
DA:440,0
DA:443,492
DA:444,492
DA:445,492
LF:186
LH:114
BRDA:44,0,0,0
BRDA:44,0,1,0
BRDA:92,1,0,0
BRDA:101,2,0,10
BRDA:101,2,1,83
BRDA:108,3,0,0
BRDA:108,3,1,93
BRDA:115,4,0,1
BRDA:119,5,0,0
BRDA:123,6,0,0
BRDA:128,7,0,1
BRDA:131,8,0,1
BRDA:169,9,0,0
BRDA:169,9,1,93
BRDA:181,10,0,76
BRDA:181,10,1,28
BRDA:193,11,0,93
BRDA:193,11,1,0
BRDA:206,12,0,83
BRDA:206,12,1,27
BRDA:217,13,0,93
BRDA:217,13,1,0
BRDA:248,14,0,0
BRDA:248,14,1,0
BRDA:251,15,0,0
BRDA:251,15,1,0
BRDA:254,16,0,0
BRDA:254,16,1,0
BRDA:257,17,0,0
BRDA:261,18,0,0
BRDA:261,19,0,0
BRDA:261,19,1,0
BRDA:276,20,0,0
BRDA:281,21,0,0
BRDA:281,21,1,0
BRDA:290,22,0,0
BRDA:290,22,1,0
BRDA:293,23,0,0
BRDA:327,24,0,0
BRDA:327,25,0,0
BRDA:327,25,1,0
BRDA:339,26,0,0
BRDA:340,27,0,0
BRDA:340,28,0,0
BRDA:340,28,1,0
BRDA:341,29,0,0
BRDA:351,30,0,4
BRDA:352,31,0,0
BRDA:393,32,0,0
BRDA:393,32,1,496
BRDA:394,33,0,0
BRDA:394,33,1,0
BRDA:395,34,0,0
BRDA:395,34,1,0
BRDA:409,35,0,0
BRDA:409,35,1,0
BRDA:422,36,0,4
BRDA:422,36,1,492
BRDA:423,37,0,0
BRDA:423,37,1,4
BRDA:437,38,0,0
BRDA:437,38,1,492
BRF:62
BRH:19
end_of_record
TN:
SF:src/lib/collection.ts
FN:20,(anonymous_0)
FN:34,(anonymous_1)
FN:38,(anonymous_2)
FN:42,(anonymous_3)
FN:46,(anonymous_4)
FN:50,(anonymous_5)
FN:54,(anonymous_6)
FN:60,(anonymous_7)
FN:66,(anonymous_8)
FN:72,(anonymous_9)
FN:78,(anonymous_10)
FN:102,(anonymous_11)
FN:108,(anonymous_12)
FN:114,(anonymous_13)
FN:119,(anonymous_14)
FNF:15
FNH:4
FNDA:29,(anonymous_0)
FNDA:476,(anonymous_1)
FNDA:1016,(anonymous_2)
FNDA:3507,(anonymous_3)
FNDA:0,(anonymous_4)
FNDA:0,(anonymous_5)
FNDA:0,(anonymous_6)
FNDA:0,(anonymous_7)
FNDA:0,(anonymous_8)
FNDA:0,(anonymous_9)
FNDA:0,(anonymous_10)
FNDA:0,(anonymous_11)
FNDA:0,(anonymous_12)
FNDA:0,(anonymous_13)
FNDA:0,(anonymous_14)
DA:1,10
DA:2,10
DA:7,10
DA:22,29
DA:24,29
DA:25,29
DA:27,29
DA:28,29
DA:30,29
DA:31,29
DA:35,476
DA:39,1016
DA:43,3507
DA:47,0
DA:51,0
DA:55,0
DA:56,0
DA:57,0
DA:61,0
DA:62,0
DA:63,0
DA:67,0
DA:68,0
DA:69,0
DA:73,0
DA:74,0
DA:75,0
DA:80,0
DA:81,0
DA:82,0
DA:83,0
DA:86,0
DA:87,0
DA:88,0
DA:103,0
DA:104,0
DA:105,0
DA:109,0
DA:110,0
DA:111,0
DA:115,0
DA:120,0
LF:42
LH:13
BRDA:80,0,0,0
BRDA:80,0,1,0
BRF:2
BRH:0
end_of_record
TN:
SF:src/lib/constants.ts
FN:13,(anonymous_0)
FNF:1
FNH:0
FNDA:0,(anonymous_0)
DA:2,10
DA:4,10
DA:14,0
LF:3
LH:2
BRF:0
BRH:0
end_of_record
TN:
SF:src/lib/element.ts
FN:16,(anonymous_0)
FN:22,(anonymous_1)
FN:26,(anonymous_2)
FN:29,(anonymous_3)
FNF:4
FNH:4
FNDA:93,(anonymous_0)
FNDA:75,(anonymous_1)
FNDA:316,(anonymous_2)
FNDA:11,(anonymous_3)
DA:1,10
DA:3,10
DA:8,10
DA:12,93
DA:14,93
DA:17,93
DA:18,65
DA:23,75
DA:27,316
DA:30,11
LF:10
LH:10
BRDA:17,0,0,65
BRF:1
BRH:1
end_of_record
TN:
SF:src/lib/group.ts
FN:16,(anonymous_0)
FN:28,(anonymous_1)
FN:35,(anonymous_2)
FN:39,(anonymous_3)
FN:78,(anonymous_4)
FN:96,(anonymous_5)
FN:98,search
FN:116,(anonymous_7)
FN:118,search
FN:133,(anonymous_9)
FN:146,(anonymous_10)
FN:159,(anonymous_11)
FN:210,(anonymous_12)
FN:214,(anonymous_13)
FN:223,(anonymous_14)
FN:226,(anonymous_15)
FN:237,update_shape_group
FN:258,shape_attributes
FNF:18
FNH:8
FNDA:63,(anonymous_0)
FNDA:50,(anonymous_1)
FNDA:0,(anonymous_2)
FNDA:125,(anonymous_3)
FNDA:0,(anonymous_4)
FNDA:0,(anonymous_5)
FNDA:0,search
FNDA:0,(anonymous_7)
FNDA:0,search
FNDA:62,(anonymous_9)
FNDA:0,(anonymous_10)
FNDA:0,(anonymous_11)
FNDA:125,(anonymous_12)
FNDA:188,(anonymous_13)
FNDA:237,(anonymous_14)
FNDA:0,(anonymous_15)
FNDA:0,update_shape_group
FNDA:63,shape_attributes
DA:1,10
DA:3,10
DA:4,10
DA:6,10
DA:12,10
DA:18,63
DA:20,63
DA:21,63
DA:22,63
DA:23,63
DA:25,63
DA:29,50
DA:30,50
DA:32,50
DA:36,0
DA:41,125
DA:43,125
DA:45,62
DA:48,63
DA:49,63
DA:50,63
DA:51,63
DA:52,63
DA:53,63
DA:56,0
DA:60,0
DA:64,125
DA:65,125
DA:66,125
DA:67,125
DA:68,93
DA:69,93
DA:72,125
DA:79,0
DA:80,0
DA:81,0
DA:82,0
DA:83,0
DA:84,0
DA:85,0
DA:86,0
DA:87,0
DA:89,0
DA:90,0
DA:91,0
DA:93,0
DA:97,0
DA:99,0
DA:100,0
DA:102,0
DA:103,0
DA:104,0
DA:105,0
DA:106,0
DA:110,0
DA:112,0
DA:117,0
DA:119,0
DA:120,0
DA:122,0
DA:123,0
DA:124,0
DA:125,0
DA:128,0
DA:130,0
DA:134,62
DA:135,62
DA:136,62
DA:137,62
DA:138,62
DA:139,0
DA:141,62
DA:143,62
DA:147,0
DA:148,0
DA:149,0
DA:150,0
DA:151,0
DA:152,0
DA:153,0
DA:156,0
DA:161,0
DA:164,0
DA:165,0
DA:167,0
DA:169,0
DA:171,0
DA:173,0
DA:174,0
DA:177,0
DA:179,0
DA:180,0
DA:181,0
DA:182,0
DA:184,0
DA:185,0
DA:188,0
DA:189,0
DA:190,0
DA:191,0
DA:192,0
DA:194,0
DA:195,0
DA:196,0
DA:197,0
DA:200,0
DA:201,0
DA:202,0
DA:203,0
DA:207,0
DA:211,125
DA:215,188
DA:216,188
DA:217,188
DA:218,188
DA:224,237
DA:228,0
DA:230,0
DA:231,0
DA:232,0
DA:237,10
DA:239,0
DA:241,0
DA:242,0
DA:245,0
DA:246,0
DA:247,0
DA:250,0
DA:251,0
DA:252,0
DA:255,0
DA:259,63
DA:263,63
LF:133
LH:46
BRDA:16,0,0,0
BRDA:16,1,0,0
BRDA:43,2,0,62
BRDA:43,2,1,63
BRDA:48,3,0,63
BRDA:48,3,1,0
BRDA:51,4,0,63
BRDA:51,4,1,0
BRDA:89,5,0,0
BRDA:99,6,0,0
BRDA:99,6,1,0
BRDA:102,7,0,0
BRDA:102,8,0,0
BRDA:102,8,1,0
BRDA:105,9,0,0
BRDA:119,10,0,0
BRDA:122,11,0,0
BRDA:122,12,0,0
BRDA:122,12,1,0
BRDA:138,13,0,0
BRDA:152,14,0,0
BRDA:159,15,0,0
BRDA:167,16,0,0
BRDA:167,16,1,0
BRDA:173,17,0,0
BRDA:173,18,0,0
BRDA:173,18,1,0
BRDA:179,19,0,0
BRDA:179,19,1,0
BRDA:179,19,2,0
BRDA:180,20,0,0
BRDA:180,20,1,0
BRDA:180,20,2,0
BRDA:181,21,0,0
BRDA:181,21,1,0
BRDA:181,21,2,0
BRDA:182,22,0,0
BRDA:182,22,1,0
BRDA:182,22,2,0
BRDA:184,23,0,0
BRDA:184,24,0,0
BRDA:184,24,1,0
BRDA:184,24,2,0
BRDA:184,24,3,0
BRDA:188,25,0,0
BRDA:188,25,1,0
BRDA:214,26,0,125
BRDA:241,27,0,0
BRDA:245,28,0,0
BRDA:245,29,0,0
BRDA:245,29,1,0
BRDA:250,30,0,0
BRF:52
BRH:5
end_of_record
TN:
SF:src/lib/text.ts
FN:95,(anonymous_0)
FN:144,(anonymous_1)
FN:162,(anonymous_2)
FN:189,(anonymous_3)
FN:195,(anonymous_4)
FN:200,(anonymous_5)
FN:206,(anonymous_6)
FN:214,(anonymous_7)
FN:220,(anonymous_8)
FN:251,(anonymous_9)
FN:257,(anonymous_10)
FN:276,(anonymous_11)
FN:282,(anonymous_12)
FN:301,(anonymous_13)
FN:307,(anonymous_14)
FN:312,(anonymous_15)
FN:317,(anonymous_16)
FN:325,(anonymous_17)
FN:331,(anonymous_18)
FN:339,(anonymous_19)
FN:345,(anonymous_20)
FN:385,(anonymous_21)
FN:392,(anonymous_22)
FN:447,(anonymous_23)
FN:452,(anonymous_24)
FN:456,(anonymous_25)
FN:461,(anonymous_26)
FN:464,(anonymous_27)
FN:476,(anonymous_28)
FN:479,(anonymous_29)
FN:496,(anonymous_30)
FN:499,(anonymous_31)
FN:506,(anonymous_32)
FN:509,(anonymous_33)
FN:512,(anonymous_34)
FN:515,(anonymous_35)
FN:524,(anonymous_36)
FN:527,(anonymous_37)
FN:534,(anonymous_38)
FN:537,(anonymous_39)
FN:544,(anonymous_40)
FN:547,(anonymous_41)
FN:554,(anonymous_42)
FN:557,(anonymous_43)
FN:562,(anonymous_44)
FN:565,(anonymous_45)
FN:570,(anonymous_46)
FN:573,(anonymous_47)
FN:578,shape_options_from_text_options
FNF:49
FNH:27
FNDA:1,(anonymous_0)
FNDA:1,(anonymous_1)
FNDA:1,(anonymous_2)
FNDA:0,(anonymous_3)
FNDA:1,(anonymous_4)
FNDA:0,(anonymous_5)
FNDA:1,(anonymous_6)
FNDA:0,(anonymous_7)
FNDA:1,(anonymous_8)
FNDA:0,(anonymous_9)
FNDA:1,(anonymous_10)
FNDA:0,(anonymous_11)
FNDA:1,(anonymous_12)
FNDA:0,(anonymous_13)
FNDA:1,(anonymous_14)
FNDA:1,(anonymous_15)
FNDA:1,(anonymous_16)
FNDA:0,(anonymous_17)
FNDA:1,(anonymous_18)
FNDA:0,(anonymous_19)
FNDA:1,(anonymous_20)
FNDA:0,(anonymous_21)
FNDA:0,(anonymous_22)
FNDA:0,(anonymous_23)
FNDA:0,(anonymous_24)
FNDA:2,(anonymous_25)
FNDA:1,(anonymous_26)
FNDA:0,(anonymous_27)
FNDA:1,(anonymous_28)
FNDA:0,(anonymous_29)
FNDA:2,(anonymous_30)
FNDA:1,(anonymous_31)
FNDA:1,(anonymous_32)
FNDA:0,(anonymous_33)
FNDA:1,(anonymous_34)
FNDA:0,(anonymous_35)
FNDA:1,(anonymous_36)
FNDA:0,(anonymous_37)
FNDA:1,(anonymous_38)
FNDA:0,(anonymous_39)
FNDA:1,(anonymous_40)
FNDA:0,(anonymous_41)
FNDA:1,(anonymous_42)
FNDA:0,(anonymous_43)
FNDA:1,(anonymous_44)
FNDA:0,(anonymous_45)
FNDA:1,(anonymous_46)
FNDA:0,(anonymous_47)
FNDA:1,shape_options_from_text_options
DA:1,10
DA:3,10
DA:5,10
DA:6,10
DA:8,10
DA:10,10
DA:11,10
DA:13,10
DA:65,10
DA:70,1
DA:72,1
DA:74,1
DA:76,1
DA:78,1
DA:80,1
DA:82,1
DA:84,1
DA:90,1
DA:92,1
DA:93,1
DA:97,1
DA:99,1
DA:101,1
DA:102,0
DA:104,1
DA:105,0
DA:107,1
DA:108,0
DA:110,1
DA:111,0
DA:113,1
DA:114,0
DA:116,1
DA:117,0
DA:119,1
DA:120,0
DA:122,1
DA:123,0
DA:125,1
DA:126,0
DA:128,1
DA:129,0
DA:131,1
DA:132,0
DA:134,1
DA:135,0
DA:137,1
DA:138,0
DA:141,1
DA:146,1
DA:148,1
DA:149,0
DA:151,0
DA:152,0
DA:155,1
DA:156,1
DA:157,1
DA:159,1
DA:162,1
DA:163,1
DA:164,1
DA:165,1
DA:167,1
DA:168,0
DA:171,1
DA:173,1
DA:176,0
DA:177,0
DA:180,0
DA:181,0
DA:184,0
DA:186,0
DA:189,1
DA:195,1
DA:196,1
DA:197,1
DA:198,1
DA:199,1
DA:200,1
DA:206,1
DA:207,1
DA:208,1
DA:209,0
DA:212,1
DA:214,1
DA:220,1
DA:221,1
DA:222,1
DA:223,1
DA:225,1
DA:226,0
DA:229,1
DA:231,1
DA:234,0
DA:235,0
DA:238,0
DA:239,0
DA:242,0
DA:244,0
DA:247,0
DA:248,0
DA:251,1
DA:257,1
DA:258,1
DA:259,1
DA:260,1
DA:261,1
DA:264,0
DA:265,0
DA:266,0
DA:269,0
DA:273,0
DA:276,1
DA:282,1
DA:283,1
DA:284,1
DA:285,1
DA:286,1
DA:289,0
DA:290,0
DA:291,0
DA:294,0
DA:298,0
DA:301,1
DA:307,1
DA:308,1
DA:312,1
DA:313,1
DA:317,1
DA:318,1
DA:319,1
DA:320,1
DA:323,0
DA:325,1
DA:331,1
DA:332,1
DA:333,1
DA:334,1
DA:337,0
DA:339,1
DA:345,1
DA:346,1
DA:350,1
DA:351,1
DA:352,1
DA:354,1
DA:355,0
DA:356,0
DA:357,0
DA:360,1
DA:361,1
DA:362,1
DA:363,0
DA:372,1
DA:373,0
DA:374,0
DA:375,0
DA:378,0
DA:382,1
DA:387,0
DA:388,0
DA:389,0
DA:399,0
DA:401,0
DA:403,0
DA:404,0
DA:406,0
DA:408,0
DA:409,0
DA:410,0
DA:413,0
DA:414,0
DA:415,0
DA:418,0
DA:419,0
DA:420,0
DA:424,0
DA:426,0
DA:427,0
DA:428,0
DA:430,0
DA:431,0
DA:434,0
DA:435,0
DA:436,0
DA:437,0
DA:439,0
DA:440,0
DA:441,0
DA:442,0
DA:444,0
DA:448,0
DA:453,0
DA:457,2
DA:458,2
DA:462,1
DA:465,0
DA:466,0
DA:470,0
DA:471,0
DA:477,1
DA:480,0
DA:481,0
DA:491,0
DA:497,2
DA:500,1
DA:501,1
DA:502,1
DA:507,1
DA:510,0
DA:513,1
DA:516,0
DA:517,0
DA:518,0
DA:519,0
DA:525,1
DA:528,0
DA:529,0
DA:530,0
DA:535,1
DA:538,0
DA:539,0
DA:540,0
DA:545,1
DA:548,0
DA:549,0
DA:550,0
DA:555,1
DA:558,0
DA:559,0
DA:563,1
DA:566,0
DA:567,0
DA:571,1
DA:574,0
DA:580,1
DA:597,1
LF:237
LH:124
BRDA:95,0,0,0
BRDA:101,1,0,0
BRDA:104,2,0,0
BRDA:107,3,0,0
BRDA:110,4,0,0
BRDA:113,5,0,0
BRDA:113,6,0,1
BRDA:113,6,1,1
BRDA:116,7,0,0
BRDA:116,8,0,1
BRDA:116,8,1,1
BRDA:119,9,0,0
BRDA:122,10,0,0
BRDA:125,11,0,0
BRDA:128,12,0,0
BRDA:131,13,0,0
BRDA:134,14,0,0
BRDA:137,15,0,0
BRDA:148,16,0,0
BRDA:148,16,1,1
BRDA:165,17,0,1
BRDA:165,17,1,0
BRDA:165,17,2,0
BRDA:167,18,0,0
BRDA:167,18,1,1
BRDA:180,19,0,0
BRDA:180,19,1,0
BRDA:208,20,0,0
BRDA:208,20,1,1
BRDA:223,21,0,1
BRDA:223,21,1,0
BRDA:223,21,2,0
BRDA:223,21,3,0
BRDA:225,22,0,0
BRDA:225,22,1,1
BRDA:238,23,0,0
BRDA:238,23,1,0
BRDA:260,24,0,1
BRDA:260,24,1,0
BRDA:260,25,0,1
BRDA:260,25,1,1
BRDA:264,26,0,0
BRDA:264,26,1,0
BRDA:265,27,0,0
BRDA:265,27,1,0
BRDA:285,28,0,1
BRDA:285,28,1,0
BRDA:285,29,0,1
BRDA:285,29,1,1
BRDA:289,30,0,0
BRDA:289,30,1,0
BRDA:290,31,0,0
BRDA:290,31,1,0
BRDA:319,32,0,1
BRDA:319,32,1,0
BRDA:333,33,0,1
BRDA:333,33,1,0
BRDA:350,34,0,1
BRDA:354,35,0,0
BRDA:354,35,1,1
BRDA:362,36,0,0
BRDA:372,37,0,0
BRDA:373,38,0,0
BRDA:373,38,1,0
BRDA:392,39,0,0
BRDA:401,40,0,0
BRDA:401,40,1,0
BRDA:404,41,0,0
BRDA:404,41,1,0
BRDA:406,42,0,0
BRDA:406,42,1,0
BRDA:406,42,2,0
BRDA:424,43,0,0
BRDA:424,43,1,0
BRDA:456,44,0,1
BRDA:465,45,0,0
BRDA:466,46,0,0
BRDA:466,46,1,0
BRDA:466,46,2,0
BRDA:480,47,0,0
BRDA:481,48,0,0
BRDA:481,48,1,0
BRDA:481,48,2,0
BRDA:481,48,3,0
BRDA:481,48,4,0
BRDA:481,48,5,0
BRDA:481,48,6,0
BRDA:481,48,7,0
BRDA:481,48,8,0
BRDA:500,49,0,1
BRDA:501,50,0,1
BRDA:516,51,0,0
BRDA:517,52,0,0
BRDA:517,53,0,0
BRDA:517,53,1,0
BRDA:518,54,0,0
BRDA:528,55,0,0
BRDA:528,56,0,0
BRDA:528,56,1,0
BRDA:529,57,0,0
BRDA:538,58,0,0
BRDA:538,59,0,0
BRDA:538,59,1,0
BRDA:539,60,0,0
BRDA:548,61,0,0
BRDA:549,62,0,0
BRDA:558,63,0,0
BRDA:566,64,0,0
BRDA:592,65,0,0
BRDA:592,65,1,1
BRDA:593,66,0,0
BRDA:593,66,1,1
BRF:112
BRH:25
end_of_record
TN:
SF:src/lib/effects/ColorProvider.ts
FN:26,is_color_provider
FN:45,is_color
FNF:2
FNH:2
FNDA:176,is_color_provider
FNDA:56,is_color
DA:26,10
DA:27,176
DA:28,61
DA:30,115
DA:31,60
DA:33,55
DA:34,0
DA:36,55
DA:37,0
DA:38,0
DA:41,55
DA:45,10
DA:46,56
DA:47,0
DA:49,56
DA:50,1
DA:53,55
LF:17
LH:13
BRDA:27,0,0,61
BRDA:27,0,1,115
BRDA:30,1,0,60
BRDA:30,1,1,55
BRDA:33,2,0,0
BRDA:33,2,1,55
BRDA:36,3,0,0
BRDA:36,3,1,55
BRDA:38,4,0,0
BRDA:38,4,1,0
BRDA:38,4,2,0
BRDA:46,5,0,0
BRDA:46,5,1,56
BRDA:49,6,0,1
BRDA:49,6,1,55
BRF:15
BRH:9
end_of_record
TN:
SF:src/lib/math/G20.ts
FN:13,is_zero_vector
FN:17,is_zero_bivector
FN:21,is_zero_multivector
FN:38,lock
FN:46,isScalar
FN:52,equalsValue
FN:67,ensure_mutable
FN:76,vector_from_like
FN:88,spinor_from_like
FN:123,(anonymous_9)
FN:127,(anonymous_10)
FN:131,(anonymous_11)
FN:135,(anonymous_12)
FN:139,(anonymous_13)
FN:148,(anonymous_14)
FN:152,(anonymous_15)
FN:160,(anonymous_16)
FN:174,(anonymous_17)
FN:187,(anonymous_18)
FN:191,(anonymous_19)
FN:204,(anonymous_20)
FN:208,(anonymous_21)
FN:221,(anonymous_22)
FN:225,(anonymous_23)
FN:238,(anonymous_24)
FN:242,(anonymous_25)
FN:261,(anonymous_26)
FN:269,(anonymous_27)
FN:273,(anonymous_28)
FN:277,(anonymous_29)
FN:281,(anonymous_30)
FN:285,(anonymous_31)
FN:289,(anonymous_32)
FN:293,(anonymous_33)
FN:297,(anonymous_34)
FN:305,(anonymous_35)
FN:309,(anonymous_36)
FN:313,(anonymous_37)
FN:319,(anonymous_38)
FN:325,(anonymous_39)
FN:333,(anonymous_40)
FN:345,(anonymous_41)
FN:365,(anonymous_42)
FN:384,(anonymous_43)
FN:397,(anonymous_44)
FN:405,(anonymous_45)
FN:413,(anonymous_46)
FN:421,(anonymous_47)
FN:425,(anonymous_48)
FN:432,(anonymous_49)
FN:450,(anonymous_50)
FN:476,(anonymous_51)
FN:506,(anonymous_52)
FN:531,(anonymous_53)
FN:544,(anonymous_54)
FN:561,(anonymous_55)
FN:589,(anonymous_56)
FN:593,(anonymous_57)
FN:597,(anonymous_58)
FN:615,(anonymous_59)
FN:619,(anonymous_60)
FN:627,(anonymous_61)
FN:636,(anonymous_62)
FN:640,(anonymous_63)
FN:646,(anonymous_64)
FN:692,(anonymous_65)
FN:732,(anonymous_66)
FN:751,(anonymous_67)
FN:765,(anonymous_68)
FN:792,(anonymous_69)
FN:809,(anonymous_70)
FN:848,(anonymous_71)
FN:872,(anonymous_72)
FN:877,(anonymous_73)
FN:892,(anonymous_74)
FN:901,(anonymous_75)
FN:910,(anonymous_76)
FN:925,(anonymous_77)
FN:945,(anonymous_78)
FN:970,(anonymous_79)
FN:986,(anonymous_80)
FN:1001,(anonymous_81)
FN:1016,(anonymous_82)
FN:1031,(anonymous_83)
FN:1046,(anonymous_84)
FN:1062,(anonymous_85)
FN:1078,(anonymous_86)
FN:1093,(anonymous_87)
FN:1108,(anonymous_88)
FN:1123,(anonymous_89)
FN:1138,(anonymous_90)
FN:1145,(anonymous_91)
FN:1160,(anonymous_92)
FN:1175,(anonymous_93)
FN:1182,(anonymous_94)
FN:1197,(anonymous_95)
FN:1212,(anonymous_96)
FN:1228,(anonymous_97)
FN:1243,(anonymous_98)
FN:1250,(anonymous_99)
FN:1257,(anonymous_100)
FN:1272,(anonymous_101)
FNF:102
FNH:34
FNDA:0,is_zero_vector
FNDA:0,is_zero_bivector
FNDA:0,is_zero_multivector
FNDA:50,lock
FNDA:0,isScalar
FNDA:9621,equalsValue
FNDA:1,ensure_mutable
FNDA:28,vector_from_like
FNDA:0,spinor_from_like
FNDA:1189,(anonymous_9)
FNDA:6,(anonymous_10)
FNDA:1,(anonymous_11)
FNDA:1,(anonymous_12)
FNDA:257,(anonymous_13)
FNDA:455,(anonymous_14)
FNDA:8655,(anonymous_15)
FNDA:54,(anonymous_16)
FNDA:3,(anonymous_17)
FNDA:950,(anonymous_18)
FNDA:1,(anonymous_19)
FNDA:22387,(anonymous_20)
FNDA:161,(anonymous_21)
FNDA:22357,(anonymous_22)
FNDA:161,(anonymous_23)
FNDA:926,(anonymous_24)
FNDA:1,(anonymous_25)
FNDA:0,(anonymous_26)
FNDA:0,(anonymous_27)
FNDA:0,(anonymous_28)
FNDA:0,(anonymous_29)
FNDA:0,(anonymous_30)
FNDA:0,(anonymous_31)
FNDA:0,(anonymous_32)
FNDA:0,(anonymous_33)
FNDA:0,(anonymous_34)
FNDA:0,(anonymous_35)
FNDA:0,(anonymous_36)
FNDA:192,(anonymous_37)
FNDA:192,(anonymous_38)
FNDA:192,(anonymous_39)
FNDA:0,(anonymous_40)
FNDA:0,(anonymous_41)
FNDA:0,(anonymous_42)
FNDA:0,(anonymous_43)
FNDA:0,(anonymous_44)
FNDA:0,(anonymous_45)
FNDA:6059,(anonymous_46)
FNDA:246,(anonymous_47)
FNDA:16,(anonymous_48)
FNDA:0,(anonymous_49)
FNDA:0,(anonymous_50)
FNDA:0,(anonymous_51)
FNDA:0,(anonymous_52)
FNDA:0,(anonymous_53)
FNDA:168,(anonymous_54)
FNDA:0,(anonymous_55)
FNDA:0,(anonymous_56)
FNDA:0,(anonymous_57)
FNDA:0,(anonymous_58)
FNDA:1,(anonymous_59)
FNDA:2,(anonymous_60)
FNDA:1,(anonymous_61)
FNDA:0,(anonymous_62)
FNDA:0,(anonymous_63)
FNDA:0,(anonymous_64)
FNDA:0,(anonymous_65)
FNDA:0,(anonymous_66)
FNDA:34,(anonymous_67)
FNDA:0,(anonymous_68)
FNDA:5,(anonymous_69)
FNDA:0,(anonymous_70)
FNDA:8640,(anonymous_71)
FNDA:0,(anonymous_72)
FNDA:0,(anonymous_73)
FNDA:0,(anonymous_74)
FNDA:0,(anonymous_75)
FNDA:0,(anonymous_76)
FNDA:0,(anonymous_77)
FNDA:0,(anonymous_78)
FNDA:0,(anonymous_79)
FNDA:0,(anonymous_80)
FNDA:0,(anonymous_81)
FNDA:0,(anonymous_82)
FNDA:0,(anonymous_83)
FNDA:0,(anonymous_84)
FNDA:0,(anonymous_85)
FNDA:0,(anonymous_86)
FNDA:0,(anonymous_87)
FNDA:0,(anonymous_88)
FNDA:0,(anonymous_89)
FNDA:0,(anonymous_90)
FNDA:0,(anonymous_91)
FNDA:0,(anonymous_92)
FNDA:0,(anonymous_93)
FNDA:0,(anonymous_94)
FNDA:0,(anonymous_95)
FNDA:0,(anonymous_96)
FNDA:0,(anonymous_97)
FNDA:0,(anonymous_98)
FNDA:0,(anonymous_99)
FNDA:0,(anonymous_100)
FNDA:0,(anonymous_101)
DA:1,10
DA:2,10
DA:4,10
DA:5,10
DA:14,0
DA:18,0
DA:22,0
DA:30,10
DA:39,50
DA:40,50
DA:47,0
DA:53,9621
DA:59,10
DA:60,10
DA:61,10
DA:62,10
DA:68,1
DA:69,1
DA:72,0
DA:76,10
DA:77,28
DA:78,1
DA:80,27
DA:81,27
DA:84,0
DA:88,10
DA:89,0
DA:90,0
DA:92,0
DA:93,0
DA:96,0
DA:103,10
DA:110,1189
DA:116,1189
DA:118,1189
DA:120,1189
DA:121,1189
DA:124,1189
DA:128,6
DA:132,1
DA:136,1
DA:140,257
DA:149,455
DA:153,8655
DA:161,54
DA:162,1
DA:165,53
DA:166,53
DA:175,3
DA:176,1
DA:178,2
DA:179,1
DA:180,1
DA:183,1
DA:188,950
DA:192,1
DA:193,1
DA:194,1
DA:195,1
DA:196,1
DA:197,1
DA:198,1
DA:199,1
DA:205,22387
DA:209,161
DA:210,161
DA:211,161
DA:212,161
DA:213,68
DA:214,68
DA:215,68
DA:216,68
DA:222,22357
DA:226,161
DA:227,161
DA:228,161
DA:229,161
DA:230,65
DA:231,65
DA:232,65
DA:233,65
DA:239,926
DA:243,1
DA:244,1
DA:245,1
DA:246,1
DA:247,1
DA:248,1
DA:249,1
DA:250,1
DA:255,10
DA:256,10
DA:257,10
DA:258,10
DA:259,10
DA:262,0
DA:263,0
DA:264,0
DA:265,0
DA:266,0
DA:270,0
DA:274,0
DA:278,0
DA:282,0
DA:286,0
DA:290,0
DA:294,0
DA:298,0
DA:299,0
DA:300,0
DA:301,0
DA:302,0
DA:306,0
DA:310,0
DA:314,192
DA:315,192
DA:316,192
DA:321,192
DA:326,192
DA:327,192
DA:328,192
DA:334,0
DA:335,0
DA:337,0
DA:338,0
DA:341,0
DA:346,0
DA:347,0
DA:350,0
DA:351,0
DA:354,0
DA:366,0
DA:367,0
DA:370,0
DA:371,0
DA:372,0
DA:374,0
DA:375,0
DA:378,0
DA:379,0
DA:385,0
DA:386,0
DA:389,0
DA:398,0
DA:406,0
DA:414,6059
DA:422,246
DA:426,16
DA:433,0
DA:434,0
DA:437,0
DA:438,0
DA:441,0
DA:451,0
DA:452,0
DA:455,0
DA:456,0
DA:457,0
DA:458,0
DA:459,0
DA:460,0
DA:461,0
DA:462,0
DA:463,0
DA:464,0
DA:465,0
DA:466,0
DA:467,0
DA:477,0
DA:478,0
DA:481,0
DA:482,0
DA:483,0
DA:484,0
DA:486,0
DA:493,0
DA:495,0
DA:497,0
DA:498,0
DA:499,0
DA:500,0
DA:502,0
DA:507,0
DA:508,0
DA:511,0
DA:516,0
DA:517,0
DA:518,0
DA:519,0
DA:520,0
DA:521,0
DA:522,0
DA:523,0
DA:524,0
DA:525,0
DA:526,0
DA:527,0
DA:528,0
DA:532,0
DA:533,0
DA:536,0
DA:537,0
DA:538,0
DA:539,0
DA:540,0
DA:545,168
DA:546,0
DA:549,168
DA:550,168
DA:551,168
DA:552,168
DA:553,168
DA:562,0
DA:563,0
DA:566,0
DA:574,0
DA:575,0
DA:576,0
DA:577,0
DA:578,0
DA:579,0
DA:580,0
DA:581,0
DA:582,0
DA:583,0
DA:584,0
DA:585,0
DA:586,0
DA:590,0
DA:594,0
DA:598,0
DA:599,0
DA:602,0
DA:603,0
DA:604,0
DA:607,0
DA:608,0
DA:609,0
DA:610,0
DA:611,0
DA:616,1
DA:620,2
DA:621,2
DA:622,2
DA:623,2
DA:624,2
DA:628,1
DA:629,0
DA:632,1
DA:637,0
DA:641,0
DA:642,0
DA:643,0
DA:647,0
DA:648,0
DA:651,0
DA:656,0
DA:657,0
DA:658,0
DA:659,0
DA:660,0
DA:661,0
DA:662,0
DA:663,0
DA:664,0
DA:665,0
DA:666,0
DA:667,0
DA:668,0
DA:693,0
DA:694,0
DA:697,0
DA:698,0
DA:699,0
DA:700,0
DA:701,0
DA:702,0
DA:704,0
DA:705,0
DA:706,0
DA:707,0
DA:708,0
DA:711,0
DA:712,0
DA:713,0
DA:715,0
DA:717,0
DA:733,0
DA:734,0
DA:737,0
DA:738,0
DA:752,34
DA:753,0
DA:756,34
DA:757,34
DA:766,0
DA:767,0
DA:770,0
DA:771,0
DA:772,0
DA:773,0
DA:774,0
DA:775,0
DA:776,0
DA:777,0
DA:781,0
DA:782,0
DA:783,0
DA:785,0
DA:786,0
DA:788,0
DA:793,5
DA:794,0
DA:797,5
DA:798,5
DA:799,5
DA:800,5
DA:801,5
DA:810,0
DA:811,0
DA:814,0
DA:822,0
DA:823,0
DA:824,0
DA:825,0
DA:827,0
DA:828,0
DA:829,0
DA:830,0
DA:832,0
DA:833,0
DA:834,0
DA:835,0
DA:837,0
DA:849,8640
DA:850,8640
DA:851,8640
DA:852,8640
DA:853,8640
DA:854,8640
DA:855,8640
DA:856,8640
DA:860,981
DA:861,981
DA:862,981
DA:863,981
DA:865,8640
DA:868,0
DA:873,0
DA:874,0
DA:878,0
DA:879,0
DA:882,0
DA:883,0
DA:884,0
DA:885,0
DA:886,0
DA:893,0
DA:894,0
DA:897,0
DA:902,0
DA:911,0
DA:913,0
DA:914,0
DA:915,0
DA:916,0
DA:918,0
DA:921,0
DA:926,0
DA:927,0
DA:928,0
DA:929,0
DA:930,0
DA:931,0
DA:932,0
DA:933,0
DA:936,0
DA:946,0
DA:947,0
DA:950,0
DA:951,0
DA:952,0
DA:954,0
DA:955,0
DA:958,0
DA:959,0
DA:971,0
DA:972,0
DA:973,0
DA:974,0
DA:975,0
DA:976,0
DA:979,0
DA:987,0
DA:988,0
DA:990,0
DA:991,0
DA:994,0
DA:1002,0
DA:1003,0
DA:1005,0
DA:1006,0
DA:1009,0
DA:1017,0
DA:1018,0
DA:1020,0
DA:1021,0
DA:1024,0
DA:1032,0
DA:1033,0
DA:1035,0
DA:1036,0
DA:1039,0
DA:1047,0
DA:1048,0
DA:1050,0
DA:1052,0
DA:1055,0
DA:1063,0
DA:1064,0
DA:1066,0
DA:1068,0
DA:1071,0
DA:1079,0
DA:1080,0
DA:1082,0
DA:1083,0
DA:1086,0
DA:1094,0
DA:1095,0
DA:1097,0
DA:1098,0
DA:1101,0
DA:1109,0
DA:1110,0
DA:1112,0
DA:1113,0
DA:1116,0
DA:1124,0
DA:1125,0
DA:1127,0
DA:1128,0
DA:1131,0
DA:1139,0
DA:1146,0
DA:1147,0
DA:1149,0
DA:1150,0
DA:1153,0
DA:1161,0
DA:1162,0
DA:1164,0
DA:1165,0
DA:1168,0
DA:1176,0
DA:1183,0
DA:1184,0
DA:1186,0
DA:1187,0
DA:1190,0
DA:1198,0
DA:1199,0
DA:1201,0
DA:1202,0
DA:1205,0
DA:1213,0
DA:1214,0
DA:1216,0
DA:1218,0
DA:1221,0
DA:1229,0
DA:1230,0
DA:1232,0
DA:1233,0
DA:1236,0
DA:1244,0
DA:1251,0
DA:1258,0
DA:1259,0
DA:1261,0
DA:1262,0
DA:1265,0
DA:1273,0
DA:1274,0
DA:1276,0
DA:1278,0
DA:1281,0
LF:487
LH:130
BRDA:14,0,0,0
BRDA:14,0,1,0
BRDA:22,1,0,0
BRDA:22,1,1,0
BRDA:22,1,2,0
BRDA:22,1,3,0
BRDA:47,2,0,0
BRDA:47,2,1,0
BRDA:47,2,2,0
BRDA:53,3,0,9621
BRDA:53,3,1,9319
BRDA:53,3,2,7983
BRDA:53,3,3,7683
BRDA:68,4,0,1
BRDA:68,4,1,0
BRDA:77,5,0,1
BRDA:77,5,1,27
BRDA:80,6,0,27
BRDA:80,6,1,0
BRDA:89,7,0,0
BRDA:89,7,1,0
BRDA:92,8,0,0
BRDA:92,8,1,0
BRDA:123,9,0,486
BRDA:123,10,0,486
BRDA:123,11,0,759
BRDA:123,12,0,759
BRDA:161,13,0,1
BRDA:161,13,1,53
BRDA:175,14,0,1
BRDA:175,14,1,2
BRDA:178,15,0,1
BRDA:178,15,1,1
BRDA:192,16,0,1
BRDA:195,17,0,1
BRDA:209,18,0,161
BRDA:212,19,0,68
BRDA:226,20,0,161
BRDA:229,21,0,65
BRDA:243,22,0,1
BRDA:246,23,0,1
BRDA:334,24,0,0
BRDA:334,24,1,0
BRDA:337,25,0,0
BRDA:337,25,1,0
BRDA:346,26,0,0
BRDA:346,26,1,0
BRDA:350,27,0,0
BRDA:350,27,1,0
BRDA:365,28,0,0
BRDA:366,29,0,0
BRDA:366,29,1,0
BRDA:370,30,0,0
BRDA:370,30,1,0
BRDA:374,31,0,0
BRDA:374,31,1,0
BRDA:374,32,0,0
BRDA:374,32,1,0
BRDA:385,33,0,0
BRDA:385,33,1,0
BRDA:433,34,0,0
BRDA:433,34,1,0
BRDA:437,35,0,0
BRDA:437,35,1,0
BRDA:451,36,0,0
BRDA:451,36,1,0
BRDA:477,37,0,0
BRDA:477,37,1,0
BRDA:507,38,0,0
BRDA:507,38,1,0
BRDA:532,39,0,0
BRDA:532,39,1,0
BRDA:545,40,0,0
BRDA:545,40,1,168
BRDA:562,41,0,0
BRDA:562,41,1,0
BRDA:598,42,0,0
BRDA:598,42,1,0
BRDA:608,43,0,0
BRDA:608,43,1,0
BRDA:628,44,0,0
BRDA:628,44,1,1
BRDA:647,45,0,0
BRDA:647,45,1,0
BRDA:693,46,0,0
BRDA:693,46,1,0
BRDA:733,47,0,0
BRDA:733,47,1,0
BRDA:752,48,0,0
BRDA:752,48,1,34
BRDA:766,49,0,0
BRDA:766,49,1,0
BRDA:793,50,0,0
BRDA:793,50,1,5
BRDA:810,51,0,0
BRDA:810,51,1,0
BRDA:848,52,0,803
BRDA:848,53,0,803
BRDA:849,54,0,8640
BRDA:849,54,1,0
BRDA:856,55,0,7659
BRDA:856,55,1,981
BRDA:873,56,0,0
BRDA:873,56,1,0
BRDA:878,57,0,0
BRDA:878,57,1,0
BRDA:893,58,0,0
BRDA:893,58,1,0
BRDA:894,59,0,0
BRDA:894,59,1,0
BRDA:894,59,2,0
BRDA:894,59,3,0
BRDA:897,60,0,0
BRDA:897,60,1,0
BRDA:897,60,2,0
BRDA:897,60,3,0
BRDA:911,61,0,0
BRDA:911,61,1,0
BRDA:926,62,0,0
BRDA:926,62,1,0
BRDA:945,63,0,0
BRDA:946,64,0,0
BRDA:946,64,1,0
BRDA:950,65,0,0
BRDA:950,65,1,0
BRDA:954,66,0,0
BRDA:954,66,1,0
BRDA:954,67,0,0
BRDA:954,67,1,0
BRDA:971,68,0,0
BRDA:971,68,1,0
BRDA:987,69,0,0
BRDA:987,69,1,0
BRDA:990,70,0,0
BRDA:990,70,1,0
BRDA:1002,71,0,0
BRDA:1002,71,1,0
BRDA:1005,72,0,0
BRDA:1005,72,1,0
BRDA:1017,73,0,0
BRDA:1017,73,1,0
BRDA:1020,74,0,0
BRDA:1020,74,1,0
BRDA:1032,75,0,0
BRDA:1032,75,1,0
BRDA:1035,76,0,0
BRDA:1035,76,1,0
BRDA:1047,77,0,0
BRDA:1047,77,1,0
BRDA:1050,78,0,0
BRDA:1050,78,1,0
BRDA:1063,79,0,0
BRDA:1063,79,1,0
BRDA:1066,80,0,0
BRDA:1066,80,1,0
BRDA:1079,81,0,0
BRDA:1079,81,1,0
BRDA:1082,82,0,0
BRDA:1082,82,1,0
BRDA:1094,83,0,0
BRDA:1094,83,1,0
BRDA:1097,84,0,0
BRDA:1097,84,1,0
BRDA:1109,85,0,0
BRDA:1109,85,1,0
BRDA:1112,86,0,0
BRDA:1112,86,1,0
BRDA:1124,87,0,0
BRDA:1124,87,1,0
BRDA:1127,88,0,0
BRDA:1127,88,1,0
BRDA:1146,89,0,0
BRDA:1146,89,1,0
BRDA:1149,90,0,0
BRDA:1149,90,1,0
BRDA:1161,91,0,0
BRDA:1161,91,1,0
BRDA:1164,92,0,0
BRDA:1164,92,1,0
BRDA:1183,93,0,0
BRDA:1183,93,1,0
BRDA:1186,94,0,0
BRDA:1186,94,1,0
BRDA:1198,95,0,0
BRDA:1198,95,1,0
BRDA:1201,96,0,0
BRDA:1201,96,1,0
BRDA:1213,97,0,0
BRDA:1213,97,1,0
BRDA:1216,98,0,0
BRDA:1216,98,1,0
BRDA:1229,99,0,0
BRDA:1229,99,1,0
BRDA:1232,100,0,0
BRDA:1232,100,1,0
BRDA:1258,101,0,0
BRDA:1258,101,1,0
BRDA:1261,102,0,0
BRDA:1261,102,1,0
BRDA:1273,103,0,0
BRDA:1273,103,1,0
BRDA:1276,104,0,0
BRDA:1276,104,1,0
BRF:203
BRH:35
end_of_record
TN:
SF:src/lib/math/Matrix.ts
FN:9,equalsValue
FN:44,(anonymous_1)
FN:47,(anonymous_2)
FN:50,(anonymous_3)
FN:53,(anonymous_4)
FN:56,(anonymous_5)
FN:59,(anonymous_6)
FN:62,(anonymous_7)
FN:65,(anonymous_8)
FN:68,(anonymous_9)
FN:71,(anonymous_10)
FN:74,(anonymous_11)
FN:77,(anonymous_12)
FN:80,(anonymous_13)
FN:83,(anonymous_14)
FN:86,(anonymous_15)
FN:89,(anonymous_16)
FN:92,(anonymous_17)
FN:96,(anonymous_18)
FN:123,(anonymous_19)
FN:130,(anonymous_20)
FN:134,(anonymous_21)
FN:140,(anonymous_22)
FN:169,(anonymous_23)
FN:178,(anonymous_24)
FN:192,(anonymous_25)
FN:205,(anonymous_26)
FN:216,(anonymous_27)
FN:230,(anonymous_28)
FN:245,(anonymous_29)
FN:257,inverse
FNF:31
FNH:28
FNDA:848,equalsValue
FNDA:195,(anonymous_1)
FNDA:89,(anonymous_2)
FNDA:89,(anonymous_3)
FNDA:89,(anonymous_4)
FNDA:89,(anonymous_5)
FNDA:89,(anonymous_6)
FNDA:89,(anonymous_7)
FNDA:143,(anonymous_8)
FNDA:125,(anonymous_9)
FNDA:125,(anonymous_10)
FNDA:116,(anonymous_11)
FNDA:116,(anonymous_12)
FNDA:116,(anonymous_13)
FNDA:114,(anonymous_14)
FNDA:114,(anonymous_15)
FNDA:114,(anonymous_16)
FNDA:0,(anonymous_17)
FNDA:703,(anonymous_18)
FNDA:1,(anonymous_19)
FNDA:2,(anonymous_20)
FNDA:110,(anonymous_21)
FNDA:3,(anonymous_22)
FNDA:24,(anonymous_23)
FNDA:0,(anonymous_24)
FNDA:1,(anonymous_25)
FNDA:1,(anonymous_26)
FNDA:1,(anonymous_27)
FNDA:1,(anonymous_28)
FNDA:1,(anonymous_29)
FNDA:0,inverse
DA:1,10
DA:3,10
DA:4,10
DA:5,10
DA:10,848
DA:24,10
DA:31,195
DA:39,195
DA:45,195
DA:48,89
DA:51,89
DA:54,89
DA:57,89
DA:60,89
DA:63,89
DA:66,143
DA:69,125
DA:72,125
DA:75,116
DA:78,116
DA:81,116
DA:84,114
DA:87,114
DA:90,114
DA:93,0
DA:97,703
DA:98,703
DA:99,703
DA:100,703
DA:101,703
DA:102,703
DA:103,703
DA:104,703
DA:105,703
DA:106,703
DA:107,703
DA:108,703
DA:112,145
DA:113,145
DA:114,145
DA:117,703
DA:124,1
DA:131,2
DA:135,110
DA:142,3
DA:144,3
DA:145,3
DA:146,3
DA:147,3
DA:148,3
DA:149,3
DA:150,3
DA:151,3
DA:152,3
DA:154,3
DA:155,3
DA:156,3
DA:158,3
DA:159,3
DA:160,3
DA:162,3
DA:163,3
DA:164,3
DA:166,3
DA:171,24
DA:172,24
DA:173,24
DA:175,24
DA:179,0
DA:180,0
DA:181,0
DA:182,0
DA:183,0
DA:184,0
DA:185,0
DA:186,0
DA:187,0
DA:188,0
DA:189,0
DA:193,1
DA:194,0
DA:197,1
DA:206,1
DA:207,1
DA:208,1
DA:209,0
DA:212,1
DA:217,1
DA:218,0
DA:221,1
DA:231,1
DA:232,1
DA:235,0
DA:236,0
DA:246,1
DA:247,1
DA:250,0
DA:251,0
DA:257,10
DA:261,0
DA:262,0
DA:263,0
DA:264,0
DA:265,0
DA:266,0
DA:267,0
DA:268,0
DA:269,0
DA:271,0
DA:272,0
DA:273,0
DA:278,0
DA:280,0
DA:281,0
DA:284,0
DA:285,0
DA:286,0
DA:287,0
DA:288,0
DA:289,0
DA:290,0
DA:291,0
DA:292,0
DA:293,0
DA:294,0
LF:125
LH:80
BRDA:10,0,0,848
BRDA:10,0,1,702
BRDA:10,0,2,702
BRDA:10,0,3,620
BRDA:10,0,4,620
BRDA:10,0,5,558
BRDA:10,0,6,558
BRDA:10,0,7,558
BRDA:10,0,8,558
BRDA:44,1,0,195
BRDA:44,2,0,195
BRDA:44,3,0,195
BRDA:44,4,0,195
BRDA:44,5,0,195
BRDA:44,6,0,195
BRDA:44,7,0,195
BRDA:44,8,0,195
BRDA:44,9,0,195
BRDA:108,10,0,558
BRDA:108,10,1,145
BRDA:135,11,0,110
BRDA:135,11,1,92
BRDA:135,11,2,92
BRDA:135,11,3,83
BRDA:135,11,4,83
BRDA:135,11,5,83
BRDA:135,11,6,83
BRDA:135,11,7,83
BRDA:135,11,8,83
BRDA:169,12,0,0
BRDA:169,13,0,0
BRDA:169,14,0,24
BRDA:193,15,0,0
BRDA:193,15,1,1
BRDA:193,16,0,1
BRDA:193,16,1,0
BRDA:208,17,0,0
BRDA:208,17,1,1
BRDA:208,18,0,1
BRDA:208,18,1,0
BRDA:217,19,0,0
BRDA:217,19,1,1
BRDA:217,20,0,1
BRDA:217,20,1,0
BRDA:231,21,0,1
BRDA:231,21,1,0
BRDA:246,22,0,1
BRDA:246,22,1,0
BRDA:280,23,0,0
BRF:49
BRH:38
end_of_record
TN:
SF:src/lib/math/compose_2d_3x3_transform.ts
FN:3,compose_2d_3x3_transform
FNF:1
FNH:1
FNDA:499,compose_2d_3x3_transform
DA:3,10
DA:8,499
DA:9,499
DA:10,499
DA:11,499
DA:12,499
DA:13,499
DA:14,499
DA:15,499
DA:16,499
DA:17,499
DA:18,499
DA:19,499
DA:20,499
DA:21,499
DA:22,499
DA:23,499
DA:24,499
DA:26,499
DA:27,499
DA:28,499
DA:29,499
DA:30,499
DA:31,499
DA:32,499
LF:25
LH:25
BRF:0
BRH:0
end_of_record
TN:
SF:src/lib/math/decompose_2d_3x3_matrix.ts
FN:8,decompose_2d_3x3_matrix
FNF:1
FNH:1
FNDA:1,decompose_2d_3x3_matrix
DA:8,1
DA:10,1
DA:11,1
DA:12,1
DA:14,1
DA:15,1
DA:16,1
DA:54,1
LF:8
LH:8
BRF:0
BRH:0
end_of_record
TN:
SF:src/lib/math/decompose_2d_3x3_matrix_wang.ts
FN:9,decompose_2d_3x3_matrix_wang
FNF:1
FNH:1
FNDA:1,decompose_2d_3x3_matrix_wang
DA:9,1
DA:11,1
DA:12,1
DA:13,1
DA:15,1
DA:16,1
DA:17,1
DA:19,1
DA:26,1
DA:34,1
DA:35,1
DA:36,1
DA:37,1
DA:38,1
DA:40,0
DA:41,0
DA:42,0
DA:43,0
DA:44,0
DA:50,1
LF:20
LH:15
BRDA:34,0,0,1
BRDA:34,0,1,0
BRDA:34,1,0,1
BRDA:34,1,1,0
BRDA:36,2,0,1
BRDA:36,2,1,0
BRDA:40,3,0,0
BRDA:40,3,1,0
BRDA:40,4,0,0
BRDA:40,4,1,0
BRDA:42,5,0,0
BRDA:42,5,1,0
BRF:12
BRH:3
end_of_record
TN:
SF:src/lib/math/gauss.ts
FN:9,makeColumnVector
FN:20,rowWithMaximumInColumn
FN:35,swapRows
FN:50,makeZeroBelow
FN:70,solve
FN:91,gauss
FNF:6
FNH:0
FNDA:0,makeColumnVector
FNDA:0,rowWithMaximumInColumn
FNDA:0,swapRows
FNDA:0,makeZeroBelow
FNDA:0,solve
FNDA:0,gauss
DA:1,10
DA:10,0
DA:11,0
DA:12,0
DA:14,0
DA:21,0
DA:22,0
DA:23,0
DA:24,0
DA:25,0
DA:26,0
DA:29,0
DA:36,0
DA:37,0
DA:38,0
DA:39,0
DA:40,0
DA:51,0
DA:52,0
DA:53,0
DA:54,0
DA:55,0
DA:58,0
DA:71,0
DA:72,0
DA:73,0
DA:74,0
DA:75,0
DA:78,0
DA:91,10
DA:93,0
DA:95,0
DA:96,0
DA:97,0
DA:98,0
DA:101,0
DA:102,0
DA:103,0
DA:106,0
LF:39
LH:2
BRDA:24,0,0,0
BRDA:54,1,0,0
BRDA:54,1,1,0
BRF:3
BRH:0
end_of_record
TN:
SF:src/lib/math/rotorFromDirections.ts
FN:15,rotorFromDirections
FNF:1
FNH:0
FNDA:0,rotorFromDirections
DA:4,10
DA:15,10
DA:16,0
DA:17,0
DA:18,0
DA:19,0
DA:20,0
DA:21,0
DA:22,0
DA:23,0
DA:24,0
DA:25,0
DA:26,0
DA:27,0
DA:28,0
DA:29,0
LF:16
LH:2
BRDA:27,0,0,0
BRDA:27,0,1,0
BRF:2
BRH:0
end_of_record
TN:
SF:src/lib/reactive/Disposable.ts
FN:14,dispose
FN:26,disposable_from_disposables
FN:27,(anonymous_2)
FN:33,disposableFromFunction
FN:35,(anonymous_4)
FNF:5
FNH:3
FNDA:192,dispose
FNDA:0,disposable_from_disposables
FNDA:0,(anonymous_2)
FNDA:31,disposableFromFunction
FNDA:25,(anonymous_4)
DA:14,10
DA:19,192
DA:20,192
DA:21,1027
DA:23,192
DA:26,10
DA:27,0
DA:28,0
DA:33,10
DA:34,31
DA:36,25
LF:11
LH:9
BRF:0
BRH:0
end_of_record
TN:
SF:src/lib/reactive/Observable.ts
FN:10,(anonymous_0)
FN:13,(anonymous_1)
FN:16,(anonymous_2)
FNF:3
FNH:3
FNDA:1699,(anonymous_0)
FNDA:1300,(anonymous_1)
FNDA:340,(anonymous_2)
DA:8,10
DA:11,1699
DA:14,1300
DA:15,1300
DA:17,340
DA:20,1300
LF:6
LH:6
BRF:0
BRH:0
end_of_record
TN:
SF:src/lib/reactive/variable.ts
FN:13,(anonymous_0)
FN:17,(anonymous_1)
FN:20,(anonymous_2)
FN:40,(anonymous_3)
FN:46,variable
FNF:5
FNH:5
FNDA:1612,(anonymous_0)
FNDA:445,(anonymous_1)
FNDA:2669,(anonymous_2)
FNDA:1612,(anonymous_3)
FNDA:1612,variable
DA:1,10
DA:2,10
DA:9,10
DA:14,1612
DA:18,445
DA:22,2669
DA:41,1612
DA:46,10
DA:47,1612
DA:48,1612
LF:10
LH:10
BRDA:13,0,0,0
BRDA:46,1,0,1612
BRF:2
BRH:1
end_of_record
TN:
SF:src/lib/renderers/SVGViewDOM.ts
FN:16,get_svg_element_defs
FN:31,set_defs_dirty_flag
FN:39,get_defs_dirty_flag
FN:55,(anonymous_3)
FN:64,(anonymous_4)
FN:82,(anonymous_5)
FN:94,(anonymous_6)
FN:232,(anonymous_7)
FN:244,(anonymous_8)
FN:271,transform_value_of_matrix
FN:285,screen_functions
FN:289,(anonymous_11)
FN:289,(anonymous_12)
FN:293,(anonymous_13)
FN:293,(anonymous_14)
FN:299,(anonymous_15)
FN:299,(anonymous_16)
FN:303,(anonymous_17)
FN:303,(anonymous_18)
FNF:19
FNH:6
FNDA:0,get_svg_element_defs
FNDA:0,set_defs_dirty_flag
FNDA:0,get_defs_dirty_flag
FNDA:0,(anonymous_3)
FNDA:0,(anonymous_4)
FNDA:0,(anonymous_5)
FNDA:84,(anonymous_6)
FNDA:18,(anonymous_7)
FNDA:0,(anonymous_8)
FNDA:89,transform_value_of_matrix
FNDA:84,screen_functions
FNDA:0,(anonymous_11)
FNDA:0,(anonymous_12)
FNDA:0,(anonymous_13)
FNDA:0,(anonymous_14)
FNDA:0,(anonymous_15)
FNDA:0,(anonymous_16)
FNDA:500,(anonymous_17)
FNDA:500,(anonymous_18)
DA:1,10
DA:3,10
DA:7,10
DA:8,10
DA:16,10
DA:17,0
DA:18,0
DA:19,0
DA:20,0
DA:21,0
DA:22,0
DA:25,0
DA:31,10
DA:33,0
DA:41,0
DA:49,10
DA:56,0
DA:57,0
DA:58,0
DA:60,0
DA:66,0
DA:67,0
DA:68,0
DA:69,0
DA:70,0
DA:71,0
DA:72,0
DA:75,0
DA:78,0
DA:83,0
DA:84,0
DA:85,0
DA:87,0
DA:90,0
DA:99,84
DA:101,84
DA:102,84
DA:104,84
DA:106,84
DA:108,311
DA:110,311
DA:111,311
DA:114,311
DA:116,311
DA:117,311
DA:119,311
DA:121,0
DA:122,0
DA:125,0
DA:126,0
DA:127,0
DA:128,0
DA:129,0
DA:130,0
DA:131,0
DA:135,66
DA:136,66
DA:143,66
DA:144,66
DA:145,66
DA:148,0
DA:149,0
DA:152,66
DA:153,66
DA:154,66
DA:157,0
DA:158,0
DA:161,66
DA:162,66
DA:165,82
DA:166,82
DA:167,82
DA:170,163
DA:176,311
DA:178,60
DA:181,19
DA:183,19
DA:184,19
DA:191,19
DA:192,19
DA:193,19
DA:196,0
DA:197,0
DA:200,19
DA:201,19
DA:202,19
DA:205,0
DA:206,0
DA:209,19
DA:210,19
DA:212,19
DA:215,60
DA:216,60
DA:219,311
DA:222,84
DA:233,18
DA:234,18
DA:235,18
DA:237,18
DA:238,18
DA:240,18
DA:245,0
DA:246,0
DA:247,0
DA:248,0
DA:249,0
DA:250,0
DA:251,0
DA:252,0
DA:253,0
DA:256,0
DA:271,10
DA:272,89
DA:273,89
DA:274,89
DA:275,89
DA:276,89
DA:277,89
DA:278,89
DA:285,10
DA:286,84
DA:287,0
DA:289,0
DA:293,0
DA:297,84
DA:299,0
DA:303,500
LF:127
LH:69
BRDA:21,0,0,0
BRDA:55,1,0,0
BRDA:57,2,0,0
BRDA:57,3,0,0
BRDA:57,3,1,0
BRDA:71,4,0,0
BRDA:71,4,1,0
BRDA:83,5,0,0
BRDA:83,5,1,0
BRDA:110,6,0,247
BRDA:110,6,1,64
BRDA:119,7,0,0
BRDA:119,7,1,0
BRDA:119,7,2,66
BRDA:119,7,3,82
BRDA:119,7,4,163
BRDA:135,8,0,66
BRDA:135,8,1,66
BRDA:135,8,2,0
BRDA:136,9,0,66
BRDA:136,9,1,66
BRDA:136,9,2,0
BRDA:143,10,0,66
BRDA:143,10,1,0
BRDA:152,11,0,66
BRDA:152,11,1,0
BRDA:161,12,0,0
BRDA:161,12,1,66
BRDA:176,13,0,60
BRDA:176,14,0,311
BRDA:176,14,1,82
BRDA:178,15,0,19
BRDA:183,16,0,19
BRDA:183,16,1,19
BRDA:183,16,2,0
BRDA:184,17,0,19
BRDA:184,17,1,19
BRDA:184,17,2,0
BRDA:191,18,0,19
BRDA:191,18,1,0
BRDA:200,19,0,19
BRDA:200,19,1,0
BRDA:215,20,0,60
BRDA:234,21,0,18
BRDA:237,22,0,18
BRDA:245,23,0,0
BRDA:252,24,0,0
BRDA:286,25,0,0
BRDA:286,25,1,84
BRDA:287,26,0,0
BRDA:287,26,1,0
BRDA:297,27,0,0
BRDA:297,27,1,84
BRF:53
BRH:27
end_of_record
TN:
SF:src/lib/renderers/Size.ts
FN:6,sizeEquals
FNF:1
FNH:1
FNDA:248,sizeEquals
DA:6,10
DA:7,248
LF:2
LH:2
BRDA:7,0,0,248
BRDA:7,0,1,248
BRF:2
BRH:2
end_of_record
TN:
SF:src/lib/renderers/TreeView.ts
FN:22,(anonymous_0)
FN:34,(anonymous_1)
FN:37,(anonymous_2)
FN:43,(anonymous_3)
FN:46,(anonymous_4)
FN:53,(anonymous_5)
FN:61,(anonymous_6)
FNF:7
FNH:7
FNDA:31,(anonymous_0)
FNDA:93,(anonymous_1)
FNDA:31,(anonymous_2)
FNDA:93,(anonymous_3)
FNDA:31,(anonymous_4)
FNDA:31,(anonymous_5)
FNDA:62,(anonymous_6)
DA:1,10
DA:4,10
DA:10,10
DA:18,31
DA:23,31
DA:24,31
DA:25,31
DA:26,31
DA:28,31
DA:30,31
DA:31,31
DA:35,93
DA:38,31
DA:39,31
DA:40,31
DA:44,93
DA:47,31
DA:48,31
DA:49,31
DA:54,31
DA:55,31
DA:56,31
DA:57,31
DA:58,31
DA:62,62
DA:63,62
DA:65,62
LF:27
LH:27
BRF:0
BRH:0
end_of_record
TN:
SF:src/lib/renderers/ZZZ.ts
FN:63,(anonymous_0)
FN:67,(anonymous_1)
FN:70,(anonymous_2)
FNF:3
FNH:2
FNDA:75,(anonymous_0)
FNDA:18,(anonymous_1)
FNDA:0,(anonymous_2)
DA:2,10
DA:4,10
DA:6,10
DA:11,10
DA:15,93
DA:19,93
DA:27,93
DA:28,93
DA:59,93
DA:60,93
DA:61,93
DA:64,75
DA:68,18
DA:71,0
DA:72,0
LF:15
LH:13
BRF:0
BRH:0
end_of_record
TN:
SF:src/lib/shapes/ArcSegment.ts
FN:32,(anonymous_0)
FN:61,(anonymous_1)
FN:209,(anonymous_2)
FN:216,(anonymous_3)
FN:219,(anonymous_4)
FN:223,(anonymous_5)
FN:226,(anonymous_6)
FN:230,(anonymous_7)
FN:233,(anonymous_8)
FN:237,(anonymous_9)
FN:240,(anonymous_10)
FN:246,path_attribs_from_arc_attribs
FNF:12
FNH:8
FNDA:1,(anonymous_0)
FNDA:1,(anonymous_1)
FNDA:2,(anonymous_2)
FNDA:0,(anonymous_3)
FNDA:1,(anonymous_4)
FNDA:0,(anonymous_5)
FNDA:1,(anonymous_6)
FNDA:0,(anonymous_7)
FNDA:1,(anonymous_8)
FNDA:0,(anonymous_9)
FNDA:1,(anonymous_10)
FNDA:1,path_attribs_from_arc_attribs
DA:1,10
DA:2,10
DA:5,10
DA:6,10
DA:7,10
DA:8,10
DA:9,10
DA:10,10
DA:21,10
DA:23,1
DA:24,1
DA:25,1
DA:26,1
DA:27,1
DA:28,1
DA:29,1
DA:30,1
DA:34,1
DA:35,1
DA:36,1
DA:37,12
DA:40,1
DA:42,1
DA:43,1
DA:46,1
DA:47,1
DA:50,1
DA:51,1
DA:54,1
DA:55,1
DA:58,1
DA:63,1
DA:66,1
DA:67,1
DA:69,1
DA:70,1
DA:72,1
DA:73,1
DA:75,1
DA:76,1
DA:77,1
DA:80,1
DA:81,0
DA:83,1
DA:84,0
DA:90,1
DA:92,6
DA:93,6
DA:94,6
DA:95,6
DA:97,6
DA:98,6
DA:100,6
DA:102,1
DA:103,1
DA:105,5
DA:108,6
DA:109,6
DA:110,6
DA:111,6
DA:112,6
DA:114,6
DA:115,5
DA:116,5
DA:117,5
DA:118,5
DA:119,5
DA:120,5
DA:121,1
DA:123,5
DA:124,1
DA:128,6
DA:132,1
DA:134,1
DA:135,0
DA:136,0
DA:139,1
DA:140,1
DA:146,1
DA:148,5
DA:149,5
DA:150,5
DA:151,5
DA:153,5
DA:154,5
DA:155,5
DA:156,5
DA:157,1
DA:160,5
DA:161,5
DA:162,5
DA:163,5
DA:164,5
DA:166,5
DA:167,4
DA:168,4
DA:169,4
DA:170,4
DA:171,4
DA:172,4
DA:173,1
DA:175,4
DA:176,1
DA:180,5
DA:185,1
DA:186,1
DA:189,0
DA:191,0
DA:192,0
DA:193,0
DA:194,0
DA:197,0
DA:198,0
DA:204,1
DA:206,1
DA:210,2
DA:212,2
DA:214,2
DA:217,0
DA:220,1
DA:221,1
DA:224,0
DA:227,1
DA:228,1
DA:231,0
DA:234,1
DA:235,1
DA:238,0
DA:241,1
DA:242,1
DA:247,1
DA:260,1
LF:132
LH:117
BRDA:32,0,0,0
BRDA:32,1,0,0
BRDA:32,2,0,0
BRDA:32,3,0,0
BRDA:32,4,0,0
BRDA:34,5,0,1
BRDA:34,5,1,0
BRDA:42,6,0,1
BRDA:46,7,0,1
BRDA:50,8,0,1
BRDA:54,9,0,1
BRDA:63,10,0,1
BRDA:63,11,0,1
BRDA:63,11,1,0
BRDA:63,11,2,0
BRDA:63,11,3,0
BRDA:76,12,0,1
BRDA:76,12,1,0
BRDA:80,13,0,0
BRDA:80,13,1,1
BRDA:83,14,0,0
BRDA:100,15,0,1
BRDA:100,15,1,5
BRDA:114,16,0,5
BRDA:120,17,0,1
BRDA:123,18,0,1
BRDA:132,19,0,1
BRDA:132,19,1,0
BRDA:134,20,0,0
BRDA:134,20,1,1
BRDA:156,21,0,1
BRDA:157,22,0,0
BRDA:157,22,1,1
BRDA:166,23,0,4
BRDA:172,24,0,1
BRDA:175,25,0,1
BRDA:189,26,0,0
BRDA:209,27,0,1
BRF:38
BRH:22
end_of_record
TN:
SF:src/lib/shapes/Arrow.ts
FN:41,(anonymous_0)
FN:70,(anonymous_1)
FN:73,(anonymous_2)
FN:76,(anonymous_3)
FN:80,(anonymous_4)
FN:84,(anonymous_5)
FN:89,(anonymous_6)
FN:93,(anonymous_7)
FN:96,(anonymous_8)
FN:104,(anonymous_9)
FN:107,(anonymous_10)
FN:114,(anonymous_11)
FN:117,(anonymous_12)
FN:127,update_arrow_vertices
FN:154,path_attribs_from_arrow_attribs
FNF:15
FNH:15
FNDA:5,(anonymous_0)
FNDA:7,(anonymous_1)
FNDA:6,(anonymous_2)
FNDA:7,(anonymous_3)
FNDA:5,(anonymous_4)
FNDA:20,(anonymous_5)
FNDA:10,(anonymous_6)
FNDA:37,(anonymous_7)
FNDA:2,(anonymous_8)
FNDA:24,(anonymous_9)
FNDA:1,(anonymous_10)
FNDA:32,(anonymous_11)
FNDA:2,(anonymous_12)
FNDA:20,update_arrow_vertices
FNDA:5,path_attribs_from_arrow_attribs
DA:1,10
DA:5,10
DA:6,10
DA:7,10
DA:8,10
DA:9,10
DA:10,10
DA:36,10
DA:37,5
DA:43,5
DA:52,5
DA:54,5
DA:56,5
DA:58,1
DA:61,4
DA:64,5
DA:66,5
DA:67,5
DA:68,5
DA:70,5
DA:71,7
DA:73,5
DA:74,6
DA:76,5
DA:77,7
DA:81,5
DA:82,5
DA:85,20
DA:86,20
DA:87,20
DA:90,10
DA:91,10
DA:94,37
DA:97,2
DA:98,1
DA:100,1
DA:101,1
DA:105,24
DA:108,1
DA:109,1
DA:110,1
DA:115,32
DA:118,2
DA:119,1
DA:121,1
DA:122,1
DA:129,20
DA:133,20
DA:134,20
DA:137,20
DA:138,20
DA:139,20
DA:140,20
DA:141,20
DA:142,20
DA:144,20
DA:145,20
DA:147,20
DA:148,20
DA:150,20
DA:151,20
DA:155,5
DA:169,5
LF:63
LH:63
BRDA:41,0,0,3
BRDA:56,1,0,1
BRDA:56,1,1,4
BRDA:89,2,0,5
BRDA:97,3,0,1
BRDA:97,3,1,1
BRDA:100,4,0,1
BRDA:108,5,0,1
BRDA:109,6,0,1
BRDA:118,7,0,1
BRDA:118,7,1,1
BRDA:121,8,0,1
BRF:12
BRH:12
end_of_record
TN:
SF:src/lib/shapes/Circle.ts
FN:43,(anonymous_0)
FN:59,(anonymous_1)
FN:66,(anonymous_2)
FN:71,(anonymous_3)
FN:77,(anonymous_4)
FN:82,(anonymous_5)
FN:85,(anonymous_6)
FN:92,path_options_from_circle_options
FN:113,update_circle_vertices
FNF:9
FNH:9
FNDA:4,(anonymous_0)
FNDA:5,(anonymous_1)
FNDA:4,(anonymous_2)
FNDA:5,(anonymous_3)
FNDA:12,(anonymous_4)
FNDA:7,(anonymous_5)
FNDA:1,(anonymous_6)
FNDA:4,path_options_from_circle_options
FNDA:5,update_circle_vertices
DA:1,10
DA:2,10
DA:6,10
DA:7,10
DA:8,10
DA:9,10
DA:10,10
DA:11,10
DA:12,10
DA:37,10
DA:39,4
DA:41,4
DA:46,4
DA:48,4
DA:49,4
DA:50,16
DA:53,4
DA:55,4
DA:56,1
DA:59,4
DA:60,5
DA:63,4
DA:67,4
DA:68,4
DA:72,5
DA:73,5
DA:74,5
DA:78,12
DA:79,12
DA:83,7
DA:86,1
DA:87,1
DA:93,4
DA:110,4
DA:115,5
DA:118,5
DA:119,5
DA:121,5
DA:122,5
DA:124,5
DA:125,20
DA:127,20
DA:128,20
DA:130,20
DA:131,20
DA:133,20
DA:134,20
DA:136,20
DA:138,20
DA:139,20
DA:140,20
DA:141,20
LF:52
LH:52
BRDA:43,0,0,2
BRDA:46,1,0,1
BRDA:46,1,1,3
BRDA:55,2,0,1
BRDA:77,3,0,4
BRDA:86,4,0,1
BRDA:138,5,0,5
BRDA:138,5,1,15
BRF:8
BRH:8
end_of_record
TN:
SF:src/lib/shapes/Ellipse.ts
FN:37,(anonymous_0)
FN:55,(anonymous_1)
FN:61,(anonymous_2)
FN:66,(anonymous_3)
FN:72,(anonymous_4)
FN:76,(anonymous_5)
FN:79,(anonymous_6)
FN:82,(anonymous_7)
FN:85,(anonymous_8)
FN:88,(anonymous_9)
FN:91,(anonymous_10)
FN:94,(anonymous_11)
FN:97,(anonymous_12)
FN:102,update_ellipse_vertices
FN:135,path_attribs_from_ellipse_attribs
FNF:15
FNH:11
FNDA:2,(anonymous_0)
FNDA:2,(anonymous_1)
FNDA:1,(anonymous_2)
FNDA:2,(anonymous_3)
FNDA:6,(anonymous_4)
FNDA:0,(anonymous_5)
FNDA:1,(anonymous_6)
FNDA:0,(anonymous_7)
FNDA:1,(anonymous_8)
FNDA:2,(anonymous_9)
FNDA:0,(anonymous_10)
FNDA:2,(anonymous_11)
FNDA:0,(anonymous_12)
FNDA:2,update_ellipse_vertices
FNDA:2,path_attribs_from_ellipse_attribs
DA:1,10
DA:2,10
DA:6,10
DA:7,10
DA:8,10
DA:9,10
DA:10,10
DA:11,10
DA:12,10
DA:14,10
DA:31,10
DA:33,2
DA:35,2
DA:39,2
DA:40,2
DA:41,2
DA:42,8
DA:45,2
DA:47,2
DA:48,1
DA:51,2
DA:52,1
DA:55,2
DA:56,2
DA:59,2
DA:62,1
DA:63,1
DA:67,2
DA:68,2
DA:69,2
DA:73,6
DA:74,6
DA:77,0
DA:80,1
DA:83,0
DA:86,1
DA:89,2
DA:92,0
DA:95,2
DA:98,0
DA:104,2
DA:106,2
DA:107,0
DA:111,2
DA:113,2
DA:114,8
DA:115,8
DA:117,8
DA:118,8
DA:120,8
DA:121,8
DA:123,8
DA:124,8
DA:126,8
DA:128,8
DA:129,8
DA:130,8
DA:131,8
DA:136,2
DA:147,2
LF:60
LH:55
BRDA:37,0,0,0
BRDA:39,1,0,0
BRDA:39,1,1,2
BRDA:47,2,0,1
BRDA:51,3,0,1
BRDA:72,4,0,2
BRDA:106,5,0,0
BRDA:106,6,0,2
BRDA:106,6,1,0
BRDA:128,7,0,2
BRDA:128,7,1,6
BRF:11
BRH:7
end_of_record
TN:
SF:src/lib/shapes/Line.ts
FN:28,(anonymous_0)
FN:37,(anonymous_1)
FN:40,(anonymous_2)
FN:43,(anonymous_3)
FN:51,(anonymous_4)
FN:54,(anonymous_5)
FN:64,path_attribs_from_line_attribs
FNF:7
FNH:7
FNDA:5,(anonymous_0)
FNDA:5,(anonymous_1)
FNDA:6,(anonymous_2)
FNDA:2,(anonymous_3)
FNDA:6,(anonymous_4)
FNDA:2,(anonymous_5)
FNDA:5,path_attribs_from_line_attribs
DA:1,10
DA:4,10
DA:5,10
DA:6,10
DA:7,10
DA:27,10
DA:29,5
DA:30,5
DA:31,5
DA:38,5
DA:41,6
DA:44,2
DA:45,1
DA:47,1
DA:48,1
DA:52,6
DA:55,2
DA:56,1
DA:58,1
DA:59,1
DA:65,5
DA:82,5
LF:22
LH:22
BRDA:28,0,0,3
BRDA:44,1,0,1
BRDA:44,1,1,1
BRDA:47,2,0,1
BRDA:55,3,0,1
BRDA:55,3,1,1
BRDA:58,4,0,1
BRF:7
BRH:7
end_of_record
TN:
SF:src/lib/shapes/Polygon.ts
FN:20,(anonymous_0)
FN:23,(anonymous_1)
FN:24,(anonymous_2)
FN:33,path_attributes
FNF:4
FNH:4
FNDA:3,(anonymous_0)
FNDA:3,(anonymous_1)
FNDA:3,(anonymous_2)
FNDA:3,path_attributes
DA:1,10
DA:4,10
DA:5,10
DA:6,10
DA:7,10
DA:19,10
DA:22,3
DA:23,3
DA:24,3
DA:26,3
DA:28,3
DA:29,3
DA:34,3
DA:51,3
LF:14
LH:14
BRDA:20,0,0,1
BRDA:20,1,0,2
BRDA:24,2,0,1
BRDA:24,2,1,2
BRF:4
BRH:4
end_of_record
TN:
SF:src/lib/shapes/Rectangle.ts
FN:46,(anonymous_0)
FN:65,(anonymous_1)
FN:72,(anonymous_2)
FN:77,(anonymous_3)
FN:83,(anonymous_4)
FN:88,(anonymous_5)
FN:91,(anonymous_6)
FN:96,(anonymous_7)
FN:99,(anonymous_8)
FN:107,(anonymous_9)
FN:110,(anonymous_10)
FN:117,path_attribs_from_rectangle_attribs
FN:134,update_rectangle_vertices
FNF:13
FNH:13
FNDA:8,(anonymous_0)
FNDA:12,(anonymous_1)
FNDA:7,(anonymous_2)
FNDA:12,(anonymous_3)
FNDA:24,(anonymous_4)
FNDA:15,(anonymous_5)
FNDA:2,(anonymous_6)
FNDA:20,(anonymous_7)
FNDA:2,(anonymous_8)
FNDA:15,(anonymous_9)
FNDA:2,(anonymous_10)
FNDA:8,path_attribs_from_rectangle_attribs
FNDA:12,update_rectangle_vertices
DA:1,10
DA:2,10
DA:6,10
DA:7,10
DA:8,10
DA:9,10
DA:10,10
DA:37,10
DA:39,8
DA:41,8
DA:42,8
DA:44,8
DA:48,8
DA:55,8
DA:57,8
DA:58,1
DA:61,8
DA:62,1
DA:65,8
DA:66,12
DA:69,8
DA:73,7
DA:74,7
DA:78,12
DA:79,12
DA:80,12
DA:84,24
DA:85,24
DA:89,15
DA:92,2
DA:93,2
DA:97,20
DA:100,2
DA:101,1
DA:103,1
DA:104,1
DA:108,15
DA:111,2
DA:112,2
DA:118,8
DA:131,8
DA:136,12
DA:137,12
DA:139,12
DA:140,12
DA:141,12
DA:142,12
LF:47
LH:47
BRDA:46,0,0,5
BRDA:57,1,0,1
BRDA:61,2,0,1
BRDA:83,3,0,8
BRDA:92,4,0,2
BRDA:100,5,0,1
BRDA:100,5,1,1
BRDA:103,6,0,1
BRDA:111,7,0,2
BRF:9
BRH:9
end_of_record
TN:
SF:src/lib/utils/compute_world_matrix.ts
FN:5,computed_world_matrix
FNF:1
FNH:0
FNDA:0,computed_world_matrix
DA:2,10
DA:5,10
DA:7,0
DA:8,0
DA:9,0
DA:11,0
DA:12,0
DA:15,0
DA:18,0
DA:20,0
DA:21,0
DA:22,0
LF:12
LH:2
BRDA:7,0,0,0
BRDA:7,0,1,0
BRDA:7,0,2,0
BRDA:11,1,0,0
BRDA:11,1,1,0
BRF:5
BRH:0
end_of_record
TN:
SF:src/lib/utils/curves.ts
FN:72,getComponentOnCubicBezier
FN:91,subdivide
FN:126,getCurveLength
FN:145,integrand
FN:169,getCurveBoundingBox
FN:238,integrate
FN:256,getCurveFromPoints
FN:279,getControlPoints
FN:331,getReflection
FN:340,getAnchorsFromArcData
FNF:10
FNH:6
FNDA:0,getComponentOnCubicBezier
FNDA:0,subdivide
FNDA:2021,getCurveLength
FNDA:8496,integrand
FNDA:6,getCurveBoundingBox
FNDA:531,integrate
FNDA:24,getCurveFromPoints
FNDA:96,getControlPoints
FNDA:0,getReflection
FNDA:0,getAnchorsFromArcData
DA:2,10
DA:4,10
DA:5,10
DA:6,10
DA:7,10
DA:9,10
DA:72,10
DA:73,0
DA:74,0
DA:91,10
DA:93,0
DA:97,0
DA:98,0
DA:101,0
DA:103,0
DA:104,0
DA:105,0
DA:106,0
DA:107,0
DA:110,0
DA:126,10
DA:130,2021
DA:131,1490
DA:132,1490
DA:133,1490
DA:137,531
DA:138,531
DA:139,531
DA:141,531
DA:142,531
DA:143,531
DA:147,8496
DA:148,8496
DA:149,8496
DA:152,531
DA:169,10
DA:171,6
DA:172,6
DA:175,6
DA:176,12
DA:177,6
DA:178,6
DA:179,6
DA:182,6
DA:183,6
DA:184,6
DA:186,12
DA:187,6
DA:188,6
DA:190,0
DA:191,0
DA:192,0
DA:194,0
DA:196,6
DA:197,6
DA:198,6
DA:199,0
DA:201,6
DA:202,6
DA:203,0
DA:205,6
DA:206,6
DA:207,0
DA:211,6
DA:212,6
DA:215,6
DA:216,0
DA:217,0
DA:218,0
DA:219,0
DA:222,6
DA:223,6
DA:224,6
DA:225,6
DA:226,6
DA:228,6
DA:238,10
DA:239,531
DA:240,531
DA:241,531
DA:242,531
DA:243,531
DA:244,531
DA:245,531
DA:246,531
DA:247,4248
DA:248,4248
DA:250,531
DA:256,10
DA:258,24
DA:260,24
DA:262,96
DA:264,96
DA:265,96
DA:267,96
DA:268,96
DA:269,96
DA:270,96
DA:272,96
DA:279,10
DA:281,96
DA:282,96
DA:284,96
DA:285,96
DA:287,96
DA:290,96
DA:291,96
DA:292,0
DA:293,0
DA:295,96
DA:298,0
DA:299,0
DA:301,0
DA:302,0
DA:305,0
DA:308,0
DA:309,0
DA:311,0
DA:313,0
DA:314,0
DA:316,0
DA:317,0
DA:318,0
DA:319,0
DA:320,0
DA:323,0
DA:331,10
DA:333,0
DA:340,10
DA:342,0
DA:343,0
DA:345,0
DA:347,0
DA:348,0
DA:349,0
DA:352,0
DA:353,0
DA:354,0
DA:359,0
DA:360,0
DA:364,0
LF:141
LH:87
BRDA:91,0,0,0
BRDA:97,1,0,0
BRDA:97,2,0,0
BRDA:97,2,1,0
BRDA:130,3,0,1490
BRDA:130,4,0,2021
BRDA:130,4,1,1723
BRDA:130,4,2,1572
BRDA:130,4,3,1490
BRDA:153,5,0,531
BRDA:153,5,1,531
BRDA:176,6,0,6
BRDA:176,6,1,6
BRDA:186,7,0,6
BRDA:187,8,0,6
BRDA:191,9,0,0
BRDA:191,10,0,0
BRDA:191,10,1,0
BRDA:198,11,0,0
BRDA:202,12,0,0
BRDA:202,13,0,6
BRDA:202,13,1,3
BRDA:206,14,0,0
BRDA:206,15,0,6
BRDA:206,15,1,3
BRDA:245,16,0,0
BRDA:245,16,1,531
BRDA:264,17,0,96
BRDA:264,17,1,0
BRDA:265,18,0,96
BRDA:265,18,1,0
BRDA:272,19,0,24
BRDA:272,19,1,72
BRDA:290,20,0,96
BRDA:290,21,0,96
BRDA:290,21,1,0
BRDA:291,22,0,0
BRDA:291,23,0,96
BRDA:291,23,1,96
BRDA:301,24,0,0
BRDA:301,24,1,0
BRDA:316,25,0,0
BRDA:316,26,0,0
BRDA:316,26,1,0
BRDA:331,27,0,0
BRDA:334,28,0,0
BRDA:334,28,1,0
BRDA:335,29,0,0
BRDA:335,29,1,0
BRDA:340,30,0,0
BRDA:348,31,0,0
BRF:51
BRH:24
end_of_record
TN:
SF:src/lib/utils/default_color.ts
FN:3,default_color
FNF:1
FNH:1
FNDA:56,default_color
DA:1,10
DA:3,10
DA:4,56
DA:5,1
DA:8,55
LF:5
LH:5
BRDA:4,0,0,1
BRDA:4,0,1,55
BRF:2
BRH:2
end_of_record
TN:
SF:src/lib/utils/default_number.ts
FN:1,default_number
FNF:1
FNH:1
FNDA:44,default_number
DA:1,10
DA:2,44
DA:3,44
DA:6,0
LF:4
LH:3
BRDA:2,0,0,44
BRDA:2,0,1,0
BRF:2
BRH:1
end_of_record
TN:
SF:src/lib/utils/default_stroke_width.ts
FN:6,default_stroke_width
FN:15,default_closed_path_stroke_width
FN:24,default_open_path_stroke_width
FNF:3
FNH:2
FNDA:0,default_stroke_width
FNDA:19,default_closed_path_stroke_width
FNDA:11,default_open_path_stroke_width
DA:3,10
DA:4,10
DA:6,10
DA:7,0
DA:8,0
DA:11,0
DA:15,10
DA:16,19
DA:17,0
DA:20,19
DA:24,10
DA:25,11
DA:26,0
DA:29,11
LF:14
LH:9
BRDA:7,0,0,0
BRDA:7,0,1,0
BRDA:16,1,0,0
BRDA:16,1,1,19
BRDA:25,2,0,0
BRDA:25,2,1,11
BRF:6
BRH:2
end_of_record
TN:
SF:src/lib/utils/math.ts
FN:12,lerp
FN:22,getPoT
FN:30,mod
FN:45,toFixed
FNF:4
FNH:2
FNDA:0,lerp
FNDA:0,getPoT
FNDA:441,mod
FNDA:1534,toFixed
DA:2,10
DA:3,10
DA:12,10
DA:13,0
DA:21,10
DA:22,10
DA:23,0
DA:24,0
DA:25,0
DA:27,0
DA:30,10
DA:31,441
DA:32,84
DA:34,441
DA:37,10
DA:45,10
DA:46,1534
LF:17
LH:12
BRDA:24,0,0,0
BRDA:24,0,1,0
BRF:2
BRH:0
end_of_record
TN:
SF:src/lib/utils/path-commands.ts
FNF:0
FNH:0
DA:1,10
LF:1
LH:1
BRF:0
BRH:0
end_of_record
TN:
SF:src/lib/utils/performance.ts
FNF:0
FNH:0
DA:1,10
DA:5,10
LF:2
LH:2
BRDA:5,0,0,10
BRDA:5,0,1,0
BRDA:5,1,0,10
BRDA:5,1,1,10
BRF:4
BRH:3
end_of_record
TN:
SF:src/lib/utils/root.ts
FNF:0
FNH:0
DA:4,10
DA:5,0
DA:7,10
DA:8,10
DA:10,0
DA:11,0
LF:6
LH:3
BRDA:4,0,0,0
BRDA:4,0,1,10
BRDA:7,1,0,10
BRDA:7,1,1,0
BRDA:10,2,0,0
BRF:5
BRH:2
end_of_record
TN:
SF:src/lib/utils/shape.ts
FN:6,contains
FN:44,getIdByLength
FN:64,getCurveLength
FN:94,getSubdivisions
FN:117,(anonymous_4)
FNF:5
FNH:3
FNDA:752,contains
FNDA:854,getIdByLength
FNDA:2021,getCurveLength
FNDA:0,getSubdivisions
FNDA:0,(anonymous_4)
DA:1,10
DA:2,10
DA:4,10
DA:6,10
DA:8,752
DA:9,752
DA:12,0
DA:13,0
DA:14,0
DA:16,0
DA:17,0
DA:18,0
DA:19,0
DA:20,0
DA:22,0
DA:25,0
DA:44,10
DA:46,854
DA:48,854
DA:49,527
DA:51,327
DA:52,327
DA:54,0
DA:55,0
DA:56,0
DA:57,0
DA:59,0
DA:61,0
DA:64,10
DA:68,2021
DA:69,2021
DA:71,2021
DA:72,2021
DA:73,2021
DA:74,2021
DA:75,2021
DA:76,2021
DA:77,2021
DA:78,2021
DA:80,2021
DA:81,2021
DA:82,2021
DA:85,2021
DA:86,2021
DA:87,2021
DA:90,2021
DA:94,10
DA:96,0
DA:97,0
DA:99,0
DA:100,0
DA:101,0
DA:102,0
DA:103,0
DA:104,0
DA:105,0
DA:106,0
DA:108,0
DA:109,0
DA:110,0
DA:113,0
DA:114,0
DA:115,0
DA:117,0
DA:119,0
LF:65
LH:31
BRDA:8,0,0,752
BRDA:8,1,0,752
BRDA:8,1,1,425
BRDA:19,2,0,0
BRDA:48,3,0,527
BRDA:48,3,1,327
BRDA:51,4,0,327
BRDA:55,5,0,0
BRDA:68,6,0,2021
BRDA:68,6,1,2021
BRDA:69,7,0,2021
BRDA:69,7,1,2021
BRDA:73,8,0,2021
BRDA:73,8,1,0
BRDA:74,9,0,2021
BRDA:74,9,1,0
BRDA:75,10,0,2021
BRDA:75,10,1,0
BRDA:76,11,0,2021
BRDA:76,11,1,0
BRDA:80,12,0,2021
BRDA:80,13,0,2021
BRDA:80,13,1,2021
BRDA:85,14,0,2021
BRDA:85,15,0,2021
BRDA:85,15,1,2021
BRDA:108,16,0,0
BRDA:113,17,0,0
BRF:28
BRH:20
end_of_record
TN:
SF:tests/dom.ts
FN:10,(anonymous_0)
FN:19,(anonymous_1)
FN:22,(anonymous_2)
FN:31,(anonymous_3)
FN:43,(anonymous_4)
FN:46,(anonymous_5)
FN:57,(anonymous_6)
FN:66,(anonymous_7)
FN:69,(anonymous_8)
FN:72,(anonymous_9)
FN:76,(anonymous_10)
FN:79,(anonymous_11)
FN:92,(anonymous_12)
FN:98,(anonymous_13)
FN:102,(anonymous_14)
FN:105,(anonymous_15)
FN:109,(anonymous_16)
FN:112,(anonymous_17)
FN:116,(anonymous_18)
FN:120,(anonymous_19)
FN:123,(anonymous_20)
FNF:21
FNH:18
FNDA:11,(anonymous_0)
FNDA:173,(anonymous_1)
FNDA:274,(anonymous_2)
FNDA:118,(anonymous_3)
FNDA:546,(anonymous_4)
FNDA:98,(anonymous_5)
FNDA:142,(anonymous_6)
FNDA:0,(anonymous_7)
FNDA:1,(anonymous_8)
FNDA:18,(anonymous_9)
FNDA:0,(anonymous_10)
FNDA:78,(anonymous_11)
FNDA:31,(anonymous_12)
FNDA:31,(anonymous_13)
FNDA:0,(anonymous_14)
FNDA:31,(anonymous_15)
FNDA:31,(anonymous_16)
FNDA:31,(anonymous_17)
FNDA:31,(anonymous_18)
FNDA:25,(anonymous_19)
FNDA:93,(anonymous_20)
DA:3,6
DA:9,6
DA:11,11
DA:12,11
DA:15,0
DA:20,173
DA:23,274
DA:24,274
DA:25,274
DA:28,0
DA:32,118
DA:33,118
DA:34,118
DA:35,149
DA:36,149
DA:40,0
DA:44,546
DA:47,98
DA:48,98
DA:49,98
DA:50,98
DA:54,0
DA:58,142
DA:59,142
DA:62,0
DA:67,0
DA:70,1
DA:73,18
DA:77,0
DA:80,78
DA:81,78
DA:82,78
DA:83,78
DA:84,78
DA:85,78
DA:86,78
DA:90,0
DA:93,31
DA:97,6
DA:103,0
DA:106,31
DA:110,31
DA:113,31
DA:124,93
LF:44
LH:35
BRDA:11,0,0,11
BRDA:11,0,1,0
BRDA:23,1,0,274
BRDA:23,1,1,0
BRDA:32,2,0,118
BRDA:32,2,1,0
BRDA:47,3,0,98
BRDA:47,3,1,0
BRDA:58,4,0,142
BRDA:58,4,1,0
BRDA:58,5,0,142
BRDA:58,5,1,142
BRDA:84,6,0,78
BRDA:85,7,0,78
BRF:14
BRH:9
end_of_record
TN:
SF:tests/initBoard.ts
FN:7,initBoard
FNF:1
FNH:1
FNDA:31,initBoard
DA:2,6
DA:3,6
DA:5,6
DA:7,6
DA:9,31
DA:10,31
DA:11,31
DA:13,31
LF:8
LH:8
BRDA:7,0,0,19
BRF:1
BRH:1
end_of_record
TN:
SF:tests/nodes.ts
FN:9,(anonymous_0)
FN:12,(anonymous_1)
FN:15,(anonymous_2)
FN:19,(anonymous_3)
FN:23,(anonymous_4)
FN:31,(anonymous_5)
FN:34,(anonymous_6)
FN:40,(anonymous_7)
FNF:8
FNH:8
FNDA:204,(anonymous_0)
FNDA:78,(anonymous_1)
FNDA:1,(anonymous_2)
FNDA:174,(anonymous_3)
FNDA:79,(anonymous_4)
FNDA:644,(anonymous_5)
FNDA:423,(anonymous_6)
FNDA:1,(anonymous_7)
DA:1,6
DA:2,205
DA:5,6
DA:6,204
DA:7,204
DA:8,204
DA:9,204
DA:10,204
DA:13,78
DA:16,1
DA:17,1
DA:20,174
DA:21,174
DA:24,79
DA:25,39
DA:28,40
DA:32,644
DA:35,423
DA:39,6
DA:40,1
DA:41,1
LF:21
LH:21
BRDA:24,0,0,39
BRDA:24,0,1,40
BRF:2
BRH:2
end_of_record
TN:
SF:tests/view.ts
FN:9,(anonymous_0)
FN:12,(anonymous_1)
FNF:2
FNH:2
FNDA:31,(anonymous_0)
FNDA:31,(anonymous_1)
DA:2,6
DA:8,6
DA:9,31
DA:13,31
LF:4
LH:4
BRF:0
BRH:0
end_of_record
