TN:
SF:src/index.ts
FN:1,(anonymous_0)
FN:3,(anonymous_1)
FN:5,(anonymous_2)
FN:7,(anonymous_3)
FN:8,(anonymous_4)
FN:10,(anonymous_5)
FN:10,(anonymous_6)
FN:10,(anonymous_7)
FN:11,(anonymous_8)
FN:15,(anonymous_9)
FN:16,(anonymous_10)
FN:19,(anonymous_11)
FN:19,(anonymous_12)
FN:20,(anonymous_13)
FN:23,(anonymous_14)
FN:25,(anonymous_15)
FN:26,(anonymous_16)
FN:27,(anonymous_17)
FN:28,(anonymous_18)
FN:29,(anonymous_19)
FN:30,(anonymous_20)
FN:31,(anonymous_21)
FN:32,(anonymous_22)
FN:33,(anonymous_23)
FN:34,(anonymous_24)
FNF:25
FNH:4
FNDA:7,(anonymous_0)
FNDA:0,(anonymous_1)
FNDA:0,(anonymous_2)
FNDA:0,(anonymous_3)
FNDA:0,(anonymous_4)
FNDA:30,(anonymous_5)
FNDA:0,(anonymous_6)
FNDA:0,(anonymous_7)
FNDA:9,(anonymous_8)
FNDA:0,(anonymous_9)
FNDA:0,(anonymous_10)
FNDA:0,(anonymous_11)
FNDA:0,(anonymous_12)
FNDA:0,(anonymous_13)
FNDA:0,(anonymous_14)
FNDA:0,(anonymous_15)
FNDA:0,(anonymous_16)
FNDA:4,(anonymous_17)
FNDA:0,(anonymous_18)
FNDA:0,(anonymous_19)
FNDA:0,(anonymous_20)
FNDA:0,(anonymous_21)
FNDA:0,(anonymous_22)
FNDA:0,(anonymous_23)
FNDA:0,(anonymous_24)
DA:1,12
DA:3,5
DA:5,5
DA:7,5
DA:8,5
DA:10,35
DA:11,14
DA:15,5
DA:16,5
DA:19,5
DA:20,5
DA:23,5
DA:25,5
DA:26,5
DA:27,9
DA:28,5
DA:29,5
DA:30,5
DA:31,5
DA:32,5
DA:33,5
DA:34,5
LF:22
LH:22
BRF:0
BRH:0
end_of_record
TN:
SF:src/lib/Anchor.ts
FN:42,(anonymous_0)
FN:58,(anonymous_1)
FN:61,(anonymous_2)
FN:64,(anonymous_3)
FN:69,(anonymous_4)
FN:81,(anonymous_5)
FN:85,(anonymous_6)
FN:89,(anonymous_7)
FN:93,(anonymous_8)
FN:97,(anonymous_9)
FN:100,(anonymous_10)
FN:106,(anonymous_11)
FN:123,(anonymous_12)
FN:130,(anonymous_13)
FN:138,(anonymous_14)
FN:141,(anonymous_15)
FN:149,(anonymous_16)
FN:152,(anonymous_17)
FN:160,(anonymous_18)
FN:163,(anonymous_19)
FN:171,(anonymous_20)
FN:174,(anonymous_21)
FN:182,(anonymous_22)
FN:185,(anonymous_23)
FN:193,(anonymous_24)
FN:196,(anonymous_25)
FN:204,(anonymous_26)
FN:207,(anonymous_27)
FN:214,vector_like
FNF:29
FNH:25
FNDA:317,(anonymous_0)
FNDA:807,(anonymous_1)
FNDA:485,(anonymous_2)
FNDA:485,(anonymous_3)
FNDA:0,(anonymous_4)
FNDA:12570,(anonymous_5)
FNDA:17,(anonymous_6)
FNDA:12570,(anonymous_7)
FNDA:17,(anonymous_8)
FNDA:0,(anonymous_9)
FNDA:0,(anonymous_10)
FNDA:2778,(anonymous_11)
FNDA:0,(anonymous_12)
FNDA:138,(anonymous_13)
FNDA:10718,(anonymous_14)
FNDA:4229,(anonymous_15)
FNDA:11961,(anonymous_16)
FNDA:2781,(anonymous_17)
FNDA:5561,(anonymous_18)
FNDA:2780,(anonymous_19)
FNDA:5561,(anonymous_20)
FNDA:2780,(anonymous_21)
FNDA:5561,(anonymous_22)
FNDA:2780,(anonymous_23)
FNDA:5562,(anonymous_24)
FNDA:2780,(anonymous_25)
FNDA:5562,(anonymous_26)
FNDA:2780,(anonymous_27)
FNDA:317,vector_like
DA:1,11
DA:4,11
DA:5,11
DA:7,11
DA:13,317
DA:29,317
DA:30,317
DA:44,317
DA:45,317
DA:46,317
DA:48,317
DA:49,317
DA:50,317
DA:51,317
DA:52,317
DA:53,317
DA:54,317
DA:56,317
DA:58,317
DA:59,807
DA:61,317
DA:62,485
DA:64,317
DA:65,485
DA:70,0
DA:71,0
DA:73,0
DA:74,0
DA:76,0
DA:77,0
DA:82,12570
DA:86,17
DA:90,12570
DA:94,17
DA:98,0
DA:101,0
DA:102,0
DA:107,2778
DA:108,2778
DA:109,2778
DA:110,2778
DA:111,2778
DA:112,2778
DA:113,2778
DA:114,2778
DA:115,2778
DA:116,2778
DA:117,2778
DA:124,0
DA:139,10718
DA:142,4229
DA:143,203
DA:150,11961
DA:153,2781
DA:154,2
DA:161,5561
DA:164,2780
DA:165,1
DA:172,5561
DA:175,2780
DA:176,1
DA:183,5561
DA:186,2780
DA:187,1
DA:194,5562
DA:197,2780
DA:198,1
DA:205,5562
DA:208,2780
DA:209,1
DA:215,317
DA:216,313
DA:218,4
DA:219,4
DA:222,0
LF:75
LH:64
BRDA:42,0,0,226
BRDA:42,1,0,313
BRDA:42,2,0,313
BRDA:42,3,0,313
BRDA:42,4,0,313
BRDA:70,5,0,0
BRDA:73,6,0,0
BRDA:76,7,0,0
BRDA:101,8,0,0
BRDA:142,9,0,203
BRDA:153,10,0,2
BRDA:164,11,0,1
BRDA:175,12,0,1
BRDA:186,13,0,1
BRDA:197,14,0,1
BRDA:208,15,0,1
BRDA:215,16,0,313
BRDA:215,16,1,4
BRDA:216,17,0,0
BRDA:216,17,1,313
BRDA:218,18,0,4
BRDA:218,18,1,0
BRF:22
BRH:16
end_of_record
TN:
SF:src/lib/ColorManager.ts
FN:30,(anonymous_0)
FN:33,(anonymous_1)
FN:36,(anonymous_2)
FN:58,(anonymous_3)
FN:72,(anonymous_4)
FNF:5
FNH:4
FNDA:80,(anonymous_0)
FNDA:0,(anonymous_1)
FNDA:80,(anonymous_2)
FNDA:80,(anonymous_3)
FNDA:80,(anonymous_4)
DA:1,11
DA:2,11
DA:9,11
DA:13,80
DA:17,80
DA:19,80
DA:20,80
DA:30,80
DA:31,80
DA:34,0
DA:37,80
DA:38,80
DA:39,80
DA:40,0
DA:41,0
DA:44,0
DA:47,80
DA:48,0
DA:49,0
DA:52,0
DA:55,80
DA:59,80
DA:60,80
DA:61,80
DA:62,80
DA:63,80
DA:64,0
DA:66,80
DA:67,80
DA:68,0
DA:70,80
DA:73,80
DA:74,80
DA:75,80
DA:77,0
DA:78,0
DA:81,0
LF:37
LH:25
BRDA:38,0,0,80
BRDA:39,1,0,0
BRDA:40,2,0,0
BRDA:40,2,1,0
BRDA:47,3,0,0
BRDA:48,4,0,0
BRDA:48,4,1,0
BRDA:74,5,0,80
BRDA:74,5,1,0
BRDA:77,6,0,0
BRDA:77,6,1,0
BRF:11
BRH:2
end_of_record
TN:
SF:src/lib/ColoredShapeBase.ts
FN:44,(anonymous_0)
FN:89,(anonymous_1)
FN:92,(anonymous_2)
FN:97,(anonymous_3)
FN:100,(anonymous_4)
FN:104,(anonymous_5)
FN:107,(anonymous_6)
FN:110,(anonymous_7)
FN:113,(anonymous_8)
FN:117,(anonymous_9)
FN:120,(anonymous_10)
FN:123,(anonymous_11)
FN:126,(anonymous_12)
FN:136,(anonymous_13)
FN:139,(anonymous_14)
FN:145,(anonymous_15)
FN:153,(anonymous_16)
FN:157,(anonymous_17)
FN:164,(anonymous_18)
FN:172,(anonymous_19)
FN:178,(anonymous_20)
FN:180,(anonymous_21)
FN:186,(anonymous_22)
FN:194,(anonymous_23)
FN:200,(anonymous_24)
FN:202,(anonymous_25)
FN:208,(anonymous_26)
FN:216,(anonymous_27)
FN:222,(anonymous_28)
FN:230,(anonymous_29)
FN:236,(anonymous_30)
FN:244,(anonymous_31)
FN:258,shape_attribs_from_colored_attribs
FNF:33
FNH:28
FNDA:40,(anonymous_0)
FNDA:40,(anonymous_1)
FNDA:0,(anonymous_2)
FNDA:0,(anonymous_3)
FNDA:40,(anonymous_4)
FNDA:40,(anonymous_5)
FNDA:40,(anonymous_6)
FNDA:0,(anonymous_7)
FNDA:40,(anonymous_8)
FNDA:40,(anonymous_9)
FNDA:40,(anonymous_10)
FNDA:44,(anonymous_11)
FNDA:40,(anonymous_12)
FNDA:40,(anonymous_13)
FNDA:0,(anonymous_14)
FNDA:5,(anonymous_15)
FNDA:0,(anonymous_16)
FNDA:40,(anonymous_17)
FNDA:40,(anonymous_18)
FNDA:35,(anonymous_19)
FNDA:40,(anonymous_20)
FNDA:35,(anonymous_21)
FNDA:40,(anonymous_22)
FNDA:35,(anonymous_23)
FNDA:40,(anonymous_24)
FNDA:35,(anonymous_25)
FNDA:40,(anonymous_26)
FNDA:35,(anonymous_27)
FNDA:40,(anonymous_28)
FNDA:35,(anonymous_29)
FNDA:40,(anonymous_30)
FNDA:35,(anonymous_31)
FNDA:40,shape_attribs_from_colored_attribs
DA:1,11
DA:3,11
DA:5,11
DA:8,11
DA:26,11
DA:30,40
DA:31,40
DA:36,40
DA:37,40
DA:38,40
DA:40,40
DA:42,40
DA:45,40
DA:47,40
DA:48,0
DA:51,40
DA:52,35
DA:55,40
DA:56,0
DA:59,40
DA:62,40
DA:63,40
DA:66,40
DA:67,40
DA:70,0
DA:73,40
DA:74,0
DA:77,40
DA:80,40
DA:81,0
DA:90,40
DA:93,0
DA:94,0
DA:98,0
DA:101,40
DA:102,40
DA:105,40
DA:108,40
DA:111,0
DA:114,40
DA:115,40
DA:118,40
DA:121,40
DA:124,44
DA:127,40
DA:128,40
DA:132,40
DA:137,40
DA:140,0
DA:146,5
DA:147,5
DA:154,0
DA:155,0
DA:159,40
DA:160,40
DA:161,40
DA:164,40
DA:165,40
DA:166,40
DA:167,0
DA:170,40
DA:172,40
DA:178,40
DA:179,40
DA:180,40
DA:186,40
DA:187,40
DA:188,40
DA:189,0
DA:192,40
DA:194,40
DA:200,40
DA:201,40
DA:202,40
DA:208,40
DA:209,40
DA:210,40
DA:211,0
DA:214,40
DA:216,40
DA:222,40
DA:223,40
DA:224,40
DA:225,40
DA:228,0
DA:230,40
DA:236,40
DA:237,40
DA:238,40
DA:239,0
DA:242,40
DA:244,40
DA:249,40
DA:252,0
DA:259,40
DA:268,40
LF:96
LH:78
BRDA:44,0,0,0
BRDA:47,1,0,0
BRDA:51,2,0,35
BRDA:55,3,0,0
BRDA:55,3,1,40
BRDA:62,4,0,40
BRDA:66,5,0,40
BRDA:66,5,1,0
BRDA:73,6,0,0
BRDA:73,6,1,40
BRDA:80,7,0,0
BRDA:93,8,0,0
BRDA:127,9,0,40
BRDA:128,10,0,0
BRDA:128,10,1,40
BRDA:159,11,0,40
BRDA:159,11,1,0
BRDA:166,12,0,0
BRDA:166,12,1,40
BRDA:166,13,0,40
BRDA:166,13,1,40
BRDA:188,14,0,0
BRDA:188,14,1,40
BRDA:210,15,0,0
BRDA:210,15,1,40
BRDA:224,16,0,40
BRDA:224,16,1,0
BRDA:238,17,0,0
BRDA:238,17,1,40
BRF:29
BRH:15
end_of_record
TN:
SF:src/lib/Flag.ts
FN:1,(anonymous_0)
FNF:1
FNH:1
FNDA:11,(anonymous_0)
DA:1,11
DA:2,11
DA:3,11
DA:4,11
DA:5,11
DA:6,11
DA:7,11
DA:8,11
DA:9,11
DA:10,11
DA:11,11
DA:12,11
DA:13,11
DA:14,11
DA:15,11
DA:16,11
DA:17,11
DA:18,11
LF:18
LH:18
BRDA:1,0,0,11
BRDA:1,0,1,11
BRF:2
BRH:2
end_of_record
TN:
SF:src/lib/GraphicsBoard.ts
FN:68,(anonymous_0)
FN:72,(anonymous_1)
FN:77,(anonymous_2)
FN:128,(anonymous_3)
FN:138,(anonymous_4)
FN:182,(anonymous_5)
FN:211,(anonymous_6)
FN:227,(anonymous_7)
FN:231,(anonymous_8)
FN:234,(anonymous_9)
FN:238,(anonymous_10)
FN:241,(anonymous_11)
FN:245,(anonymous_12)
FN:249,(anonymous_13)
FN:252,(anonymous_14)
FN:257,(anonymous_15)
FN:260,(anonymous_16)
FN:265,(anonymous_17)
FN:268,(anonymous_18)
FN:272,(anonymous_19)
FN:288,(anonymous_20)
FN:295,(anonymous_21)
FN:307,(anonymous_22)
FN:329,(anonymous_23)
FN:335,(anonymous_24)
FN:341,(anonymous_25)
FN:347,(anonymous_26)
FN:353,(anonymous_27)
FN:359,(anonymous_28)
FN:375,(anonymous_29)
FN:381,(anonymous_30)
FN:387,(anonymous_31)
FN:393,(anonymous_32)
FN:399,(anonymous_33)
FN:409,(anonymous_34)
FN:418,(anonymous_35)
FN:424,(anonymous_36)
FN:439,(anonymous_37)
FN:451,(anonymous_38)
FN:454,(anonymous_39)
FN:460,(anonymous_40)
FN:462,(anonymous_41)
FN:467,(anonymous_42)
FN:475,(anonymous_43)
FN:481,(anonymous_44)
FN:484,(anonymous_45)
FN:509,(anonymous_46)
FN:512,(anonymous_47)
FN:528,config_from_options
FN:537,compute_config_resize_to
FN:547,compute_config_size
FN:556,get_container
FN:565,get_container_id
FN:579,ellipse_attribs_from_point_attribs
FN:594,points_to_anchors
FNF:55
FNH:44
FNDA:52,(anonymous_0)
FNDA:52,(anonymous_1)
FNDA:41,(anonymous_2)
FNDA:41,(anonymous_3)
FNDA:35,(anonymous_4)
FNDA:845,(anonymous_5)
FNDA:845,(anonymous_6)
FNDA:0,(anonymous_7)
FNDA:41,(anonymous_8)
FNDA:0,(anonymous_9)
FNDA:1,(anonymous_10)
FNDA:0,(anonymous_11)
FNDA:0,(anonymous_12)
FNDA:124,(anonymous_13)
FNDA:82,(anonymous_14)
FNDA:124,(anonymous_15)
FNDA:82,(anonymous_16)
FNDA:41,(anonymous_17)
FNDA:0,(anonymous_18)
FNDA:41,(anonymous_19)
FNDA:146,(anonymous_20)
FNDA:0,(anonymous_21)
FNDA:82,(anonymous_22)
FNDA:41,(anonymous_23)
FNDA:0,(anonymous_24)
FNDA:1,(anonymous_25)
FNDA:1,(anonymous_26)
FNDA:1,(anonymous_27)
FNDA:1,(anonymous_28)
FNDA:1,(anonymous_29)
FNDA:2,(anonymous_30)
FNDA:1,(anonymous_31)
FNDA:1,(anonymous_32)
FNDA:0,(anonymous_33)
FNDA:1,(anonymous_34)
FNDA:1,(anonymous_35)
FNDA:0,(anonymous_36)
FNDA:41,(anonymous_37)
FNDA:0,(anonymous_38)
FNDA:82,(anonymous_39)
FNDA:41,(anonymous_40)
FNDA:0,(anonymous_41)
FNDA:35,(anonymous_42)
FNDA:76,(anonymous_43)
FNDA:82,(anonymous_44)
FNDA:82,(anonymous_45)
FNDA:123,(anonymous_46)
FNDA:41,(anonymous_47)
FNDA:41,config_from_options
FNDA:41,compute_config_resize_to
FNDA:41,compute_config_size
FNDA:41,get_container
FNDA:41,get_container_id
FNDA:1,ellipse_attribs_from_point_attribs
FNDA:1,points_to_anchors
DA:1,11
DA:2,11
DA:4,11
DA:6,11
DA:7,11
DA:8,11
DA:9,11
DA:10,11
DA:14,11
DA:15,11
DA:16,11
DA:17,11
DA:18,11
DA:19,11
DA:20,11
DA:21,11
DA:22,11
DA:23,11
DA:24,11
DA:25,11
DA:33,11
DA:35,41
DA:50,41
DA:51,41
DA:58,41
DA:61,41
DA:62,41
DA:64,41
DA:68,41
DA:69,52
DA:70,52
DA:72,41
DA:73,52
DA:74,52
DA:79,41
DA:80,41
DA:82,41
DA:83,41
DA:85,41
DA:86,41
DA:88,41
DA:89,11
DA:90,11
DA:91,11
DA:92,11
DA:93,11
DA:96,41
DA:97,41
DA:99,41
DA:100,41
DA:101,41
DA:102,0
DA:106,0
DA:109,41
DA:111,41
DA:113,41
DA:114,41
DA:115,41
DA:116,41
DA:119,41
DA:120,41
DA:123,41
DA:124,0
DA:128,41
DA:129,41
DA:130,41
DA:131,41
DA:132,41
DA:133,41
DA:134,41
DA:139,35
DA:140,35
DA:148,41
DA:149,41
DA:150,41
DA:151,41
DA:152,41
DA:154,41
DA:155,41
DA:156,41
DA:157,41
DA:158,41
DA:159,41
DA:160,41
DA:161,41
DA:162,0
DA:164,0
DA:171,41
DA:173,0
DA:177,41
DA:183,845
DA:212,845
DA:228,0
DA:232,41
DA:235,0
DA:239,1
DA:242,0
DA:246,0
DA:250,124
DA:253,82
DA:254,82
DA:255,82
DA:258,124
DA:261,82
DA:262,82
DA:263,82
DA:266,41
DA:269,0
DA:273,41
DA:274,41
DA:275,41
DA:278,0
DA:280,41
DA:281,41
DA:283,41
DA:285,41
DA:289,146
DA:296,0
DA:297,0
DA:300,0
DA:308,82
DA:309,82
DA:311,82
DA:312,0
DA:313,0
DA:316,82
DA:317,82
DA:318,82
DA:320,82
DA:321,0
DA:324,82
DA:326,82
DA:330,41
DA:331,41
DA:332,41
DA:336,0
DA:337,0
DA:338,0
DA:342,1
DA:343,1
DA:344,1
DA:348,1
DA:349,1
DA:350,1
DA:354,1
DA:355,1
DA:356,1
DA:360,1
DA:361,1
DA:362,1
DA:363,1
DA:364,1
DA:365,1
DA:366,1
DA:367,1
DA:368,1
DA:369,1
DA:370,1
DA:371,1
DA:372,1
DA:376,1
DA:377,1
DA:378,1
DA:382,2
DA:383,2
DA:384,2
DA:388,1
DA:389,1
DA:390,1
DA:394,1
DA:395,1
DA:396,1
DA:400,0
DA:401,0
DA:402,0
DA:403,0
DA:404,0
DA:405,0
DA:406,0
DA:410,1
DA:411,1
DA:412,1
DA:413,1
DA:414,1
DA:415,1
DA:419,1
DA:420,1
DA:421,1
DA:425,0
DA:426,0
DA:427,0
DA:437,41
DA:438,41
DA:440,41
DA:441,41
DA:442,41
DA:445,0
DA:447,41
DA:448,41
DA:449,41
DA:452,0
DA:455,82
DA:461,41
DA:462,41
DA:463,0
DA:466,41
DA:467,41
DA:468,35
DA:470,41
DA:476,76
DA:477,35
DA:478,35
DA:482,82
DA:485,82
DA:486,82
DA:488,0
DA:489,0
DA:490,0
DA:491,0
DA:492,0
DA:493,0
DA:494,0
DA:495,0
DA:498,0
DA:499,0
DA:507,82
DA:510,123
DA:513,41
DA:514,41
DA:516,41
DA:517,41
DA:519,41
DA:529,41
DA:533,41
DA:543,41
DA:548,41
DA:549,41
DA:552,0
DA:557,41
DA:558,0
DA:561,41
DA:566,41
DA:567,0
DA:570,41
DA:571,41
DA:574,0
DA:580,1
DA:591,1
DA:595,1
DA:596,1
DA:597,1
DA:598,4
DA:599,4
DA:600,0
DA:602,4
DA:603,0
DA:605,4
DA:606,4
DA:609,0
DA:612,1
LF:260
LH:209
BRDA:77,0,0,0
BRDA:88,1,0,11
BRDA:99,2,0,41
BRDA:99,2,1,0
BRDA:101,3,0,0
BRDA:101,4,0,41
BRDA:101,4,1,41
BRDA:113,5,0,41
BRDA:119,6,0,41
BRDA:123,7,0,0
BRDA:161,8,0,0
BRDA:161,8,1,41
BRDA:162,9,0,0
BRDA:162,9,1,0
BRDA:171,10,0,0
BRDA:171,10,1,41
BRDA:273,11,0,41
BRDA:274,12,0,41
BRDA:274,12,1,0
BRDA:280,13,0,41
BRDA:295,14,0,0
BRDA:296,15,0,0
BRDA:296,15,1,0
BRDA:311,16,0,0
BRDA:311,17,0,82
BRDA:311,17,1,82
BRDA:320,18,0,0
BRDA:320,19,0,82
BRDA:320,19,1,82
BRDA:341,20,0,0
BRDA:347,21,0,0
BRDA:353,22,0,0
BRDA:359,23,0,1
BRDA:375,24,0,0
BRDA:375,25,0,0
BRDA:381,26,0,1
BRDA:387,27,0,0
BRDA:393,28,0,0
BRDA:399,29,0,0
BRDA:401,30,0,0
BRDA:401,30,1,0
BRDA:403,31,0,0
BRDA:403,31,1,0
BRDA:409,32,0,0
BRDA:410,33,0,1
BRDA:410,33,1,0
BRDA:412,34,0,1
BRDA:412,34,1,0
BRDA:418,35,0,1
BRDA:441,36,0,41
BRDA:441,36,1,0
BRDA:476,37,0,35
BRDA:486,38,0,0
BRDA:548,39,0,41
BRDA:548,39,1,0
BRDA:557,40,0,0
BRDA:557,40,1,41
BRDA:566,41,0,0
BRDA:566,41,1,41
BRDA:570,42,0,41
BRDA:570,42,1,0
BRDA:599,43,0,0
BRDA:599,43,1,4
BRDA:602,44,0,0
BRDA:602,44,1,4
BRDA:603,45,0,0
BRDA:603,45,1,0
BRDA:605,46,0,4
BRDA:605,46,1,0
BRDA:606,47,0,1
BRDA:606,47,1,3
BRF:71
BRH:31
end_of_record
TN:
SF:src/lib/Path.ts
FN:92,(anonymous_0)
FN:141,(anonymous_1)
FN:152,(anonymous_2)
FN:162,(anonymous_3)
FN:172,(anonymous_4)
FN:181,(anonymous_5)
FN:229,(anonymous_6)
FN:248,(anonymous_7)
FN:276,(anonymous_8)
FN:359,(anonymous_9)
FN:372,(anonymous_10)
FN:508,(anonymous_11)
FN:525,(anonymous_12)
FN:534,(anonymous_13)
FN:554,(anonymous_14)
FN:574,(anonymous_15)
FN:754,(anonymous_16)
FN:782,(anonymous_17)
FN:788,(anonymous_18)
FN:794,(anonymous_19)
FN:797,(anonymous_20)
FN:802,(anonymous_21)
FN:811,(anonymous_22)
FN:814,(anonymous_23)
FN:821,(anonymous_24)
FN:824,(anonymous_25)
FN:827,(anonymous_26)
FN:830,(anonymous_27)
FN:835,(anonymous_28)
FN:838,(anonymous_29)
FN:843,(anonymous_30)
FN:846,(anonymous_31)
FN:849,(anonymous_32)
FN:852,(anonymous_33)
FN:855,(anonymous_34)
FN:858,(anonymous_35)
FN:861,(anonymous_36)
FN:864,(anonymous_37)
FN:867,(anonymous_38)
FN:870,(anonymous_39)
FN:891,(anonymous_40)
FN:895,(anonymous_41)
FN:904,(anonymous_42)
FN:914,(anonymous_43)
FN:915,(anonymous_44)
FN:925,colored_shape_attribs_from_path_attribs
FNF:46
FNH:36
FNDA:39,(anonymous_0)
FNDA:39,(anonymous_1)
FNDA:41,(anonymous_2)
FNDA:41,(anonymous_3)
FNDA:41,(anonymous_4)
FNDA:135,(anonymous_5)
FNDA:2,(anonymous_6)
FNDA:0,(anonymous_7)
FNDA:2,(anonymous_8)
FNDA:0,(anonymous_9)
FNDA:0,(anonymous_10)
FNDA:180,(anonymous_11)
FNDA:0,(anonymous_12)
FNDA:0,(anonymous_13)
FNDA:0,(anonymous_14)
FNDA:0,(anonymous_15)
FNDA:3346,(anonymous_16)
FNDA:94,(anonymous_17)
FNDA:105,(anonymous_18)
FNDA:691,(anonymous_19)
FNDA:39,(anonymous_20)
FNDA:138,(anonymous_21)
FNDA:1304,(anonymous_22)
FNDA:39,(anonymous_23)
FNDA:93,(anonymous_24)
FNDA:46,(anonymous_25)
FNDA:848,(anonymous_26)
FNDA:39,(anonymous_27)
FNDA:180,(anonymous_28)
FNDA:39,(anonymous_29)
FNDA:1304,(anonymous_30)
FNDA:39,(anonymous_31)
FNDA:93,(anonymous_32)
FNDA:46,(anonymous_33)
FNDA:2608,(anonymous_34)
FNDA:512,(anonymous_35)
FNDA:47,(anonymous_36)
FNDA:41,(anonymous_37)
FNDA:2860,(anonymous_38)
FNDA:39,(anonymous_39)
FNDA:0,(anonymous_40)
FNDA:0,(anonymous_41)
FNDA:0,(anonymous_42)
FNDA:155,(anonymous_43)
FNDA:558,(anonymous_44)
FNDA:39,colored_shape_attribs_from_path_attribs
DA:1,11
DA:2,11
DA:4,11
DA:5,11
DA:7,11
DA:8,11
DA:10,11
DA:12,11
DA:14,11
DA:15,11
DA:16,11
DA:17,11
DA:19,11
DA:20,11
DA:22,11
DA:47,11
DA:49,39
DA:51,39
DA:56,39
DA:61,39
DA:66,39
DA:68,39
DA:69,39
DA:70,39
DA:71,39
DA:72,39
DA:76,39
DA:77,39
DA:82,39
DA:84,39
DA:94,39
DA:96,39
DA:97,39
DA:98,39
DA:103,39
DA:108,39
DA:114,39
DA:119,39
DA:124,39
DA:129,39
DA:134,39
DA:136,39
DA:138,39
DA:143,39
DA:144,39
DA:145,39
DA:146,39
DA:147,39
DA:148,39
DA:149,39
DA:152,39
DA:153,41
DA:154,7
DA:157,34
DA:162,39
DA:163,41
DA:164,7
DA:167,34
DA:172,39
DA:173,41
DA:174,2
DA:177,39
DA:181,39
DA:182,135
DA:183,135
DA:184,135
DA:188,39
DA:189,27
DA:190,27
DA:192,27
DA:193,0
DA:194,0
DA:195,0
DA:198,27
DA:199,27
DA:200,8
DA:203,19
DA:205,27
DA:206,0
DA:216,39
DA:217,27
DA:218,0
DA:219,0
DA:222,27
DA:226,39
DA:230,2
DA:231,2
DA:232,2
DA:233,2
DA:234,2
DA:235,2
DA:236,6
DA:237,6
DA:238,6
DA:240,2
DA:241,0
DA:242,0
DA:244,2
DA:245,2
DA:250,0
DA:251,0
DA:252,0
DA:253,0
DA:254,0
DA:256,0
DA:257,0
DA:258,0
DA:259,0
DA:260,0
DA:261,0
DA:272,0
DA:273,0
DA:278,2
DA:279,2
DA:280,2
DA:281,2
DA:283,2
DA:285,2
DA:287,2
DA:288,2
DA:290,2
DA:291,2
DA:294,2
DA:295,0
DA:298,2
DA:300,6
DA:303,6
DA:305,6
DA:306,6
DA:308,6
DA:310,6
DA:311,6
DA:313,6
DA:314,6
DA:315,6
DA:318,6
DA:320,6
DA:321,6
DA:323,6
DA:324,6
DA:325,6
DA:328,6
DA:330,6
DA:337,6
DA:338,6
DA:339,6
DA:340,6
DA:343,0
DA:344,0
DA:345,0
DA:346,0
DA:347,0
DA:349,0
DA:350,0
DA:351,0
DA:352,0
DA:356,2
DA:360,0
DA:376,0
DA:381,0
DA:385,0
DA:386,0
DA:388,0
DA:389,0
DA:394,0
DA:398,0
DA:399,0
DA:401,0
DA:405,0
DA:406,0
DA:407,0
DA:408,0
DA:409,0
DA:410,0
DA:414,0
DA:415,0
DA:417,0
DA:418,0
DA:423,0
DA:424,0
DA:425,0
DA:428,0
DA:430,0
DA:432,0
DA:435,0
DA:436,0
DA:439,0
DA:440,0
DA:442,0
DA:443,0
DA:446,0
DA:447,0
DA:449,0
DA:450,0
DA:451,0
DA:452,0
DA:453,0
DA:454,0
DA:455,0
DA:456,0
DA:458,0
DA:459,0
DA:460,0
DA:463,0
DA:464,0
DA:465,0
DA:468,0
DA:469,0
DA:472,0
DA:473,0
DA:474,0
DA:475,0
DA:476,0
DA:477,0
DA:480,0
DA:481,0
DA:482,0
DA:483,0
DA:485,0
DA:486,0
DA:488,0
DA:489,0
DA:490,0
DA:491,0
DA:493,0
DA:494,0
DA:495,0
DA:496,0
DA:497,0
DA:500,0
DA:502,0
DA:509,180
DA:510,56
DA:511,56
DA:513,124
DA:514,124
DA:515,124
DA:516,596
DA:518,124
DA:527,0
DA:529,0
DA:530,0
DA:531,0
DA:532,0
DA:534,0
DA:536,0
DA:537,0
DA:538,0
DA:541,0
DA:542,0
DA:543,0
DA:544,0
DA:546,0
DA:547,0
DA:550,0
DA:551,0
DA:554,0
DA:555,0
DA:556,0
DA:559,0
DA:563,0
DA:566,0
DA:568,0
DA:570,0
DA:571,0
DA:574,0
DA:575,0
DA:576,0
DA:579,0
DA:584,0
DA:585,0
DA:588,0
DA:593,0
DA:596,0
DA:597,0
DA:598,0
DA:600,0
DA:604,652
DA:605,180
DA:608,652
DA:610,652
DA:612,652
DA:613,652
DA:615,652
DA:616,652
DA:631,652
DA:632,652
DA:636,652
DA:637,652
DA:639,3346
DA:641,155
DA:644,3346
DA:646,0
DA:647,0
DA:648,0
DA:649,0
DA:651,0
DA:652,0
DA:656,0
DA:658,0
DA:659,0
DA:662,0
DA:665,0
DA:666,0
DA:671,0
DA:677,3346
DA:679,2776
DA:680,2776
DA:682,2776
DA:683,650
DA:684,650
DA:685,127
DA:686,127
DA:689,0
DA:693,2126
DA:694,512
DA:695,512
DA:696,512
DA:697,97
DA:698,97
DA:701,0
DA:710,652
DA:712,0
DA:714,0
DA:715,0
DA:716,0
DA:717,0
DA:719,0
DA:723,0
DA:725,0
DA:727,0
DA:728,0
DA:733,0
DA:734,0
DA:741,652
DA:742,652
DA:747,652
DA:748,652
DA:749,652
DA:751,652
DA:752,652
DA:754,652
DA:756,3346
DA:757,650
DA:758,650
DA:759,650
DA:762,2696
DA:763,2696
DA:765,2696
DA:767,0
DA:769,0
DA:770,0
DA:774,2696
DA:777,652
DA:779,652
DA:783,94
DA:784,94
DA:785,94
DA:789,105
DA:790,105
DA:791,105
DA:795,691
DA:798,39
DA:799,9
DA:801,30
DA:802,30
DA:803,138
DA:804,0
DA:807,138
DA:812,1304
DA:815,39
DA:822,93
DA:825,46
DA:828,848
DA:831,39
DA:832,39
DA:836,180
DA:839,39
DA:840,39
DA:844,1304
DA:847,39
DA:850,93
DA:853,46
DA:856,2608
DA:859,512
DA:862,47
DA:865,41
DA:868,2860
DA:872,39
DA:873,0
DA:874,0
DA:876,39
DA:877,0
DA:878,0
DA:882,39
DA:883,39
DA:886,0
DA:891,39
DA:892,0
DA:893,0
DA:894,0
DA:895,0
DA:896,0
DA:900,0
DA:904,39
DA:905,0
DA:906,0
DA:907,0
DA:908,0
DA:909,0
DA:910,0
DA:914,39
DA:915,155
DA:916,558
DA:919,155
DA:926,39
DA:941,39
LF:417
LH:226
BRDA:92,0,0,0
BRDA:92,1,0,0
BRDA:143,2,0,39
BRDA:153,3,0,7
BRDA:153,3,1,34
BRDA:153,4,0,41
BRDA:153,4,1,41
BRDA:163,5,0,7
BRDA:163,5,1,34
BRDA:163,6,0,41
BRDA:163,6,1,41
BRDA:173,7,0,2
BRDA:173,7,1,39
BRDA:188,8,0,27
BRDA:192,9,0,0
BRDA:192,9,1,27
BRDA:199,10,0,8
BRDA:199,10,1,19
BRDA:205,11,0,0
BRDA:205,12,0,27
BRDA:205,12,1,0
BRDA:216,13,0,27
BRDA:217,14,0,0
BRDA:217,14,1,27
BRDA:240,15,0,0
BRDA:285,16,0,2
BRDA:285,16,1,0
BRDA:287,17,0,2
BRDA:287,17,1,0
BRDA:290,18,0,2
BRDA:290,19,0,2
BRDA:290,19,1,0
BRDA:290,19,2,0
BRDA:290,19,3,0
BRDA:294,20,0,0
BRDA:308,21,0,6
BRDA:308,21,1,0
BRDA:308,22,0,6
BRDA:308,22,1,6
BRDA:313,23,0,6
BRDA:323,24,0,6
BRDA:343,25,0,0
BRDA:401,26,0,0
BRDA:405,27,0,0
BRDA:405,27,1,0
BRDA:408,28,0,0
BRDA:424,29,0,0
BRDA:424,29,1,0
BRDA:435,30,0,0
BRDA:435,31,0,0
BRDA:435,31,1,0
BRDA:439,32,0,0
BRDA:439,32,1,0
BRDA:442,33,0,0
BRDA:446,34,0,0
BRDA:446,34,1,0
BRDA:447,35,0,0
BRDA:447,35,1,0
BRDA:451,36,0,0
BRDA:451,36,1,0
BRDA:452,37,0,0
BRDA:452,37,1,0
BRDA:453,38,0,0
BRDA:453,38,1,0
BRDA:454,39,0,0
BRDA:454,39,1,0
BRDA:458,40,0,0
BRDA:458,41,0,0
BRDA:458,41,1,0
BRDA:463,42,0,0
BRDA:463,43,0,0
BRDA:463,43,1,0
BRDA:493,44,0,0
BRDA:493,45,0,0
BRDA:493,45,1,0
BRDA:509,46,0,56
BRDA:516,47,0,122
BRDA:516,47,1,474
BRDA:530,48,0,0
BRDA:530,48,1,0
BRDA:536,49,0,0
BRDA:536,50,0,0
BRDA:536,50,1,0
BRDA:541,51,0,0
BRDA:543,52,0,0
BRDA:555,53,0,0
BRDA:555,53,1,0
BRDA:555,54,0,0
BRDA:555,54,1,0
BRDA:563,55,0,0
BRDA:566,56,0,0
BRDA:566,56,1,0
BRDA:566,57,0,0
BRDA:566,57,1,0
BRDA:575,58,0,0
BRDA:575,58,1,0
BRDA:575,59,0,0
BRDA:575,59,1,0
BRDA:584,60,0,0
BRDA:588,61,0,0
BRDA:588,61,1,0
BRDA:604,62,0,180
BRDA:639,63,0,155
BRDA:644,64,0,0
BRDA:644,64,1,3346
BRDA:644,65,0,3346
BRDA:644,65,1,570
BRDA:656,66,0,0
BRDA:656,67,0,0
BRDA:656,67,1,0
BRDA:658,68,0,0
BRDA:658,68,1,0
BRDA:665,69,0,0
BRDA:665,69,1,0
BRDA:677,70,0,2776
BRDA:677,71,0,3346
BRDA:677,71,1,3346
BRDA:682,72,0,650
BRDA:682,72,1,2126
BRDA:682,73,0,2776
BRDA:682,73,1,650
BRDA:684,74,0,127
BRDA:684,75,0,650
BRDA:684,75,1,127
BRDA:685,76,0,127
BRDA:685,76,1,0
BRDA:693,77,0,512
BRDA:693,78,0,2126
BRDA:693,78,1,512
BRDA:696,79,0,97
BRDA:696,80,0,512
BRDA:696,80,1,97
BRDA:697,81,0,97
BRDA:697,81,1,0
BRDA:710,82,0,0
BRDA:710,83,0,652
BRDA:710,83,1,0
BRDA:723,84,0,0
BRDA:723,85,0,0
BRDA:723,85,1,0
BRDA:727,86,0,0
BRDA:727,86,1,0
BRDA:756,87,0,650
BRDA:756,88,0,3346
BRDA:756,88,1,650
BRDA:756,88,2,2696
BRDA:765,89,0,0
BRDA:765,90,0,2696
BRDA:765,90,1,650
BRDA:788,91,0,19
BRDA:798,92,0,9
BRDA:803,93,0,0
BRDA:803,93,1,138
BRDA:831,94,0,39
BRDA:839,95,0,39
BRDA:872,96,0,0
BRDA:876,97,0,0
BRDA:882,98,0,39
BRDA:882,98,1,0
BRDA:886,99,0,0
BRDA:886,99,1,0
BRF:161
BRH:66
end_of_record
TN:
SF:src/lib/ShapeBase.ts
FN:43,ensure_identifier
FN:92,(anonymous_1)
FN:146,(anonymous_2)
FN:149,(anonymous_3)
FN:152,(anonymous_4)
FN:155,(anonymous_5)
FN:160,(anonymous_6)
FN:165,(anonymous_7)
FN:167,(anonymous_8)
FN:180,(anonymous_9)
FN:190,(anonymous_10)
FN:199,(anonymous_11)
FN:205,(anonymous_12)
FN:215,(anonymous_13)
FN:229,(anonymous_14)
FN:235,(anonymous_15)
FN:240,(anonymous_16)
FN:244,(anonymous_17)
FN:247,(anonymous_18)
FN:266,(anonymous_19)
FN:269,(anonymous_20)
FN:272,(anonymous_21)
FN:275,(anonymous_22)
FN:280,(anonymous_23)
FN:289,(anonymous_24)
FN:297,(anonymous_25)
FN:300,(anonymous_26)
FN:303,(anonymous_27)
FN:306,(anonymous_28)
FN:309,(anonymous_29)
FN:312,(anonymous_30)
FN:315,(anonymous_31)
FN:318,(anonymous_32)
FN:321,(anonymous_33)
FN:324,(anonymous_34)
FN:331,(anonymous_35)
FN:335,(anonymous_36)
FN:338,(anonymous_37)
FN:347,(anonymous_38)
FN:350,(anonymous_39)
FN:357,(anonymous_40)
FN:361,(anonymous_41)
FN:365,(anonymous_42)
FN:369,(anonymous_43)
FN:374,(anonymous_44)
FN:386,update_matrix
FNF:46
FNH:35
FNDA:0,ensure_identifier
FNDA:123,(anonymous_1)
FNDA:164,(anonymous_2)
FNDA:164,(anonymous_3)
FNDA:205,(anonymous_4)
FNDA:123,(anonymous_5)
FNDA:105,(anonymous_6)
FNDA:123,(anonymous_7)
FNDA:123,(anonymous_8)
FNDA:134,(anonymous_9)
FNDA:123,(anonymous_10)
FNDA:105,(anonymous_11)
FNDA:152,(anonymous_12)
FNDA:123,(anonymous_13)
FNDA:105,(anonymous_14)
FNDA:260,(anonymous_15)
FNDA:11,(anonymous_16)
FNDA:204,(anonymous_17)
FNDA:0,(anonymous_18)
FNDA:656,(anonymous_19)
FNDA:0,(anonymous_20)
FNDA:178,(anonymous_21)
FNDA:0,(anonymous_22)
FNDA:0,(anonymous_23)
FNDA:0,(anonymous_24)
FNDA:43,(anonymous_25)
FNDA:41,(anonymous_26)
FNDA:3,(anonymous_27)
FNDA:41,(anonymous_28)
FNDA:656,(anonymous_29)
FNDA:123,(anonymous_30)
FNDA:656,(anonymous_31)
FNDA:123,(anonymous_32)
FNDA:152,(anonymous_33)
FNDA:0,(anonymous_34)
FNDA:275,(anonymous_35)
FNDA:123,(anonymous_36)
FNDA:0,(anonymous_37)
FNDA:127,(anonymous_38)
FNDA:4,(anonymous_39)
FNDA:4,(anonymous_40)
FNDA:0,(anonymous_41)
FNDA:0,(anonymous_42)
FNDA:0,(anonymous_43)
FNDA:123,(anonymous_44)
FNDA:656,update_matrix
DA:1,11
DA:3,11
DA:4,11
DA:5,11
DA:6,11
DA:7,11
DA:8,11
DA:9,11
DA:10,11
DA:12,11
DA:43,11
DA:44,0
DA:45,0
DA:48,0
DA:52,11
DA:54,123
DA:59,123
DA:64,123
DA:74,123
DA:79,123
DA:81,123
DA:82,123
DA:84,123
DA:86,123
DA:92,123
DA:94,123
DA:99,123
DA:101,123
DA:102,10
DA:105,113
DA:108,123
DA:109,0
DA:112,123
DA:115,123
DA:116,1
DA:119,123
DA:120,0
DA:123,123
DA:124,0
DA:127,123
DA:128,123
DA:129,1
DA:131,123
DA:132,1
DA:134,123
DA:139,123
DA:144,123
DA:146,123
DA:147,164
DA:149,123
DA:150,164
DA:152,123
DA:153,205
DA:155,123
DA:156,123
DA:161,105
DA:162,105
DA:167,123
DA:168,123
DA:169,123
DA:170,0
DA:172,0
DA:175,123
DA:180,123
DA:181,134
DA:182,102
DA:185,32
DA:190,123
DA:191,123
DA:192,123
DA:193,123
DA:194,123
DA:197,0
DA:199,123
DA:205,123
DA:206,152
DA:207,113
DA:210,39
DA:215,123
DA:216,123
DA:217,123
DA:219,123
DA:220,123
DA:221,123
DA:224,0
DA:225,0
DA:226,0
DA:229,123
DA:237,260
DA:241,11
DA:245,204
DA:248,0
DA:249,0
DA:251,0
DA:252,0
DA:254,0
DA:255,0
DA:257,0
DA:258,0
DA:259,0
DA:260,0
DA:261,0
DA:262,0
DA:267,656
DA:270,0
DA:273,178
DA:276,0
DA:277,0
DA:281,0
DA:282,0
DA:286,0
DA:290,0
DA:291,0
DA:293,0
DA:294,0
DA:298,43
DA:301,41
DA:304,3
DA:307,41
DA:310,656
DA:313,123
DA:316,656
DA:319,123
DA:322,152
DA:325,0
DA:326,0
DA:327,0
DA:328,0
DA:332,275
DA:336,123
DA:339,0
DA:340,0
DA:341,0
DA:342,0
DA:348,127
DA:351,4
DA:352,4
DA:353,0
DA:358,4
DA:359,4
DA:362,0
DA:363,0
DA:366,0
DA:367,0
DA:371,0
DA:372,0
DA:375,123
DA:389,656
DA:390,656
DA:391,656
DA:392,656
DA:393,656
DA:394,0
DA:395,0
DA:396,0
DA:397,0
DA:398,0
DA:399,0
DA:400,0
DA:403,0
DA:404,0
DA:405,0
DA:409,0
DA:410,0
DA:411,0
DA:412,0
DA:415,0
DA:416,0
DA:417,0
DA:422,656
DA:423,4
DA:424,0
DA:425,0
DA:426,0
DA:429,4
DA:430,4
DA:431,4
DA:432,4
DA:433,4
DA:437,652
DA:438,0
DA:439,0
DA:440,0
DA:443,652
DA:444,652
DA:445,652
LF:186
LH:114
BRDA:44,0,0,0
BRDA:44,0,1,0
BRDA:92,1,0,0
BRDA:101,2,0,10
BRDA:101,2,1,113
BRDA:108,3,0,0
BRDA:108,3,1,123
BRDA:115,4,0,1
BRDA:119,5,0,0
BRDA:123,6,0,0
BRDA:128,7,0,1
BRDA:131,8,0,1
BRDA:169,9,0,0
BRDA:169,9,1,123
BRDA:181,10,0,102
BRDA:181,10,1,32
BRDA:193,11,0,123
BRDA:193,11,1,0
BRDA:206,12,0,113
BRDA:206,12,1,39
BRDA:217,13,0,123
BRDA:217,13,1,0
BRDA:248,14,0,0
BRDA:248,14,1,0
BRDA:251,15,0,0
BRDA:251,15,1,0
BRDA:254,16,0,0
BRDA:254,16,1,0
BRDA:257,17,0,0
BRDA:261,18,0,0
BRDA:261,19,0,0
BRDA:261,19,1,0
BRDA:276,20,0,0
BRDA:281,21,0,0
BRDA:281,21,1,0
BRDA:290,22,0,0
BRDA:290,22,1,0
BRDA:293,23,0,0
BRDA:327,24,0,0
BRDA:327,25,0,0
BRDA:327,25,1,0
BRDA:339,26,0,0
BRDA:340,27,0,0
BRDA:340,28,0,0
BRDA:340,28,1,0
BRDA:341,29,0,0
BRDA:351,30,0,4
BRDA:352,31,0,0
BRDA:393,32,0,0
BRDA:393,32,1,656
BRDA:394,33,0,0
BRDA:394,33,1,0
BRDA:395,34,0,0
BRDA:395,34,1,0
BRDA:409,35,0,0
BRDA:409,35,1,0
BRDA:422,36,0,4
BRDA:422,36,1,652
BRDA:423,37,0,0
BRDA:423,37,1,4
BRDA:437,38,0,0
BRDA:437,38,1,652
BRF:62
BRH:19
end_of_record
TN:
SF:src/lib/collection.ts
FN:20,(anonymous_0)
FN:34,(anonymous_1)
FN:38,(anonymous_2)
FN:42,(anonymous_3)
FN:46,(anonymous_4)
FN:50,(anonymous_5)
FN:54,(anonymous_6)
FN:60,(anonymous_7)
FN:66,(anonymous_8)
FN:72,(anonymous_9)
FN:78,(anonymous_10)
FN:102,(anonymous_11)
FN:108,(anonymous_12)
FN:114,(anonymous_13)
FN:119,(anonymous_14)
FNF:15
FNH:4
FNDA:39,(anonymous_0)
FNDA:721,(anonymous_1)
FNDA:1513,(anonymous_2)
FNDA:5116,(anonymous_3)
FNDA:0,(anonymous_4)
FNDA:0,(anonymous_5)
FNDA:0,(anonymous_6)
FNDA:0,(anonymous_7)
FNDA:0,(anonymous_8)
FNDA:0,(anonymous_9)
FNDA:0,(anonymous_10)
FNDA:0,(anonymous_11)
FNDA:0,(anonymous_12)
FNDA:0,(anonymous_13)
FNDA:0,(anonymous_14)
DA:1,11
DA:2,11
DA:7,11
DA:22,39
DA:24,39
DA:25,39
DA:27,39
DA:28,39
DA:30,39
DA:31,39
DA:35,721
DA:39,1513
DA:43,5116
DA:47,0
DA:51,0
DA:55,0
DA:56,0
DA:57,0
DA:61,0
DA:62,0
DA:63,0
DA:67,0
DA:68,0
DA:69,0
DA:73,0
DA:74,0
DA:75,0
DA:80,0
DA:81,0
DA:82,0
DA:83,0
DA:86,0
DA:87,0
DA:88,0
DA:103,0
DA:104,0
DA:105,0
DA:109,0
DA:110,0
DA:111,0
DA:115,0
DA:120,0
LF:42
LH:13
BRDA:80,0,0,0
BRDA:80,0,1,0
BRF:2
BRH:0
end_of_record
TN:
SF:src/lib/constants.ts
FN:13,(anonymous_0)
FNF:1
FNH:0
FNDA:0,(anonymous_0)
DA:2,11
DA:4,11
DA:14,0
LF:3
LH:2
BRF:0
BRH:0
end_of_record
TN:
SF:src/lib/element.ts
FN:16,(anonymous_0)
FN:22,(anonymous_1)
FN:26,(anonymous_2)
FN:29,(anonymous_3)
FNF:4
FNH:4
FNDA:123,(anonymous_0)
FNDA:105,(anonymous_1)
FNDA:428,(anonymous_2)
FNDA:11,(anonymous_3)
DA:1,11
DA:3,11
DA:8,11
DA:12,123
DA:14,123
DA:17,123
DA:18,91
DA:23,105
DA:27,428
DA:30,11
LF:10
LH:10
BRDA:17,0,0,91
BRF:1
BRH:1
end_of_record
TN:
SF:src/lib/group.ts
FN:16,(anonymous_0)
FN:28,(anonymous_1)
FN:35,(anonymous_2)
FN:39,(anonymous_3)
FN:78,(anonymous_4)
FN:96,(anonymous_5)
FN:98,search
FN:116,(anonymous_7)
FN:118,search
FN:133,(anonymous_9)
FN:146,(anonymous_10)
FN:159,(anonymous_11)
FN:210,(anonymous_12)
FN:214,(anonymous_13)
FN:223,(anonymous_14)
FN:226,(anonymous_15)
FN:237,update_shape_group
FN:258,shape_attributes
FNF:18
FNH:8
FNDA:83,(anonymous_0)
FNDA:70,(anonymous_1)
FNDA:0,(anonymous_2)
FNDA:165,(anonymous_3)
FNDA:0,(anonymous_4)
FNDA:0,(anonymous_5)
FNDA:0,search
FNDA:0,(anonymous_7)
FNDA:0,search
FNDA:82,(anonymous_9)
FNDA:0,(anonymous_10)
FNDA:0,(anonymous_11)
FNDA:165,(anonymous_12)
FNDA:248,(anonymous_13)
FNDA:317,(anonymous_14)
FNDA:0,(anonymous_15)
FNDA:0,update_shape_group
FNDA:83,shape_attributes
DA:1,11
DA:3,11
DA:4,11
DA:6,11
DA:12,11
DA:18,83
DA:20,83
DA:21,83
DA:22,83
DA:23,83
DA:25,83
DA:29,70
DA:30,70
DA:32,70
DA:36,0
DA:41,165
DA:43,165
DA:45,82
DA:48,83
DA:49,83
DA:50,83
DA:51,83
DA:52,83
DA:53,83
DA:56,0
DA:60,0
DA:64,165
DA:65,165
DA:66,165
DA:67,165
DA:68,123
DA:69,123
DA:72,165
DA:79,0
DA:80,0
DA:81,0
DA:82,0
DA:83,0
DA:84,0
DA:85,0
DA:86,0
DA:87,0
DA:89,0
DA:90,0
DA:91,0
DA:93,0
DA:97,0
DA:99,0
DA:100,0
DA:102,0
DA:103,0
DA:104,0
DA:105,0
DA:106,0
DA:110,0
DA:112,0
DA:117,0
DA:119,0
DA:120,0
DA:122,0
DA:123,0
DA:124,0
DA:125,0
DA:128,0
DA:130,0
DA:134,82
DA:135,82
DA:136,82
DA:137,82
DA:138,82
DA:139,0
DA:141,82
DA:143,82
DA:147,0
DA:148,0
DA:149,0
DA:150,0
DA:151,0
DA:152,0
DA:153,0
DA:156,0
DA:161,0
DA:164,0
DA:165,0
DA:167,0
DA:169,0
DA:171,0
DA:173,0
DA:174,0
DA:177,0
DA:179,0
DA:180,0
DA:181,0
DA:182,0
DA:184,0
DA:185,0
DA:188,0
DA:189,0
DA:190,0
DA:191,0
DA:192,0
DA:194,0
DA:195,0
DA:196,0
DA:197,0
DA:200,0
DA:201,0
DA:202,0
DA:203,0
DA:207,0
DA:211,165
DA:215,248
DA:216,248
DA:217,248
DA:218,248
DA:224,317
DA:228,0
DA:230,0
DA:231,0
DA:232,0
DA:237,11
DA:239,0
DA:241,0
DA:242,0
DA:245,0
DA:246,0
DA:247,0
DA:250,0
DA:251,0
DA:252,0
DA:255,0
DA:259,83
DA:263,83
LF:133
LH:46
BRDA:16,0,0,0
BRDA:16,1,0,0
BRDA:43,2,0,82
BRDA:43,2,1,83
BRDA:48,3,0,83
BRDA:48,3,1,0
BRDA:51,4,0,83
BRDA:51,4,1,0
BRDA:89,5,0,0
BRDA:99,6,0,0
BRDA:99,6,1,0
BRDA:102,7,0,0
BRDA:102,8,0,0
BRDA:102,8,1,0
BRDA:105,9,0,0
BRDA:119,10,0,0
BRDA:122,11,0,0
BRDA:122,12,0,0
BRDA:122,12,1,0
BRDA:138,13,0,0
BRDA:152,14,0,0
BRDA:159,15,0,0
BRDA:167,16,0,0
BRDA:167,16,1,0
BRDA:173,17,0,0
BRDA:173,18,0,0
BRDA:173,18,1,0
BRDA:179,19,0,0
BRDA:179,19,1,0
BRDA:179,19,2,0
BRDA:180,20,0,0
BRDA:180,20,1,0
BRDA:180,20,2,0
BRDA:181,21,0,0
BRDA:181,21,1,0
BRDA:181,21,2,0
BRDA:182,22,0,0
BRDA:182,22,1,0
BRDA:182,22,2,0
BRDA:184,23,0,0
BRDA:184,24,0,0
BRDA:184,24,1,0
BRDA:184,24,2,0
BRDA:184,24,3,0
BRDA:188,25,0,0
BRDA:188,25,1,0
BRDA:214,26,0,165
BRDA:241,27,0,0
BRDA:245,28,0,0
BRDA:245,29,0,0
BRDA:245,29,1,0
BRDA:250,30,0,0
BRF:52
BRH:5
end_of_record
TN:
SF:src/lib/text.ts
FN:95,(anonymous_0)
FN:144,(anonymous_1)
FN:162,(anonymous_2)
FN:189,(anonymous_3)
FN:195,(anonymous_4)
FN:200,(anonymous_5)
FN:206,(anonymous_6)
FN:214,(anonymous_7)
FN:220,(anonymous_8)
FN:251,(anonymous_9)
FN:257,(anonymous_10)
FN:276,(anonymous_11)
FN:282,(anonymous_12)
FN:301,(anonymous_13)
FN:307,(anonymous_14)
FN:312,(anonymous_15)
FN:317,(anonymous_16)
FN:325,(anonymous_17)
FN:331,(anonymous_18)
FN:339,(anonymous_19)
FN:345,(anonymous_20)
FN:385,(anonymous_21)
FN:392,(anonymous_22)
FN:447,(anonymous_23)
FN:452,(anonymous_24)
FN:456,(anonymous_25)
FN:461,(anonymous_26)
FN:464,(anonymous_27)
FN:476,(anonymous_28)
FN:479,(anonymous_29)
FN:496,(anonymous_30)
FN:499,(anonymous_31)
FN:506,(anonymous_32)
FN:509,(anonymous_33)
FN:512,(anonymous_34)
FN:515,(anonymous_35)
FN:524,(anonymous_36)
FN:527,(anonymous_37)
FN:534,(anonymous_38)
FN:537,(anonymous_39)
FN:544,(anonymous_40)
FN:547,(anonymous_41)
FN:554,(anonymous_42)
FN:557,(anonymous_43)
FN:562,(anonymous_44)
FN:565,(anonymous_45)
FN:570,(anonymous_46)
FN:573,(anonymous_47)
FN:578,shape_options_from_text_options
FNF:49
FNH:27
FNDA:1,(anonymous_0)
FNDA:1,(anonymous_1)
FNDA:1,(anonymous_2)
FNDA:0,(anonymous_3)
FNDA:1,(anonymous_4)
FNDA:0,(anonymous_5)
FNDA:1,(anonymous_6)
FNDA:0,(anonymous_7)
FNDA:1,(anonymous_8)
FNDA:0,(anonymous_9)
FNDA:1,(anonymous_10)
FNDA:0,(anonymous_11)
FNDA:1,(anonymous_12)
FNDA:0,(anonymous_13)
FNDA:1,(anonymous_14)
FNDA:1,(anonymous_15)
FNDA:1,(anonymous_16)
FNDA:0,(anonymous_17)
FNDA:1,(anonymous_18)
FNDA:0,(anonymous_19)
FNDA:1,(anonymous_20)
FNDA:0,(anonymous_21)
FNDA:0,(anonymous_22)
FNDA:0,(anonymous_23)
FNDA:0,(anonymous_24)
FNDA:2,(anonymous_25)
FNDA:1,(anonymous_26)
FNDA:0,(anonymous_27)
FNDA:1,(anonymous_28)
FNDA:0,(anonymous_29)
FNDA:2,(anonymous_30)
FNDA:1,(anonymous_31)
FNDA:1,(anonymous_32)
FNDA:0,(anonymous_33)
FNDA:1,(anonymous_34)
FNDA:0,(anonymous_35)
FNDA:1,(anonymous_36)
FNDA:0,(anonymous_37)
FNDA:1,(anonymous_38)
FNDA:0,(anonymous_39)
FNDA:1,(anonymous_40)
FNDA:0,(anonymous_41)
FNDA:1,(anonymous_42)
FNDA:0,(anonymous_43)
FNDA:1,(anonymous_44)
FNDA:0,(anonymous_45)
FNDA:1,(anonymous_46)
FNDA:0,(anonymous_47)
FNDA:1,shape_options_from_text_options
DA:1,11
DA:3,11
DA:5,11
DA:6,11
DA:8,11
DA:10,11
DA:11,11
DA:13,11
DA:65,11
DA:70,1
DA:72,1
DA:74,1
DA:76,1
DA:78,1
DA:80,1
DA:82,1
DA:84,1
DA:90,1
DA:92,1
DA:93,1
DA:97,1
DA:99,1
DA:101,1
DA:102,0
DA:104,1
DA:105,0
DA:107,1
DA:108,0
DA:110,1
DA:111,0
DA:113,1
DA:114,0
DA:116,1
DA:117,0
DA:119,1
DA:120,0
DA:122,1
DA:123,0
DA:125,1
DA:126,0
DA:128,1
DA:129,0
DA:131,1
DA:132,0
DA:134,1
DA:135,0
DA:137,1
DA:138,0
DA:141,1
DA:146,1
DA:148,1
DA:149,0
DA:151,0
DA:152,0
DA:155,1
DA:156,1
DA:157,1
DA:159,1
DA:162,1
DA:163,1
DA:164,1
DA:165,1
DA:167,1
DA:168,0
DA:171,1
DA:173,1
DA:176,0
DA:177,0
DA:180,0
DA:181,0
DA:184,0
DA:186,0
DA:189,1
DA:195,1
DA:196,1
DA:197,1
DA:198,1
DA:199,1
DA:200,1
DA:206,1
DA:207,1
DA:208,1
DA:209,0
DA:212,1
DA:214,1
DA:220,1
DA:221,1
DA:222,1
DA:223,1
DA:225,1
DA:226,0
DA:229,1
DA:231,1
DA:234,0
DA:235,0
DA:238,0
DA:239,0
DA:242,0
DA:244,0
DA:247,0
DA:248,0
DA:251,1
DA:257,1
DA:258,1
DA:259,1
DA:260,1
DA:261,1
DA:264,0
DA:265,0
DA:266,0
DA:269,0
DA:273,0
DA:276,1
DA:282,1
DA:283,1
DA:284,1
DA:285,1
DA:286,1
DA:289,0
DA:290,0
DA:291,0
DA:294,0
DA:298,0
DA:301,1
DA:307,1
DA:308,1
DA:312,1
DA:313,1
DA:317,1
DA:318,1
DA:319,1
DA:320,1
DA:323,0
DA:325,1
DA:331,1
DA:332,1
DA:333,1
DA:334,1
DA:337,0
DA:339,1
DA:345,1
DA:346,1
DA:350,1
DA:351,1
DA:352,1
DA:354,1
DA:355,0
DA:356,0
DA:357,0
DA:360,1
DA:361,1
DA:362,1
DA:363,0
DA:372,1
DA:373,0
DA:374,0
DA:375,0
DA:378,0
DA:382,1
DA:387,0
DA:388,0
DA:389,0
DA:399,0
DA:401,0
DA:403,0
DA:404,0
DA:406,0
DA:408,0
DA:409,0
DA:410,0
DA:413,0
DA:414,0
DA:415,0
DA:418,0
DA:419,0
DA:420,0
DA:424,0
DA:426,0
DA:427,0
DA:428,0
DA:430,0
DA:431,0
DA:434,0
DA:435,0
DA:436,0
DA:437,0
DA:439,0
DA:440,0
DA:441,0
DA:442,0
DA:444,0
DA:448,0
DA:453,0
DA:457,2
DA:458,2
DA:462,1
DA:465,0
DA:466,0
DA:470,0
DA:471,0
DA:477,1
DA:480,0
DA:481,0
DA:491,0
DA:497,2
DA:500,1
DA:501,1
DA:502,1
DA:507,1
DA:510,0
DA:513,1
DA:516,0
DA:517,0
DA:518,0
DA:519,0
DA:525,1
DA:528,0
DA:529,0
DA:530,0
DA:535,1
DA:538,0
DA:539,0
DA:540,0
DA:545,1
DA:548,0
DA:549,0
DA:550,0
DA:555,1
DA:558,0
DA:559,0
DA:563,1
DA:566,0
DA:567,0
DA:571,1
DA:574,0
DA:580,1
DA:597,1
LF:237
LH:124
BRDA:95,0,0,0
BRDA:101,1,0,0
BRDA:104,2,0,0
BRDA:107,3,0,0
BRDA:110,4,0,0
BRDA:113,5,0,0
BRDA:113,6,0,1
BRDA:113,6,1,1
BRDA:116,7,0,0
BRDA:116,8,0,1
BRDA:116,8,1,1
BRDA:119,9,0,0
BRDA:122,10,0,0
BRDA:125,11,0,0
BRDA:128,12,0,0
BRDA:131,13,0,0
BRDA:134,14,0,0
BRDA:137,15,0,0
BRDA:148,16,0,0
BRDA:148,16,1,1
BRDA:165,17,0,1
BRDA:165,17,1,0
BRDA:165,17,2,0
BRDA:167,18,0,0
BRDA:167,18,1,1
BRDA:180,19,0,0
BRDA:180,19,1,0
BRDA:208,20,0,0
BRDA:208,20,1,1
BRDA:223,21,0,1
BRDA:223,21,1,0
BRDA:223,21,2,0
BRDA:223,21,3,0
BRDA:225,22,0,0
BRDA:225,22,1,1
BRDA:238,23,0,0
BRDA:238,23,1,0
BRDA:260,24,0,1
BRDA:260,24,1,0
BRDA:260,25,0,1
BRDA:260,25,1,1
BRDA:264,26,0,0
BRDA:264,26,1,0
BRDA:265,27,0,0
BRDA:265,27,1,0
BRDA:285,28,0,1
BRDA:285,28,1,0
BRDA:285,29,0,1
BRDA:285,29,1,1
BRDA:289,30,0,0
BRDA:289,30,1,0
BRDA:290,31,0,0
BRDA:290,31,1,0
BRDA:319,32,0,1
BRDA:319,32,1,0
BRDA:333,33,0,1
BRDA:333,33,1,0
BRDA:350,34,0,1
BRDA:354,35,0,0
BRDA:354,35,1,1
BRDA:362,36,0,0
BRDA:372,37,0,0
BRDA:373,38,0,0
BRDA:373,38,1,0
BRDA:392,39,0,0
BRDA:401,40,0,0
BRDA:401,40,1,0
BRDA:404,41,0,0
BRDA:404,41,1,0
BRDA:406,42,0,0
BRDA:406,42,1,0
BRDA:406,42,2,0
BRDA:424,43,0,0
BRDA:424,43,1,0
BRDA:456,44,0,1
BRDA:465,45,0,0
BRDA:466,46,0,0
BRDA:466,46,1,0
BRDA:466,46,2,0
BRDA:480,47,0,0
BRDA:481,48,0,0
BRDA:481,48,1,0
BRDA:481,48,2,0
BRDA:481,48,3,0
BRDA:481,48,4,0
BRDA:481,48,5,0
BRDA:481,48,6,0
BRDA:481,48,7,0
BRDA:481,48,8,0
BRDA:500,49,0,1
BRDA:501,50,0,1
BRDA:516,51,0,0
BRDA:517,52,0,0
BRDA:517,53,0,0
BRDA:517,53,1,0
BRDA:518,54,0,0
BRDA:528,55,0,0
BRDA:528,56,0,0
BRDA:528,56,1,0
BRDA:529,57,0,0
BRDA:538,58,0,0
BRDA:538,59,0,0
BRDA:538,59,1,0
BRDA:539,60,0,0
BRDA:548,61,0,0
BRDA:549,62,0,0
BRDA:558,63,0,0
BRDA:566,64,0,0
BRDA:592,65,0,0
BRDA:592,65,1,1
BRDA:593,66,0,0
BRDA:593,66,1,1
BRF:112
BRH:25
end_of_record
TN:
SF:src/lib/effects/ColorProvider.ts
FN:26,is_color_provider
FN:45,is_color
FNF:2
FNH:2
FNDA:236,is_color_provider
FNDA:76,is_color
DA:26,11
DA:27,236
DA:28,81
DA:30,155
DA:31,80
DA:33,75
DA:34,0
DA:36,75
DA:37,0
DA:38,0
DA:41,75
DA:45,11
DA:46,76
DA:47,0
DA:49,76
DA:50,1
DA:53,75
LF:17
LH:13
BRDA:27,0,0,81
BRDA:27,0,1,155
BRDA:30,1,0,80
BRDA:30,1,1,75
BRDA:33,2,0,0
BRDA:33,2,1,75
BRDA:36,3,0,0
BRDA:36,3,1,75
BRDA:38,4,0,0
BRDA:38,4,1,0
BRDA:38,4,2,0
BRDA:46,5,0,0
BRDA:46,5,1,76
BRDA:49,6,0,1
BRDA:49,6,1,75
BRF:15
BRH:9
end_of_record
TN:
SF:src/lib/math/G20.ts
FN:13,is_zero_vector
FN:17,is_zero_bivector
FN:21,is_zero_multivector
FN:38,lock
FN:46,isScalar
FN:52,equalsValue
FN:67,ensure_mutable
FN:76,vector_from_like
FN:88,spinor_from_like
FN:123,(anonymous_9)
FN:127,(anonymous_10)
FN:131,(anonymous_11)
FN:135,(anonymous_12)
FN:139,(anonymous_13)
FN:148,(anonymous_14)
FN:152,(anonymous_15)
FN:160,(anonymous_16)
FN:174,(anonymous_17)
FN:187,(anonymous_18)
FN:191,(anonymous_19)
FN:204,(anonymous_20)
FN:208,(anonymous_21)
FN:221,(anonymous_22)
FN:225,(anonymous_23)
FN:238,(anonymous_24)
FN:242,(anonymous_25)
FN:261,(anonymous_26)
FN:269,(anonymous_27)
FN:273,(anonymous_28)
FN:277,(anonymous_29)
FN:281,(anonymous_30)
FN:285,(anonymous_31)
FN:289,(anonymous_32)
FN:293,(anonymous_33)
FN:297,(anonymous_34)
FN:305,(anonymous_35)
FN:309,(anonymous_36)
FN:313,(anonymous_37)
FN:319,(anonymous_38)
FN:325,(anonymous_39)
FN:333,(anonymous_40)
FN:345,(anonymous_41)
FN:365,(anonymous_42)
FN:384,(anonymous_43)
FN:397,(anonymous_44)
FN:405,(anonymous_45)
FN:413,(anonymous_46)
FN:421,(anonymous_47)
FN:425,(anonymous_48)
FN:432,(anonymous_49)
FN:450,(anonymous_50)
FN:476,(anonymous_51)
FN:506,(anonymous_52)
FN:531,(anonymous_53)
FN:544,(anonymous_54)
FN:561,(anonymous_55)
FN:589,(anonymous_56)
FN:593,(anonymous_57)
FN:597,(anonymous_58)
FN:615,(anonymous_59)
FN:619,(anonymous_60)
FN:627,(anonymous_61)
FN:636,(anonymous_62)
FN:640,(anonymous_63)
FN:646,(anonymous_64)
FN:692,(anonymous_65)
FN:732,(anonymous_66)
FN:751,(anonymous_67)
FN:765,(anonymous_68)
FN:792,(anonymous_69)
FN:809,(anonymous_70)
FN:848,(anonymous_71)
FN:872,(anonymous_72)
FN:877,(anonymous_73)
FN:892,(anonymous_74)
FN:901,(anonymous_75)
FN:910,(anonymous_76)
FN:925,(anonymous_77)
FN:945,(anonymous_78)
FN:970,(anonymous_79)
FN:986,(anonymous_80)
FN:1001,(anonymous_81)
FN:1016,(anonymous_82)
FN:1031,(anonymous_83)
FN:1046,(anonymous_84)
FN:1062,(anonymous_85)
FN:1078,(anonymous_86)
FN:1093,(anonymous_87)
FN:1108,(anonymous_88)
FN:1123,(anonymous_89)
FN:1138,(anonymous_90)
FN:1145,(anonymous_91)
FN:1160,(anonymous_92)
FN:1175,(anonymous_93)
FN:1182,(anonymous_94)
FN:1197,(anonymous_95)
FN:1212,(anonymous_96)
FN:1228,(anonymous_97)
FN:1243,(anonymous_98)
FN:1250,(anonymous_99)
FN:1257,(anonymous_100)
FN:1272,(anonymous_101)
FNF:102
FNH:35
FNDA:0,is_zero_vector
FNDA:0,is_zero_bivector
FNDA:0,is_zero_multivector
FNDA:55,lock
FNDA:0,isScalar
FNDA:17739,equalsValue
FNDA:1,ensure_mutable
FNDA:28,vector_from_like
FNDA:0,spinor_from_like
FNDA:1643,(anonymous_9)
FNDA:6,(anonymous_10)
FNDA:1,(anonymous_11)
FNDA:1,(anonymous_12)
FNDA:343,(anonymous_13)
FNDA:1909,(anonymous_14)
FNDA:14305,(anonymous_15)
FNDA:59,(anonymous_16)
FNDA:3,(anonymous_17)
FNDA:3298,(anonymous_18)
FNDA:1,(anonymous_19)
FNDA:34719,(anonymous_20)
FNDA:200,(anonymous_21)
FNDA:34679,(anonymous_22)
FNDA:200,(anonymous_23)
FNDA:3274,(anonymous_24)
FNDA:1,(anonymous_25)
FNDA:0,(anonymous_26)
FNDA:0,(anonymous_27)
FNDA:0,(anonymous_28)
FNDA:0,(anonymous_29)
FNDA:0,(anonymous_30)
FNDA:0,(anonymous_31)
FNDA:0,(anonymous_32)
FNDA:0,(anonymous_33)
FNDA:0,(anonymous_34)
FNDA:0,(anonymous_35)
FNDA:0,(anonymous_36)
FNDA:448,(anonymous_37)
FNDA:448,(anonymous_38)
FNDA:448,(anonymous_39)
FNDA:0,(anonymous_40)
FNDA:0,(anonymous_41)
FNDA:0,(anonymous_42)
FNDA:0,(anonymous_43)
FNDA:0,(anonymous_44)
FNDA:0,(anonymous_45)
FNDA:9571,(anonymous_46)
FNDA:246,(anonymous_47)
FNDA:98,(anonymous_48)
FNDA:0,(anonymous_49)
FNDA:0,(anonymous_50)
FNDA:0,(anonymous_51)
FNDA:0,(anonymous_52)
FNDA:412,(anonymous_53)
FNDA:440,(anonymous_54)
FNDA:0,(anonymous_55)
FNDA:0,(anonymous_56)
FNDA:0,(anonymous_57)
FNDA:0,(anonymous_58)
FNDA:13,(anonymous_59)
FNDA:14,(anonymous_60)
FNDA:1,(anonymous_61)
FNDA:0,(anonymous_62)
FNDA:0,(anonymous_63)
FNDA:0,(anonymous_64)
FNDA:0,(anonymous_65)
FNDA:0,(anonymous_66)
FNDA:44,(anonymous_67)
FNDA:0,(anonymous_68)
FNDA:685,(anonymous_69)
FNDA:0,(anonymous_70)
FNDA:14290,(anonymous_71)
FNDA:0,(anonymous_72)
FNDA:0,(anonymous_73)
FNDA:0,(anonymous_74)
FNDA:0,(anonymous_75)
FNDA:0,(anonymous_76)
FNDA:0,(anonymous_77)
FNDA:0,(anonymous_78)
FNDA:0,(anonymous_79)
FNDA:0,(anonymous_80)
FNDA:0,(anonymous_81)
FNDA:0,(anonymous_82)
FNDA:0,(anonymous_83)
FNDA:0,(anonymous_84)
FNDA:0,(anonymous_85)
FNDA:0,(anonymous_86)
FNDA:0,(anonymous_87)
FNDA:0,(anonymous_88)
FNDA:0,(anonymous_89)
FNDA:0,(anonymous_90)
FNDA:0,(anonymous_91)
FNDA:0,(anonymous_92)
FNDA:0,(anonymous_93)
FNDA:0,(anonymous_94)
FNDA:0,(anonymous_95)
FNDA:0,(anonymous_96)
FNDA:0,(anonymous_97)
FNDA:0,(anonymous_98)
FNDA:0,(anonymous_99)
FNDA:0,(anonymous_100)
FNDA:0,(anonymous_101)
DA:1,11
DA:2,11
DA:4,11
DA:5,11
DA:14,0
DA:18,0
DA:22,0
DA:30,11
DA:39,55
DA:40,55
DA:47,0
DA:53,17739
DA:59,11
DA:60,11
DA:61,11
DA:62,11
DA:68,1
DA:69,1
DA:72,0
DA:76,11
DA:77,28
DA:78,1
DA:80,27
DA:81,27
DA:84,0
DA:88,11
DA:89,0
DA:90,0
DA:92,0
DA:93,0
DA:96,0
DA:103,11
DA:110,1643
DA:116,1643
DA:118,1643
DA:120,1643
DA:121,1643
DA:124,1643
DA:128,6
DA:132,1
DA:136,1
DA:140,343
DA:149,1909
DA:153,14305
DA:161,59
DA:162,1
DA:165,58
DA:166,58
DA:175,3
DA:176,1
DA:178,2
DA:179,1
DA:180,1
DA:183,1
DA:188,3298
DA:192,1
DA:193,1
DA:194,1
DA:195,1
DA:196,1
DA:197,1
DA:198,1
DA:199,1
DA:205,34719
DA:209,200
DA:210,200
DA:211,200
DA:212,200
DA:213,77
DA:214,77
DA:215,77
DA:216,77
DA:222,34679
DA:226,200
DA:227,200
DA:228,200
DA:229,200
DA:230,74
DA:231,74
DA:232,74
DA:233,74
DA:239,3274
DA:243,1
DA:244,1
DA:245,1
DA:246,1
DA:247,1
DA:248,1
DA:249,1
DA:250,1
DA:255,11
DA:256,11
DA:257,11
DA:258,11
DA:259,11
DA:262,0
DA:263,0
DA:264,0
DA:265,0
DA:266,0
DA:270,0
DA:274,0
DA:278,0
DA:282,0
DA:286,0
DA:290,0
DA:294,0
DA:298,0
DA:299,0
DA:300,0
DA:301,0
DA:302,0
DA:306,0
DA:310,0
DA:314,448
DA:315,448
DA:316,448
DA:321,448
DA:326,448
DA:327,448
DA:328,448
DA:334,0
DA:335,0
DA:337,0
DA:338,0
DA:341,0
DA:346,0
DA:347,0
DA:350,0
DA:351,0
DA:354,0
DA:366,0
DA:367,0
DA:370,0
DA:371,0
DA:372,0
DA:374,0
DA:375,0
DA:378,0
DA:379,0
DA:385,0
DA:386,0
DA:389,0
DA:398,0
DA:406,0
DA:414,9571
DA:422,246
DA:426,98
DA:433,0
DA:434,0
DA:437,0
DA:438,0
DA:441,0
DA:451,0
DA:452,0
DA:455,0
DA:456,0
DA:457,0
DA:458,0
DA:459,0
DA:460,0
DA:461,0
DA:462,0
DA:463,0
DA:464,0
DA:465,0
DA:466,0
DA:467,0
DA:477,0
DA:478,0
DA:481,0
DA:482,0
DA:483,0
DA:484,0
DA:486,0
DA:493,0
DA:495,0
DA:497,0
DA:498,0
DA:499,0
DA:500,0
DA:502,0
DA:507,0
DA:508,0
DA:511,0
DA:516,0
DA:517,0
DA:518,0
DA:519,0
DA:520,0
DA:521,0
DA:522,0
DA:523,0
DA:524,0
DA:525,0
DA:526,0
DA:527,0
DA:528,0
DA:532,412
DA:533,0
DA:536,412
DA:537,412
DA:538,412
DA:539,412
DA:540,412
DA:545,440
DA:546,0
DA:549,440
DA:550,440
DA:551,440
DA:552,440
DA:553,440
DA:562,0
DA:563,0
DA:566,0
DA:574,0
DA:575,0
DA:576,0
DA:577,0
DA:578,0
DA:579,0
DA:580,0
DA:581,0
DA:582,0
DA:583,0
DA:584,0
DA:585,0
DA:586,0
DA:590,0
DA:594,0
DA:598,0
DA:599,0
DA:602,0
DA:603,0
DA:604,0
DA:607,0
DA:608,0
DA:609,0
DA:610,0
DA:611,0
DA:616,13
DA:620,14
DA:621,14
DA:622,14
DA:623,14
DA:624,14
DA:628,1
DA:629,0
DA:632,1
DA:637,0
DA:641,0
DA:642,0
DA:643,0
DA:647,0
DA:648,0
DA:651,0
DA:656,0
DA:657,0
DA:658,0
DA:659,0
DA:660,0
DA:661,0
DA:662,0
DA:663,0
DA:664,0
DA:665,0
DA:666,0
DA:667,0
DA:668,0
DA:693,0
DA:694,0
DA:697,0
DA:698,0
DA:699,0
DA:700,0
DA:701,0
DA:702,0
DA:704,0
DA:705,0
DA:706,0
DA:707,0
DA:708,0
DA:711,0
DA:712,0
DA:713,0
DA:715,0
DA:717,0
DA:733,0
DA:734,0
DA:737,0
DA:738,0
DA:752,44
DA:753,0
DA:756,44
DA:757,44
DA:766,0
DA:767,0
DA:770,0
DA:771,0
DA:772,0
DA:773,0
DA:774,0
DA:775,0
DA:776,0
DA:777,0
DA:781,0
DA:782,0
DA:783,0
DA:785,0
DA:786,0
DA:788,0
DA:793,685
DA:794,0
DA:797,685
DA:798,685
DA:799,685
DA:800,685
DA:801,685
DA:810,0
DA:811,0
DA:814,0
DA:822,0
DA:823,0
DA:824,0
DA:825,0
DA:827,0
DA:828,0
DA:829,0
DA:830,0
DA:832,0
DA:833,0
DA:834,0
DA:835,0
DA:837,0
DA:849,14290
DA:850,14290
DA:851,14290
DA:852,14290
DA:853,14290
DA:854,14290
DA:855,14290
DA:856,14290
DA:860,3449
DA:861,3449
DA:862,3449
DA:863,3449
DA:865,14290
DA:868,0
DA:873,0
DA:874,0
DA:878,0
DA:879,0
DA:882,0
DA:883,0
DA:884,0
DA:885,0
DA:886,0
DA:893,0
DA:894,0
DA:897,0
DA:902,0
DA:911,0
DA:913,0
DA:914,0
DA:915,0
DA:916,0
DA:918,0
DA:921,0
DA:926,0
DA:927,0
DA:928,0
DA:929,0
DA:930,0
DA:931,0
DA:932,0
DA:933,0
DA:936,0
DA:946,0
DA:947,0
DA:950,0
DA:951,0
DA:952,0
DA:954,0
DA:955,0
DA:958,0
DA:959,0
DA:971,0
DA:972,0
DA:973,0
DA:974,0
DA:975,0
DA:976,0
DA:979,0
DA:987,0
DA:988,0
DA:990,0
DA:991,0
DA:994,0
DA:1002,0
DA:1003,0
DA:1005,0
DA:1006,0
DA:1009,0
DA:1017,0
DA:1018,0
DA:1020,0
DA:1021,0
DA:1024,0
DA:1032,0
DA:1033,0
DA:1035,0
DA:1036,0
DA:1039,0
DA:1047,0
DA:1048,0
DA:1050,0
DA:1052,0
DA:1055,0
DA:1063,0
DA:1064,0
DA:1066,0
DA:1068,0
DA:1071,0
DA:1079,0
DA:1080,0
DA:1082,0
DA:1083,0
DA:1086,0
DA:1094,0
DA:1095,0
DA:1097,0
DA:1098,0
DA:1101,0
DA:1109,0
DA:1110,0
DA:1112,0
DA:1113,0
DA:1116,0
DA:1124,0
DA:1125,0
DA:1127,0
DA:1128,0
DA:1131,0
DA:1139,0
DA:1146,0
DA:1147,0
DA:1149,0
DA:1150,0
DA:1153,0
DA:1161,0
DA:1162,0
DA:1164,0
DA:1165,0
DA:1168,0
DA:1176,0
DA:1183,0
DA:1184,0
DA:1186,0
DA:1187,0
DA:1190,0
DA:1198,0
DA:1199,0
DA:1201,0
DA:1202,0
DA:1205,0
DA:1213,0
DA:1214,0
DA:1216,0
DA:1218,0
DA:1221,0
DA:1229,0
DA:1230,0
DA:1232,0
DA:1233,0
DA:1236,0
DA:1244,0
DA:1251,0
DA:1258,0
DA:1259,0
DA:1261,0
DA:1262,0
DA:1265,0
DA:1273,0
DA:1274,0
DA:1276,0
DA:1278,0
DA:1281,0
LF:487
LH:136
BRDA:14,0,0,0
BRDA:14,0,1,0
BRDA:22,1,0,0
BRDA:22,1,1,0
BRDA:22,1,2,0
BRDA:22,1,3,0
BRDA:47,2,0,0
BRDA:47,2,1,0
BRDA:47,2,2,0
BRDA:53,3,0,17739
BRDA:53,3,1,17355
BRDA:53,3,2,13019
BRDA:53,3,3,10867
BRDA:68,4,0,1
BRDA:68,4,1,0
BRDA:77,5,0,1
BRDA:77,5,1,27
BRDA:80,6,0,27
BRDA:80,6,1,0
BRDA:89,7,0,0
BRDA:89,7,1,0
BRDA:92,8,0,0
BRDA:92,8,1,0
BRDA:123,9,0,647
BRDA:123,10,0,647
BRDA:123,11,0,1010
BRDA:123,12,0,1010
BRDA:161,13,0,1
BRDA:161,13,1,58
BRDA:175,14,0,1
BRDA:175,14,1,2
BRDA:178,15,0,1
BRDA:178,15,1,1
BRDA:192,16,0,1
BRDA:195,17,0,1
BRDA:209,18,0,200
BRDA:212,19,0,77
BRDA:226,20,0,200
BRDA:229,21,0,74
BRDA:243,22,0,1
BRDA:246,23,0,1
BRDA:334,24,0,0
BRDA:334,24,1,0
BRDA:337,25,0,0
BRDA:337,25,1,0
BRDA:346,26,0,0
BRDA:346,26,1,0
BRDA:350,27,0,0
BRDA:350,27,1,0
BRDA:365,28,0,0
BRDA:366,29,0,0
BRDA:366,29,1,0
BRDA:370,30,0,0
BRDA:370,30,1,0
BRDA:374,31,0,0
BRDA:374,31,1,0
BRDA:374,32,0,0
BRDA:374,32,1,0
BRDA:385,33,0,0
BRDA:385,33,1,0
BRDA:433,34,0,0
BRDA:433,34,1,0
BRDA:437,35,0,0
BRDA:437,35,1,0
BRDA:451,36,0,0
BRDA:451,36,1,0
BRDA:477,37,0,0
BRDA:477,37,1,0
BRDA:507,38,0,0
BRDA:507,38,1,0
BRDA:532,39,0,0
BRDA:532,39,1,412
BRDA:545,40,0,0
BRDA:545,40,1,440
BRDA:562,41,0,0
BRDA:562,41,1,0
BRDA:598,42,0,0
BRDA:598,42,1,0
BRDA:608,43,0,0
BRDA:608,43,1,0
BRDA:628,44,0,0
BRDA:628,44,1,1
BRDA:647,45,0,0
BRDA:647,45,1,0
BRDA:693,46,0,0
BRDA:693,46,1,0
BRDA:733,47,0,0
BRDA:733,47,1,0
BRDA:752,48,0,0
BRDA:752,48,1,44
BRDA:766,49,0,0
BRDA:766,49,1,0
BRDA:793,50,0,0
BRDA:793,50,1,685
BRDA:810,51,0,0
BRDA:810,51,1,0
BRDA:848,52,0,1093
BRDA:848,53,0,1093
BRDA:849,54,0,14290
BRDA:849,54,1,0
BRDA:856,55,0,10841
BRDA:856,55,1,3449
BRDA:873,56,0,0
BRDA:873,56,1,0
BRDA:878,57,0,0
BRDA:878,57,1,0
BRDA:893,58,0,0
BRDA:893,58,1,0
BRDA:894,59,0,0
BRDA:894,59,1,0
BRDA:894,59,2,0
BRDA:894,59,3,0
BRDA:897,60,0,0
BRDA:897,60,1,0
BRDA:897,60,2,0
BRDA:897,60,3,0
BRDA:911,61,0,0
BRDA:911,61,1,0
BRDA:926,62,0,0
BRDA:926,62,1,0
BRDA:945,63,0,0
BRDA:946,64,0,0
BRDA:946,64,1,0
BRDA:950,65,0,0
BRDA:950,65,1,0
BRDA:954,66,0,0
BRDA:954,66,1,0
BRDA:954,67,0,0
BRDA:954,67,1,0
BRDA:971,68,0,0
BRDA:971,68,1,0
BRDA:987,69,0,0
BRDA:987,69,1,0
BRDA:990,70,0,0
BRDA:990,70,1,0
BRDA:1002,71,0,0
BRDA:1002,71,1,0
BRDA:1005,72,0,0
BRDA:1005,72,1,0
BRDA:1017,73,0,0
BRDA:1017,73,1,0
BRDA:1020,74,0,0
BRDA:1020,74,1,0
BRDA:1032,75,0,0
BRDA:1032,75,1,0
BRDA:1035,76,0,0
BRDA:1035,76,1,0
BRDA:1047,77,0,0
BRDA:1047,77,1,0
BRDA:1050,78,0,0
BRDA:1050,78,1,0
BRDA:1063,79,0,0
BRDA:1063,79,1,0
BRDA:1066,80,0,0
BRDA:1066,80,1,0
BRDA:1079,81,0,0
BRDA:1079,81,1,0
BRDA:1082,82,0,0
BRDA:1082,82,1,0
BRDA:1094,83,0,0
BRDA:1094,83,1,0
BRDA:1097,84,0,0
BRDA:1097,84,1,0
BRDA:1109,85,0,0
BRDA:1109,85,1,0
BRDA:1112,86,0,0
BRDA:1112,86,1,0
BRDA:1124,87,0,0
BRDA:1124,87,1,0
BRDA:1127,88,0,0
BRDA:1127,88,1,0
BRDA:1146,89,0,0
BRDA:1146,89,1,0
BRDA:1149,90,0,0
BRDA:1149,90,1,0
BRDA:1161,91,0,0
BRDA:1161,91,1,0
BRDA:1164,92,0,0
BRDA:1164,92,1,0
BRDA:1183,93,0,0
BRDA:1183,93,1,0
BRDA:1186,94,0,0
BRDA:1186,94,1,0
BRDA:1198,95,0,0
BRDA:1198,95,1,0
BRDA:1201,96,0,0
BRDA:1201,96,1,0
BRDA:1213,97,0,0
BRDA:1213,97,1,0
BRDA:1216,98,0,0
BRDA:1216,98,1,0
BRDA:1229,99,0,0
BRDA:1229,99,1,0
BRDA:1232,100,0,0
BRDA:1232,100,1,0
BRDA:1258,101,0,0
BRDA:1258,101,1,0
BRDA:1261,102,0,0
BRDA:1261,102,1,0
BRDA:1273,103,0,0
BRDA:1273,103,1,0
BRDA:1276,104,0,0
BRDA:1276,104,1,0
BRF:203
BRH:36
end_of_record
TN:
SF:src/lib/math/Matrix.ts
FN:9,equalsValue
FN:44,(anonymous_1)
FN:47,(anonymous_2)
FN:50,(anonymous_3)
FN:53,(anonymous_4)
FN:56,(anonymous_5)
FN:59,(anonymous_6)
FN:62,(anonymous_7)
FN:65,(anonymous_8)
FN:68,(anonymous_9)
FN:71,(anonymous_10)
FN:74,(anonymous_11)
FN:77,(anonymous_12)
FN:80,(anonymous_13)
FN:83,(anonymous_14)
FN:86,(anonymous_15)
FN:89,(anonymous_16)
FN:92,(anonymous_17)
FN:96,(anonymous_18)
FN:123,(anonymous_19)
FN:130,(anonymous_20)
FN:134,(anonymous_21)
FN:140,(anonymous_22)
FN:169,(anonymous_23)
FN:178,(anonymous_24)
FN:192,(anonymous_25)
FN:205,(anonymous_26)
FN:216,(anonymous_27)
FN:230,(anonymous_28)
FN:245,(anonymous_29)
FN:257,inverse
FNF:31
FNH:28
FNDA:1108,equalsValue
FNDA:255,(anonymous_1)
FNDA:121,(anonymous_2)
FNDA:121,(anonymous_3)
FNDA:121,(anonymous_4)
FNDA:121,(anonymous_5)
FNDA:121,(anonymous_6)
FNDA:121,(anonymous_7)
FNDA:185,(anonymous_8)
FNDA:155,(anonymous_9)
FNDA:155,(anonymous_10)
FNDA:146,(anonymous_11)
FNDA:146,(anonymous_12)
FNDA:146,(anonymous_13)
FNDA:144,(anonymous_14)
FNDA:144,(anonymous_15)
FNDA:144,(anonymous_16)
FNDA:0,(anonymous_17)
FNDA:923,(anonymous_18)
FNDA:1,(anonymous_19)
FNDA:2,(anonymous_20)
FNDA:152,(anonymous_21)
FNDA:3,(anonymous_22)
FNDA:24,(anonymous_23)
FNDA:0,(anonymous_24)
FNDA:1,(anonymous_25)
FNDA:1,(anonymous_26)
FNDA:1,(anonymous_27)
FNDA:1,(anonymous_28)
FNDA:1,(anonymous_29)
FNDA:0,inverse
DA:1,11
DA:3,11
DA:4,11
DA:5,11
DA:10,1108
DA:24,11
DA:31,255
DA:39,255
DA:45,255
DA:48,121
DA:51,121
DA:54,121
DA:57,121
DA:60,121
DA:63,121
DA:66,185
DA:69,155
DA:72,155
DA:75,146
DA:78,146
DA:81,146
DA:84,144
DA:87,144
DA:90,144
DA:93,0
DA:97,923
DA:98,923
DA:99,923
DA:100,923
DA:101,923
DA:102,923
DA:103,923
DA:104,923
DA:105,923
DA:106,923
DA:107,923
DA:108,923
DA:112,185
DA:113,185
DA:114,185
DA:117,923
DA:124,1
DA:131,2
DA:135,152
DA:142,3
DA:144,3
DA:145,3
DA:146,3
DA:147,3
DA:148,3
DA:149,3
DA:150,3
DA:151,3
DA:152,3
DA:154,3
DA:155,3
DA:156,3
DA:158,3
DA:159,3
DA:160,3
DA:162,3
DA:163,3
DA:164,3
DA:166,3
DA:171,24
DA:172,24
DA:173,24
DA:175,24
DA:179,0
DA:180,0
DA:181,0
DA:182,0
DA:183,0
DA:184,0
DA:185,0
DA:186,0
DA:187,0
DA:188,0
DA:189,0
DA:193,1
DA:194,0
DA:197,1
DA:206,1
DA:207,1
DA:208,1
DA:209,0
DA:212,1
DA:217,1
DA:218,0
DA:221,1
DA:231,1
DA:232,1
DA:235,0
DA:236,0
DA:246,1
DA:247,1
DA:250,0
DA:251,0
DA:257,11
DA:261,0
DA:262,0
DA:263,0
DA:264,0
DA:265,0
DA:266,0
DA:267,0
DA:268,0
DA:269,0
DA:271,0
DA:272,0
DA:273,0
DA:278,0
DA:280,0
DA:281,0
DA:284,0
DA:285,0
DA:286,0
DA:287,0
DA:288,0
DA:289,0
DA:290,0
DA:291,0
DA:292,0
DA:293,0
DA:294,0
LF:125
LH:80
BRDA:10,0,0,1108
BRDA:10,0,1,922
BRDA:10,0,2,922
BRDA:10,0,3,820
BRDA:10,0,4,820
BRDA:10,0,5,738
BRDA:10,0,6,738
BRDA:10,0,7,738
BRDA:10,0,8,738
BRDA:44,1,0,255
BRDA:44,2,0,255
BRDA:44,3,0,255
BRDA:44,4,0,255
BRDA:44,5,0,255
BRDA:44,6,0,255
BRDA:44,7,0,255
BRDA:44,8,0,255
BRDA:44,9,0,255
BRDA:108,10,0,738
BRDA:108,10,1,185
BRDA:135,11,0,152
BRDA:135,11,1,122
BRDA:135,11,2,122
BRDA:135,11,3,113
BRDA:135,11,4,113
BRDA:135,11,5,113
BRDA:135,11,6,113
BRDA:135,11,7,113
BRDA:135,11,8,113
BRDA:169,12,0,0
BRDA:169,13,0,0
BRDA:169,14,0,24
BRDA:193,15,0,0
BRDA:193,15,1,1
BRDA:193,16,0,1
BRDA:193,16,1,0
BRDA:208,17,0,0
BRDA:208,17,1,1
BRDA:208,18,0,1
BRDA:208,18,1,0
BRDA:217,19,0,0
BRDA:217,19,1,1
BRDA:217,20,0,1
BRDA:217,20,1,0
BRDA:231,21,0,1
BRDA:231,21,1,0
BRDA:246,22,0,1
BRDA:246,22,1,0
BRDA:280,23,0,0
BRF:49
BRH:38
end_of_record
TN:
SF:src/lib/math/compose_2d_3x3_transform.ts
FN:3,compose_2d_3x3_transform
FNF:1
FNH:1
FNDA:659,compose_2d_3x3_transform
DA:3,11
DA:8,659
DA:9,659
DA:10,659
DA:11,659
DA:12,659
DA:13,659
DA:14,659
DA:15,659
DA:16,659
DA:17,659
DA:18,659
DA:19,659
DA:20,659
DA:21,659
DA:22,659
DA:23,659
DA:24,659
DA:26,659
DA:27,659
DA:28,659
DA:29,659
DA:30,659
DA:31,659
DA:32,659
LF:25
LH:25
BRF:0
BRH:0
end_of_record
TN:
SF:src/lib/math/decompose_2d_3x3_matrix.ts
FN:8,decompose_2d_3x3_matrix
FNF:1
FNH:1
FNDA:1,decompose_2d_3x3_matrix
DA:8,1
DA:10,1
DA:11,1
DA:12,1
DA:14,1
DA:15,1
DA:16,1
DA:54,1
LF:8
LH:8
BRF:0
BRH:0
end_of_record
TN:
SF:src/lib/math/decompose_2d_3x3_matrix_wang.ts
FN:9,decompose_2d_3x3_matrix_wang
FNF:1
FNH:1
FNDA:1,decompose_2d_3x3_matrix_wang
DA:9,1
DA:11,1
DA:12,1
DA:13,1
DA:15,1
DA:16,1
DA:17,1
DA:19,1
DA:26,1
DA:34,1
DA:35,1
DA:36,1
DA:37,1
DA:38,1
DA:40,0
DA:41,0
DA:42,0
DA:43,0
DA:44,0
DA:50,1
LF:20
LH:15
BRDA:34,0,0,1
BRDA:34,0,1,0
BRDA:34,1,0,1
BRDA:34,1,1,0
BRDA:36,2,0,1
BRDA:36,2,1,0
BRDA:40,3,0,0
BRDA:40,3,1,0
BRDA:40,4,0,0
BRDA:40,4,1,0
BRDA:42,5,0,0
BRDA:42,5,1,0
BRF:12
BRH:3
end_of_record
TN:
SF:src/lib/math/gauss.ts
FN:9,makeColumnVector
FN:20,rowWithMaximumInColumn
FN:35,swapRows
FN:50,makeZeroBelow
FN:70,solve
FN:91,gauss
FNF:6
FNH:0
FNDA:0,makeColumnVector
FNDA:0,rowWithMaximumInColumn
FNDA:0,swapRows
FNDA:0,makeZeroBelow
FNDA:0,solve
FNDA:0,gauss
DA:1,11
DA:10,0
DA:11,0
DA:12,0
DA:14,0
DA:21,0
DA:22,0
DA:23,0
DA:24,0
DA:25,0
DA:26,0
DA:29,0
DA:36,0
DA:37,0
DA:38,0
DA:39,0
DA:40,0
DA:51,0
DA:52,0
DA:53,0
DA:54,0
DA:55,0
DA:58,0
DA:71,0
DA:72,0
DA:73,0
DA:74,0
DA:75,0
DA:78,0
DA:91,11
DA:93,0
DA:95,0
DA:96,0
DA:97,0
DA:98,0
DA:101,0
DA:102,0
DA:103,0
DA:106,0
LF:39
LH:2
BRDA:24,0,0,0
BRDA:54,1,0,0
BRDA:54,1,1,0
BRF:3
BRH:0
end_of_record
TN:
SF:src/lib/math/rotorFromDirections.ts
FN:15,rotorFromDirections
FNF:1
FNH:0
FNDA:0,rotorFromDirections
DA:4,11
DA:15,11
DA:16,0
DA:17,0
DA:18,0
DA:19,0
DA:20,0
DA:21,0
DA:22,0
DA:23,0
DA:24,0
DA:25,0
DA:26,0
DA:27,0
DA:28,0
DA:29,0
LF:16
LH:2
BRDA:27,0,0,0
BRDA:27,0,1,0
BRF:2
BRH:0
end_of_record
TN:
SF:src/lib/reactive/Disposable.ts
FN:14,dispose
FN:26,disposable_from_disposables
FN:27,(anonymous_2)
FN:33,disposableFromFunction
FN:35,(anonymous_4)
FNF:5
FNH:3
FNDA:272,dispose
FNDA:0,disposable_from_disposables
FNDA:0,(anonymous_2)
FNDA:41,disposableFromFunction
FNDA:35,(anonymous_4)
DA:14,11
DA:19,272
DA:20,272
DA:21,1464
DA:23,272
DA:26,11
DA:27,0
DA:28,0
DA:33,11
DA:34,41
DA:36,35
LF:11
LH:9
BRF:0
BRH:0
end_of_record
TN:
SF:src/lib/reactive/Observable.ts
FN:10,(anonymous_0)
FN:13,(anonymous_1)
FN:16,(anonymous_2)
FNF:3
FNH:3
FNDA:2323,(anonymous_0)
FNDA:1780,(anonymous_1)
FNDA:515,(anonymous_2)
DA:8,11
DA:11,2323
DA:14,1780
DA:15,1780
DA:17,515
DA:20,1780
LF:6
LH:6
BRF:0
BRH:0
end_of_record
TN:
SF:src/lib/reactive/variable.ts
FN:13,(anonymous_0)
FN:17,(anonymous_1)
FN:20,(anonymous_2)
FN:40,(anonymous_3)
FN:46,variable
FNF:5
FNH:5
FNDA:2206,(anonymous_0)
FNDA:680,(anonymous_1)
FNDA:5878,(anonymous_2)
FNDA:2206,(anonymous_3)
FNDA:2206,variable
DA:1,11
DA:2,11
DA:9,11
DA:14,2206
DA:18,680
DA:22,5878
DA:41,2206
DA:46,11
DA:47,2206
DA:48,2206
LF:10
LH:10
BRDA:13,0,0,0
BRDA:46,1,0,2206
BRF:2
BRH:1
end_of_record
TN:
SF:src/lib/renderers/SVGViewDOM.ts
FN:16,get_svg_element_defs
FN:31,set_defs_dirty_flag
FN:39,get_defs_dirty_flag
FN:55,(anonymous_3)
FN:64,(anonymous_4)
FN:82,(anonymous_5)
FN:94,(anonymous_6)
FN:232,(anonymous_7)
FN:244,(anonymous_8)
FN:271,transform_value_of_matrix
FN:285,screen_functions
FN:289,(anonymous_11)
FN:289,(anonymous_12)
FN:293,(anonymous_13)
FN:293,(anonymous_14)
FN:299,(anonymous_15)
FN:299,(anonymous_16)
FN:303,(anonymous_17)
FN:303,(anonymous_18)
FNF:19
FNH:6
FNDA:0,get_svg_element_defs
FNDA:0,set_defs_dirty_flag
FNDA:0,get_defs_dirty_flag
FNDA:0,(anonymous_3)
FNDA:0,(anonymous_4)
FNDA:0,(anonymous_5)
FNDA:135,(anonymous_6)
FNDA:28,(anonymous_7)
FNDA:0,(anonymous_8)
FNDA:121,transform_value_of_matrix
FNDA:135,screen_functions
FNDA:0,(anonymous_11)
FNDA:0,(anonymous_12)
FNDA:0,(anonymous_13)
FNDA:0,(anonymous_14)
FNDA:0,(anonymous_15)
FNDA:0,(anonymous_16)
FNDA:875,(anonymous_17)
FNDA:875,(anonymous_18)
DA:1,11
DA:3,11
DA:7,11
DA:8,11
DA:16,11
DA:17,0
DA:18,0
DA:19,0
DA:20,0
DA:21,0
DA:22,0
DA:25,0
DA:31,11
DA:33,0
DA:41,0
DA:49,11
DA:56,0
DA:57,0
DA:58,0
DA:60,0
DA:66,0
DA:67,0
DA:68,0
DA:69,0
DA:70,0
DA:71,0
DA:72,0
DA:75,0
DA:78,0
DA:83,0
DA:84,0
DA:85,0
DA:87,0
DA:90,0
DA:99,135
DA:101,135
DA:102,135
DA:104,135
DA:106,135
DA:108,515
DA:110,515
DA:111,515
DA:114,515
DA:116,515
DA:117,515
DA:119,515
DA:121,0
DA:122,0
DA:125,0
DA:126,0
DA:127,0
DA:128,0
DA:129,0
DA:130,0
DA:131,0
DA:135,123
DA:136,123
DA:143,123
DA:144,123
DA:145,123
DA:148,0
DA:149,0
DA:152,123
DA:153,123
DA:154,123
DA:157,0
DA:158,0
DA:161,123
DA:162,123
DA:165,133
DA:166,133
DA:167,133
DA:170,259
DA:176,515
DA:178,111
DA:181,38
DA:183,38
DA:184,38
DA:191,38
DA:192,38
DA:193,38
DA:196,0
DA:197,0
DA:200,38
DA:201,38
DA:202,38
DA:205,0
DA:206,0
DA:209,38
DA:210,38
DA:212,38
DA:215,111
DA:216,111
DA:219,515
DA:222,135
DA:233,28
DA:234,28
DA:235,28
DA:237,28
DA:238,28
DA:240,28
DA:245,0
DA:246,0
DA:247,0
DA:248,0
DA:249,0
DA:250,0
DA:251,0
DA:252,0
DA:253,0
DA:256,0
DA:271,11
DA:272,121
DA:273,121
DA:274,121
DA:275,121
DA:276,121
DA:277,121
DA:278,121
DA:285,11
DA:286,135
DA:287,0
DA:289,0
DA:293,0
DA:297,135
DA:299,0
DA:303,875
LF:127
LH:69
BRDA:21,0,0,0
BRDA:55,1,0,0
BRDA:57,2,0,0
BRDA:57,3,0,0
BRDA:57,3,1,0
BRDA:71,4,0,0
BRDA:71,4,1,0
BRDA:83,5,0,0
BRDA:83,5,1,0
BRDA:110,6,0,451
BRDA:110,6,1,64
BRDA:119,7,0,0
BRDA:119,7,1,0
BRDA:119,7,2,123
BRDA:119,7,3,133
BRDA:119,7,4,259
BRDA:135,8,0,123
BRDA:135,8,1,123
BRDA:135,8,2,0
BRDA:136,9,0,123
BRDA:136,9,1,123
BRDA:136,9,2,0
BRDA:143,10,0,123
BRDA:143,10,1,0
BRDA:152,11,0,123
BRDA:152,11,1,0
BRDA:161,12,0,0
BRDA:161,12,1,123
BRDA:176,13,0,111
BRDA:176,14,0,515
BRDA:176,14,1,133
BRDA:178,15,0,38
BRDA:183,16,0,38
BRDA:183,16,1,38
BRDA:183,16,2,0
BRDA:184,17,0,38
BRDA:184,17,1,38
BRDA:184,17,2,0
BRDA:191,18,0,38
BRDA:191,18,1,0
BRDA:200,19,0,38
BRDA:200,19,1,0
BRDA:215,20,0,111
BRDA:234,21,0,28
BRDA:237,22,0,28
BRDA:245,23,0,0
BRDA:252,24,0,0
BRDA:286,25,0,0
BRDA:286,25,1,135
BRDA:287,26,0,0
BRDA:287,26,1,0
BRDA:297,27,0,0
BRDA:297,27,1,135
BRF:53
BRH:27
end_of_record
TN:
SF:src/lib/renderers/Size.ts
FN:6,sizeEquals
FNF:1
FNH:1
FNDA:328,sizeEquals
DA:6,11
DA:7,328
LF:2
LH:2
BRDA:7,0,0,328
BRDA:7,0,1,328
BRF:2
BRH:2
end_of_record
TN:
SF:src/lib/renderers/TreeView.ts
FN:22,(anonymous_0)
FN:34,(anonymous_1)
FN:37,(anonymous_2)
FN:43,(anonymous_3)
FN:46,(anonymous_4)
FN:53,(anonymous_5)
FN:61,(anonymous_6)
FNF:7
FNH:7
FNDA:41,(anonymous_0)
FNDA:123,(anonymous_1)
FNDA:41,(anonymous_2)
FNDA:123,(anonymous_3)
FNDA:41,(anonymous_4)
FNDA:41,(anonymous_5)
FNDA:82,(anonymous_6)
DA:1,11
DA:4,11
DA:10,11
DA:18,41
DA:23,41
DA:24,41
DA:25,41
DA:26,41
DA:28,41
DA:30,41
DA:31,41
DA:35,123
DA:38,41
DA:39,41
DA:40,41
DA:44,123
DA:47,41
DA:48,41
DA:49,41
DA:54,41
DA:55,41
DA:56,41
DA:57,41
DA:58,41
DA:62,82
DA:63,82
DA:65,82
LF:27
LH:27
BRF:0
BRH:0
end_of_record
TN:
SF:src/lib/renderers/ZZZ.ts
FN:63,(anonymous_0)
FN:67,(anonymous_1)
FN:70,(anonymous_2)
FNF:3
FNH:2
FNDA:105,(anonymous_0)
FNDA:28,(anonymous_1)
FNDA:0,(anonymous_2)
DA:2,11
DA:4,11
DA:6,11
DA:11,11
DA:15,123
DA:19,123
DA:27,123
DA:28,123
DA:59,123
DA:60,123
DA:61,123
DA:64,105
DA:68,28
DA:71,0
DA:72,0
LF:15
LH:13
BRF:0
BRH:0
end_of_record
TN:
SF:src/lib/shapes/ArcSegment.ts
FN:32,(anonymous_0)
FN:61,(anonymous_1)
FN:209,(anonymous_2)
FN:216,(anonymous_3)
FN:219,(anonymous_4)
FN:223,(anonymous_5)
FN:226,(anonymous_6)
FN:230,(anonymous_7)
FN:233,(anonymous_8)
FN:237,(anonymous_9)
FN:240,(anonymous_10)
FN:246,path_attribs_from_arc_attribs
FNF:12
FNH:8
FNDA:1,(anonymous_0)
FNDA:1,(anonymous_1)
FNDA:2,(anonymous_2)
FNDA:0,(anonymous_3)
FNDA:1,(anonymous_4)
FNDA:0,(anonymous_5)
FNDA:1,(anonymous_6)
FNDA:0,(anonymous_7)
FNDA:1,(anonymous_8)
FNDA:0,(anonymous_9)
FNDA:1,(anonymous_10)
FNDA:1,path_attribs_from_arc_attribs
DA:1,11
DA:2,11
DA:5,11
DA:6,11
DA:7,11
DA:8,11
DA:9,11
DA:10,11
DA:21,11
DA:23,1
DA:24,1
DA:25,1
DA:26,1
DA:27,1
DA:28,1
DA:29,1
DA:30,1
DA:34,1
DA:35,1
DA:36,1
DA:37,12
DA:40,1
DA:42,1
DA:43,1
DA:46,1
DA:47,1
DA:50,1
DA:51,1
DA:54,1
DA:55,1
DA:58,1
DA:63,1
DA:66,1
DA:67,1
DA:69,1
DA:70,1
DA:72,1
DA:73,1
DA:75,1
DA:76,1
DA:77,1
DA:80,1
DA:81,0
DA:83,1
DA:84,0
DA:90,1
DA:92,6
DA:93,6
DA:94,6
DA:95,6
DA:97,6
DA:98,6
DA:100,6
DA:102,1
DA:103,1
DA:105,5
DA:108,6
DA:109,6
DA:110,6
DA:111,6
DA:112,6
DA:114,6
DA:115,5
DA:116,5
DA:117,5
DA:118,5
DA:119,5
DA:120,5
DA:121,1
DA:123,5
DA:124,1
DA:128,6
DA:132,1
DA:134,1
DA:135,0
DA:136,0
DA:139,1
DA:140,1
DA:146,1
DA:148,5
DA:149,5
DA:150,5
DA:151,5
DA:153,5
DA:154,5
DA:155,5
DA:156,5
DA:157,1
DA:160,5
DA:161,5
DA:162,5
DA:163,5
DA:164,5
DA:166,5
DA:167,4
DA:168,4
DA:169,4
DA:170,4
DA:171,4
DA:172,4
DA:173,1
DA:175,4
DA:176,1
DA:180,5
DA:185,1
DA:186,1
DA:189,0
DA:191,0
DA:192,0
DA:193,0
DA:194,0
DA:197,0
DA:198,0
DA:204,1
DA:206,1
DA:210,2
DA:212,2
DA:214,2
DA:217,0
DA:220,1
DA:221,1
DA:224,0
DA:227,1
DA:228,1
DA:231,0
DA:234,1
DA:235,1
DA:238,0
DA:241,1
DA:242,1
DA:247,1
DA:260,1
LF:132
LH:117
BRDA:32,0,0,0
BRDA:32,1,0,0
BRDA:32,2,0,0
BRDA:32,3,0,0
BRDA:32,4,0,0
BRDA:34,5,0,1
BRDA:34,5,1,0
BRDA:42,6,0,1
BRDA:46,7,0,1
BRDA:50,8,0,1
BRDA:54,9,0,1
BRDA:63,10,0,1
BRDA:63,11,0,1
BRDA:63,11,1,0
BRDA:63,11,2,0
BRDA:63,11,3,0
BRDA:76,12,0,1
BRDA:76,12,1,0
BRDA:80,13,0,0
BRDA:80,13,1,1
BRDA:83,14,0,0
BRDA:100,15,0,1
BRDA:100,15,1,5
BRDA:114,16,0,5
BRDA:120,17,0,1
BRDA:123,18,0,1
BRDA:132,19,0,1
BRDA:132,19,1,0
BRDA:134,20,0,0
BRDA:134,20,1,1
BRDA:156,21,0,1
BRDA:157,22,0,0
BRDA:157,22,1,1
BRDA:166,23,0,4
BRDA:172,24,0,1
BRDA:175,25,0,1
BRDA:189,26,0,0
BRDA:209,27,0,1
BRF:38
BRH:22
end_of_record
TN:
SF:src/lib/shapes/Arrow.ts
FN:41,(anonymous_0)
FN:70,(anonymous_1)
FN:73,(anonymous_2)
FN:76,(anonymous_3)
FN:80,(anonymous_4)
FN:84,(anonymous_5)
FN:89,(anonymous_6)
FN:93,(anonymous_7)
FN:96,(anonymous_8)
FN:104,(anonymous_9)
FN:107,(anonymous_10)
FN:114,(anonymous_11)
FN:117,(anonymous_12)
FN:127,update_arrow_vertices
FN:154,path_attribs_from_arrow_attribs
FNF:15
FNH:15
FNDA:5,(anonymous_0)
FNDA:7,(anonymous_1)
FNDA:6,(anonymous_2)
FNDA:7,(anonymous_3)
FNDA:5,(anonymous_4)
FNDA:20,(anonymous_5)
FNDA:10,(anonymous_6)
FNDA:37,(anonymous_7)
FNDA:2,(anonymous_8)
FNDA:24,(anonymous_9)
FNDA:1,(anonymous_10)
FNDA:32,(anonymous_11)
FNDA:2,(anonymous_12)
FNDA:20,update_arrow_vertices
FNDA:5,path_attribs_from_arrow_attribs
DA:1,11
DA:5,11
DA:6,11
DA:7,11
DA:8,11
DA:9,11
DA:10,11
DA:36,11
DA:37,5
DA:43,5
DA:52,5
DA:54,5
DA:56,5
DA:58,1
DA:61,4
DA:64,5
DA:66,5
DA:67,5
DA:68,5
DA:70,5
DA:71,7
DA:73,5
DA:74,6
DA:76,5
DA:77,7
DA:81,5
DA:82,5
DA:85,20
DA:86,20
DA:87,20
DA:90,10
DA:91,10
DA:94,37
DA:97,2
DA:98,1
DA:100,1
DA:101,1
DA:105,24
DA:108,1
DA:109,1
DA:110,1
DA:115,32
DA:118,2
DA:119,1
DA:121,1
DA:122,1
DA:129,20
DA:133,20
DA:134,20
DA:137,20
DA:138,20
DA:139,20
DA:140,20
DA:141,20
DA:142,20
DA:144,20
DA:145,20
DA:147,20
DA:148,20
DA:150,20
DA:151,20
DA:155,5
DA:169,5
LF:63
LH:63
BRDA:41,0,0,3
BRDA:56,1,0,1
BRDA:56,1,1,4
BRDA:89,2,0,5
BRDA:97,3,0,1
BRDA:97,3,1,1
BRDA:100,4,0,1
BRDA:108,5,0,1
BRDA:109,6,0,1
BRDA:118,7,0,1
BRDA:118,7,1,1
BRDA:121,8,0,1
BRF:12
BRH:12
end_of_record
TN:
SF:src/lib/shapes/Circle.ts
FN:43,(anonymous_0)
FN:59,(anonymous_1)
FN:66,(anonymous_2)
FN:71,(anonymous_3)
FN:77,(anonymous_4)
FN:82,(anonymous_5)
FN:85,(anonymous_6)
FN:92,path_options_from_circle_options
FN:113,update_circle_vertices
FNF:9
FNH:9
FNDA:4,(anonymous_0)
FNDA:5,(anonymous_1)
FNDA:4,(anonymous_2)
FNDA:5,(anonymous_3)
FNDA:12,(anonymous_4)
FNDA:7,(anonymous_5)
FNDA:1,(anonymous_6)
FNDA:4,path_options_from_circle_options
FNDA:5,update_circle_vertices
DA:1,11
DA:2,11
DA:6,11
DA:7,11
DA:8,11
DA:9,11
DA:10,11
DA:11,11
DA:12,11
DA:37,11
DA:39,4
DA:41,4
DA:46,4
DA:48,4
DA:49,4
DA:50,16
DA:53,4
DA:55,4
DA:56,1
DA:59,4
DA:60,5
DA:63,4
DA:67,4
DA:68,4
DA:72,5
DA:73,5
DA:74,5
DA:78,12
DA:79,12
DA:83,7
DA:86,1
DA:87,1
DA:93,4
DA:110,4
DA:115,5
DA:118,5
DA:119,5
DA:121,5
DA:122,5
DA:124,5
DA:125,20
DA:127,20
DA:128,20
DA:130,20
DA:131,20
DA:133,20
DA:134,20
DA:136,20
DA:138,20
DA:139,20
DA:140,20
DA:141,20
LF:52
LH:52
BRDA:43,0,0,2
BRDA:46,1,0,1
BRDA:46,1,1,3
BRDA:55,2,0,1
BRDA:77,3,0,4
BRDA:86,4,0,1
BRDA:138,5,0,5
BRDA:138,5,1,15
BRF:8
BRH:8
end_of_record
TN:
SF:src/lib/shapes/Ellipse.ts
FN:43,(anonymous_0)
FN:84,(anonymous_1)
FN:88,(anonymous_2)
FN:94,(anonymous_3)
FN:99,(anonymous_4)
FN:105,(anonymous_5)
FN:108,(anonymous_6)
FN:111,(anonymous_7)
FN:114,(anonymous_8)
FN:119,update_ellipse_vertices
FN:155,path_options_from_ellipse_options
FNF:11
FNH:11
FNDA:10,(anonymous_0)
FNDA:10,(anonymous_1)
FNDA:11,(anonymous_2)
FNDA:9,(anonymous_3)
FNDA:21,(anonymous_4)
FNDA:12,(anonymous_5)
FNDA:1,(anonymous_6)
FNDA:12,(anonymous_7)
FNDA:1,(anonymous_8)
FNDA:21,update_ellipse_vertices
FNDA:10,path_options_from_ellipse_options
DA:2,11
DA:6,11
DA:7,11
DA:8,11
DA:9,11
DA:10,11
DA:11,11
DA:12,11
DA:14,11
DA:15,11
DA:17,11
DA:18,11
DA:19,11
DA:36,11
DA:38,10
DA:44,10
DA:45,10
DA:46,10
DA:47,40
DA:50,10
DA:53,10
DA:54,10
DA:55,1
DA:57,9
DA:58,1
DA:60,8
DA:61,3
DA:64,5
DA:69,10
DA:70,10
DA:71,1
DA:73,9
DA:74,1
DA:76,8
DA:77,3
DA:80,5
DA:84,10
DA:85,10
DA:88,10
DA:89,11
DA:92,10
DA:95,9
DA:96,9
DA:100,21
DA:101,21
DA:102,21
DA:106,12
DA:109,1
DA:112,12
DA:115,1
DA:121,21
DA:125,21
DA:127,21
DA:128,84
DA:129,84
DA:131,84
DA:133,84
DA:134,84
DA:135,84
DA:136,84
DA:139,84
DA:140,84
DA:141,84
DA:142,84
DA:143,84
DA:146,84
DA:147,84
DA:148,84
DA:149,84
DA:150,84
DA:156,10
DA:167,10
LF:72
LH:72
BRDA:43,0,0,3
BRDA:44,1,0,1
BRDA:44,1,1,9
BRDA:54,2,0,1
BRDA:54,2,1,9
BRDA:57,3,0,1
BRDA:57,3,1,8
BRDA:60,4,0,3
BRDA:60,4,1,5
BRDA:70,5,0,1
BRDA:70,5,1,9
BRDA:73,6,0,1
BRDA:73,6,1,8
BRDA:76,7,0,3
BRDA:76,7,1,5
BRDA:129,8,0,21
BRDA:129,8,1,63
BRF:17
BRH:17
end_of_record
TN:
SF:src/lib/shapes/Line.ts
FN:28,(anonymous_0)
FN:37,(anonymous_1)
FN:40,(anonymous_2)
FN:43,(anonymous_3)
FN:51,(anonymous_4)
FN:54,(anonymous_5)
FN:64,path_attribs_from_line_attribs
FNF:7
FNH:7
FNDA:5,(anonymous_0)
FNDA:5,(anonymous_1)
FNDA:6,(anonymous_2)
FNDA:2,(anonymous_3)
FNDA:6,(anonymous_4)
FNDA:2,(anonymous_5)
FNDA:5,path_attribs_from_line_attribs
DA:1,11
DA:4,11
DA:5,11
DA:6,11
DA:7,11
DA:27,11
DA:29,5
DA:30,5
DA:31,5
DA:38,5
DA:41,6
DA:44,2
DA:45,1
DA:47,1
DA:48,1
DA:52,6
DA:55,2
DA:56,1
DA:58,1
DA:59,1
DA:65,5
DA:82,5
LF:22
LH:22
BRDA:28,0,0,3
BRDA:44,1,0,1
BRDA:44,1,1,1
BRDA:47,2,0,1
BRDA:55,3,0,1
BRDA:55,3,1,1
BRDA:58,4,0,1
BRF:7
BRH:7
end_of_record
TN:
SF:src/lib/shapes/Polygon.ts
FN:20,(anonymous_0)
FN:23,(anonymous_1)
FN:24,(anonymous_2)
FN:33,path_attributes
FNF:4
FNH:4
FNDA:3,(anonymous_0)
FNDA:3,(anonymous_1)
FNDA:3,(anonymous_2)
FNDA:3,path_attributes
DA:1,11
DA:4,11
DA:5,11
DA:6,11
DA:7,11
DA:19,11
DA:22,3
DA:23,3
DA:24,3
DA:26,3
DA:28,3
DA:29,3
DA:34,3
DA:51,3
LF:14
LH:14
BRDA:20,0,0,1
BRDA:20,1,0,2
BRDA:24,2,0,1
BRDA:24,2,1,2
BRF:4
BRH:4
end_of_record
TN:
SF:src/lib/shapes/Rectangle.ts
FN:53,(anonymous_0)
FN:96,(anonymous_1)
FN:100,(anonymous_2)
FN:104,(anonymous_3)
FN:111,(anonymous_4)
FN:116,(anonymous_5)
FN:122,(anonymous_6)
FN:127,(anonymous_7)
FN:130,(anonymous_8)
FN:141,(anonymous_9)
FN:144,(anonymous_10)
FN:152,(anonymous_11)
FN:155,(anonymous_12)
FN:168,path_attribs_from_rectangle_attribs
FN:185,update_rectangle_vertices
FNF:15
FNH:15
FNDA:10,(anonymous_0)
FNDA:14,(anonymous_1)
FNDA:14,(anonymous_2)
FNDA:12,(anonymous_3)
FNDA:9,(anonymous_4)
FNDA:40,(anonymous_5)
FNDA:30,(anonymous_6)
FNDA:17,(anonymous_7)
FNDA:3,(anonymous_8)
FNDA:8,(anonymous_9)
FNDA:2,(anonymous_10)
FNDA:17,(anonymous_11)
FNDA:3,(anonymous_12)
FNDA:10,path_attribs_from_rectangle_attribs
FNDA:40,update_rectangle_vertices
DA:1,11
DA:5,11
DA:6,11
DA:7,11
DA:8,11
DA:9,11
DA:11,11
DA:38,11
DA:40,10
DA:51,10
DA:55,10
DA:62,10
DA:65,10
DA:66,10
DA:67,1
DA:69,9
DA:70,1
DA:72,8
DA:73,1
DA:76,7
DA:81,10
DA:82,10
DA:83,1
DA:85,9
DA:86,1
DA:88,8
DA:89,1
DA:92,7
DA:96,10
DA:97,14
DA:100,10
DA:101,14
DA:104,10
DA:105,12
DA:108,10
DA:112,9
DA:113,9
DA:117,40
DA:118,40
DA:119,40
DA:123,30
DA:124,30
DA:128,17
DA:131,3
DA:132,1
DA:134,2
DA:135,1
DA:137,1
DA:138,1
DA:142,8
DA:145,2
DA:146,1
DA:148,1
DA:149,1
DA:153,17
DA:156,3
DA:157,1
DA:159,2
DA:160,1
DA:162,1
DA:163,1
DA:169,10
DA:182,10
DA:187,40
DA:188,40
DA:191,40
DA:192,40
DA:195,40
DA:196,40
DA:199,40
DA:200,40
LF:71
LH:71
BRDA:53,0,0,5
BRDA:66,1,0,1
BRDA:66,1,1,9
BRDA:69,2,0,1
BRDA:69,2,1,8
BRDA:72,3,0,1
BRDA:72,3,1,7
BRDA:82,4,0,1
BRDA:82,4,1,9
BRDA:85,5,0,1
BRDA:85,5,1,8
BRDA:88,6,0,1
BRDA:88,6,1,7
BRDA:122,7,0,10
BRDA:131,8,0,1
BRDA:131,8,1,2
BRDA:134,9,0,1
BRDA:134,9,1,1
BRDA:137,10,0,1
BRDA:145,11,0,1
BRDA:145,11,1,1
BRDA:148,12,0,1
BRDA:156,13,0,1
BRDA:156,13,1,2
BRDA:159,14,0,1
BRDA:159,14,1,1
BRDA:162,15,0,1
BRF:27
BRH:27
end_of_record
TN:
SF:src/lib/utils/compute_world_matrix.ts
FN:5,computed_world_matrix
FNF:1
FNH:0
FNDA:0,computed_world_matrix
DA:2,11
DA:5,11
DA:7,0
DA:8,0
DA:9,0
DA:11,0
DA:12,0
DA:15,0
DA:18,0
DA:20,0
DA:21,0
DA:22,0
LF:12
LH:2
BRDA:7,0,0,0
BRDA:7,0,1,0
BRDA:7,0,2,0
BRDA:11,1,0,0
BRDA:11,1,1,0
BRF:5
BRH:0
end_of_record
TN:
SF:src/lib/utils/curves.ts
FN:72,getComponentOnCubicBezier
FN:91,subdivide
FN:126,getCurveLength
FN:145,integrand
FN:169,getCurveBoundingBox
FN:238,integrate
FN:256,getCurveFromPoints
FN:279,getControlPoints
FN:331,getReflection
FN:340,getAnchorsFromArcData
FNF:10
FNH:6
FNDA:0,getComponentOnCubicBezier
FNDA:0,subdivide
FNDA:2696,getCurveLength
FNDA:12576,integrand
FNDA:6,getCurveBoundingBox
FNDA:786,integrate
FNDA:56,getCurveFromPoints
FNDA:224,getControlPoints
FNDA:0,getReflection
FNDA:0,getAnchorsFromArcData
DA:2,11
DA:4,11
DA:5,11
DA:6,11
DA:7,11
DA:9,11
DA:72,11
DA:73,0
DA:74,0
DA:91,11
DA:93,0
DA:97,0
DA:98,0
DA:101,0
DA:103,0
DA:104,0
DA:105,0
DA:106,0
DA:107,0
DA:110,0
DA:126,11
DA:130,2696
DA:131,1910
DA:132,1910
DA:133,1910
DA:137,786
DA:138,786
DA:139,786
DA:141,786
DA:142,786
DA:143,786
DA:147,12576
DA:148,12576
DA:149,12576
DA:152,786
DA:169,11
DA:171,6
DA:172,6
DA:175,6
DA:176,12
DA:177,6
DA:178,6
DA:179,6
DA:182,6
DA:183,6
DA:184,6
DA:186,12
DA:187,6
DA:188,6
DA:190,0
DA:191,0
DA:192,0
DA:194,0
DA:196,6
DA:197,6
DA:198,6
DA:199,0
DA:201,6
DA:202,6
DA:203,0
DA:205,6
DA:206,6
DA:207,0
DA:211,6
DA:212,6
DA:215,6
DA:216,0
DA:217,0
DA:218,0
DA:219,0
DA:222,6
DA:223,6
DA:224,6
DA:225,6
DA:226,6
DA:228,6
DA:238,11
DA:239,786
DA:240,786
DA:241,786
DA:242,786
DA:243,786
DA:244,786
DA:245,786
DA:246,786
DA:247,6288
DA:248,6288
DA:250,786
DA:256,11
DA:258,56
DA:260,56
DA:262,224
DA:264,224
DA:265,224
DA:267,224
DA:268,224
DA:269,224
DA:270,224
DA:272,224
DA:279,11
DA:281,224
DA:282,224
DA:284,224
DA:285,224
DA:287,224
DA:290,224
DA:291,224
DA:292,0
DA:293,0
DA:295,224
DA:298,0
DA:299,0
DA:301,0
DA:302,0
DA:305,0
DA:308,0
DA:309,0
DA:311,0
DA:313,0
DA:314,0
DA:316,0
DA:317,0
DA:318,0
DA:319,0
DA:320,0
DA:323,0
DA:331,11
DA:333,0
DA:340,11
DA:342,0
DA:343,0
DA:345,0
DA:347,0
DA:348,0
DA:349,0
DA:352,0
DA:353,0
DA:354,0
DA:359,0
DA:360,0
DA:364,0
LF:141
LH:87
BRDA:91,0,0,0
BRDA:97,1,0,0
BRDA:97,2,0,0
BRDA:97,2,1,0
BRDA:130,3,0,1910
BRDA:130,4,0,2696
BRDA:130,4,1,2312
BRDA:130,4,2,1992
BRDA:130,4,3,1910
BRDA:153,5,0,786
BRDA:153,5,1,786
BRDA:176,6,0,6
BRDA:176,6,1,6
BRDA:186,7,0,6
BRDA:187,8,0,6
BRDA:191,9,0,0
BRDA:191,10,0,0
BRDA:191,10,1,0
BRDA:198,11,0,0
BRDA:202,12,0,0
BRDA:202,13,0,6
BRDA:202,13,1,3
BRDA:206,14,0,0
BRDA:206,15,0,6
BRDA:206,15,1,3
BRDA:245,16,0,0
BRDA:245,16,1,786
BRDA:264,17,0,224
BRDA:264,17,1,0
BRDA:265,18,0,224
BRDA:265,18,1,0
BRDA:272,19,0,56
BRDA:272,19,1,168
BRDA:290,20,0,224
BRDA:290,21,0,224
BRDA:290,21,1,0
BRDA:291,22,0,0
BRDA:291,23,0,224
BRDA:291,23,1,224
BRDA:301,24,0,0
BRDA:301,24,1,0
BRDA:316,25,0,0
BRDA:316,26,0,0
BRDA:316,26,1,0
BRDA:331,27,0,0
BRDA:334,28,0,0
BRDA:334,28,1,0
BRDA:335,29,0,0
BRDA:335,29,1,0
BRDA:340,30,0,0
BRDA:348,31,0,0
BRF:51
BRH:24
end_of_record
TN:
SF:src/lib/utils/default_color.ts
FN:3,default_color
FNF:1
FNH:1
FNDA:76,default_color
DA:1,11
DA:3,11
DA:4,76
DA:5,1
DA:8,75
LF:5
LH:5
BRDA:4,0,0,1
BRDA:4,0,1,75
BRF:2
BRH:2
end_of_record
TN:
SF:src/lib/utils/default_number.ts
FN:1,default_number
FNF:1
FNH:1
FNDA:44,default_number
DA:1,11
DA:2,44
DA:3,44
DA:6,0
LF:4
LH:3
BRDA:2,0,0,44
BRDA:2,0,1,0
BRF:2
BRH:1
end_of_record
TN:
SF:src/lib/utils/default_stroke_width.ts
FN:6,default_stroke_width
FN:15,default_closed_path_stroke_width
FN:24,default_open_path_stroke_width
FNF:3
FNH:2
FNDA:0,default_stroke_width
FNDA:29,default_closed_path_stroke_width
FNDA:11,default_open_path_stroke_width
DA:3,11
DA:4,11
DA:6,11
DA:7,0
DA:8,0
DA:11,0
DA:15,11
DA:16,29
DA:17,0
DA:20,29
DA:24,11
DA:25,11
DA:26,0
DA:29,11
LF:14
LH:9
BRDA:7,0,0,0
BRDA:7,0,1,0
BRDA:16,1,0,0
BRDA:16,1,1,29
BRDA:25,2,0,0
BRDA:25,2,1,11
BRF:6
BRH:2
end_of_record
TN:
SF:src/lib/utils/math.ts
FN:12,lerp
FN:22,getPoT
FN:30,mod
FN:45,toFixed
FNF:4
FNH:2
FNDA:0,lerp
FNDA:0,getPoT
FNDA:901,mod
FNDA:2476,toFixed
DA:2,11
DA:3,11
DA:12,11
DA:13,0
DA:21,11
DA:22,11
DA:23,0
DA:24,0
DA:25,0
DA:27,0
DA:30,11
DA:31,901
DA:32,167
DA:34,901
DA:37,11
DA:45,11
DA:46,2476
LF:17
LH:12
BRDA:24,0,0,0
BRDA:24,0,1,0
BRF:2
BRH:0
end_of_record
TN:
SF:src/lib/utils/path-commands.ts
FNF:0
FNH:0
DA:1,11
LF:1
LH:1
BRF:0
BRH:0
end_of_record
TN:
SF:src/lib/utils/performance.ts
FNF:0
FNH:0
DA:1,11
DA:5,11
LF:2
LH:2
BRDA:5,0,0,11
BRDA:5,0,1,0
BRDA:5,1,0,11
BRDA:5,1,1,11
BRF:4
BRH:3
end_of_record
TN:
SF:src/lib/utils/root.ts
FNF:0
FNH:0
DA:4,11
DA:5,0
DA:7,11
DA:8,11
DA:10,0
DA:11,0
LF:6
LH:3
BRDA:4,0,0,0
BRDA:4,0,1,11
BRDA:7,1,0,11
BRDA:7,1,1,0
BRDA:10,2,0,0
BRF:5
BRH:2
end_of_record
TN:
SF:src/lib/utils/shape.ts
FN:6,contains
FN:44,getIdByLength
FN:64,getCurveLength
FN:94,getSubdivisions
FN:117,(anonymous_4)
FNF:5
FNH:3
FNDA:1162,contains
FNDA:1304,getIdByLength
FNDA:2696,getCurveLength
FNDA:0,getSubdivisions
FNDA:0,(anonymous_4)
DA:1,11
DA:2,11
DA:4,11
DA:6,11
DA:8,1162
DA:9,1162
DA:12,0
DA:13,0
DA:14,0
DA:16,0
DA:17,0
DA:18,0
DA:19,0
DA:20,0
DA:22,0
DA:25,0
DA:44,11
DA:46,1304
DA:48,1304
DA:49,792
DA:51,512
DA:52,512
DA:54,0
DA:55,0
DA:56,0
DA:57,0
DA:59,0
DA:61,0
DA:64,11
DA:68,2696
DA:69,2696
DA:71,2696
DA:72,2696
DA:73,2696
DA:74,2696
DA:75,2696
DA:76,2696
DA:77,2696
DA:78,2696
DA:80,2696
DA:81,2696
DA:82,2696
DA:85,2696
DA:86,2696
DA:87,2696
DA:90,2696
DA:94,11
DA:96,0
DA:97,0
DA:99,0
DA:100,0
DA:101,0
DA:102,0
DA:103,0
DA:104,0
DA:105,0
DA:106,0
DA:108,0
DA:109,0
DA:110,0
DA:113,0
DA:114,0
DA:115,0
DA:117,0
DA:119,0
LF:65
LH:31
BRDA:8,0,0,1162
BRDA:8,1,0,1162
BRDA:8,1,1,650
BRDA:19,2,0,0
BRDA:48,3,0,792
BRDA:48,3,1,512
BRDA:51,4,0,512
BRDA:55,5,0,0
BRDA:68,6,0,2696
BRDA:68,6,1,2696
BRDA:69,7,0,2696
BRDA:69,7,1,2696
BRDA:73,8,0,2696
BRDA:73,8,1,0
BRDA:74,9,0,2696
BRDA:74,9,1,0
BRDA:75,10,0,2696
BRDA:75,10,1,0
BRDA:76,11,0,2696
BRDA:76,11,1,0
BRDA:80,12,0,2696
BRDA:80,13,0,2696
BRDA:80,13,1,2696
BRDA:85,14,0,2696
BRDA:85,15,0,2696
BRDA:85,15,1,2696
BRDA:108,16,0,0
BRDA:113,17,0,0
BRF:28
BRH:20
end_of_record
TN:
SF:tests/dom.ts
FN:10,(anonymous_0)
FN:19,(anonymous_1)
FN:22,(anonymous_2)
FN:31,(anonymous_3)
FN:43,(anonymous_4)
FN:46,(anonymous_5)
FN:57,(anonymous_6)
FN:66,(anonymous_7)
FN:69,(anonymous_8)
FN:72,(anonymous_9)
FN:76,(anonymous_10)
FN:79,(anonymous_11)
FN:92,(anonymous_12)
FN:98,(anonymous_13)
FN:102,(anonymous_14)
FN:105,(anonymous_15)
FN:109,(anonymous_16)
FN:112,(anonymous_17)
FN:116,(anonymous_18)
FN:120,(anonymous_19)
FN:123,(anonymous_20)
FNF:21
FNH:18
FNDA:26,(anonymous_0)
FNDA:233,(anonymous_1)
FNDA:368,(anonymous_2)
FNDA:179,(anonymous_3)
FNDA:734,(anonymous_4)
FNDA:128,(anonymous_5)
FNDA:192,(anonymous_6)
FNDA:0,(anonymous_7)
FNDA:1,(anonymous_8)
FNDA:28,(anonymous_9)
FNDA:0,(anonymous_10)
FNDA:108,(anonymous_11)
FNDA:41,(anonymous_12)
FNDA:41,(anonymous_13)
FNDA:0,(anonymous_14)
FNDA:41,(anonymous_15)
FNDA:41,(anonymous_16)
FNDA:41,(anonymous_17)
FNDA:41,(anonymous_18)
FNDA:35,(anonymous_19)
FNDA:123,(anonymous_20)
DA:3,7
DA:9,7
DA:11,26
DA:12,26
DA:15,0
DA:20,233
DA:23,368
DA:24,368
DA:25,368
DA:28,0
DA:32,179
DA:33,179
DA:34,179
DA:35,220
DA:36,220
DA:40,0
DA:44,734
DA:47,128
DA:48,128
DA:49,128
DA:50,128
DA:54,0
DA:58,192
DA:59,192
DA:62,0
DA:67,0
DA:70,1
DA:73,28
DA:77,0
DA:80,108
DA:81,108
DA:82,108
DA:83,108
DA:84,108
DA:85,108
DA:86,108
DA:90,0
DA:93,41
DA:97,7
DA:103,0
DA:106,41
DA:110,41
DA:113,41
DA:124,123
LF:44
LH:35
BRDA:11,0,0,26
BRDA:11,0,1,0
BRDA:23,1,0,368
BRDA:23,1,1,0
BRDA:32,2,0,179
BRDA:32,2,1,0
BRDA:47,3,0,128
BRDA:47,3,1,0
BRDA:58,4,0,192
BRDA:58,4,1,0
BRDA:58,5,0,192
BRDA:58,5,1,192
BRDA:84,6,0,108
BRDA:85,7,0,108
BRF:14
BRH:9
end_of_record
TN:
SF:tests/initBoard.ts
FN:7,initBoard
FNF:1
FNH:1
FNDA:41,initBoard
DA:2,7
DA:3,7
DA:5,7
DA:7,7
DA:9,41
DA:10,41
DA:11,41
DA:13,41
LF:8
LH:8
BRDA:7,0,0,29
BRF:1
BRH:1
end_of_record
TN:
SF:tests/nodes.ts
FN:9,(anonymous_0)
FN:12,(anonymous_1)
FN:15,(anonymous_2)
FN:19,(anonymous_3)
FN:23,(anonymous_4)
FN:31,(anonymous_5)
FN:34,(anonymous_6)
FN:37,(anonymous_7)
FN:43,(anonymous_8)
FNF:9
FNH:9
FNDA:274,(anonymous_0)
FNDA:108,(anonymous_1)
FNDA:1,(anonymous_2)
FNDA:234,(anonymous_3)
FNDA:149,(anonymous_4)
FNDA:5,(anonymous_5)
FNDA:862,(anonymous_6)
FNDA:588,(anonymous_7)
FNDA:1,(anonymous_8)
DA:1,7
DA:2,275
DA:5,7
DA:6,274
DA:7,274
DA:8,274
DA:9,274
DA:10,274
DA:13,108
DA:16,1
DA:17,1
DA:20,234
DA:21,234
DA:24,149
DA:25,99
DA:28,50
DA:32,5
DA:35,862
DA:38,588
DA:42,7
DA:43,1
DA:44,1
LF:22
LH:22
BRDA:24,0,0,99
BRDA:24,0,1,50
BRF:2
BRH:2
end_of_record
TN:
SF:tests/view.ts
FN:9,(anonymous_0)
FN:12,(anonymous_1)
FNF:2
FNH:2
FNDA:41,(anonymous_0)
FNDA:41,(anonymous_1)
DA:2,7
DA:8,7
DA:9,41
DA:13,41
LF:4
LH:4
BRF:0
BRH:0
end_of_record
